<!DOCTYPE html PUBLIC "-//W3C//DTD XHTML 1.1//EN" "http://www.w3.org/TR/xhtml11/DTD/xhtml11.dtd">
<html xmlns="http://www.w3.org/1999/xhtml"><head><title>ONBIS E2E Test Results</title><style type="text/css">@import url(https://fonts.googleapis.com/css?family=Open+Sans);

body {
    font-family: "Open Sans", sans-serif;
    margin: 0;
}

table {
    margin-left: 10%;
    margin-top: 64px;
    margin-bottom: 64px;
    border-collapse: collapse;
    empty-cells: show;
}

th, td {
    border: 1px solid #009;
    padding: .25em .5em;
    font-weight: normal;
}

/* Style the first rows of the table */
table:first-of-type tr:first-of-type,
table#summary thead tr:first-of-type,
table.result tbody tr:first-of-type {
    background-color: #b2817b; / * #666; */
    color: white;
    font-weight: lighter;
    height: 4em;
    padding-left: 1em;
    padding-right: 1em;
}

/* Hide "MoL Tests" row */
table:first-of-type tr:nth-child(2),
table#summary tbody:first-of-type tr{
    display: none;
}

table#summary tbody th {
    padding-top:32px;
    text-align: left;
    font-weight: bold;
}

table:first-of-type tr:last-of-type {
    border-top: 2px solid #979797;
    background-color: #E6E6E6;
}

td {
    vertical-align: top;
}

.stripe td {
    background-color: #EFEFEF;
}

.num {
    text-align: right;
}

.passedodd td {
    background-color: #3F3;
}

.passedeven td {
    background-color: #0A0;
}

.skippedodd td {
    background-color: #DDD;
}

.skippedeven td {
    background-color: #CCC;
}

.failedodd td {
    background-color: #F33;
}

.failedeven td, .stripe {
    background-color: #D00;
}

h2, h3 {
    margin-left: 10%;
    font-weight: normal;
}

table.result th {
    text-align: left;
}

table.result {
    margin-left: 10%;
    margin-bottom: 32px;
}

.stacktrace {
    overflow: auto;
    width: 1024px;
    white-space: pre;
    font-family: "Courier New";
}

/* back to summary */
.totop {
    font-size: 85%;
    text-align: center;
    border-bottom: 0.625rem solid #7bb29c;       /* 979797; */
    width: 80%;
    margin-left: auto;
    margin-right: auto;
    padding-bottom: 1rem;
}

#header {
    background-color: #333;
    padding: 8px 8px 8px 64px;
    color: white;
}
#header span#logo {
    padding-left:32px;
    font-size: 1.45em;
    color: #eee;
}</style></head><body><div id='header'><img src='images/logo.png' width='128px'><span id='logo'><b>ONBIS E2E Test Results</b></span></div><div id='header'> Reporting Date & Time           : 13-Feb-2023 02:49:PM</span></div><div id='header'> Test Execution Host Name &  IP  : ON34C03174383/10.210.16.96</span></div><div id='header'> Test Execution OS Name: Windows 10</span></div><div id='header'> Test Execution Java Version     : 1.8.0_281</span></div><div id='header'> Test Execution User Name        : MustofG</span></div><div id='header'> Test Execution Environment      : Stage2</span></div><table><tr><th><b><ins>Test Suite<b></ins></th><th><font color="green"><b><ins>Passed</font color><b></ins></th><th><font color="yellow"><b><ins>Skipped</font color><b></ins></th><th><font color="red"><b><ins>Failed</font color><b></ins></th><th><font color="blue"><b><ins>D:HH:MM:SS</font color><b></ins></th><th><b><ins>Included Groups<b></ins></th><th><b><ins>Excluded Groups<b></ins></th></tr><tr><th colspan="7">Onbis E2E Tests</th></tr><tr><td><a href="#t0">Onbis-Sanity-PartnerPortal-Chrome</a></td><td class="num">1</td><td class="num">0</td><td class="num attn">1</td><td class="num">0:00:07:00</td><td></td><td></td></tr><tr class="stripe"><td><a href="#t1">Onbis-Sanity-SOAB Portal-Chrome - SOAB Account Incorporate Tests </a></td><td class="num">2</td><td class="num">0</td><td class="num attn">1</td><td class="num">0:00:10:46</td><td></td><td></td></tr><tr><td><a href="#t2">Onbis-Sanity-SOAdmin-Chrome</a></td><td class="num">0</td><td class="num">0</td><td class="num attn">1</td><td class="num">0:00:04:44</td><td></td><td></td></tr><tr class="stripe"><td><a href="#t3">Onbis-Regression-Partner Portal</a></td><td class="num">0</td><td class="num">0</td><td class="num">0</td><td class="num">0:00:00:00</td><td></td><td></td></tr><tr><td><a href="#t4">Onbis-Regression-SOAB Portal</a></td><td class="num">0</td><td class="num">0</td><td class="num">0</td><td class="num">0:00:00:00</td><td></td><td></td></tr><tr class="stripe"><td><a href="#t5">Onbis-Regression-Partner Portal-Data Creation for Renewal</a></td><td class="num">0</td><td class="num">0</td><td class="num">0</td><td class="num">0:00:00:00</td><td></td><td></td></tr><tr><td><a href="#t6">Onbis-Regression-Partner Portal- Renewal</a></td><td class="num">0</td><td class="num">0</td><td class="num">0</td><td class="num">0:00:00:00</td><td></td><td></td></tr><tr class="stripe"><td><a href="#t7">Onbis-CR Regression Test - November 2022 Release</a></td><td class="num">0</td><td class="num">0</td><td class="num">0</td><td class="num">0:00:00:00</td><td></td><td></td></tr><tr><th><b>Total :-------><b></th><th class="num">3</th><th class="num">0</th><th class="num attn">3</th><th class="num">0:00:22:32</th><th colspan="2"></th></tr></table><table><thead><tr><th><b><ins>Class Name<b></ins></th><th><b><ins>Method Name<b></ins></th><th><b><ins>Test Name<b></ins></th><th><b><ins>Test Starts<b></ins></th><th><font color="blue"><b><ins>D:HH:MM:SS</font color><b></ins></th></tr></thead><tbody><tr><th colspan="5">Onbis E2E Tests</th></tr></tbody><tbody id="t0"><tr><th colspan="5">Onbis-Sanity-PartnerPortal-Chrome &#8212; failed</th></tr><tr class="failedeven"><td rowspan="1">com.onbis.TestCases.TC17_BNM012_CancelABusinessNameRegistrationForACorporation</td><td><a href="#m0">TC17_BNM012_CancelABusinessNameRegistrationForACorporation</a></td><td rowspan="1">TC17_BNM012_CancelABusinessNameRegistrationForACorporation</td><td rowspan="1">02:27:10 PM</td><td rowspan="1">0:00:02:38</td></tr><tr><th colspan="5">Onbis-Sanity-PartnerPortal-Chrome &#8212; passed</th></tr><tr class="passedeven"><td rowspan="1">com.onbis.TestCases.TC20_PSM001_FileADeclarationOfChangeOfAnOntarioLimitedPartnership</td><td><a href="#m1">TC20_PSM001_FileADeclarationOfChangeOfAnOntarioLimitedPartnership</a></td><td rowspan="1">TC20_PSM001_FileADeclarationOfChangeOfAnOntarioLimitedPartnership</td><td rowspan="1">02:30:00 PM</td><td rowspan="1">0:00:04:07</td></tr></tbody><tbody id="t1"><tr><th colspan="5">Onbis-Sanity-SOAB Portal-Chrome - SOAB Account Incorporate Tests  &#8212; failed</th></tr><tr class="failedeven"><td rowspan="1">com.onbis.TestCases.TC28_BCAR003_TestCasesForAmalgamation</td><td><a href="#m2">TC28_BCAR003_TestCasesForAmalgamation</a></td><td rowspan="1">TC28_BCAR003_TestCasesForAmalgamation</td><td rowspan="1">02:42:03 PM</td><td rowspan="1">0:00:02:48</td></tr><tr><th colspan="5">Onbis-Sanity-SOAB Portal-Chrome - SOAB Account Incorporate Tests  &#8212; passed</th></tr><tr class="passedeven"><td rowspan="1">com.onbis.TestCases.TC26_BCAM004_TestCasesRestateArticlesOfIncorporation</td><td><a href="#m3">TC26_BCAM004_TestCasesRestateArticlesOfIncorporation</a></td><td rowspan="1">TC26_BCAM004_TestCasesRestateArticlesOfIncorporation</td><td rowspan="1">02:34:09 PM</td><td rowspan="1">0:00:03:54</td></tr><tr class="passedodd"><td rowspan="1">com.onbis.TestCases.TC27_BCAM009_TestCasesFileArticlesOfReorganization</td><td><a href="#m4">TC27_BCAM009_TestCasesFileArticlesOfReorganization</a></td><td rowspan="1">TC27_BCAM009_TestCasesFileArticlesOfReorganization</td><td rowspan="1">02:38:06 PM</td><td rowspan="1">0:00:03:55</td></tr></tbody><tbody id="t2"><tr><th colspan="5">Onbis-Sanity-SOAdmin-Chrome &#8212; failed</th></tr><tr class="failedeven"><td rowspan="1">com.onbis.TestCases.TC09_10_CIA001_CIA003_InitialReturnForONCorp_NoticeOfChangeForAnOntarioCorporation</td><td><a href="#m5">TC09_10_CIA001_CIA003_InitialReturnForONCorp_NoticeOfChangeForAnOntarioCorporation</a></td><td rowspan="1">TC09_10_CIA001_CIA003_InitialReturnForONCorp_NoticeOfChangeForAnOntarioCorporation</td><td rowspan="1">02:45:00 PM</td><td rowspan="1">0:00:04:35</td></tr></tbody><tbody id="t3"></tbody><tbody id="t4"></tbody><tbody id="t5"></tbody><tbody id="t6"></tbody><tbody id="t7"></tbody></table><h2>Onbis-Sanity-PartnerPortal-Chrome</h2><h3 id="m0">com.onbis.TestCases.TC17_BNM012_CancelABusinessNameRegistrationForACorporation#TC17_BNM012_CancelABusinessNameRegistrationForACorporation ( TC17_BNM012_CancelABusinessNameRegistrationForACorporation )</h3><table class="result"><tr class="param"><th>Parameter #1</th></tr><tr class="param stripe"><td>chrome</td></tr><tr><th>Messages</th></tr><tr><td><div class="messages">PartnerPortal build number is: 2.0.9.2.1 :: 2.0.9.2.1 :: 2023/02/12 17:56<br/>Business name is: 9AORQR8G99 inc.</div></td></tr><tr><th>Exception</th></tr><tr><td><div class="stacktrace">org.openqa.selenium.ElementClickInterceptedException: element click intercepted: Element &lt;button class=&quot;appButton appDisableButton brRegisterLocalCompany-asyncContainer-wizardButtonPad-apply appButtonPrimary primaryButton appApplyButton appNotReadOnly appIndex3&quot; id=&quot;nodeW1316&quot; type=&quot;button&quot; role=&quot;button&quot; aria-disabled=&quot;true&quot; tabindex=&quot;-1&quot; style=&quot;background: lime; border: 3px solid red;&quot;&gt;...&lt;/button&gt; is not clickable at point (134, 497). Other element would receive the click: &lt;div class=&quot;appWizardButtonPad appButtonPad brRegisterLocalCompany-asyncContainer-wizardButtonPad appButtonPad appNotReadOnly appIndex1 appChildCount4&quot; id=&quot;nodeW1306&quot; aria-labelledby=&quot;nodeW1307&quot;&gt;...&lt;/div&gt;
  (Session info: chrome=109.0.5414.120)
Build info: version: &apos;3.141.59&apos;, revision: &apos;e82be7d358&apos;, time: &apos;2018-11-14T08:17:03&apos;
System info: host: &apos;ON34C03174383&apos;, ip: &apos;10.210.16.96&apos;, os.name: &apos;Windows 10&apos;, os.arch: &apos;amd64&apos;, os.version: &apos;10.0&apos;, java.version: &apos;1.8.0_281&apos;
Driver info: org.openqa.selenium.chrome.ChromeDriver
Capabilities {acceptInsecureCerts: true, browserName: chrome, browserVersion: 109.0.5414.120, chrome: {chromedriverVersion: 109.0.5414.74 (e7c5703604da..., userDataDir: C:\Users\MustofG\AppData\Lo...}, goog:chromeOptions: {debuggerAddress: localhost:62537}, javascriptEnabled: true, networkConnectionEnabled: false, pageLoadStrategy: normal, platform: WINDOWS, platformName: WINDOWS, proxy: Proxy(), setWindowRect: true, strictFileInteractability: false, timeouts: {implicit: 0, pageLoad: 300000, script: 30000}, unhandledPromptBehavior: dismiss and notify, webauthn:extension:credBlob: true, webauthn:extension:largeBlob: true, webauthn:virtualAuthenticators: true}
Session ID: 1b1d7a0c0cc40df1fa46cbb7c4c94c0f
	at sun.reflect.NativeConstructorAccessorImpl.newInstance0(Native Method)
	at sun.reflect.NativeConstructorAccessorImpl.newInstance(NativeConstructorAccessorImpl.java:62)
	at sun.reflect.DelegatingConstructorAccessorImpl.newInstance(DelegatingConstructorAccessorImpl.java:45)
	at java.lang.reflect.Constructor.newInstance(Constructor.java:423)
	at org.openqa.selenium.remote.http.W3CHttpResponseCodec.createException(W3CHttpResponseCodec.java:187)
	at org.openqa.selenium.remote.http.W3CHttpResponseCodec.decode(W3CHttpResponseCodec.java:122)
	at org.openqa.selenium.remote.http.W3CHttpResponseCodec.decode(W3CHttpResponseCodec.java:49)
	at org.openqa.selenium.remote.HttpCommandExecutor.execute(HttpCommandExecutor.java:158)
	at org.openqa.selenium.remote.service.DriverCommandExecutor.execute(DriverCommandExecutor.java:83)
	at org.openqa.selenium.remote.RemoteWebDriver.execute(RemoteWebDriver.java:552)
	at org.openqa.selenium.remote.RemoteWebElement.execute(RemoteWebElement.java:285)
	at org.openqa.selenium.remote.RemoteWebElement.click(RemoteWebElement.java:84)
	at sun.reflect.GeneratedMethodAccessor5.invoke(Unknown Source)
	at sun.reflect.DelegatingMethodAccessorImpl.invoke(DelegatingMethodAccessorImpl.java:43)
	at java.lang.reflect.Method.invoke(Method.java:498)
	at org.openqa.selenium.support.pagefactory.internal.LocatingElementHandler.invoke(LocatingElementHandler.java:51)
	at com.sun.proxy.$Proxy19.click(Unknown Source)
	at com.onbis.Helper.HelperMethods.staleElementClick(HelperMethods.java:296)
	at com.onbis.Pages.PartnerSoleProprietorshipRegistrationPage.completeReviewAndSubmit(PartnerSoleProprietorshipRegistrationPage.java:1414)
	at com.onbis.TestCases.TC17_BNM012_CancelABusinessNameRegistrationForACorporation.TC17_BNM012_CancelABusinessNameRegistrationForACorporation(TC17_BNM012_CancelABusinessNameRegistrationForACorporation.java:32)
	at sun.reflect.NativeMethodAccessorImpl.invoke0(Native Method)
	at sun.reflect.NativeMethodAccessorImpl.invoke(NativeMethodAccessorImpl.java:62)
	at sun.reflect.DelegatingMethodAccessorImpl.invoke(DelegatingMethodAccessorImpl.java:43)
	at java.lang.reflect.Method.invoke(Method.java:498)
	at org.testng.internal.MethodInvocationHelper.invokeMethod(MethodInvocationHelper.java:124)
	at org.testng.internal.Invoker.invokeMethod(Invoker.java:583)
	at org.testng.internal.Invoker.invokeTestMethod(Invoker.java:719)
	at org.testng.internal.Invoker.invokeTestMethods(Invoker.java:989)
	at org.testng.internal.TestMethodWorker.invokeTestMethods(TestMethodWorker.java:125)
	at org.testng.internal.TestMethodWorker.run(TestMethodWorker.java:109)
	at org.testng.TestRunner.privateRun(TestRunner.java:648)
	at org.testng.TestRunner.run(TestRunner.java:505)
	at org.testng.SuiteRunner.runTest(SuiteRunner.java:455)
	at org.testng.SuiteRunner.runSequentially(SuiteRunner.java:450)
	at org.testng.SuiteRunner.privateRun(SuiteRunner.java:415)
	at org.testng.SuiteRunner.run(SuiteRunner.java:364)
	at org.testng.SuiteRunnerWorker.runSuite(SuiteRunnerWorker.java:52)
	at org.testng.SuiteRunnerWorker.run(SuiteRunnerWorker.java:84)
	at org.testng.TestNG.runSuitesSequentially(TestNG.java:1208)
	at org.testng.TestNG.runSuitesLocally(TestNG.java:1137)
	at org.testng.TestNG.runSuites(TestNG.java:1049)
	at org.testng.TestNG.run(TestNG.java:1017)
	at com.intellij.rt.testng.IDEARemoteTestNG.run(IDEARemoteTestNG.java:66)
	at com.intellij.rt.testng.RemoteTestNGStarter.main(RemoteTestNGStarter.java:109)
</div></td></tr></table><p class="totop"><a href="#summary">back to summary</a></p><h3 id="m1">com.onbis.TestCases.TC20_PSM001_FileADeclarationOfChangeOfAnOntarioLimitedPartnership#TC20_PSM001_FileADeclarationOfChangeOfAnOntarioLimitedPartnership ( TC20_PSM001_FileADeclarationOfChangeOfAnOntarioLimitedPartnership )</h3><table class="result"><tr><th>Messages</th></tr><tr><td><div class="messages">PartnerPortal build number is: 2.0.9.2.1 :: 2.0.9.2.1 :: 2023/02/12 17:56<br/>Business name and number is: 9ZFBN530I3 (1000007944)</div></td></tr></table><p class="totop"><a href="#summary">back to summary</a></p><h2>Onbis-Sanity-SOAB Portal-Chrome - SOAB Account Incorporate Tests </h2><h3 id="m2">com.onbis.TestCases.TC28_BCAR003_TestCasesForAmalgamation#TC28_BCAR003_TestCasesForAmalgamation ( TC28_BCAR003_TestCasesForAmalgamation )</h3><table class="result"><tr><th>Messages</th></tr><tr><td><div class="messages">ONBIS Code Version is: 2.0.9.2.1 :: 2.0.9.2.1 :: 2023/02/12 17:58<br/>Corporation name and number is: 1000007902 ONTARIO CORP. (1000007902) [Ontario Business Corporation]</div></td></tr><tr><th>Exception</th></tr><tr><td><div class="stacktrace">org.openqa.selenium.StaleElementReferenceException: stale element reference: element is not attached to the page document
  (Session info: chrome=109.0.5414.120)
For documentation on this error, please visit: https://www.seleniumhq.org/exceptions/stale_element_reference.html
Build info: version: &apos;3.141.59&apos;, revision: &apos;e82be7d358&apos;, time: &apos;2018-11-14T08:17:03&apos;
System info: host: &apos;ON34C03174383&apos;, ip: &apos;10.210.16.96&apos;, os.name: &apos;Windows 10&apos;, os.arch: &apos;amd64&apos;, os.version: &apos;10.0&apos;, java.version: &apos;1.8.0_281&apos;
Driver info: org.openqa.selenium.chrome.ChromeDriver
Capabilities {acceptInsecureCerts: true, browserName: chrome, browserVersion: 109.0.5414.120, chrome: {chromedriverVersion: 109.0.5414.74 (e7c5703604da..., userDataDir: C:\Users\MustofG\AppData\Lo...}, goog:chromeOptions: {debuggerAddress: localhost:62870}, javascriptEnabled: true, networkConnectionEnabled: false, pageLoadStrategy: normal, platform: WINDOWS, platformName: WINDOWS, proxy: Proxy(), setWindowRect: true, strictFileInteractability: false, timeouts: {implicit: 0, pageLoad: 300000, script: 30000}, unhandledPromptBehavior: dismiss and notify, webauthn:extension:credBlob: true, webauthn:extension:largeBlob: true, webauthn:virtualAuthenticators: true}
Session ID: 63cf7caef1384d5f7e95d650024f4f78
	at sun.reflect.NativeConstructorAccessorImpl.newInstance0(Native Method)
	at sun.reflect.NativeConstructorAccessorImpl.newInstance(NativeConstructorAccessorImpl.java:62)
	at sun.reflect.DelegatingConstructorAccessorImpl.newInstance(DelegatingConstructorAccessorImpl.java:45)
	at java.lang.reflect.Constructor.newInstance(Constructor.java:423)
	at org.openqa.selenium.remote.http.W3CHttpResponseCodec.createException(W3CHttpResponseCodec.java:187)
	at org.openqa.selenium.remote.http.W3CHttpResponseCodec.decode(W3CHttpResponseCodec.java:122)
	at org.openqa.selenium.remote.http.W3CHttpResponseCodec.decode(W3CHttpResponseCodec.java:49)
	at org.openqa.selenium.remote.HttpCommandExecutor.execute(HttpCommandExecutor.java:158)
	at org.openqa.selenium.remote.service.DriverCommandExecutor.execute(DriverCommandExecutor.java:83)
	at org.openqa.selenium.remote.RemoteWebDriver.execute(RemoteWebDriver.java:552)
	at org.openqa.selenium.remote.RemoteWebElement.execute(RemoteWebElement.java:285)
	at org.openqa.selenium.remote.RemoteWebElement.isDisplayed(RemoteWebElement.java:326)
	at sun.reflect.GeneratedMethodAccessor2.invoke(Unknown Source)
	at sun.reflect.DelegatingMethodAccessorImpl.invoke(DelegatingMethodAccessorImpl.java:43)
	at java.lang.reflect.Method.invoke(Method.java:498)
	at org.openqa.selenium.support.pagefactory.internal.LocatingElementHandler.invoke(LocatingElementHandler.java:51)
	at com.sun.proxy.$Proxy19.isDisplayed(Unknown Source)
	at com.onbis.Helper.HelperMethods.fluentWaitAndCheckVisible(HelperMethods.java:57)
	at com.onbis.Pages.FileArticlesOfAmalgamationPage.completeFileArticlesOfAmalgamationCorporationNameAndSave(FileArticlesOfAmalgamationPage.java:92)
	at com.onbis.TestCases.TC28_BCAR003_TestCasesForAmalgamation.TC28_BCAR003_TestCasesForAmalgamation(TC28_BCAR003_TestCasesForAmalgamation.java:44)
	at sun.reflect.NativeMethodAccessorImpl.invoke0(Native Method)
	at sun.reflect.NativeMethodAccessorImpl.invoke(NativeMethodAccessorImpl.java:62)
	at sun.reflect.DelegatingMethodAccessorImpl.invoke(DelegatingMethodAccessorImpl.java:43)
	at java.lang.reflect.Method.invoke(Method.java:498)
	at org.testng.internal.MethodInvocationHelper.invokeMethod(MethodInvocationHelper.java:124)
	at org.testng.internal.Invoker.invokeMethod(Invoker.java:583)
	at org.testng.internal.Invoker.invokeTestMethod(Invoker.java:719)
	at org.testng.internal.Invoker.invokeTestMethods(Invoker.java:989)
	at org.testng.internal.TestMethodWorker.invokeTestMethods(TestMethodWorker.java:125)
	at org.testng.internal.TestMethodWorker.run(TestMethodWorker.java:109)
	at org.testng.TestRunner.privateRun(TestRunner.java:648)
	at org.testng.TestRunner.run(TestRunner.java:505)
	at org.testng.SuiteRunner.runTest(SuiteRunner.java:455)
	at org.testng.SuiteRunner.runSequentially(SuiteRunner.java:450)
	at org.testng.SuiteRunner.privateRun(SuiteRunner.java:415)
	at org.testng.SuiteRunner.run(SuiteRunner.java:364)
	at org.testng.SuiteRunnerWorker.runSuite(SuiteRunnerWorker.java:52)
	at org.testng.SuiteRunnerWorker.run(SuiteRunnerWorker.java:84)
	at org.testng.TestNG.runSuitesSequentially(TestNG.java:1208)
	at org.testng.TestNG.runSuitesLocally(TestNG.java:1137)
	at org.testng.TestNG.runSuites(TestNG.java:1049)
	at org.testng.TestNG.run(TestNG.java:1017)
	at com.intellij.rt.testng.IDEARemoteTestNG.run(IDEARemoteTestNG.java:66)
	at com.intellij.rt.testng.RemoteTestNGStarter.main(RemoteTestNGStarter.java:109)
</div></td></tr></table><p class="totop"><a href="#summary">back to summary</a></p><h3 id="m3">com.onbis.TestCases.TC26_BCAM004_TestCasesRestateArticlesOfIncorporation#TC26_BCAM004_TestCasesRestateArticlesOfIncorporation ( TC26_BCAM004_TestCasesRestateArticlesOfIncorporation )</h3><table class="result"><tr><th>Messages</th></tr><tr><td><div class="messages">ONBIS Code Version is: 2.0.9.2.1 :: 2.0.9.2.1 :: 2023/02/12 17:58<br/>Corporation name and number is: 1000007945 ONTARIO CORP. (1000007945) [Ontario Business Corporation]<br/>Transaction Number is :43040262</div></td></tr></table><p class="totop"><a href="#summary">back to summary</a></p><h3 id="m4">com.onbis.TestCases.TC27_BCAM009_TestCasesFileArticlesOfReorganization#TC27_BCAM009_TestCasesFileArticlesOfReorganization ( TC27_BCAM009_TestCasesFileArticlesOfReorganization )</h3><table class="result"><tr><th>Messages</th></tr><tr><td><div class="messages">ONBIS Code Version is: 2.0.9.2.1 :: 2.0.9.2.1 :: 2023/02/12 17:58<br/>Corporation name and number is: 1000007946 ONTARIO CORP. (1000007946) [Ontario Business Corporation]<br/>corporation name and number is: Your submission for 1000007946 ONTARIO CORP. (1000007946) has been sent to internal staff for review. Please check your work in progress items for updates.<br/>corporation name and number is: File Articles of Reorganization - 43040264</div></td></tr></table><p class="totop"><a href="#summary">back to summary</a></p><h2>Onbis-Sanity-SOAdmin-Chrome</h2><h3 id="m5">com.onbis.TestCases.TC09_10_CIA001_CIA003_InitialReturnForONCorp_NoticeOfChangeForAnOntarioCorporation#TC09_10_CIA001_CIA003_InitialReturnForONCorp_NoticeOfChangeForAnOntarioCorporation ( TC09_10_CIA001_CIA003_InitialReturnForONCorp_NoticeOfChangeForAnOntarioCorporation )</h3><table class="result"><tr><th>Exception</th></tr><tr><td><div class="stacktrace">org.openqa.selenium.TimeoutException: Expected condition failed: waiting for visibility of Proxy element for: DefaultElementLocator &apos;By.xpath: //button[contains(@class, &apos;appButton noticeOfChangeCIAA-formButtonsBox-buttonPad-apply&apos;)]&apos; (tried for 33 second(s) with 500 milliseconds interval)
	at org.openqa.selenium.support.ui.WebDriverWait.timeoutException(WebDriverWait.java:95)
	at org.openqa.selenium.support.ui.FluentWait.until(FluentWait.java:272)
	at com.onbis.Helper.HelperMethods.staleElementVisible(HelperMethods.java:343)
	at com.onbis.Pages.SOIncorporateOntarioBusinessCorporationPage.completeCertificationNoticeOfChangeAndSubmit(SOIncorporateOntarioBusinessCorporationPage.java:4469)
	at com.onbis.TestCases.TC09_10_CIA001_CIA003_InitialReturnForONCorp_NoticeOfChangeForAnOntarioCorporation.TC09_10_CIA001_CIA003_InitialReturnForONCorp_NoticeOfChangeForAnOntarioCorporation(TC09_10_CIA001_CIA003_InitialReturnForONCorp_NoticeOfChangeForAnOntarioCorporation.java:50)
	at sun.reflect.NativeMethodAccessorImpl.invoke0(Native Method)
	at sun.reflect.NativeMethodAccessorImpl.invoke(NativeMethodAccessorImpl.java:62)
	at sun.reflect.DelegatingMethodAccessorImpl.invoke(DelegatingMethodAccessorImpl.java:43)
	at java.lang.reflect.Method.invoke(Method.java:498)
	at org.testng.internal.MethodInvocationHelper.invokeMethod(MethodInvocationHelper.java:124)
	at org.testng.internal.Invoker.invokeMethod(Invoker.java:583)
	at org.testng.internal.Invoker.invokeTestMethod(Invoker.java:719)
	at org.testng.internal.Invoker.invokeTestMethods(Invoker.java:989)
	at org.testng.internal.TestMethodWorker.invokeTestMethods(TestMethodWorker.java:125)
	at org.testng.internal.TestMethodWorker.run(TestMethodWorker.java:109)
	at org.testng.TestRunner.privateRun(TestRunner.java:648)
	at org.testng.TestRunner.run(TestRunner.java:505)
	at org.testng.SuiteRunner.runTest(SuiteRunner.java:455)
	at org.testng.SuiteRunner.runSequentially(SuiteRunner.java:450)
	at org.testng.SuiteRunner.privateRun(SuiteRunner.java:415)
	at org.testng.SuiteRunner.run(SuiteRunner.java:364)
	at org.testng.SuiteRunnerWorker.runSuite(SuiteRunnerWorker.java:52)
	at org.testng.SuiteRunnerWorker.run(SuiteRunnerWorker.java:84)
	at org.testng.TestNG.runSuitesSequentially(TestNG.java:1208)
	at org.testng.TestNG.runSuitesLocally(TestNG.java:1137)
	at org.testng.TestNG.runSuites(TestNG.java:1049)
	at org.testng.TestNG.run(TestNG.java:1017)
	at com.intellij.rt.testng.IDEARemoteTestNG.run(IDEARemoteTestNG.java:66)
	at com.intellij.rt.testng.RemoteTestNGStarter.main(RemoteTestNGStarter.java:109)
Caused by: org.openqa.selenium.NoSuchElementException: no such element: Unable to locate element: {&quot;method&quot;:&quot;xpath&quot;,&quot;selector&quot;:&quot;//button[contains(@class, &apos;appButton noticeOfChangeCIAA-formButtonsBox-buttonPad-apply&apos;)]&quot;}
  (Session info: chrome=109.0.5414.120)
For documentation on this error, please visit: https://www.seleniumhq.org/exceptions/no_such_element.html
Build info: version: &apos;3.141.59&apos;, revision: &apos;e82be7d358&apos;, time: &apos;2018-11-14T08:17:03&apos;
System info: host: &apos;ON34C03174383&apos;, ip: &apos;10.210.16.96&apos;, os.name: &apos;Windows 10&apos;, os.arch: &apos;amd64&apos;, os.version: &apos;10.0&apos;, java.version: &apos;1.8.0_281&apos;
Driver info: org.openqa.selenium.chrome.ChromeDriver
Capabilities {acceptInsecureCerts: true, browserName: chrome, browserVersion: 109.0.5414.120, chrome: {chromedriverVersion: 109.0.5414.74 (e7c5703604da..., userDataDir: C:\Users\MustofG\AppData\Lo...}, goog:chromeOptions: {debuggerAddress: localhost:62951}, javascriptEnabled: true, networkConnectionEnabled: false, pageLoadStrategy: normal, platform: WINDOWS, platformName: WINDOWS, proxy: Proxy(), setWindowRect: true, strictFileInteractability: false, timeouts: {implicit: 0, pageLoad: 300000, script: 30000}, unhandledPromptBehavior: dismiss and notify, webauthn:extension:credBlob: true, webauthn:extension:largeBlob: true, webauthn:virtualAuthenticators: true}
Session ID: d586d271b8d114e1c65bc115a048f949
*** Element info: {Using=xpath, value=//button[contains(@class, &apos;appButton noticeOfChangeCIAA-formButtonsBox-buttonPad-apply&apos;)]}
	at sun.reflect.GeneratedConstructorAccessor24.newInstance(Unknown Source)
	at sun.reflect.DelegatingConstructorAccessorImpl.newInstance(DelegatingConstructorAccessorImpl.java:45)
	at java.lang.reflect.Constructor.newInstance(Constructor.java:423)
	at org.openqa.selenium.remote.http.W3CHttpResponseCodec.createException(W3CHttpResponseCodec.java:187)
	at org.openqa.selenium.remote.http.W3CHttpResponseCodec.decode(W3CHttpResponseCodec.java:122)
	at org.openqa.selenium.remote.http.W3CHttpResponseCodec.decode(W3CHttpResponseCodec.java:49)
	at org.openqa.selenium.remote.HttpCommandExecutor.execute(HttpCommandExecutor.java:158)
	at org.openqa.selenium.remote.service.DriverCommandExecutor.execute(DriverCommandExecutor.java:83)
	at org.openqa.selenium.remote.RemoteWebDriver.execute(RemoteWebDriver.java:552)
	at org.openqa.selenium.remote.RemoteWebDriver.findElement(RemoteWebDriver.java:323)
	at org.openqa.selenium.remote.RemoteWebDriver.findElementByXPath(RemoteWebDriver.java:428)
	at org.openqa.selenium.By$ByXPath.findElement(By.java:353)
	at org.openqa.selenium.remote.RemoteWebDriver.findElement(RemoteWebDriver.java:315)
	at org.openqa.selenium.support.pagefactory.DefaultElementLocator.findElement(DefaultElementLocator.java:69)
	at org.openqa.selenium.support.pagefactory.internal.LocatingElementHandler.invoke(LocatingElementHandler.java:38)
	at com.sun.proxy.$Proxy19.isDisplayed(Unknown Source)
	at org.openqa.selenium.support.ui.ExpectedConditions.elementIfVisible(ExpectedConditions.java:314)
	at org.openqa.selenium.support.ui.ExpectedConditions.access$000(ExpectedConditions.java:43)
	at org.openqa.selenium.support.ui.ExpectedConditions$10.apply(ExpectedConditions.java:300)
	at org.openqa.selenium.support.ui.ExpectedConditions$10.apply(ExpectedConditions.java:297)
	at org.openqa.selenium.support.ui.FluentWait.until(FluentWait.java:249)
	... 27 more
</div></td></tr></table><p class="totop"><a href="#summary">back to summary</a></p><h2>Onbis-Regression-Partner Portal</h2><h2>Onbis-Regression-SOAB Portal</h2><h2>Onbis-Regression-Partner Portal-Data Creation for Renewal</h2><h2>Onbis-Regression-Partner Portal- Renewal</h2><h2>Onbis-CR Regression Test - November 2022 Release</h2></body></html>