<!DOCTYPE html PUBLIC "-//W3C//DTD XHTML 1.1//EN" "http://www.w3.org/TR/xhtml11/DTD/xhtml11.dtd">
<html xmlns="http://www.w3.org/1999/xhtml"><head><title>ONBIS E2E Test Results</title><style type="text/css">@import url(https://fonts.googleapis.com/css?family=Open+Sans);

body {
    font-family: "Open Sans", sans-serif;
    margin: 0;
}

table {
    margin-left: 10%;
    margin-top: 64px;
    margin-bottom: 64px;
    border-collapse: collapse;
    empty-cells: show;
}

th, td {
    border: 1px solid #009;
    padding: .25em .5em;
    font-weight: normal;
}

/* Style the first rows of the table */
table:first-of-type tr:first-of-type,
table#summary thead tr:first-of-type,
table.result tbody tr:first-of-type {
    background-color: #b2817b; / * #666; */
    color: white;
    font-weight: lighter;
    height: 4em;
    padding-left: 1em;
    padding-right: 1em;
}

/* Hide "MoL Tests" row */
table:first-of-type tr:nth-child(2),
table#summary tbody:first-of-type tr{
    display: none;
}

table#summary tbody th {
    padding-top:32px;
    text-align: left;
    font-weight: bold;
}

table:first-of-type tr:last-of-type {
    border-top: 2px solid #979797;
    background-color: #E6E6E6;
}

td {
    vertical-align: top;
}

.stripe td {
    background-color: #EFEFEF;
}

.num {
    text-align: right;
}

.passedodd td {
    background-color: #3F3;
}

.passedeven td {
    background-color: #0A0;
}

.skippedodd td {
    background-color: #DDD;
}

.skippedeven td {
    background-color: #CCC;
}

.failedodd td {
    background-color: #F33;
}

.failedeven td, .stripe {
    background-color: #D00;
}

h2, h3 {
    margin-left: 10%;
    font-weight: normal;
}

table.result th {
    text-align: left;
}

table.result {
    margin-left: 10%;
    margin-bottom: 32px;
}

.stacktrace {
    overflow: auto;
    width: 1024px;
    white-space: pre;
    font-family: "Courier New";
}

/* back to summary */
.totop {
    font-size: 85%;
    text-align: center;
    border-bottom: 0.625rem solid #7bb29c;       /* 979797; */
    width: 80%;
    margin-left: auto;
    margin-right: auto;
    padding-bottom: 1rem;
}

#header {
    background-color: #333;
    padding: 8px 8px 8px 64px;
    color: white;
}
#header span#logo {
    padding-left:32px;
    font-size: 1.45em;
    color: #eee;
}</style></head><body><div id='header'><img src='images/logo.png' width='128px'><span id='logo'><b>ONBIS E2E Test Results</b></span></div><div id='header'> Reporting Date & Time           : 18-Mar-2024 08:25:PM</span></div><div id='header'> Test Execution Host Name &  IP  : ON34C03174383/10.61.87.141</span></div><div id='header'> Test Execution OS Name: Windows 10</span></div><div id='header'> Test Execution Java Version     : 1.8.0_281</span></div><div id='header'> Test Execution User Name        : MustofG</span></div><div id='header'> Test Execution Environment      : UAT2</span></div><table><tr><th><b><ins>Test Suite<b></ins></th><th><font color="green"><b><ins>Passed</font color><b></ins></th><th><font color="yellow"><b><ins>Skipped</font color><b></ins></th><th><font color="red"><b><ins>Failed</font color><b></ins></th><th><font color="blue"><b><ins>D:HH:MM:SS</font color><b></ins></th><th><b><ins>Included Groups<b></ins></th><th><b><ins>Excluded Groups<b></ins></th></tr><tr><th colspan="7">Onbis E2E Tests</th></tr><tr><td><a href="#t0">Onbis-Sanity-PartnerPortal-Chrome</a></td><td class="num">0</td><td class="num">0</td><td class="num">0</td><td class="num">0:00:00:00</td><td></td><td></td></tr><tr class="stripe"><td><a href="#t1">Onbis-Sanity-SOAB Portal-Chrome - SOAB Account Incorporate Tests </a></td><td class="num">0</td><td class="num">0</td><td class="num">0</td><td class="num">0:00:00:00</td><td></td><td></td></tr><tr><td><a href="#t2">Onbis-Sanity-SOAdmin-Chrome</a></td><td class="num">0</td><td class="num">0</td><td class="num">0</td><td class="num">0:00:00:00</td><td></td><td></td></tr><tr class="stripe"><td><a href="#t3">Onbis-Regression-Partner Portal</a></td><td class="num">0</td><td class="num">0</td><td class="num">0</td><td class="num">0:00:00:00</td><td></td><td></td></tr><tr><td><a href="#t4">Onbis-Regression-Admin Portal</a></td><td class="num">0</td><td class="num">0</td><td class="num">0</td><td class="num">0:00:00:00</td><td></td><td></td></tr><tr class="stripe"><td><a href="#t5">Onbis-Regression-SOAB Portal</a></td><td class="num">0</td><td class="num">0</td><td class="num">0</td><td class="num">0:00:00:00</td><td></td><td></td></tr><tr><td><a href="#t6">Onbis-Regression-Partner Portal-Data Creation for Renewal</a></td><td class="num">0</td><td class="num">0</td><td class="num">0</td><td class="num">0:00:00:00</td><td></td><td></td></tr><tr class="stripe"><td><a href="#t7">Onbis-Regression-Partner Portal- Renewal</a></td><td class="num">0</td><td class="num">0</td><td class="num">0</td><td class="num">0:00:00:00</td><td></td><td></td></tr><tr><td><a href="#t8">Onbis-CR Regression Test - November 2022 Release</a></td><td class="num">13</td><td class="num">0</td><td class="num attn">4</td><td class="num">0:01:16:22</td><td></td><td></td></tr><tr class="stripe"><td><a href="#t9">Onbis-CR Regression Test - February 2023 Release</a></td><td class="num">1</td><td class="num">0</td><td class="num attn">1</td><td class="num">0:00:09:48</td><td></td><td></td></tr><tr><th><b>Total :-------><b></th><th class="num">14</th><th class="num">0</th><th class="num attn">5</th><th class="num">0:01:26:10</th><th colspan="2"></th></tr></table><table><thead><tr><th><b><ins>Class Name<b></ins></th><th><b><ins>Method Name<b></ins></th><th><b><ins>Test Name<b></ins></th><th><b><ins>Test Starts<b></ins></th><th><font color="blue"><b><ins>D:HH:MM:SS</font color><b></ins></th></tr></thead><tbody><tr><th colspan="5">Onbis E2E Tests</th></tr></tbody><tbody id="t0"></tbody><tbody id="t1"></tbody><tbody id="t2"></tbody><tbody id="t3"></tbody><tbody id="t4"></tbody><tbody id="t5"></tbody><tbody id="t6"></tbody><tbody id="t7"></tbody><tbody id="t8"><tr><th colspan="5">Onbis-CR Regression Test - November 2022 Release &#8212; failed (configuration methods)</th></tr><tr class="failedeven"><td rowspan="1">com.onbis.TestCases.CR_4254_AnnualReturnOption_ExtraProvincialLicenceForAForeignCorporation_TC3</td><td><a href="#m0">tearDown</a></td><td rowspan="1">tearDown</td><td rowspan="1">07:46:51 PM</td><td rowspan="1">0:00:00:00</td></tr><tr><th colspan="5">Onbis-CR Regression Test - November 2022 Release &#8212; failed</th></tr><tr class="failedeven"><td rowspan="1">com.onbis.TestCases.CR_4254_AnnualReturnOption_ExtraProvincialLicenceForAForeignCorporation_TC3</td><td><a href="#m1">CR_4254_AnnualReturnOption_ExtraProvincialLicenceForAForeignCorporation_TC3</a></td><td rowspan="1">CR_4254_AnnualReturnOption_ExtraProvincialLicenceForAForeignCorporation_TC3</td><td rowspan="1">07:43:02 PM</td><td rowspan="1">0:00:03:49</td></tr><tr class="failedodd"><td rowspan="1">com.onbis.TestCases.CR_4258_EPForeignWithShare_EntityNameJurisdictionNonEditable_TC2</td><td><a href="#m2">CR_4258_EPForeignWithShare_EntityNameJurisdictionNonEditable_TC2</a></td><td rowspan="1">CR_4258_EPForeignWithShare_EntityNameJurisdictionNonEditable_TC2</td><td rowspan="1">07:46:59 PM</td><td rowspan="1">0:00:08:04</td></tr><tr class="failedeven"><td rowspan="1">com.onbis.TestCases.CR_4260_4279_4277_4574_4592_4628_GeneralPartnership_TC1</td><td><a href="#m3">CR_4260_4279_4277_4574_4592_4628_GeneralPartnership_TC1</a></td><td rowspan="1">CR_4260_4279_4277_4574_4592_4628_GeneralPartnership_TC1</td><td rowspan="1">07:06:07 PM</td><td rowspan="1">0:00:00:33</td></tr><tr class="failedodd"><td rowspan="1">com.onbis.TestCases.CR_4437_EPFCWithShare_FileArticlesOfContinuanceUnderBCA_RequestedPastDateForContinuance_TC1</td><td><a href="#m4">CR_4437_EPFCWithShare_FileArticlesOfContinuanceUnderBCA_RequestedPastDateForContinuance_TC1</a></td><td rowspan="1">CR_4437_EPFCWithShare_FileArticlesOfContinuanceUnderBCA_RequestedPastDateForContinuance_TC1</td><td rowspan="1">08:10:19 PM</td><td rowspan="1">0:00:05:00</td></tr><tr><th colspan="5">Onbis-CR Regression Test - November 2022 Release &#8212; passed</th></tr><tr class="passedeven"><td rowspan="1">com.onbis.TestCases.CR_4260_4279_4277_4574_4592_4628_CondoCorporationsAssignAnOCN_TC1</td><td><a href="#m5">CR_4260_4279_4277_4574_4592_4628_CondoCorporationsAssignAnOCN_TC1</a></td><td rowspan="1">CR_4260_4279_4277_4574_4592_4628_CondoCorporationsAssignAnOCN_TC1</td><td rowspan="1">07:15:55 PM</td><td rowspan="1">0:00:01:38</td></tr><tr class="passedodd"><td rowspan="1">com.onbis.TestCases.CR_4260_4279_4277_4574_4592_4628_CondoCorporationsAssignAnOCN_TC2_TC3_TC4_TC5</td><td><a href="#m6">CR_4260_4279_4277_4574_4592_4628_CondoCorporationsAssignAnOCN_TC2_TC3_TC4_TC5</a></td><td rowspan="1">CR_4260_4279_4277_4574_4592_4628_CondoCorporationsAssignAnOCN_TC2_TC3_TC4_TC5</td><td rowspan="1">07:17:41 PM</td><td rowspan="1">0:00:06:34</td></tr><tr class="passedeven"><td rowspan="1">com.onbis.TestCases.CR_4260_4279_4277_4574_4592_4628_ExtraProvincialLicenceForAForeignCorporation_TC2_TC3_TC4</td><td><a href="#m7">CR_4260_4279_4277_4574_4592_4628_ExtraProvincialLicenceForAForeignCorporation_TC2_TC3_TC4</a></td><td rowspan="1">CR_4260_4279_4277_4574_4592_4628_ExtraProvincialLicenceForAForeignCorporation_TC2_TC3_TC4</td><td rowspan="1">07:25:26 PM</td><td rowspan="1">0:00:08:28</td></tr><tr class="passedodd"><td rowspan="1">com.onbis.TestCases.CR_4260_4279_4277_4574_4592_4628_GeneralPartnershipInternationalAddress_TC3_TC4_TC5</td><td><a href="#m8">CR_4260_4279_4277_4574_4592_4628_GeneralPartnershipInternationalAddress_TC3_TC4_TC5</a></td><td rowspan="1">CR_4260_4279_4277_4574_4592_4628_GeneralPartnershipInternationalAddress_TC3_TC4_TC5</td><td rowspan="1">07:10:13 PM</td><td rowspan="1">0:00:05:32</td></tr><tr class="passedeven"><td rowspan="1">com.onbis.TestCases.CR_4260_4279_4277_4574_4592_4628_GeneralPartnership_TC2</td><td><a href="#m9">CR_4260_4279_4277_4574_4592_4628_GeneralPartnership_TC2</a></td><td rowspan="1">CR_4260_4279_4277_4574_4592_4628_GeneralPartnership_TC2</td><td rowspan="1">07:06:47 PM</td><td rowspan="1">0:00:03:23</td></tr><tr class="passedodd"><td rowspan="2">com.onbis.TestCases.CR_4260_4279_4277_4574_4592_4628_SoleProp_TC1_3</td><td><a href="#m10">CR_4260_4279_4277_4574_4592_4628_SoleProp_TC1</a></td><td rowspan="1">CR_4260_4279_4277_4574_4592_4628_SoleProp_TC1</td><td rowspan="1">06:59:23 PM</td><td rowspan="1">0:00:01:10</td></tr><tr class="passedodd"><td><a href="#m11">CR_4260_4279_4277_4574_4592_4628_SoleProp_TC2_TC3</a></td><td rowspan="1">CR_4260_4279_4277_4574_4592_4628_SoleProp_TC2_TC3</td><td rowspan="1">07:00:42 PM</td><td rowspan="1">0:00:05:22</td></tr><tr class="passedeven"><td rowspan="1">com.onbis.TestCases.CR_4280_OntarioBusinessIncorporation_RequestCertificate_CourtOrderedWindingUp_TC1</td><td><a href="#m12">CR_4280_OntarioBusinessIncorporation_RequestCertificate_CourtOrderedWindingUp_TC1</a></td><td rowspan="1">CR_4280_OntarioBusinessIncorporation_RequestCertificate_CourtOrderedWindingUp_TC1</td><td rowspan="1">08:00:29 PM</td><td rowspan="1">0:00:03:27</td></tr><tr class="passedodd"><td rowspan="1">com.onbis.TestCases.CR_4295_GeneralPartnership_BusinessNames_BusinessLink_TC6</td><td><a href="#m13">CR_4295_GeneralPartnership_BusinessNames_BusinessLink_TC6</a></td><td rowspan="1">CR_4295_GeneralPartnership_BusinessNames_BusinessLink_TC6</td><td rowspan="1">07:34:04 PM</td><td rowspan="1">0:00:06:53</td></tr><tr class="passedeven"><td rowspan="1">com.onbis.TestCases.CR_4302_OntarioBusinessCorporation_HeaderDisplayedFrameNumber_TC2</td><td><a href="#m14">CR_4302_OntarioBusinessCorporation_HeaderDisplayedFrameNumber_TC2</a></td><td rowspan="1">CR_4302_OntarioBusinessCorporation_HeaderDisplayedFrameNumber_TC2</td><td rowspan="1">07:55:15 PM</td><td rowspan="1">0:00:02:58</td></tr><tr class="passedodd"><td rowspan="1">com.onbis.TestCases.CR_4348_RegisterExtraProvincialLimitedLiabilityCompany_AddressOfAttorneyOntario_TC2</td><td><a href="#m15">CR_4348_RegisterExtraProvincialLimitedLiabilityCompany_AddressOfAttorneyOntario_TC2</a></td><td rowspan="1">CR_4348_RegisterExtraProvincialLimitedLiabilityCompany_AddressOfAttorneyOntario_TC2</td><td rowspan="1">07:58:22 PM</td><td rowspan="1">0:00:01:56</td></tr><tr class="passedeven"><td rowspan="1">com.onbis.TestCases.CR_4348_RegisterExtraProvincialLimitedLiabilityCompany_AddressOfGeneralManager_TC1</td><td><a href="#m16">CR_4348_RegisterExtraProvincialLimitedLiabilityCompany_AddressOfGeneralManager_TC1</a></td><td rowspan="1">CR_4348_RegisterExtraProvincialLimitedLiabilityCompany_AddressOfGeneralManager_TC1</td><td rowspan="1">07:41:09 PM</td><td rowspan="1">0:00:01:44</td></tr><tr class="passedodd"><td rowspan="1">com.onbis.TestCases.CR_4349_ExtraProvincialLicence_CorporationdAsAgentFor_TC1_TC2</td><td><a href="#m17">CR_4349_ExtraProvincialLicence_CorporationdAsAgentFor_TC1_TC2</a></td><td rowspan="1">CR_4349_ExtraProvincialLicence_CorporationdAsAgentFor_TC1_TC2</td><td rowspan="1">08:04:05 PM</td><td rowspan="1">0:00:06:02</td></tr></tbody><tbody id="t9"><tr><th colspan="5">Onbis-CR Regression Test - February 2023 Release &#8212; failed</th></tr><tr class="failedeven"><td rowspan="1">com.onbis.TestCases.CR_4796_ActiveOntarioCorporationWithBusinessNam_FileArticlesOfContinuance</td><td><a href="#m18">CR_4796_ActiveOntarioCorporationWithBusinessNam_FileArticlesOfContinuance</a></td><td rowspan="1">CR_4796_ActiveOntarioCorporationWithBusinessNam_FileArticlesOfContinuance</td><td rowspan="1">08:23:18 PM</td><td rowspan="1">0:00:01:48</td></tr><tr><th colspan="5">Onbis-CR Regression Test - February 2023 Release &#8212; passed</th></tr><tr class="passedeven"><td rowspan="1">com.onbis.TestCases.CR_4751_ActiveNFPCA_WithActiveBusinessName_FileArticlesOfDissolution</td><td><a href="#m19">CR_4751_ActiveNFPCA_WithActiveBusinessName_FileArticlesOfDissolution</a></td><td rowspan="1">CR_4751_ActiveNFPCA_WithActiveBusinessName_FileArticlesOfDissolution</td><td rowspan="1">08:15:36 PM</td><td rowspan="1">0:00:07:29</td></tr></tbody></table><h2>Onbis-Sanity-PartnerPortal-Chrome</h2><h2>Onbis-Sanity-SOAB Portal-Chrome - SOAB Account Incorporate Tests </h2><h2>Onbis-Sanity-SOAdmin-Chrome</h2><h2>Onbis-Regression-Partner Portal</h2><h2>Onbis-Regression-Admin Portal</h2><h2>Onbis-Regression-SOAB Portal</h2><h2>Onbis-Regression-Partner Portal-Data Creation for Renewal</h2><h2>Onbis-Regression-Partner Portal- Renewal</h2><h2>Onbis-CR Regression Test - November 2022 Release</h2><h3 id="m0">com.onbis.TestCases.CR_4254_AnnualReturnOption_ExtraProvincialLicenceForAForeignCorporation_TC3#tearDown ( tearDown )</h3><table class="result"><tr class="param"><th>Parameter #1</th></tr><tr class="param stripe"><td>[TestResult name=CR_4254_AnnualReturnOption_ExtraProvincialLicenceForAForeignCorporation_TC3 status=FAILURE method=CR_4254_AnnualReturnOption_ExtraProvincialLicenceForAForeignCorporation_TC3.CR_4254_AnnualReturnOption_ExtraProvincialLicenceForAForeignCorporation_TC3(java.lang.String)[pri:0, instance:com.onbis.TestCases.CR_4254_AnnualReturnOption_ExtraProvincialLicenceForAForeignCorporation_TC3@738dc9b] output=-------: CR_4254_AnnualReturnOption_ExtraProvincialLicenceForAForeignCorporation_TC3 -&gt; ]</td></tr><tr><th>Exception</th></tr><tr><td><div class="stacktrace">java.lang.RuntimeException: org.openqa.selenium.JavascriptException: javascript error: Cannot read properties of null (reading &apos;scrollHeight&apos;)
  (Session info: chrome=113.0.5672.127)
Build info: version: &apos;3.141.59&apos;, revision: &apos;e82be7d358&apos;, time: &apos;2018-11-14T08:17:03&apos;
System info: host: &apos;ON34C03174383&apos;, ip: &apos;10.61.87.141&apos;, os.name: &apos;Windows 10&apos;, os.arch: &apos;amd64&apos;, os.version: &apos;10.0&apos;, java.version: &apos;1.8.0_281&apos;
Driver info: org.openqa.selenium.chrome.ChromeDriver
Capabilities {acceptInsecureCerts: true, browserName: chrome, browserVersion: 113.0.5672.127, chrome: {chromedriverVersion: 113.0.5672.63 (0e1a4471d5ae..., userDataDir: C:\Users\MustofG\AppData\Lo...}, goog:chromeOptions: {debuggerAddress: localhost:62400}, javascriptEnabled: true, networkConnectionEnabled: false, pageLoadStrategy: normal, platform: WINDOWS, platformName: WINDOWS, proxy: Proxy(), setWindowRect: true, strictFileInteractability: false, timeouts: {implicit: 0, pageLoad: 300000, script: 30000}, unhandledPromptBehavior: dismiss and notify, webauthn:extension:credBlob: true, webauthn:extension:largeBlob: true, webauthn:extension:minPinLength: true, webauthn:extension:prf: true, webauthn:virtualAuthenticators: true}
Session ID: b27027b8988d1b66c3a1af8ecf2a31e2
	at ru.yandex.qatools.ashot.util.InnerScript.execute(InnerScript.java:32)
	at ru.yandex.qatools.ashot.shooting.ViewportPastingDecorator.getFullHeight(ViewportPastingDecorator.java:67)
	at ru.yandex.qatools.ashot.shooting.ViewportPastingDecorator.getScreenshot(ViewportPastingDecorator.java:41)
	at ru.yandex.qatools.ashot.shooting.ViewportPastingDecorator.getScreenshot(ViewportPastingDecorator.java:35)
	at ru.yandex.qatools.ashot.AShot.takeScreenshot(AShot.java:145)
	at com.onbis.Pages.GenericUtilsPage.captureScreenshot(GenericUtilsPage.java:52)
	at com.onbis.TestCases.BaseTestSOAdmin.tearDown(BaseTestSOAdmin.java:105)
	at sun.reflect.NativeMethodAccessorImpl.invoke0(Native Method)
	at sun.reflect.NativeMethodAccessorImpl.invoke(NativeMethodAccessorImpl.java:62)
	at sun.reflect.DelegatingMethodAccessorImpl.invoke(DelegatingMethodAccessorImpl.java:43)
	at java.lang.reflect.Method.invoke(Method.java:498)
	at org.testng.internal.MethodInvocationHelper.invokeMethod(MethodInvocationHelper.java:124)
	at org.testng.internal.MethodInvocationHelper.invokeMethodConsideringTimeout(MethodInvocationHelper.java:59)
	at org.testng.internal.Invoker.invokeConfigurationMethod(Invoker.java:458)
	at org.testng.internal.Invoker.invokeConfigurations(Invoker.java:222)
	at org.testng.internal.Invoker.invokeMethod(Invoker.java:646)
	at org.testng.internal.Invoker.invokeTestMethod(Invoker.java:719)
	at org.testng.internal.Invoker.invokeTestMethods(Invoker.java:989)
	at org.testng.internal.TestMethodWorker.invokeTestMethods(TestMethodWorker.java:125)
	at org.testng.internal.TestMethodWorker.run(TestMethodWorker.java:109)
	at org.testng.TestRunner.privateRun(TestRunner.java:648)
	at org.testng.TestRunner.run(TestRunner.java:505)
	at org.testng.SuiteRunner.runTest(SuiteRunner.java:455)
	at org.testng.SuiteRunner.runSequentially(SuiteRunner.java:450)
	at org.testng.SuiteRunner.privateRun(SuiteRunner.java:415)
	at org.testng.SuiteRunner.run(SuiteRunner.java:364)
	at org.testng.SuiteRunnerWorker.runSuite(SuiteRunnerWorker.java:52)
	at org.testng.SuiteRunnerWorker.run(SuiteRunnerWorker.java:84)
	at org.testng.TestNG.runSuitesSequentially(TestNG.java:1208)
	at org.testng.TestNG.runSuitesLocally(TestNG.java:1137)
	at org.testng.TestNG.runSuites(TestNG.java:1049)
	at org.testng.TestNG.run(TestNG.java:1017)
	at com.intellij.rt.testng.IDEARemoteTestNG.run(IDEARemoteTestNG.java:65)
	at com.intellij.rt.testng.RemoteTestNGStarter.main(RemoteTestNGStarter.java:105)
Caused by: org.openqa.selenium.JavascriptException: javascript error: Cannot read properties of null (reading &apos;scrollHeight&apos;)
  (Session info: chrome=113.0.5672.127)
Build info: version: &apos;3.141.59&apos;, revision: &apos;e82be7d358&apos;, time: &apos;2018-11-14T08:17:03&apos;
System info: host: &apos;ON34C03174383&apos;, ip: &apos;10.61.87.141&apos;, os.name: &apos;Windows 10&apos;, os.arch: &apos;amd64&apos;, os.version: &apos;10.0&apos;, java.version: &apos;1.8.0_281&apos;
Driver info: org.openqa.selenium.chrome.ChromeDriver
Capabilities {acceptInsecureCerts: true, browserName: chrome, browserVersion: 113.0.5672.127, chrome: {chromedriverVersion: 113.0.5672.63 (0e1a4471d5ae..., userDataDir: C:\Users\MustofG\AppData\Lo...}, goog:chromeOptions: {debuggerAddress: localhost:62400}, javascriptEnabled: true, networkConnectionEnabled: false, pageLoadStrategy: normal, platform: WINDOWS, platformName: WINDOWS, proxy: Proxy(), setWindowRect: true, strictFileInteractability: false, timeouts: {implicit: 0, pageLoad: 300000, script: 30000}, unhandledPromptBehavior: dismiss and notify, webauthn:extension:credBlob: true, webauthn:extension:largeBlob: true, webauthn:extension:minPinLength: true, webauthn:extension:prf: true, webauthn:virtualAuthenticators: true}
Session ID: b27027b8988d1b66c3a1af8ecf2a31e2
	at sun.reflect.NativeConstructorAccessorImpl.newInstance0(Native Method)
	at sun.reflect.NativeConstructorAccessorImpl.newInstance(NativeConstructorAccessorImpl.java:62)
	at sun.reflect.DelegatingConstructorAccessorImpl.newInstance(DelegatingConstructorAccessorImpl.java:45)
	at java.lang.reflect.Constructor.newInstance(Constructor.java:423)
	at org.openqa.selenium.remote.http.W3CHttpResponseCodec.createException(W3CHttpResponseCodec.java:187)
	at org.openqa.selenium.remote.http.W3CHttpResponseCodec.decode(W3CHttpResponseCodec.java:122)
	at org.openqa.selenium.remote.http.W3CHttpResponseCodec.decode(W3CHttpResponseCodec.java:49)
	at org.openqa.selenium.remote.HttpCommandExecutor.execute(HttpCommandExecutor.java:158)
	at org.openqa.selenium.remote.service.DriverCommandExecutor.execute(DriverCommandExecutor.java:83)
	at org.openqa.selenium.remote.RemoteWebDriver.execute(RemoteWebDriver.java:552)
	at org.openqa.selenium.remote.RemoteWebDriver.executeScript(RemoteWebDriver.java:489)
	at ru.yandex.qatools.ashot.util.InnerScript.execute(InnerScript.java:30)
	... 33 more
</div></td></tr></table><p class="totop"><a href="#summary">back to summary</a></p><h3 id="m1">com.onbis.TestCases.CR_4254_AnnualReturnOption_ExtraProvincialLicenceForAForeignCorporation_TC3#CR_4254_AnnualReturnOption_ExtraProvincialLicenceForAForeignCorporation_TC3 ( CR_4254_AnnualReturnOption_ExtraProvincialLicenceForAForeignCorporation_TC3 )</h3><table class="result"><tr class="param"><th>Parameter #1</th></tr><tr class="param stripe"><td>chrome</td></tr><tr><th>Messages</th></tr><tr><td><div class="messages">-------: CR_4254_AnnualReturnOption_ExtraProvincialLicenceForAForeignCorporation_TC3 -&gt; <br/>Admin Portal build number is: 2.1.5.1 :: 2.1.5.1 :: 2024/03/01 11:42<br/>Search Result for: &quot;PM WELLNESS HUNGARY&quot; KFT (1771397)</div></td></tr><tr><th>Exception</th></tr><tr><td><div class="stacktrace">org.openqa.selenium.TimeoutException: timeout: Timed out receiving message from renderer: 30.000
  (Session info: chrome=113.0.5672.127)
Build info: version: &apos;3.141.59&apos;, revision: &apos;e82be7d358&apos;, time: &apos;2018-11-14T08:17:03&apos;
System info: host: &apos;ON34C03174383&apos;, ip: &apos;10.61.87.141&apos;, os.name: &apos;Windows 10&apos;, os.arch: &apos;amd64&apos;, os.version: &apos;10.0&apos;, java.version: &apos;1.8.0_281&apos;
Driver info: org.openqa.selenium.chrome.ChromeDriver
Capabilities {acceptInsecureCerts: true, browserName: chrome, browserVersion: 113.0.5672.127, chrome: {chromedriverVersion: 113.0.5672.63 (0e1a4471d5ae..., userDataDir: C:\Users\MustofG\AppData\Lo...}, goog:chromeOptions: {debuggerAddress: localhost:62400}, javascriptEnabled: true, networkConnectionEnabled: false, pageLoadStrategy: normal, platform: WINDOWS, platformName: WINDOWS, proxy: Proxy(), setWindowRect: true, strictFileInteractability: false, timeouts: {implicit: 0, pageLoad: 300000, script: 30000}, unhandledPromptBehavior: dismiss and notify, webauthn:extension:credBlob: true, webauthn:extension:largeBlob: true, webauthn:extension:minPinLength: true, webauthn:extension:prf: true, webauthn:virtualAuthenticators: true}
Session ID: b27027b8988d1b66c3a1af8ecf2a31e2
	at sun.reflect.NativeConstructorAccessorImpl.newInstance0(Native Method)
	at sun.reflect.NativeConstructorAccessorImpl.newInstance(NativeConstructorAccessorImpl.java:62)
	at sun.reflect.DelegatingConstructorAccessorImpl.newInstance(DelegatingConstructorAccessorImpl.java:45)
	at java.lang.reflect.Constructor.newInstance(Constructor.java:423)
	at org.openqa.selenium.remote.http.W3CHttpResponseCodec.createException(W3CHttpResponseCodec.java:187)
	at org.openqa.selenium.remote.http.W3CHttpResponseCodec.decode(W3CHttpResponseCodec.java:122)
	at org.openqa.selenium.remote.http.W3CHttpResponseCodec.decode(W3CHttpResponseCodec.java:49)
	at org.openqa.selenium.remote.HttpCommandExecutor.execute(HttpCommandExecutor.java:158)
	at org.openqa.selenium.remote.service.DriverCommandExecutor.execute(DriverCommandExecutor.java:83)
	at org.openqa.selenium.remote.RemoteWebDriver.execute(RemoteWebDriver.java:552)
	at org.openqa.selenium.remote.RemoteWebElement.execute(RemoteWebElement.java:285)
	at org.openqa.selenium.remote.RemoteWebElement.click(RemoteWebElement.java:84)
	at sun.reflect.GeneratedMethodAccessor5.invoke(Unknown Source)
	at sun.reflect.DelegatingMethodAccessorImpl.invoke(DelegatingMethodAccessorImpl.java:43)
	at java.lang.reflect.Method.invoke(Method.java:498)
	at org.openqa.selenium.support.pagefactory.internal.LocatingElementHandler.invoke(LocatingElementHandler.java:51)
	at com.sun.proxy.$Proxy24.click(Unknown Source)
	at com.onbis.Helper.HelperMethods.staleElementClick(HelperMethods.java:343)
	at com.onbis.Pages.PartnerPortalLandingPage.advanceSearchByEntityRegisterSubTypeStatus(PartnerPortalLandingPage.java:259)
	at com.onbis.TestCases.CR_4254_AnnualReturnOption_ExtraProvincialLicenceForAForeignCorporation_TC3.CR_4254_AnnualReturnOption_ExtraProvincialLicenceForAForeignCorporation_TC3(CR_4254_AnnualReturnOption_ExtraProvincialLicenceForAForeignCorporation_TC3.java:62)
	at sun.reflect.NativeMethodAccessorImpl.invoke0(Native Method)
	at sun.reflect.NativeMethodAccessorImpl.invoke(NativeMethodAccessorImpl.java:62)
	at sun.reflect.DelegatingMethodAccessorImpl.invoke(DelegatingMethodAccessorImpl.java:43)
	at java.lang.reflect.Method.invoke(Method.java:498)
	at org.testng.internal.MethodInvocationHelper.invokeMethod(MethodInvocationHelper.java:124)
	at org.testng.internal.Invoker.invokeMethod(Invoker.java:583)
	at org.testng.internal.Invoker.invokeTestMethod(Invoker.java:719)
	at org.testng.internal.Invoker.invokeTestMethods(Invoker.java:989)
	at org.testng.internal.TestMethodWorker.invokeTestMethods(TestMethodWorker.java:125)
	at org.testng.internal.TestMethodWorker.run(TestMethodWorker.java:109)
	at org.testng.TestRunner.privateRun(TestRunner.java:648)
	at org.testng.TestRunner.run(TestRunner.java:505)
	at org.testng.SuiteRunner.runTest(SuiteRunner.java:455)
	at org.testng.SuiteRunner.runSequentially(SuiteRunner.java:450)
	at org.testng.SuiteRunner.privateRun(SuiteRunner.java:415)
	at org.testng.SuiteRunner.run(SuiteRunner.java:364)
	at org.testng.SuiteRunnerWorker.runSuite(SuiteRunnerWorker.java:52)
	at org.testng.SuiteRunnerWorker.run(SuiteRunnerWorker.java:84)
	at org.testng.TestNG.runSuitesSequentially(TestNG.java:1208)
	at org.testng.TestNG.runSuitesLocally(TestNG.java:1137)
	at org.testng.TestNG.runSuites(TestNG.java:1049)
	at org.testng.TestNG.run(TestNG.java:1017)
	at com.intellij.rt.testng.IDEARemoteTestNG.run(IDEARemoteTestNG.java:65)
	at com.intellij.rt.testng.RemoteTestNGStarter.main(RemoteTestNGStarter.java:105)
</div></td></tr></table><p class="totop"><a href="#summary">back to summary</a></p><h3 id="m2">com.onbis.TestCases.CR_4258_EPForeignWithShare_EntityNameJurisdictionNonEditable_TC2#CR_4258_EPForeignWithShare_EntityNameJurisdictionNonEditable_TC2 ( CR_4258_EPForeignWithShare_EntityNameJurisdictionNonEditable_TC2 )</h3><table class="result"><tr class="param"><th>Parameter #1</th></tr><tr class="param stripe"><td>chrome</td></tr><tr><th>Messages</th></tr><tr><td><div class="messages">-------: CR_4258_EPForeignWithShare_EntityNameJurisdictionNonEditable_TC2 -&gt; <br/>Admin Portal build number is: 2.1.5.1 :: 2.1.5.1 :: 2024/03/01 11:42<br/>Search Result for: 1000607503JDVEARR0J1S2BV1S91978 TEST INC. (1000607503)<br/>The &apos;File Articles of Continuance under the Business Corporations Act&apos; option is displayed in drop-down menu under the &apos;Make Changes&apos; Menu<br/>Authorization Date was inserted as: March 18, 2024</div></td></tr><tr><th>Exception</th></tr><tr><td><div class="stacktrace">org.openqa.selenium.ElementClickInterceptedException: element click intercepted: Element &lt;span style=&quot;background: lime; border: 3px solid red;&quot;&gt;...&lt;/span&gt; is not clickable at point (137, 642). Other element would receive the click: &lt;div class=&quot;appWizardButtonPad appButtonPad maintainContinueInAsONBusinessCorp-asyncContainer-wizardButtonPad appButtonPad appNotReadOnly appIndex1 appChildCount5&quot; id=&quot;nodeW920&quot; aria-labelledby=&quot;nodeW924&quot;&gt;...&lt;/div&gt;
  (Session info: chrome=113.0.5672.127)
Build info: version: &apos;3.141.59&apos;, revision: &apos;e82be7d358&apos;, time: &apos;2018-11-14T08:17:03&apos;
System info: host: &apos;ON34C03174383&apos;, ip: &apos;10.61.87.141&apos;, os.name: &apos;Windows 10&apos;, os.arch: &apos;amd64&apos;, os.version: &apos;10.0&apos;, java.version: &apos;1.8.0_281&apos;
Driver info: org.openqa.selenium.chrome.ChromeDriver
Capabilities {acceptInsecureCerts: true, browserName: chrome, browserVersion: 113.0.5672.127, chrome: {chromedriverVersion: 113.0.5672.63 (0e1a4471d5ae..., userDataDir: C:\Users\MustofG\AppData\Lo...}, goog:chromeOptions: {debuggerAddress: localhost:62746}, javascriptEnabled: true, networkConnectionEnabled: false, pageLoadStrategy: normal, platform: WINDOWS, platformName: WINDOWS, proxy: Proxy(), setWindowRect: true, strictFileInteractability: false, timeouts: {implicit: 0, pageLoad: 300000, script: 30000}, unhandledPromptBehavior: dismiss and notify, webauthn:extension:credBlob: true, webauthn:extension:largeBlob: true, webauthn:extension:minPinLength: true, webauthn:extension:prf: true, webauthn:virtualAuthenticators: true}
Session ID: 618aec6047dbf5a59b83046f56faaf10
	at sun.reflect.NativeConstructorAccessorImpl.newInstance0(Native Method)
	at sun.reflect.NativeConstructorAccessorImpl.newInstance(NativeConstructorAccessorImpl.java:62)
	at sun.reflect.DelegatingConstructorAccessorImpl.newInstance(DelegatingConstructorAccessorImpl.java:45)
	at java.lang.reflect.Constructor.newInstance(Constructor.java:423)
	at org.openqa.selenium.remote.http.W3CHttpResponseCodec.createException(W3CHttpResponseCodec.java:187)
	at org.openqa.selenium.remote.http.W3CHttpResponseCodec.decode(W3CHttpResponseCodec.java:122)
	at org.openqa.selenium.remote.http.W3CHttpResponseCodec.decode(W3CHttpResponseCodec.java:49)
	at org.openqa.selenium.remote.HttpCommandExecutor.execute(HttpCommandExecutor.java:158)
	at org.openqa.selenium.remote.service.DriverCommandExecutor.execute(DriverCommandExecutor.java:83)
	at org.openqa.selenium.remote.RemoteWebDriver.execute(RemoteWebDriver.java:552)
	at org.openqa.selenium.remote.RemoteWebElement.execute(RemoteWebElement.java:285)
	at org.openqa.selenium.remote.RemoteWebElement.click(RemoteWebElement.java:84)
	at sun.reflect.GeneratedMethodAccessor5.invoke(Unknown Source)
	at sun.reflect.DelegatingMethodAccessorImpl.invoke(DelegatingMethodAccessorImpl.java:43)
	at java.lang.reflect.Method.invoke(Method.java:498)
	at org.openqa.selenium.support.pagefactory.internal.LocatingElementHandler.invoke(LocatingElementHandler.java:51)
	at com.sun.proxy.$Proxy24.click(Unknown Source)
	at com.onbis.Helper.HelperMethods.staleElementClick(HelperMethods.java:343)
	at com.onbis.Pages.SOIncorporateOntarioBusinessCorporationPage.reviewAndAuthorization(SOIncorporateOntarioBusinessCorporationPage.java:1729)
	at com.onbis.TestCases.CR_4258_EPForeignWithShare_EntityNameJurisdictionNonEditable_TC2.CR_4258_EPForeignWithShare_EntityNameJurisdictionNonEditable_TC2(CR_4258_EPForeignWithShare_EntityNameJurisdictionNonEditable_TC2.java:95)
	at sun.reflect.NativeMethodAccessorImpl.invoke0(Native Method)
	at sun.reflect.NativeMethodAccessorImpl.invoke(NativeMethodAccessorImpl.java:62)
	at sun.reflect.DelegatingMethodAccessorImpl.invoke(DelegatingMethodAccessorImpl.java:43)
	at java.lang.reflect.Method.invoke(Method.java:498)
	at org.testng.internal.MethodInvocationHelper.invokeMethod(MethodInvocationHelper.java:124)
	at org.testng.internal.Invoker.invokeMethod(Invoker.java:583)
	at org.testng.internal.Invoker.invokeTestMethod(Invoker.java:719)
	at org.testng.internal.Invoker.invokeTestMethods(Invoker.java:989)
	at org.testng.internal.TestMethodWorker.invokeTestMethods(TestMethodWorker.java:125)
	at org.testng.internal.TestMethodWorker.run(TestMethodWorker.java:109)
	at org.testng.TestRunner.privateRun(TestRunner.java:648)
	at org.testng.TestRunner.run(TestRunner.java:505)
	at org.testng.SuiteRunner.runTest(SuiteRunner.java:455)
	at org.testng.SuiteRunner.runSequentially(SuiteRunner.java:450)
	at org.testng.SuiteRunner.privateRun(SuiteRunner.java:415)
	at org.testng.SuiteRunner.run(SuiteRunner.java:364)
	at org.testng.SuiteRunnerWorker.runSuite(SuiteRunnerWorker.java:52)
	at org.testng.SuiteRunnerWorker.run(SuiteRunnerWorker.java:84)
	at org.testng.TestNG.runSuitesSequentially(TestNG.java:1208)
	at org.testng.TestNG.runSuitesLocally(TestNG.java:1137)
	at org.testng.TestNG.runSuites(TestNG.java:1049)
	at org.testng.TestNG.run(TestNG.java:1017)
	at com.intellij.rt.testng.IDEARemoteTestNG.run(IDEARemoteTestNG.java:65)
	at com.intellij.rt.testng.RemoteTestNGStarter.main(RemoteTestNGStarter.java:105)
</div></td></tr></table><p class="totop"><a href="#summary">back to summary</a></p><h3 id="m3">com.onbis.TestCases.CR_4260_4279_4277_4574_4592_4628_GeneralPartnership_TC1#CR_4260_4279_4277_4574_4592_4628_GeneralPartnership_TC1 ( CR_4260_4279_4277_4574_4592_4628_GeneralPartnership_TC1 )</h3><table class="result"><tr><th>Messages</th></tr><tr><td><div class="messages">PartnerPortal build number is: 2.1.5.1 :: 2.1.5.1 :: 2024/03/01 11:42<br/>-------: CR_4260_4279_4277_4574_4592_4628_GeneralPartnership_TC1-&gt; <br/>-------: This is a Negative testing for &apos;General partnership Registration&apos;
 :-------</div></td></tr><tr><th>Exception</th></tr><tr><td><div class="stacktrace">org.openqa.selenium.NoSuchElementException: no such element: Unable to locate element: {&quot;method&quot;:&quot;xpath&quot;,&quot;selector&quot;:&quot;//span[text()=&apos;Firm Name must be entered.&apos;]&quot;}
  (Session info: chrome=113.0.5672.127)
For documentation on this error, please visit: https://www.seleniumhq.org/exceptions/no_such_element.html
Build info: version: &apos;3.141.59&apos;, revision: &apos;e82be7d358&apos;, time: &apos;2018-11-14T08:17:03&apos;
System info: host: &apos;ON34C03174383&apos;, ip: &apos;10.61.87.141&apos;, os.name: &apos;Windows 10&apos;, os.arch: &apos;amd64&apos;, os.version: &apos;10.0&apos;, java.version: &apos;1.8.0_281&apos;
Driver info: org.openqa.selenium.chrome.ChromeDriver
Capabilities {acceptInsecureCerts: true, browserName: chrome, browserVersion: 113.0.5672.127, chrome: {chromedriverVersion: 113.0.5672.63 (0e1a4471d5ae..., userDataDir: C:\Users\MustofG\AppData\Lo...}, goog:chromeOptions: {debuggerAddress: localhost:59190}, javascriptEnabled: true, networkConnectionEnabled: false, pageLoadStrategy: normal, platform: WINDOWS, platformName: WINDOWS, proxy: Proxy(), setWindowRect: true, strictFileInteractability: false, timeouts: {implicit: 0, pageLoad: 300000, script: 30000}, unhandledPromptBehavior: dismiss and notify, webauthn:extension:credBlob: true, webauthn:extension:largeBlob: true, webauthn:extension:minPinLength: true, webauthn:extension:prf: true, webauthn:virtualAuthenticators: true}
Session ID: d4fc23fa774599ac8fe61deaab517b81
*** Element info: {Using=xpath, value=//span[text()=&apos;Firm Name must be entered.&apos;]}
	at sun.reflect.NativeConstructorAccessorImpl.newInstance0(Native Method)
	at sun.reflect.NativeConstructorAccessorImpl.newInstance(NativeConstructorAccessorImpl.java:62)
	at sun.reflect.DelegatingConstructorAccessorImpl.newInstance(DelegatingConstructorAccessorImpl.java:45)
	at java.lang.reflect.Constructor.newInstance(Constructor.java:423)
	at org.openqa.selenium.remote.http.W3CHttpResponseCodec.createException(W3CHttpResponseCodec.java:187)
	at org.openqa.selenium.remote.http.W3CHttpResponseCodec.decode(W3CHttpResponseCodec.java:122)
	at org.openqa.selenium.remote.http.W3CHttpResponseCodec.decode(W3CHttpResponseCodec.java:49)
	at org.openqa.selenium.remote.HttpCommandExecutor.execute(HttpCommandExecutor.java:158)
	at org.openqa.selenium.remote.service.DriverCommandExecutor.execute(DriverCommandExecutor.java:83)
	at org.openqa.selenium.remote.RemoteWebDriver.execute(RemoteWebDriver.java:552)
	at org.openqa.selenium.remote.RemoteWebDriver.findElement(RemoteWebDriver.java:323)
	at org.openqa.selenium.remote.RemoteWebDriver.findElementByXPath(RemoteWebDriver.java:428)
	at org.openqa.selenium.By$ByXPath.findElement(By.java:353)
	at org.openqa.selenium.remote.RemoteWebDriver.findElement(RemoteWebDriver.java:315)
	at com.onbis.Pages.PartnerSoleProprietorshipRegistrationPage.incompleteGeneralPartnershipBusinessNameRegistrationNotSave(PartnerSoleProprietorshipRegistrationPage.java:917)
	at com.onbis.TestCases.CR_4260_4279_4277_4574_4592_4628_GeneralPartnership_TC1.CR_4260_4279_4277_4574_4592_4628_GeneralPartnership_TC1(CR_4260_4279_4277_4574_4592_4628_GeneralPartnership_TC1.java:38)
	at sun.reflect.NativeMethodAccessorImpl.invoke0(Native Method)
	at sun.reflect.NativeMethodAccessorImpl.invoke(NativeMethodAccessorImpl.java:62)
	at sun.reflect.DelegatingMethodAccessorImpl.invoke(DelegatingMethodAccessorImpl.java:43)
	at java.lang.reflect.Method.invoke(Method.java:498)
	at org.testng.internal.MethodInvocationHelper.invokeMethod(MethodInvocationHelper.java:124)
	at org.testng.internal.Invoker.invokeMethod(Invoker.java:583)
	at org.testng.internal.Invoker.invokeTestMethod(Invoker.java:719)
	at org.testng.internal.Invoker.invokeTestMethods(Invoker.java:989)
	at org.testng.internal.TestMethodWorker.invokeTestMethods(TestMethodWorker.java:125)
	at org.testng.internal.TestMethodWorker.run(TestMethodWorker.java:109)
	at org.testng.TestRunner.privateRun(TestRunner.java:648)
	at org.testng.TestRunner.run(TestRunner.java:505)
	at org.testng.SuiteRunner.runTest(SuiteRunner.java:455)
	at org.testng.SuiteRunner.runSequentially(SuiteRunner.java:450)
	at org.testng.SuiteRunner.privateRun(SuiteRunner.java:415)
	at org.testng.SuiteRunner.run(SuiteRunner.java:364)
	at org.testng.SuiteRunnerWorker.runSuite(SuiteRunnerWorker.java:52)
	at org.testng.SuiteRunnerWorker.run(SuiteRunnerWorker.java:84)
	at org.testng.TestNG.runSuitesSequentially(TestNG.java:1208)
	at org.testng.TestNG.runSuitesLocally(TestNG.java:1137)
	at org.testng.TestNG.runSuites(TestNG.java:1049)
	at org.testng.TestNG.run(TestNG.java:1017)
	at com.intellij.rt.testng.IDEARemoteTestNG.run(IDEARemoteTestNG.java:65)
	at com.intellij.rt.testng.RemoteTestNGStarter.main(RemoteTestNGStarter.java:105)
</div></td></tr></table><p class="totop"><a href="#summary">back to summary</a></p><h3 id="m4">com.onbis.TestCases.CR_4437_EPFCWithShare_FileArticlesOfContinuanceUnderBCA_RequestedPastDateForContinuance_TC1#CR_4437_EPFCWithShare_FileArticlesOfContinuanceUnderBCA_RequestedPastDateForContinuance_TC1 ( CR_4437_EPFCWithShare_FileArticlesOfContinuanceUnderBCA_RequestedPastDateForContinuance_TC1 )</h3><table class="result"><tr class="param"><th>Parameter #1</th></tr><tr class="param stripe"><td>chrome</td></tr><tr><th>Messages</th></tr><tr><td><div class="messages">-------: CR_4437_EPFCWithShare_FileArticlesOfContinuanceUnderBCA_RequestedPastDateForContinuance_TC1 -&gt; <br/>Admin Portal build number is: 2.1.5.1 :: 2.1.5.1 :: 2024/03/01 11:42<br/>Search Result for: 10006075089GVCCGJHOXRNTRP416304 TEST INC. (1000607508)<br/>The &apos;File Articles of Continuance under the Business Corporations Act&apos; option is displayed in drop-down menu under the &apos;Make Changes&apos; Menu</div></td></tr><tr><th>Exception</th></tr><tr><td><div class="stacktrace">org.openqa.selenium.TimeoutException: Expected condition failed: waiting for visibility of Proxy element for: DefaultElementLocator &apos;By.xpath: //label[text()=Director/Registrar&apos; (tried for 90 second(s) with 500 milliseconds interval)
	at org.openqa.selenium.support.ui.FluentWait.timeoutException(FluentWait.java:304)
	at org.openqa.selenium.support.ui.FluentWait.until(FluentWait.java:272)
	at com.onbis.Helper.HelperMethods.fluentLongerWaitAndCheckVisible(HelperMethods.java:108)
	at com.onbis.Pages.SOIncorporateOntarioBusinessCorporationPage.completeContactInformationRegistrarSave(SOIncorporateOntarioBusinessCorporationPage.java:1368)
	at com.onbis.TestCases.CR_4437_EPFCWithShare_FileArticlesOfContinuanceUnderBCA_RequestedPastDateForContinuance_TC1.CR_4437_EPFCWithShare_FileArticlesOfContinuanceUnderBCA_RequestedPastDateForContinuance_TC1(CR_4437_EPFCWithShare_FileArticlesOfContinuanceUnderBCA_RequestedPastDateForContinuance_TC1.java:57)
	at sun.reflect.NativeMethodAccessorImpl.invoke0(Native Method)
	at sun.reflect.NativeMethodAccessorImpl.invoke(NativeMethodAccessorImpl.java:62)
	at sun.reflect.DelegatingMethodAccessorImpl.invoke(DelegatingMethodAccessorImpl.java:43)
	at java.lang.reflect.Method.invoke(Method.java:498)
	at org.testng.internal.MethodInvocationHelper.invokeMethod(MethodInvocationHelper.java:124)
	at org.testng.internal.Invoker.invokeMethod(Invoker.java:583)
	at org.testng.internal.Invoker.invokeTestMethod(Invoker.java:719)
	at org.testng.internal.Invoker.invokeTestMethods(Invoker.java:989)
	at org.testng.internal.TestMethodWorker.invokeTestMethods(TestMethodWorker.java:125)
	at org.testng.internal.TestMethodWorker.run(TestMethodWorker.java:109)
	at org.testng.TestRunner.privateRun(TestRunner.java:648)
	at org.testng.TestRunner.run(TestRunner.java:505)
	at org.testng.SuiteRunner.runTest(SuiteRunner.java:455)
	at org.testng.SuiteRunner.runSequentially(SuiteRunner.java:450)
	at org.testng.SuiteRunner.privateRun(SuiteRunner.java:415)
	at org.testng.SuiteRunner.run(SuiteRunner.java:364)
	at org.testng.SuiteRunnerWorker.runSuite(SuiteRunnerWorker.java:52)
	at org.testng.SuiteRunnerWorker.run(SuiteRunnerWorker.java:84)
	at org.testng.TestNG.runSuitesSequentially(TestNG.java:1208)
	at org.testng.TestNG.runSuitesLocally(TestNG.java:1137)
	at org.testng.TestNG.runSuites(TestNG.java:1049)
	at org.testng.TestNG.run(TestNG.java:1017)
	at com.intellij.rt.testng.IDEARemoteTestNG.run(IDEARemoteTestNG.java:65)
	at com.intellij.rt.testng.RemoteTestNGStarter.main(RemoteTestNGStarter.java:105)
Caused by: org.openqa.selenium.InvalidSelectorException: invalid selector: Unable to locate an element with the xpath expression //label[text()=Director/Registrar because of the following error:
SyntaxError: Failed to execute &apos;evaluate&apos; on &apos;Document&apos;: The string &apos;//label[text()=Director/Registrar&apos; is not a valid XPath expression.
  (Session info: chrome=113.0.5672.127)
For documentation on this error, please visit: https://www.seleniumhq.org/exceptions/invalid_selector_exception.html
Build info: version: &apos;3.141.59&apos;, revision: &apos;e82be7d358&apos;, time: &apos;2018-11-14T08:17:03&apos;
System info: host: &apos;ON34C03174383&apos;, ip: &apos;10.61.87.141&apos;, os.name: &apos;Windows 10&apos;, os.arch: &apos;amd64&apos;, os.version: &apos;10.0&apos;, java.version: &apos;1.8.0_281&apos;
Driver info: org.openqa.selenium.chrome.ChromeDriver
Capabilities {acceptInsecureCerts: true, browserName: chrome, browserVersion: 113.0.5672.127, chrome: {chromedriverVersion: 113.0.5672.63 (0e1a4471d5ae..., userDataDir: C:\Users\MustofG\AppData\Lo...}, goog:chromeOptions: {debuggerAddress: localhost:65502}, javascriptEnabled: true, networkConnectionEnabled: false, pageLoadStrategy: normal, platform: WINDOWS, platformName: WINDOWS, proxy: Proxy(), setWindowRect: true, strictFileInteractability: false, timeouts: {implicit: 0, pageLoad: 300000, script: 30000}, unhandledPromptBehavior: dismiss and notify, webauthn:extension:credBlob: true, webauthn:extension:largeBlob: true, webauthn:extension:minPinLength: true, webauthn:extension:prf: true, webauthn:virtualAuthenticators: true}
Session ID: f1382535ec615520263916dc4db0572a
*** Element info: {Using=xpath, value=//label[text()=Director/Registrar}
	at sun.reflect.GeneratedConstructorAccessor33.newInstance(Unknown Source)
	at sun.reflect.DelegatingConstructorAccessorImpl.newInstance(DelegatingConstructorAccessorImpl.java:45)
	at java.lang.reflect.Constructor.newInstance(Constructor.java:423)
	at org.openqa.selenium.remote.http.W3CHttpResponseCodec.createException(W3CHttpResponseCodec.java:187)
	at org.openqa.selenium.remote.http.W3CHttpResponseCodec.decode(W3CHttpResponseCodec.java:122)
	at org.openqa.selenium.remote.http.W3CHttpResponseCodec.decode(W3CHttpResponseCodec.java:49)
	at org.openqa.selenium.remote.HttpCommandExecutor.execute(HttpCommandExecutor.java:158)
	at org.openqa.selenium.remote.service.DriverCommandExecutor.execute(DriverCommandExecutor.java:83)
	at org.openqa.selenium.remote.RemoteWebDriver.execute(RemoteWebDriver.java:552)
	at org.openqa.selenium.remote.RemoteWebDriver.findElement(RemoteWebDriver.java:323)
	at org.openqa.selenium.remote.RemoteWebDriver.findElementByXPath(RemoteWebDriver.java:428)
	at org.openqa.selenium.By$ByXPath.findElement(By.java:353)
	at org.openqa.selenium.remote.RemoteWebDriver.findElement(RemoteWebDriver.java:315)
	at org.openqa.selenium.support.pagefactory.DefaultElementLocator.findElement(DefaultElementLocator.java:69)
	at org.openqa.selenium.support.pagefactory.internal.LocatingElementHandler.invoke(LocatingElementHandler.java:38)
	at com.sun.proxy.$Proxy24.isDisplayed(Unknown Source)
	at org.openqa.selenium.support.ui.ExpectedConditions.elementIfVisible(ExpectedConditions.java:314)
	at org.openqa.selenium.support.ui.ExpectedConditions.access$000(ExpectedConditions.java:43)
	at org.openqa.selenium.support.ui.ExpectedConditions$10.apply(ExpectedConditions.java:300)
	at org.openqa.selenium.support.ui.ExpectedConditions$10.apply(ExpectedConditions.java:297)
	at org.openqa.selenium.support.ui.FluentWait.until(FluentWait.java:249)
	... 27 more
</div></td></tr></table><p class="totop"><a href="#summary">back to summary</a></p><h3 id="m5">com.onbis.TestCases.CR_4260_4279_4277_4574_4592_4628_CondoCorporationsAssignAnOCN_TC1#CR_4260_4279_4277_4574_4592_4628_CondoCorporationsAssignAnOCN_TC1 ( CR_4260_4279_4277_4574_4592_4628_CondoCorporationsAssignAnOCN_TC1 )</h3><table class="result"><tr><th>Messages</th></tr><tr><td><div class="messages">Admin Portal build number is: 2.1.5.1 :: 2.1.5.1 :: 2024/03/01 11:42<br/>-------: CR_4260_4279_4277_4574_4592_4628_CondoCorporationsAssignAnOCN_TC1 -&gt; <br/>-------: This is a Negative testing for &apos;Condo Corp In-corporation&apos;
 :-------<br/>-------: &apos;Last Name&apos; field -&gt; message displayed as &apos;Last Name must be entered.&apos; :-------<br/>-------: Last Name was not entered - error message displayed as &apos;Last Name must be entered. :-------<br/>-------: Email Address was not entered - error message displayed as &apos;Email Address must be entered. :-------<br/>-------: Confirm Email Address was not entered - error message displayed as &apos;Confirm Email Address must be entered. :-------<br/>-------: &apos;Upload the filing document&apos; field -&gt; message displayed as &apos;You must upload the filing document&apos; :-------<br/>-------: &apos;The corporation will have: must be selected.
Province must be selected.
Incorporation/Amalgamation Date must be entered.
and 8 more... (hide)
Entity Type must be selected.
Is the corporation exempt from filing under the Corporations Information Act? must be selected.
Please upload the Constating Document.
Primary Activity must be entered.
Official Email must be entered.
Confirm Official Email must be entered.
Registered or Head Office Address must be entered.
You must accept this declaration to continue.&apos; :------<br/>-------: &apos;Province must be selected.
Entity Type must be selected.
Is the corporation exempt from filing under the Corporations Information Act? must be selected.
and 6 more... (hide)
Please upload the Constating Document.
Primary Activity must be entered.
Official Email must be entered.
Confirm Official Email must be entered.
Registered or Head Office Address must be entered.
You must accept this declaration to continue.&apos; :------<br/>-------: &apos;Province must be selected.
Please upload the Constating Document.
Primary Activity must be entered.
and 3 more... (hide)
Official Email must be entered.
Confirm Official Email must be entered.
You must accept this declaration to continue.&apos; :------<br/>-------: &apos;Province must be selected.
Please upload the Constating Document.
Official Email must be entered.
and 2 more... (hide)
Confirm Official Email must be entered.
You must accept this declaration to continue.&apos; :------<br/>-------: &apos;Province must be selected.
Please upload the Constating Document.
Official Email must be entered.
and 2 more... (show)&apos; :------<br/>-------: &apos;Province must be selected.
Please upload the Constating Document.
Official Email must be entered.
and 2 more... (show)&apos; :------</div></td></tr></table><p class="totop"><a href="#summary">back to summary</a></p><h3 id="m6">com.onbis.TestCases.CR_4260_4279_4277_4574_4592_4628_CondoCorporationsAssignAnOCN_TC2_TC3_TC4_TC5#CR_4260_4279_4277_4574_4592_4628_CondoCorporationsAssignAnOCN_TC2_TC3_TC4_TC5 ( CR_4260_4279_4277_4574_4592_4628_CondoCorporationsAssignAnOCN_TC2_TC3_TC4_TC5 )</h3><table class="result"><tr><th>Messages</th></tr><tr><td><div class="messages">Admin Portal build number is: 2.1.5.1 :: 2.1.5.1 :: 2024/03/01 11:42<br/>-------: CR_4260_4279_4277_4574_4592_4628_CondoCorporationsAssignAnOCN_TC2_TC3_TC4_TC5-&gt; <br/>OCN name and number is: Assign an Ontario Corporation Number OFFDTHMZKGXNM7P3Z TEST INC. (1000607495)<br/>-------: CR_4260_4279_4277_4574_4592_4628_CorporationsAssignAnOCN_TC3 -&gt; <br/>-------: searchCorporationByName: &apos;&apos;OFFDTHMZKGXNM7P3Z&apos;<br/>-------: CR_4260_4279_4277_4574_4592_4628_CorporationsAssignAnOCN_TC4 -&gt; <br/>Business name and number is: LWEMWIWFPGFCVTPK1 (1000607496)<br/>Business name details: LWEMWIWFPGFCVTPK1
<br/>-------: CR_4260_4279_4277_4574_4592_4628_CorporationsAssignAnOCN_TC5 -&gt; <br/>Request Profile Report Email confirmation Message: We sent the document(s) you requested to onbistestautomation@outlook.com
</div></td></tr></table><p class="totop"><a href="#summary">back to summary</a></p><h3 id="m7">com.onbis.TestCases.CR_4260_4279_4277_4574_4592_4628_ExtraProvincialLicenceForAForeignCorporation_TC2_TC3_TC4#CR_4260_4279_4277_4574_4592_4628_ExtraProvincialLicenceForAForeignCorporation_TC2_TC3_TC4 ( CR_4260_4279_4277_4574_4592_4628_ExtraProvincialLicenceForAForeignCorporation_TC2_TC3_TC4 )</h3><table class="result"><tr class="param"><th>Parameter #1</th></tr><tr class="param stripe"><td>chrome</td></tr><tr><th>Messages</th></tr><tr><td><div class="messages">-------: CR_4260_4279_4277_4574_4592_4628_ExtraProvincialLicenceForAForeignCorporation_TC2 -&gt; <br/>Admin Portal build number is: 2.1.5.1 :: 2.1.5.1 :: 2024/03/01 11:42<br/>Search Result for: FRHM13HOV24U0JH8Z7831 test inc.FRHM13HOV24U0JH8Z7831 TEST INC. (1000607497)<br/>-------: CR_4260_4279_4277_4574_4592_4628_ExtraProvincialLicenceForAForeignCorporation_TC3 -&gt; <br/>Business name and number is: DBPV6VC9XAJ9X7W6O (1000607498)<br/>Business name details: DBPV6VC9XAJ9X7W6O
<br/>-------: CR_4260_4279_4277_4574_4592_4628_ExtraProvincialLicenceForAForeignCorporation_TC4 -&gt; <br/>Request Profile Report Email confirmation Message: We sent the document(s) you requested to onbistestautomation@outlook.com
</div></td></tr></table><p class="totop"><a href="#summary">back to summary</a></p><h3 id="m8">com.onbis.TestCases.CR_4260_4279_4277_4574_4592_4628_GeneralPartnershipInternationalAddress_TC3_TC4_TC5#CR_4260_4279_4277_4574_4592_4628_GeneralPartnershipInternationalAddress_TC3_TC4_TC5 ( CR_4260_4279_4277_4574_4592_4628_GeneralPartnershipInternationalAddress_TC3_TC4_TC5 )</h3><table class="result"><tr><th>Messages</th></tr><tr><td><div class="messages">PartnerPortal build number is: 2.1.5.1 :: 2.1.5.1 :: 2024/03/01 11:42<br/>-------: CR_4260_4279_4277_4574_4592_4628_GeneralPartnershipInternationalAddress_TC3-&gt; <br/>Business name is: Z7LMQ43P6ZFRJCGZU
<br/>-------: CR_4260_4279_4277_4574_4592_4628_GeneralPartnershipInternationalAddress_TC4 -&gt; <br/>Business name and number is: Z7LMQ43P6ZFRJCGZU (1000607494)<br/>Business name details: General Details
Address
Partner(s)
Business Names
Filings
Firm Name
Z7LMQ43P6ZFRJCGZU
Business Identification Number (BIN)
1000607494
Business Number (BN)
[Unavailable]
Registration Date
March 18, 2024
March 18 2024
Registration Expiry Date
March 17, 2029
March 17 2029
Type
General Partnership
Status
Active - Registered
Governing Jurisdiction
Canada - Ontario
Primary Activity
484 - Truck transportation
Official Email
onbistestautomation@outlook.com
<br/>-------: CR_4260_4279_4277_4574_4592_4628_GeneralPartnershipInternationalAddress_TC5 -&gt; <br/>Request Profile Report Email confirmation Message: We sent the document(s) you requested to onbistestautomation@outlook.com
</div></td></tr></table><p class="totop"><a href="#summary">back to summary</a></p><h3 id="m9">com.onbis.TestCases.CR_4260_4279_4277_4574_4592_4628_GeneralPartnership_TC2#CR_4260_4279_4277_4574_4592_4628_GeneralPartnership_TC2 ( CR_4260_4279_4277_4574_4592_4628_GeneralPartnership_TC2 )</h3><table class="result"><tr><th>Messages</th></tr><tr><td><div class="messages">PartnerPortal build number is: 2.1.5.1 :: 2.1.5.1 :: 2024/03/01 11:42<br/>-------: CR_4260_4279_4277_4574_4592_4628_GeneralPartnership_TC2-&gt; <br/>Business name is: G7UYUILCGRM13QBOX
<br/>Business name and number is: G7UYUILCGRM13QBOX (1000607493)<br/>Business name details: General Details
Address
Partner(s)
Business Names
Filings
Firm Name
G7UYUILCGRM13QBOX
Business Identification Number (BIN)
1000607493
Business Number (BN)
[Unavailable]
Registration Date
March 18, 2024
March 18 2024
Registration Expiry Date
March 17, 2029
March 17 2029
Type
General Partnership
Status
Active - Registered
Governing Jurisdiction
Canada - Ontario
Primary Activity
484 - Truck transportation
Official Email
onbistestautomation@outlook.com
</div></td></tr></table><p class="totop"><a href="#summary">back to summary</a></p><h3 id="m10">com.onbis.TestCases.CR_4260_4279_4277_4574_4592_4628_SoleProp_TC1_3#CR_4260_4279_4277_4574_4592_4628_SoleProp_TC1 ( CR_4260_4279_4277_4574_4592_4628_SoleProp_TC1 )</h3><table class="result"><tr><th>Messages</th></tr><tr><td><div class="messages">-------: CR_4260_4279_4277_4574_4592_4628_SoleProp_TC1 -&gt; <br/>-------: This is a Negative testing for &apos;Sole Prop.  Registration&apos;
 :-------<br/>Admin Portal build number is: 2.1.5.1 :: 2.1.5.1 :: 2024/03/01 11:42<br/>-------: &apos;Last Name&apos; field -&gt; message displayed as &apos;Last Name must be entered.&apos; :-------<br/>-------: &apos;Upload the filing document&apos; field -&gt; message displayed as &apos;You must upload the filing document&apos; :-------<br/>-------: &apos;Business Name Error&apos; field -&gt; message displayed as &apos;Proposed Business Name must be entered.&apos; :-------<br/>-------: &apos;Proposed Business Name&apos; field -&gt; message displayed as &apos;Proposed Business Name must be entered.&apos; :-------<br/>-------: &apos;Primary Activity&apos; field -&gt; message displayed as &apos;Primary Activity must be entered.&apos; :-------<br/>-------: &apos;Official Email&apos; field -&gt; message displayed as &apos;Official Email must be entered.&apos; :-------<br/>-------: &apos;Confirm Official Email&apos; field -&gt; message displayed as &apos;Confirm Official Email must be entered.&apos; :-------<br/>-------: &apos;Principal Place of Business Error&apos; field -&gt; message displayed as &apos;Do you have a place of business in Ontario? must be selected.&apos; :-------<br/>-------: &apos;Principal Place of Business - Yes/No -Not answered&apos; field -&gt; message displayed as &apos;Do you have a place of business in Ontario?&apos; :-------<br/>-------: &apos;First Name&apos; field -&gt; message displayed as &apos;First Name must be entered.&apos; :-------<br/>-------: &apos;Last Name&apos; field -&gt; message displayed as &apos;Last Name must be entered.&apos; :-------<br/>-------: &apos;Submit&apos; is disabled and greyed out - color is &apos;rgba(94, 94, 94, 1)&apos; :-------</div></td></tr></table><p class="totop"><a href="#summary">back to summary</a></p><h3 id="m11">com.onbis.TestCases.CR_4260_4279_4277_4574_4592_4628_SoleProp_TC1_3#CR_4260_4279_4277_4574_4592_4628_SoleProp_TC2_TC3 ( CR_4260_4279_4277_4574_4592_4628_SoleProp_TC2_TC3 )</h3><table class="result"><tr><th>Messages</th></tr><tr><td><div class="messages">Admin Portal build number is: 2.1.5.1 :: 2.1.5.1 :: 2024/03/01 11:42<br/>-------: CR_4260_4279_4277_4574_4592_4628_SoleProp_TC2 -&gt; <br/>Business Name Registration for a Sole Proprietorship is :2VJGDG292KGGJI784 (1000607491)<br/>Transaction Number is :APP-A10237227711<br/>Business Name Registration &apos;2VJGDG292KGGJI784&apos; for a Sole Proprietorship is verified.<br/>-------: CR_4260_4279_4277_4574_4592_4628_SoleProp_TC3 -&gt; <br/>Request Profile Report Email confirmation Message: We sent the document(s) you requested to onbistestautomation@outlook.com
</div></td></tr></table><p class="totop"><a href="#summary">back to summary</a></p><h3 id="m12">com.onbis.TestCases.CR_4280_OntarioBusinessIncorporation_RequestCertificate_CourtOrderedWindingUp_TC1#CR_4280_OntarioBusinessIncorporation_RequestCertificate_CourtOrderedWindingUp_TC1 ( CR_4280_OntarioBusinessIncorporation_RequestCertificate_CourtOrderedWindingUp_TC1 )</h3><table class="result"><tr class="param"><th>Parameter #1</th></tr><tr class="param stripe"><td>chrome</td></tr><tr><th>Messages</th></tr><tr><td><div class="messages">-------: CR_4280_OntarioBusinessIncorporation_RequestCertificate_CourtOrderedWindingUp_TC1 -&gt; <br/>Admin Portal build number is: 2.1.5.1 :: 2.1.5.1 :: 2024/03/01 11:42<br/>Ontario Corporation Name is: Incorporate an Ontario Business Corporation 1000607506 ONTARIO CORP. (1000607506)<br/>Search Result for: 10006075061000607506 ONTARIO CORP. (1000607506)<br/>Request Certificate Of Status Email confirmation Message: We sent the document(s) you requested to onbistestautomation@outlook.com
</div></td></tr></table><p class="totop"><a href="#summary">back to summary</a></p><h3 id="m13">com.onbis.TestCases.CR_4295_GeneralPartnership_BusinessNames_BusinessLink_TC6#CR_4295_GeneralPartnership_BusinessNames_BusinessLink_TC6 ( CR_4295_GeneralPartnership_BusinessNames_BusinessLink_TC6 )</h3><table class="result"><tr><th>Messages</th></tr><tr><td><div class="messages">Admin Portal build number is: 2.1.5.1 :: 2.1.5.1 :: 2024/03/01 11:42<br/>-------: CR_4295_GeneralPartnership_BusinessNames_BusinessLink_TC6-&gt; <br/>General Partnership Business Names is: HMIFOVZ03SYNYX37D<br/>Ontario Corporation Number (OCN) number is: 1000607499<br/>Ontario Corporation Number (OCN) number is: 1000607499<br/>Business name and number is: FUE6WRC18SCT80PIG (1000607500)<br/>Business name details: FUE6WRC18SCT80PIG
</div></td></tr></table><p class="totop"><a href="#summary">back to summary</a></p><h3 id="m14">com.onbis.TestCases.CR_4302_OntarioBusinessCorporation_HeaderDisplayedFrameNumber_TC2#CR_4302_OntarioBusinessCorporation_HeaderDisplayedFrameNumber_TC2 ( CR_4302_OntarioBusinessCorporation_HeaderDisplayedFrameNumber_TC2 )</h3><table class="result"><tr><th>Messages</th></tr><tr><td><div class="messages">-------: CR_4302_OntarioBusinessCorporation_HeaderDisplayedFrameNumber_TC2-&gt; <br/>PartnerPortal build number is: 2.1.5.1 :: 2.1.5.1 :: 2024/03/01 11:42<br/>Search Result for: 10006075041000607504 ONTARIO CORP. (1000607504)<br/>Header is displayed as: 1000607504 ONTARIO CORP. (1000607504) [Ontario Business Corporation]<br/>Frame number &apos;1000607504&apos; is in the heading<br/>Header is correctly displayed with no Microfiche Roll Number and Microfiche Frame number in the heading</div></td></tr></table><p class="totop"><a href="#summary">back to summary</a></p><h3 id="m15">com.onbis.TestCases.CR_4348_RegisterExtraProvincialLimitedLiabilityCompany_AddressOfAttorneyOntario_TC2#CR_4348_RegisterExtraProvincialLimitedLiabilityCompany_AddressOfAttorneyOntario_TC2 ( CR_4348_RegisterExtraProvincialLimitedLiabilityCompany_AddressOfAttorneyOntario_TC2 )</h3><table class="result"><tr class="param"><th>Parameter #1</th></tr><tr class="param stripe"><td>chrome</td></tr><tr><th>Messages</th></tr><tr><td><div class="messages">-------: CR_4348_RegisterExtraProvincialLimitedLiabilityCompany_AddressOfAttorneyOntario_TC2 -&gt; <br/>Admin Portal build number is: 2.1.5.1 :: 2.1.5.1 :: 2024/03/01 11:42<br/>Transaction Number: APP-A10237229942<br/>Company Name: 7TCUS375KVOASY8DN<br/>Principal place of Business in Ontario: 911 Ivy Court, Oshawa, Ontario, L1H1S4, Canada<br/>Person authorizing registration: Person Acting under Power of Attorney<br/>Full Name: OPRAH WINFREY<br/>Address for Service: 911 Ivy Court, Oshawa, Ontario, L1H1S4, Canada</div></td></tr></table><p class="totop"><a href="#summary">back to summary</a></p><h3 id="m16">com.onbis.TestCases.CR_4348_RegisterExtraProvincialLimitedLiabilityCompany_AddressOfGeneralManager_TC1#CR_4348_RegisterExtraProvincialLimitedLiabilityCompany_AddressOfGeneralManager_TC1 ( CR_4348_RegisterExtraProvincialLimitedLiabilityCompany_AddressOfGeneralManager_TC1 )</h3><table class="result"><tr class="param"><th>Parameter #1</th></tr><tr class="param stripe"><td>chrome</td></tr><tr><th>Messages</th></tr><tr><td><div class="messages">-------: CR_4348_RegisterExtraProvincialLimitedLiabilityCompany_AddressOfGeneralManager_TC1 -&gt; <br/>Admin Portal build number is: 2.1.5.1 :: 2.1.5.1 :: 2024/03/01 11:42<br/>Transaction Number: APP-A10237229457<br/>Company Name: W6P4LL9K7QAB51430<br/>Principal place of Business in Ontario: 911 Ivy Court, Oshawa, Ontario, L1H1S4, Canada<br/>Person authorizing registration: General Manager/Representative<br/>Full Name: LOLA GOMES<br/>Address for Service: 002 Jubilee Road, Devonshire Parish, Bermuda, DV06</div></td></tr></table><p class="totop"><a href="#summary">back to summary</a></p><h3 id="m17">com.onbis.TestCases.CR_4349_ExtraProvincialLicence_CorporationdAsAgentFor_TC1_TC2#CR_4349_ExtraProvincialLicence_CorporationdAsAgentFor_TC1_TC2 ( CR_4349_ExtraProvincialLicence_CorporationdAsAgentFor_TC1_TC2 )</h3><table class="result"><tr class="param"><th>Parameter #1</th></tr><tr class="param stripe"><td>chrome</td></tr><tr><th>Messages</th></tr><tr><td><div class="messages">-------: CR_4349_ExtraProvincialLicence_CorporationdAsAgentFor_TC1_TC2 -&gt; <br/>Admin Portal build number is: 2.1.5.1 :: 2.1.5.1 :: 2024/03/01 11:42<br/>This is a negative test  -&gt; 

   The negative  OCN &apos;1000607504222&apos; is NOT accepted in OBR<br/>Ontario Business Incorporation number &apos;1000607504 ONTARIO CORP.&apos; was selected<br/>Search Result for: 01TTD7FDHXUVWVQ6W4113 test inc.01TTD7FDHXUVWVQ6W4113 TEST INC. (1000607507)<br/>The OCN and the name of the corporation As Agent is displayed on the output as :01TTD7FDHXUVWVQ6W4113 TEST INC. (1000607507)<br/>Transaction Number is :APP-A10237230330<br/>Business Name Registration &apos;01TTD7FDHXUVWVQ6W4113 TEST INC. (1000607507)&apos; for a EPCA - Extra-Provincial Foreign Licence is verified.</div></td></tr></table><p class="totop"><a href="#summary">back to summary</a></p><h2>Onbis-CR Regression Test - February 2023 Release</h2><h3 id="m18">com.onbis.TestCases.CR_4796_ActiveOntarioCorporationWithBusinessNam_FileArticlesOfContinuance#CR_4796_ActiveOntarioCorporationWithBusinessNam_FileArticlesOfContinuance ( CR_4796_ActiveOntarioCorporationWithBusinessNam_FileArticlesOfContinuance )</h3><table class="result"><tr><th>Messages</th></tr><tr><td><div class="messages">Admin Portal build number is: 2.1.5.1 :: 2.1.5.1 :: 2024/03/01 11:42<br/>-------: CR_4796_ActiveOntarioCorporationWithBusinessNam_FileArticlesOfContinuance-&gt; </div></td></tr><tr><th>Exception</th></tr><tr><td><div class="stacktrace">org.openqa.selenium.ElementClickInterceptedException: element click intercepted: Element &lt;span style=&quot;background: lime; border: 3px solid red;&quot;&gt;...&lt;/span&gt; is not clickable at point (137, 642). Other element would receive the click: &lt;div class=&quot;appWizardButtonPad appButtonPad brRegisterLocalCompany-asyncContainer-wizardButtonPad appButtonPad appNotReadOnly appIndex1 appChildCount5&quot; id=&quot;nodeW1156&quot; aria-labelledby=&quot;nodeW1157&quot;&gt;...&lt;/div&gt;
  (Session info: chrome=113.0.5672.127)
Build info: version: &apos;3.141.59&apos;, revision: &apos;e82be7d358&apos;, time: &apos;2018-11-14T08:17:03&apos;
System info: host: &apos;ON34C03174383&apos;, ip: &apos;10.61.87.141&apos;, os.name: &apos;Windows 10&apos;, os.arch: &apos;amd64&apos;, os.version: &apos;10.0&apos;, java.version: &apos;1.8.0_281&apos;
Driver info: org.openqa.selenium.chrome.ChromeDriver
Capabilities {acceptInsecureCerts: true, browserName: chrome, browserVersion: 113.0.5672.127, chrome: {chromedriverVersion: 113.0.5672.63 (0e1a4471d5ae..., userDataDir: C:\Users\MustofG\AppData\Lo...}, goog:chromeOptions: {debuggerAddress: localhost:50351}, javascriptEnabled: true, networkConnectionEnabled: false, pageLoadStrategy: normal, platform: WINDOWS, platformName: WINDOWS, proxy: Proxy(), setWindowRect: true, strictFileInteractability: false, timeouts: {implicit: 0, pageLoad: 300000, script: 30000}, unhandledPromptBehavior: dismiss and notify, webauthn:extension:credBlob: true, webauthn:extension:largeBlob: true, webauthn:extension:minPinLength: true, webauthn:extension:prf: true, webauthn:virtualAuthenticators: true}
Session ID: 31c83d119a058400bf9f221b05a1e294
	at sun.reflect.NativeConstructorAccessorImpl.newInstance0(Native Method)
	at sun.reflect.NativeConstructorAccessorImpl.newInstance(NativeConstructorAccessorImpl.java:62)
	at sun.reflect.DelegatingConstructorAccessorImpl.newInstance(DelegatingConstructorAccessorImpl.java:45)
	at java.lang.reflect.Constructor.newInstance(Constructor.java:423)
	at org.openqa.selenium.remote.http.W3CHttpResponseCodec.createException(W3CHttpResponseCodec.java:187)
	at org.openqa.selenium.remote.http.W3CHttpResponseCodec.decode(W3CHttpResponseCodec.java:122)
	at org.openqa.selenium.remote.http.W3CHttpResponseCodec.decode(W3CHttpResponseCodec.java:49)
	at org.openqa.selenium.remote.HttpCommandExecutor.execute(HttpCommandExecutor.java:158)
	at org.openqa.selenium.remote.service.DriverCommandExecutor.execute(DriverCommandExecutor.java:83)
	at org.openqa.selenium.remote.RemoteWebDriver.execute(RemoteWebDriver.java:552)
	at org.openqa.selenium.remote.RemoteWebElement.execute(RemoteWebElement.java:285)
	at org.openqa.selenium.remote.RemoteWebElement.click(RemoteWebElement.java:84)
	at sun.reflect.GeneratedMethodAccessor5.invoke(Unknown Source)
	at sun.reflect.DelegatingMethodAccessorImpl.invoke(DelegatingMethodAccessorImpl.java:43)
	at java.lang.reflect.Method.invoke(Method.java:498)
	at org.openqa.selenium.support.pagefactory.internal.LocatingElementHandler.invoke(LocatingElementHandler.java:51)
	at com.sun.proxy.$Proxy24.click(Unknown Source)
	at com.onbis.Helper.HelperMethods.staleElementClick(HelperMethods.java:343)
	at com.onbis.Pages.SOIncorporateOntarioBusinessCorporationPage.completeReviewAndAuthorizeAndSubmitIncorporation(SOIncorporateOntarioBusinessCorporationPage.java:5420)
	at com.onbis.TestCases.CR_4796_ActiveOntarioCorporationWithBusinessNam_FileArticlesOfContinuance.CR_4796_ActiveOntarioCorporationWithBusinessNam_FileArticlesOfContinuance(CR_4796_ActiveOntarioCorporationWithBusinessNam_FileArticlesOfContinuance.java:81)
	at sun.reflect.NativeMethodAccessorImpl.invoke0(Native Method)
	at sun.reflect.NativeMethodAccessorImpl.invoke(NativeMethodAccessorImpl.java:62)
	at sun.reflect.DelegatingMethodAccessorImpl.invoke(DelegatingMethodAccessorImpl.java:43)
	at java.lang.reflect.Method.invoke(Method.java:498)
	at org.testng.internal.MethodInvocationHelper.invokeMethod(MethodInvocationHelper.java:124)
	at org.testng.internal.Invoker.invokeMethod(Invoker.java:583)
	at org.testng.internal.Invoker.invokeTestMethod(Invoker.java:719)
	at org.testng.internal.Invoker.invokeTestMethods(Invoker.java:989)
	at org.testng.internal.TestMethodWorker.invokeTestMethods(TestMethodWorker.java:125)
	at org.testng.internal.TestMethodWorker.run(TestMethodWorker.java:109)
	at org.testng.TestRunner.privateRun(TestRunner.java:648)
	at org.testng.TestRunner.run(TestRunner.java:505)
	at org.testng.SuiteRunner.runTest(SuiteRunner.java:455)
	at org.testng.SuiteRunner.runSequentially(SuiteRunner.java:450)
	at org.testng.SuiteRunner.privateRun(SuiteRunner.java:415)
	at org.testng.SuiteRunner.run(SuiteRunner.java:364)
	at org.testng.SuiteRunnerWorker.runSuite(SuiteRunnerWorker.java:52)
	at org.testng.SuiteRunnerWorker.run(SuiteRunnerWorker.java:84)
	at org.testng.TestNG.runSuitesSequentially(TestNG.java:1208)
	at org.testng.TestNG.runSuitesLocally(TestNG.java:1137)
	at org.testng.TestNG.runSuites(TestNG.java:1049)
	at org.testng.TestNG.run(TestNG.java:1017)
	at com.intellij.rt.testng.IDEARemoteTestNG.run(IDEARemoteTestNG.java:65)
	at com.intellij.rt.testng.RemoteTestNGStarter.main(RemoteTestNGStarter.java:105)
</div></td></tr></table><p class="totop"><a href="#summary">back to summary</a></p><h3 id="m19">com.onbis.TestCases.CR_4751_ActiveNFPCA_WithActiveBusinessName_FileArticlesOfDissolution#CR_4751_ActiveNFPCA_WithActiveBusinessName_FileArticlesOfDissolution ( CR_4751_ActiveNFPCA_WithActiveBusinessName_FileArticlesOfDissolution )</h3><table class="result"><tr><th>Messages</th></tr><tr><td><div class="messages">Admin Portal build number is: 2.1.5.1 :: 2.1.5.1 :: 2024/03/01 11:42<br/>-------: CR_4751_ActiveNFPCA_WithActiveBusinessName_FileArticlesOfDissolution-&gt; <br/>Ontario Corporation Number (OCN) number is: 1000607509<br/>Incorporate an Ontario Not-for-Profit Corporation Corporation Number (OCN) number is: 1000607509<br/>Search Result for: 10006075091000607509 ONTARIO NOT-FOR-PROFIT (1000607509)<br/>Search Result for: 10006075091000607509 ONTARIO NOT-FOR-PROFIT (1000607509)<br/>View Corporation name and number is: 1000607509 ONTARIO NOT-FOR-PROFIT<br/>File Articles Of Dissolution status is: Inactive - Voluntary Dissolution<br/>File Articles Of Dissolution Business Name is: BMLHHO70KDNGVDPLB<br/>Status for File Articles Of Dissolution is: Inactive - Cancellation of BNLP</div></td></tr></table><p class="totop"><a href="#summary">back to summary</a></p></body></html>