<!DOCTYPE html PUBLIC "-//W3C//DTD XHTML 1.1//EN" "http://www.w3.org/TR/xhtml11/DTD/xhtml11.dtd">
<html xmlns="http://www.w3.org/1999/xhtml"><head><title>ONBIS E2E Test Results</title><style type="text/css">@import url(https://fonts.googleapis.com/css?family=Open+Sans);

body {
    font-family: "Open Sans", sans-serif;
    margin: 0;
}

table {
    margin-left: 10%;
    margin-top: 64px;
    margin-bottom: 64px;
    border-collapse: collapse;
    empty-cells: show;
}

th, td {
    border: 1px solid #009;
    padding: .25em .5em;
    font-weight: normal;
}

/* Style the first rows of the table */
table:first-of-type tr:first-of-type,
table#summary thead tr:first-of-type,
table.result tbody tr:first-of-type {
    background-color: #b2817b; / * #666; */
    color: white;
    font-weight: lighter;
    height: 4em;
    padding-left: 1em;
    padding-right: 1em;
}

/* Hide "MoL Tests" row */
table:first-of-type tr:nth-child(2),
table#summary tbody:first-of-type tr{
    display: none;
}

table#summary tbody th {
    padding-top:32px;
    text-align: left;
    font-weight: bold;
}

table:first-of-type tr:last-of-type {
    border-top: 2px solid #979797;
    background-color: #E6E6E6;
}

td {
    vertical-align: top;
}

.stripe td {
    background-color: #EFEFEF;
}

.num {
    text-align: right;
}

.passedodd td {
    background-color: #3F3;
}

.passedeven td {
    background-color: #0A0;
}

.skippedodd td {
    background-color: #DDD;
}

.skippedeven td {
    background-color: #CCC;
}

.failedodd td {
    background-color: #F33;
}

.failedeven td, .stripe {
    background-color: #D00;
}

h2, h3 {
    margin-left: 10%;
    font-weight: normal;
}

table.result th {
    text-align: left;
}

table.result {
    margin-left: 10%;
    margin-bottom: 32px;
}

.stacktrace {
    overflow: auto;
    width: 1024px;
    white-space: pre;
    font-family: "Courier New";
}

/* back to summary */
.totop {
    font-size: 85%;
    text-align: center;
    border-bottom: 0.625rem solid #7bb29c;       /* 979797; */
    width: 80%;
    margin-left: auto;
    margin-right: auto;
    padding-bottom: 1rem;
}

#header {
    background-color: #333;
    padding: 8px 8px 8px 64px;
    color: white;
}
#header span#logo {
    padding-left:32px;
    font-size: 1.45em;
    color: #eee;
}</style></head><body><div id='header'><img src='images/logo.png' width='128px'><span id='logo'><b>ONBIS E2E Test Results</b></span></div><div id='header'> Reporting Date & Time           : 16-Jan-2024 12:58:PM</span></div><div id='header'> Test Execution Host Name &  IP  : ON34C03188299/10.61.107.181</span></div><div id='header'> Test Execution OS Name: Windows 10</span></div><div id='header'> Test Execution Java Version     : 1.8.0_202</span></div><div id='header'> Test Execution User Name        : MustofG</span></div><div id='header'> Test Execution Environment      : UAT2</span></div><table><tr><th><b><ins>Test Suite<b></ins></th><th><font color="green"><b><ins>Passed</font color><b></ins></th><th><font color="yellow"><b><ins>Skipped</font color><b></ins></th><th><font color="red"><b><ins>Failed</font color><b></ins></th><th><font color="blue"><b><ins>D:HH:MM:SS</font color><b></ins></th><th><b><ins>Included Groups<b></ins></th><th><b><ins>Excluded Groups<b></ins></th></tr><tr><th colspan="7">Onbis E2E Tests</th></tr><tr><td><a href="#t0">Onbis-Sanity-PartnerPortal-Chrome</a></td><td class="num">16</td><td class="num">0</td><td class="num">0</td><td class="num">0:00:58:03</td><td></td><td></td></tr><tr class="stripe"><td><a href="#t1">Onbis-Sanity-SOAB Portal-Chrome - SOAB Account Incorporate Tests </a></td><td class="num">0</td><td class="num">0</td><td class="num attn">10</td><td class="num">0:00:14:30</td><td></td><td></td></tr><tr><td><a href="#t2">Onbis-Sanity-SOAdmin-Chrome</a></td><td class="num">3</td><td class="num">0</td><td class="num">0</td><td class="num">0:00:10:28</td><td></td><td></td></tr><tr class="stripe"><td><a href="#t3">Onbis-Regression-Partner Portal</a></td><td class="num">0</td><td class="num">0</td><td class="num">0</td><td class="num">0:00:00:00</td><td></td><td></td></tr><tr><td><a href="#t4">Onbis-Regression-Admin Portal</a></td><td class="num">0</td><td class="num">0</td><td class="num">0</td><td class="num">0:00:00:00</td><td></td><td></td></tr><tr class="stripe"><td><a href="#t5">Onbis-Regression-SOAB Portal</a></td><td class="num">0</td><td class="num">0</td><td class="num">0</td><td class="num">0:00:00:00</td><td></td><td></td></tr><tr><td><a href="#t6">Onbis-Regression-Partner Portal-Data Creation for Renewal</a></td><td class="num">0</td><td class="num">0</td><td class="num">0</td><td class="num">0:00:00:00</td><td></td><td></td></tr><tr class="stripe"><td><a href="#t7">Onbis-Regression-Partner Portal- Renewal</a></td><td class="num">0</td><td class="num">0</td><td class="num">0</td><td class="num">0:00:00:00</td><td></td><td></td></tr><tr><td><a href="#t8">Onbis-CR Regression Test - November 2022 Release</a></td><td class="num">0</td><td class="num">0</td><td class="num">0</td><td class="num">0:00:00:00</td><td></td><td></td></tr><tr class="stripe"><td><a href="#t9">Onbis-CR Regression Test - February 2023 Release</a></td><td class="num">0</td><td class="num">0</td><td class="num">0</td><td class="num">0:00:00:00</td><td></td><td></td></tr><tr><th><b>Total :-------><b></th><th class="num">19</th><th class="num">0</th><th class="num attn">10</th><th class="num">0:01:23:02</th><th colspan="2"></th></tr></table><table><thead><tr><th><b><ins>Class Name<b></ins></th><th><b><ins>Method Name<b></ins></th><th><b><ins>Test Name<b></ins></th><th><b><ins>Test Starts<b></ins></th><th><font color="blue"><b><ins>D:HH:MM:SS</font color><b></ins></th></tr></thead><tbody><tr><th colspan="5">Onbis E2E Tests</th></tr></tbody><tbody id="t0"><tr><th colspan="5">Onbis-Sanity-PartnerPortal-Chrome &#8212; passed</th></tr><tr class="passedeven"><td rowspan="1">com.onbis.TestCases.TC11_BNR002_RegisterABusinessNameForACorporation</td><td><a href="#m0">TC11_BNR002_RegisterABusinessNameForACorporation</a></td><td rowspan="1">TC11_BNR002_RegisterABusinessNameForACorporation</td><td rowspan="1">11:43:27 AM</td><td rowspan="1">0:00:02:38</td></tr><tr class="passedodd"><td rowspan="1">com.onbis.TestCases.TC11_BNR002_RegisterABusinessNameForACorporation_Continues</td><td><a href="#m1">TC11_BNR002_RegisterABusinessNameForACorporation_Continues</a></td><td rowspan="1">TC11_BNR002_RegisterABusinessNameForACorporation_Continues</td><td rowspan="1">11:46:23 AM</td><td rowspan="1">0:00:03:50</td></tr><tr class="passedeven"><td rowspan="1">com.onbis.TestCases.TC12_LLCR001_RegisterAnExtraProvincialLimitedLiabilityCompanyName</td><td><a href="#m2">TC12_LLCR001_RegisterAnExtraProvincialLimitedLiabilityCompanyName</a></td><td rowspan="1">TC12_LLCR001_RegisterAnExtraProvincialLimitedLiabilityCompanyName</td><td rowspan="1">11:38:12 AM</td><td rowspan="1">0:00:02:45</td></tr><tr class="passedodd"><td rowspan="1">com.onbis.TestCases.TC13_BNR001_RegisterASoleProprietorshipName</td><td><a href="#m3">TC13_BNR001_RegisterASoleProprietorshipName</a></td><td rowspan="1">TC13_BNR001_RegisterASoleProprietorshipName</td><td rowspan="1">11:35:15 AM</td><td rowspan="1">0:00:02:55</td></tr><tr class="passedeven"><td rowspan="1">com.onbis.TestCases.TC14_BNR004_RegisterABusinessNameForALimitedPartnership</td><td><a href="#m4">TC14_BNR004_RegisterABusinessNameForALimitedPartnership</a></td><td rowspan="1">TC14_BNR004_RegisterABusinessNameForALimitedPartnership</td><td rowspan="1">11:50:16 AM</td><td rowspan="1">0:00:03:07</td></tr><tr class="passedodd"><td rowspan="1">com.onbis.TestCases.TC15_BNR003_RegisterABusinessNameForAGeneralPartnership</td><td><a href="#m5">TC15_BNR003_RegisterABusinessNameForAGeneralPartnership</a></td><td rowspan="1">TC15_BNR003_RegisterABusinessNameForAGeneralPartnership</td><td rowspan="1">11:41:00 AM</td><td rowspan="1">0:00:02:24</td></tr><tr class="passedeven"><td rowspan="1">com.onbis.TestCases.TC16_BNM007_AmendARegistrationOfABusinessNameForAGeneralPartnership</td><td><a href="#m6">TC16_BNM007_AmendARegistrationOfABusinessNameForAGeneralPartnership</a></td><td rowspan="1">TC16_BNM007_AmendARegistrationOfABusinessNameForAGeneralPartnership</td><td rowspan="1">11:53:26 AM</td><td rowspan="1">0:00:06:09</td></tr><tr class="passedodd"><td rowspan="1">com.onbis.TestCases.TC17_BNM012_CancelABusinessNameRegistrationForACorporation</td><td><a href="#m7">TC17_BNM012_CancelABusinessNameRegistrationForACorporation</a></td><td rowspan="1">TC17_BNM012_CancelABusinessNameRegistrationForACorporation</td><td rowspan="1">12:12:41 PM</td><td rowspan="1">0:00:04:41</td></tr><tr class="passedeven"><td rowspan="1">com.onbis.TestCases.TC18_LLCM001_AmendARegistrationOfAnExtraProvincialLimitedLiabilityCompanyName</td><td><a href="#m8">TC18_LLCM001_AmendARegistrationOfAnExtraProvincialLimitedLiabilityCompanyName</a></td><td rowspan="1">TC18_LLCM001_AmendARegistrationOfAnExtraProvincialLimitedLiabilityCompanyName</td><td rowspan="1">11:59:37 AM</td><td rowspan="1">0:00:03:25</td></tr><tr class="passedodd"><td rowspan="1">com.onbis.TestCases.TC19_BNM001_AmendARegistrationOfABusinessNameForASoleProprietorship</td><td><a href="#m9">TC19_BNM001_AmendARegistrationOfABusinessNameForASoleProprietorship</a></td><td rowspan="1">TC19_BNM001_AmendARegistrationOfABusinessNameForASoleProprietorship</td><td rowspan="1">12:03:04 PM</td><td rowspan="1">0:00:03:19</td></tr><tr class="passedeven"><td rowspan="1">com.onbis.TestCases.TC20_PSM001_FileADeclarationOfChangeOfAnOntarioLimitedPartnership</td><td><a href="#m10">TC20_PSM001_FileADeclarationOfChangeOfAnOntarioLimitedPartnership</a></td><td rowspan="1">TC20_PSM001_FileADeclarationOfChangeOfAnOntarioLimitedPartnership</td><td rowspan="1">12:17:25 PM</td><td rowspan="1">0:00:03:15</td></tr><tr class="passedodd"><td rowspan="1">com.onbis.TestCases.TC21_PSR002_FileADeclarationOfAnExtraProvincialLimitedPartnership</td><td><a href="#m11">TC21_PSR002_FileADeclarationOfAnExtraProvincialLimitedPartnership</a></td><td rowspan="1">TC21_PSR002_FileADeclarationOfAnExtraProvincialLimitedPartnership</td><td rowspan="1">12:26:53 PM</td><td rowspan="1">0:00:03:15</td></tr><tr class="passedeven"><td rowspan="1">com.onbis.TestCases.TC22_PSR003_RegisterAFirmNameForAGeneralPartnership</td><td><a href="#m12">TC22_PSR003_RegisterAFirmNameForAGeneralPartnership</a></td><td rowspan="1">TC22_PSR003_RegisterAFirmNameForAGeneralPartnership</td><td rowspan="1">12:30:11 PM</td><td rowspan="1">0:00:03:01</td></tr><tr class="passedodd"><td rowspan="1">com.onbis.TestCases.TC23_PSR004_RegisterAFirmNameForAnOntarioLimitedLiabilityPartnership</td><td><a href="#m13">TC23_PSR004_RegisterAFirmNameForAnOntarioLimitedLiabilityPartnership</a></td><td rowspan="1">TC23_PSR004_RegisterAFirmNameForAnOntarioLimitedLiabilityPartnership</td><td rowspan="1">12:20:43 PM</td><td rowspan="1">0:00:03:01</td></tr><tr class="passedeven"><td rowspan="1">com.onbis.TestCases.TC24_PSR005_RegisterAFirmNameForAnExtraProvincialLimitedLiabilityPartnership</td><td><a href="#m14">TC24_PSR005_RegisterAFirmNameForAnExtraProvincialLimitedLiabilityPartnership</a></td><td rowspan="1">TC24_PSR005_RegisterAFirmNameForAnExtraProvincialLimitedLiabilityPartnership</td><td rowspan="1">12:23:47 PM</td><td rowspan="1">0:00:03:03</td></tr><tr class="passedodd"><td rowspan="1">com.onbis.TestCases.TC25_PSM009_CancelARegistrationOfAFirmNameForAGeneralPartnership</td><td><a href="#m15">TC25_PSM009_CancelARegistrationOfAFirmNameForAGeneralPartnership</a></td><td rowspan="1">TC25_PSM009_CancelARegistrationOfAFirmNameForAGeneralPartnership</td><td rowspan="1">12:06:25 PM</td><td rowspan="1">0:00:06:13</td></tr></tbody><tbody id="t1"><tr><th colspan="5">Onbis-Sanity-SOAB Portal-Chrome - SOAB Account Incorporate Tests  &#8212; failed</th></tr><tr class="failedeven"><td rowspan="1">com.onbis.TestCases.TC01_BCAR001_TestCasesAddProfileForIncorportatNumber</td><td><a href="#m16">TC01_BCAR001_TestCasesAddProfileForIncorportatNumber</a></td><td rowspan="1">TC01_BCAR001_TestCasesAddProfileForIncorportatNumber</td><td rowspan="1">12:34:43 PM</td><td rowspan="1">0:00:01:22</td></tr><tr class="failedodd"><td rowspan="1">com.onbis.TestCases.TC01_BCAR001_TestCasesForIncorportatDeleteAProfile</td><td><a href="#m17">TC01_BCAR001_TestCasesForIncorportatDeleteAProfile</a></td><td rowspan="1">TC01_BCAR001_TestCasesForIncorportatDeleteAProfile</td><td rowspan="1">12:33:15 PM</td><td rowspan="1">0:00:01:24</td></tr><tr class="failedeven"><td rowspan="1">com.onbis.TestCases.TC01_BCAR001_TestCasesForIncorportatNumber</td><td><a href="#m18">TC01_BCAR001_TestCasesForIncorportatNumber</a></td><td rowspan="1">TC01_BCAR001_TestCasesForIncorportatNumber</td><td rowspan="1">12:36:09 PM</td><td rowspan="1">0:00:01:22</td></tr><tr class="failedodd"><td rowspan="1">com.onbis.TestCases.TC02_BCAR001_TestCasesForIncorportateName</td><td><a href="#m19">TC02_BCAR001_TestCasesForIncorportateName</a></td><td rowspan="1">TC02_BCAR001_TestCasesForIncorportateName</td><td rowspan="1">12:37:36 PM</td><td rowspan="1">0:00:01:22</td></tr><tr class="failedeven"><td rowspan="1">com.onbis.TestCases.TC04_BCAR005_TestCasesForContinuanceCreate</td><td><a href="#m20">TC04_BCAR005_TestCasesForContinuanceCreate</a></td><td rowspan="1">TC04_BCAR005_TestCasesForContinuanceCreate</td><td rowspan="1">12:39:01 PM</td><td rowspan="1">0:00:01:22</td></tr><tr class="failedodd"><td rowspan="1">com.onbis.TestCases.TC05_NFPCR001_IncorporateANotForProfitCorporation</td><td><a href="#m21">TC05_NFPCR001_IncorporateANotForProfitCorporation</a></td><td rowspan="1">TC05_NFPCR001_IncorporateANotForProfitCorporation</td><td rowspan="1">12:40:28 PM</td><td rowspan="1">0:00:01:24</td></tr><tr class="failedeven"><td rowspan="1">com.onbis.TestCases.TC06_EPCR001_ApplicationForEPLicenceForeignCorpWithShare</td><td><a href="#m22">TC06_EPCR001_ApplicationForEPLicenceForeignCorpWithShare</a></td><td rowspan="1">TC06_EPCR001_ApplicationForEPLicenceForeignCorpWithShare</td><td rowspan="1">12:41:56 PM</td><td rowspan="1">0:00:01:24</td></tr><tr class="failedodd"><td rowspan="1">com.onbis.TestCases.TC26_BCAM004_TestCasesRestateArticlesOfIncorporation</td><td><a href="#m23">TC26_BCAM004_TestCasesRestateArticlesOfIncorporation</a></td><td rowspan="1">TC26_BCAM004_TestCasesRestateArticlesOfIncorporation</td><td rowspan="1">12:43:24 PM</td><td rowspan="1">0:00:01:24</td></tr><tr class="failedeven"><td rowspan="1">com.onbis.TestCases.TC27_BCAM009_TestCasesFileArticlesOfReorganization</td><td><a href="#m24">TC27_BCAM009_TestCasesFileArticlesOfReorganization</a></td><td rowspan="1">TC27_BCAM009_TestCasesFileArticlesOfReorganization</td><td rowspan="1">12:44:52 PM</td><td rowspan="1">0:00:01:24</td></tr><tr class="failedodd"><td rowspan="1">com.onbis.TestCases.TC28_BCAR003_TestCasesForAmalgamation</td><td><a href="#m25">TC28_BCAR003_TestCasesForAmalgamation</a></td><td rowspan="1">TC28_BCAR003_TestCasesForAmalgamation</td><td rowspan="1">12:46:19 PM</td><td rowspan="1">0:00:01:22</td></tr></tbody><tbody id="t2"><tr><th colspan="5">Onbis-Sanity-SOAdmin-Chrome &#8212; passed</th></tr><tr class="passedeven"><td rowspan="1">com.onbis.TestCases.TC03_OCR001_AssignAnOCN</td><td><a href="#m26">TC03_OCR001_AssignAnOCN</a></td><td rowspan="1">TC03_OCR001_AssignAnOCN</td><td rowspan="1">12:47:52 PM</td><td rowspan="1">0:00:01:15</td></tr><tr class="passedodd"><td rowspan="1">com.onbis.TestCases.TC06_07_08_CIA004_CIA005_InitialReturnForForeignCor_AnnualReturnForeignCorpWithShare</td><td><a href="#m27">TC06_07_08_CIA004_CIA005_InitialReturnForForeignCor_AnnualReturnForeignCorpWithShare</a></td><td rowspan="1">TC06_07_08_CIA004_CIA005_InitialReturnForForeignCor_AnnualReturnForeignCorpWithShare</td><td rowspan="1">12:53:56 PM</td><td rowspan="1">0:00:04:15</td></tr><tr class="passedeven"><td rowspan="1">com.onbis.TestCases.TC09_10_CIA001_CIA003_InitialReturnForONCorp_NoticeOfChangeForAnOntarioCorporation</td><td><a href="#m28">TC09_10_CIA001_CIA003_InitialReturnForONCorp_NoticeOfChangeForAnOntarioCorporation</a></td><td rowspan="1">TC09_10_CIA001_CIA003_InitialReturnForONCorp_NoticeOfChangeForAnOntarioCorporation</td><td rowspan="1">12:49:15 PM</td><td rowspan="1">0:00:03:33</td></tr></tbody><tbody id="t3"></tbody><tbody id="t4"></tbody><tbody id="t5"></tbody><tbody id="t6"></tbody><tbody id="t7"></tbody><tbody id="t8"></tbody><tbody id="t9"></tbody></table><h2>Onbis-Sanity-PartnerPortal-Chrome</h2><h3 id="m0">com.onbis.TestCases.TC11_BNR002_RegisterABusinessNameForACorporation#TC11_BNR002_RegisterABusinessNameForACorporation ( TC11_BNR002_RegisterABusinessNameForACorporation )</h3><table class="result"><tr class="param"><th>Parameter #1</th></tr><tr class="param stripe"><td>chrome</td></tr><tr><th>Messages</th></tr><tr><td><div class="messages">PartnerPortal build number is: 2.1.4.1 :: 2.1.4.1 :: 2023/11/27 21:51<br/>Business name and number is: BS4OPYYLO5Q684G1B9886 TEST INC. (1000603661)</div></td></tr></table><p class="totop"><a href="#summary">back to summary</a></p><h3 id="m1">com.onbis.TestCases.TC11_BNR002_RegisterABusinessNameForACorporation_Continues#TC11_BNR002_RegisterABusinessNameForACorporation_Continues ( TC11_BNR002_RegisterABusinessNameForACorporation_Continues )</h3><table class="result"><tr><th>Messages</th></tr><tr><td><div class="messages">Admin Portal build number is: 2.1.4.1 :: 2.1.4.1 :: 2023/11/27 21:51<br/>Corporation Name is: BS4OPYYLO5Q684G1B9886 TEST INC.<br/>Transaction Number is: APP-A10232843505<br/>Ontario Corporation Number (OCN) is: 1000603661<br/>Proposed Business Name is: MUVEFXSTV3NA9K9SI TEST</div></td></tr></table><p class="totop"><a href="#summary">back to summary</a></p><h3 id="m2">com.onbis.TestCases.TC12_LLCR001_RegisterAnExtraProvincialLimitedLiabilityCompanyName#TC12_LLCR001_RegisterAnExtraProvincialLimitedLiabilityCompanyName ( TC12_LLCR001_RegisterAnExtraProvincialLimitedLiabilityCompanyName )</h3><table class="result"><tr><th>Messages</th></tr><tr><td><div class="messages">PartnerPortal build number is: 2.1.4.1 :: 2.1.4.1 :: 2023/11/27 21:51<br/>Business name and number is: 5YP98DT1X6NBFLYDA (1000603659)</div></td></tr></table><p class="totop"><a href="#summary">back to summary</a></p><h3 id="m3">com.onbis.TestCases.TC13_BNR001_RegisterASoleProprietorshipName#TC13_BNR001_RegisterASoleProprietorshipName ( TC13_BNR001_RegisterASoleProprietorshipName )</h3><table class="result"><tr><th>Messages</th></tr><tr><td><div class="messages">PartnerPortal build number is: 2.1.4.1 :: 2.1.4.1 :: 2023/11/27 21:51<br/>Business name and number is: SFMHHZUX2FCDLCEFQ (1000603657)</div></td></tr></table><p class="totop"><a href="#summary">back to summary</a></p><h3 id="m4">com.onbis.TestCases.TC14_BNR004_RegisterABusinessNameForALimitedPartnership#TC14_BNR004_RegisterABusinessNameForALimitedPartnership ( TC14_BNR004_RegisterABusinessNameForALimitedPartnership )</h3><table class="result"><tr><th>Messages</th></tr><tr><td><div class="messages">PartnerPortal build number is: 2.1.4.1 :: 2.1.4.1 :: 2023/11/27 21:51<br/>Business name and number is: 68LKQHCUW9RYQUA8E (1000603663)</div></td></tr></table><p class="totop"><a href="#summary">back to summary</a></p><h3 id="m5">com.onbis.TestCases.TC15_BNR003_RegisterABusinessNameForAGeneralPartnership#TC15_BNR003_RegisterABusinessNameForAGeneralPartnership ( TC15_BNR003_RegisterABusinessNameForAGeneralPartnership )</h3><table class="result"><tr><th>Messages</th></tr><tr><td><div class="messages">PartnerPortal build number is: 2.1.4.1 :: 2.1.4.1 :: 2023/11/27 21:51<br/>Business name and number is: 8KFTPQS40JA88805G (1000603660)</div></td></tr></table><p class="totop"><a href="#summary">back to summary</a></p><h3 id="m6">com.onbis.TestCases.TC16_BNM007_AmendARegistrationOfABusinessNameForAGeneralPartnership#TC16_BNM007_AmendARegistrationOfABusinessNameForAGeneralPartnership ( TC16_BNM007_AmendARegistrationOfABusinessNameForAGeneralPartnership )</h3><table class="result"><tr class="param"><th>Parameter #1</th></tr><tr class="param stripe"><td>chrome</td></tr><tr><th>Messages</th></tr><tr><td><div class="messages">PartnerPortal build number is: 2.1.4.1 :: 2.1.4.1 :: 2023/11/27 21:51<br/>Business name and number is: 5Y669O2QTD3CU5OKU (1000603664)<br/>Updated Business corporation name is: NMAYPGKDRN061J3HG<br/>Business name and number is: NMAYPGKDRN061J3HG (1000603665)</div></td></tr></table><p class="totop"><a href="#summary">back to summary</a></p><h3 id="m7">com.onbis.TestCases.TC17_BNM012_CancelABusinessNameRegistrationForACorporation#TC17_BNM012_CancelABusinessNameRegistrationForACorporation ( TC17_BNM012_CancelABusinessNameRegistrationForACorporation )</h3><table class="result"><tr class="param"><th>Parameter #1</th></tr><tr class="param stripe"><td>chrome</td></tr><tr><th>Messages</th></tr><tr><td><div class="messages">PartnerPortal build number is: 2.1.4.1 :: 2.1.4.1 :: 2023/11/27 21:51<br/>Business name and number is: VPFG2UTUGU0RXME4Y2314 TEST INC. (1000603670)<br/>Updated Business corporation name is: ZC5POCAHV7IOSU7MQ<br/>Business name and number is: ZC5POCAHV7IOSU7MQ (1000603671)</div></td></tr></table><p class="totop"><a href="#summary">back to summary</a></p><h3 id="m8">com.onbis.TestCases.TC18_LLCM001_AmendARegistrationOfAnExtraProvincialLimitedLiabilityCompanyName#TC18_LLCM001_AmendARegistrationOfAnExtraProvincialLimitedLiabilityCompanyName ( TC18_LLCM001_AmendARegistrationOfAnExtraProvincialLimitedLiabilityCompanyName )</h3><table class="result"><tr class="param"><th>Parameter #1</th></tr><tr class="param stripe"><td>chrome</td></tr><tr><th>Messages</th></tr><tr><td><div class="messages">PartnerPortal build number is: 2.1.4.1 :: 2.1.4.1 :: 2023/11/27 21:51<br/>Business name and number is: UL083SJZ8SJY7FDR3 (1000603666)</div></td></tr></table><p class="totop"><a href="#summary">back to summary</a></p><h3 id="m9">com.onbis.TestCases.TC19_BNM001_AmendARegistrationOfABusinessNameForASoleProprietorship#TC19_BNM001_AmendARegistrationOfABusinessNameForASoleProprietorship ( TC19_BNM001_AmendARegistrationOfABusinessNameForASoleProprietorship )</h3><table class="result"><tr><th>Messages</th></tr><tr><td><div class="messages">PartnerPortal build number is: 2.1.4.1 :: 2.1.4.1 :: 2023/11/27 21:51<br/>Business name and number is: TY8EWVG9D7SO40S8N (1000603667)<br/>Business name and number is: APP-A10232844572</div></td></tr></table><p class="totop"><a href="#summary">back to summary</a></p><h3 id="m10">com.onbis.TestCases.TC20_PSM001_FileADeclarationOfChangeOfAnOntarioLimitedPartnership#TC20_PSM001_FileADeclarationOfChangeOfAnOntarioLimitedPartnership ( TC20_PSM001_FileADeclarationOfChangeOfAnOntarioLimitedPartnership )</h3><table class="result"><tr><th>Messages</th></tr><tr><td><div class="messages">PartnerPortal build number is: 2.1.4.1 :: 2.1.4.1 :: 2023/11/27 21:51<br/>Business name and number is: 9WG8HTS7QU1U8YXZB (1000603672)</div></td></tr></table><p class="totop"><a href="#summary">back to summary</a></p><h3 id="m11">com.onbis.TestCases.TC21_PSR002_FileADeclarationOfAnExtraProvincialLimitedPartnership#TC21_PSR002_FileADeclarationOfAnExtraProvincialLimitedPartnership ( TC21_PSR002_FileADeclarationOfAnExtraProvincialLimitedPartnership )</h3><table class="result"><tr><th>Messages</th></tr><tr><td><div class="messages">PartnerPortal build number is: 2.1.4.1 :: 2.1.4.1 :: 2023/11/27 21:51<br/>Business name and number is: UJOE0UOUVXEBO2IPN (1000603675)</div></td></tr></table><p class="totop"><a href="#summary">back to summary</a></p><h3 id="m12">com.onbis.TestCases.TC22_PSR003_RegisterAFirmNameForAGeneralPartnership#TC22_PSR003_RegisterAFirmNameForAGeneralPartnership ( TC22_PSR003_RegisterAFirmNameForAGeneralPartnership )</h3><table class="result"><tr><th>Messages</th></tr><tr><td><div class="messages">PartnerPortal build number is: 2.1.4.1 :: 2.1.4.1 :: 2023/11/27 21:51<br/>Business name and number is: NZP876F1CT8AHK5GN (1000603676)</div></td></tr></table><p class="totop"><a href="#summary">back to summary</a></p><h3 id="m13">com.onbis.TestCases.TC23_PSR004_RegisterAFirmNameForAnOntarioLimitedLiabilityPartnership#TC23_PSR004_RegisterAFirmNameForAnOntarioLimitedLiabilityPartnership ( TC23_PSR004_RegisterAFirmNameForAnOntarioLimitedLiabilityPartnership )</h3><table class="result"><tr><th>Messages</th></tr><tr><td><div class="messages">PartnerPortal build number is: 2.1.4.1 :: 2.1.4.1 :: 2023/11/27 21:51<br/>Business name and number is: 5XTUBR595WZI13WWB LLP (1000603673)</div></td></tr></table><p class="totop"><a href="#summary">back to summary</a></p><h3 id="m14">com.onbis.TestCases.TC24_PSR005_RegisterAFirmNameForAnExtraProvincialLimitedLiabilityPartnership#TC24_PSR005_RegisterAFirmNameForAnExtraProvincialLimitedLiabilityPartnership ( TC24_PSR005_RegisterAFirmNameForAnExtraProvincialLimitedLiabilityPartnership )</h3><table class="result"><tr><th>Messages</th></tr><tr><td><div class="messages">PartnerPortal build number is: 2.1.4.1 :: 2.1.4.1 :: 2023/11/27 21:51<br/>Business name and number is: TJA9EQFCDFKJAM1GM LLP (1000603674)</div></td></tr></table><p class="totop"><a href="#summary">back to summary</a></p><h3 id="m15">com.onbis.TestCases.TC25_PSM009_CancelARegistrationOfAFirmNameForAGeneralPartnership#TC25_PSM009_CancelARegistrationOfAFirmNameForAGeneralPartnership ( TC25_PSM009_CancelARegistrationOfAFirmNameForAGeneralPartnership )</h3><table class="result"><tr class="param"><th>Parameter #1</th></tr><tr class="param stripe"><td>chrome</td></tr><tr><th>Messages</th></tr><tr><td><div class="messages">PartnerPortal build number is: 2.1.4.1 :: 2.1.4.1 :: 2023/11/27 21:51<br/>Business name and number is: 1DJL1UUT96V7IJRB6 (1000603668)<br/>Updated Business corporation name is: E2ON7HIOWDFYM9RHW<br/>Business name and number is: E2ON7HIOWDFYM9RHW (1000603669)</div></td></tr></table><p class="totop"><a href="#summary">back to summary</a></p><h2>Onbis-Sanity-SOAB Portal-Chrome - SOAB Account Incorporate Tests </h2><h3 id="m16">com.onbis.TestCases.TC01_BCAR001_TestCasesAddProfileForIncorportatNumber#TC01_BCAR001_TestCasesAddProfileForIncorportatNumber ( TC01_BCAR001_TestCasesAddProfileForIncorportatNumber )</h3><table class="result"><tr><th>Exception</th></tr><tr><td><div class="stacktrace">org.openqa.selenium.NoSuchElementException: no such element: Unable to locate element: {&quot;method&quot;:&quot;xpath&quot;,&quot;selector&quot;:&quot;//*[@id=&quot;PsLogin&quot;]&quot;}
  (Session info: chrome=113.0.5672.127)
For documentation on this error, please visit: https://www.seleniumhq.org/exceptions/no_such_element.html
Build info: version: &apos;3.141.59&apos;, revision: &apos;e82be7d358&apos;, time: &apos;2018-11-14T08:17:03&apos;
System info: host: &apos;ON34C03188299&apos;, ip: &apos;10.61.107.181&apos;, os.name: &apos;Windows 10&apos;, os.arch: &apos;amd64&apos;, os.version: &apos;10.0&apos;, java.version: &apos;1.8.0_202&apos;
Driver info: org.openqa.selenium.chrome.ChromeDriver
Capabilities {acceptInsecureCerts: true, browserName: chrome, browserVersion: 113.0.5672.127, chrome: {chromedriverVersion: 113.0.5672.63 (0e1a4471d5ae..., userDataDir: C:\Users\MustofG\AppData\Lo...}, goog:chromeOptions: {debuggerAddress: localhost:59826}, javascriptEnabled: true, networkConnectionEnabled: false, pageLoadStrategy: normal, platform: WINDOWS, platformName: WINDOWS, proxy: Proxy(), setWindowRect: true, strictFileInteractability: false, timeouts: {implicit: 0, pageLoad: 300000, script: 30000}, unhandledPromptBehavior: dismiss and notify, webauthn:extension:credBlob: true, webauthn:extension:largeBlob: true, webauthn:extension:minPinLength: true, webauthn:extension:prf: true, webauthn:virtualAuthenticators: true}
Session ID: ee16d4d948d644d46c2026834e565fba
*** Element info: {Using=xpath, value=//*[@id=&quot;PsLogin&quot;]}
	at sun.reflect.GeneratedConstructorAccessor32.newInstance(Unknown Source)
	at sun.reflect.DelegatingConstructorAccessorImpl.newInstance(DelegatingConstructorAccessorImpl.java:45)
	at java.lang.reflect.Constructor.newInstance(Constructor.java:423)
	at org.openqa.selenium.remote.http.W3CHttpResponseCodec.createException(W3CHttpResponseCodec.java:187)
	at org.openqa.selenium.remote.http.W3CHttpResponseCodec.decode(W3CHttpResponseCodec.java:122)
	at org.openqa.selenium.remote.http.W3CHttpResponseCodec.decode(W3CHttpResponseCodec.java:49)
	at org.openqa.selenium.remote.HttpCommandExecutor.execute(HttpCommandExecutor.java:158)
	at org.openqa.selenium.remote.service.DriverCommandExecutor.execute(DriverCommandExecutor.java:83)
	at org.openqa.selenium.remote.RemoteWebDriver.execute(RemoteWebDriver.java:552)
	at org.openqa.selenium.remote.RemoteWebDriver.findElement(RemoteWebDriver.java:323)
	at org.openqa.selenium.remote.RemoteWebDriver.findElementByXPath(RemoteWebDriver.java:428)
	at org.openqa.selenium.By$ByXPath.findElement(By.java:353)
	at org.openqa.selenium.remote.RemoteWebDriver.findElement(RemoteWebDriver.java:315)
	at com.onbis.Pages.OneKeyLogin.loginUsingOneKeyCredentials(OneKeyLogin.java:164)
	at com.onbis.TestCases.TC01_BCAR001_TestCasesAddProfileForIncorportatNumber.TC01_BCAR001_TestCasesAddProfileForIncorportatNumber(TC01_BCAR001_TestCasesAddProfileForIncorportatNumber.java:22)
	at sun.reflect.NativeMethodAccessorImpl.invoke0(Native Method)
	at sun.reflect.NativeMethodAccessorImpl.invoke(NativeMethodAccessorImpl.java:62)
	at sun.reflect.DelegatingMethodAccessorImpl.invoke(DelegatingMethodAccessorImpl.java:43)
	at java.lang.reflect.Method.invoke(Method.java:498)
	at org.testng.internal.MethodInvocationHelper.invokeMethod(MethodInvocationHelper.java:124)
	at org.testng.internal.Invoker.invokeMethod(Invoker.java:583)
	at org.testng.internal.Invoker.invokeTestMethod(Invoker.java:719)
	at org.testng.internal.Invoker.invokeTestMethods(Invoker.java:989)
	at org.testng.internal.TestMethodWorker.invokeTestMethods(TestMethodWorker.java:125)
	at org.testng.internal.TestMethodWorker.run(TestMethodWorker.java:109)
	at org.testng.TestRunner.privateRun(TestRunner.java:648)
	at org.testng.TestRunner.run(TestRunner.java:505)
	at org.testng.SuiteRunner.runTest(SuiteRunner.java:455)
	at org.testng.SuiteRunner.runSequentially(SuiteRunner.java:450)
	at org.testng.SuiteRunner.privateRun(SuiteRunner.java:415)
	at org.testng.SuiteRunner.run(SuiteRunner.java:364)
	at org.testng.SuiteRunnerWorker.runSuite(SuiteRunnerWorker.java:52)
	at org.testng.SuiteRunnerWorker.run(SuiteRunnerWorker.java:84)
	at org.testng.TestNG.runSuitesSequentially(TestNG.java:1208)
	at org.testng.TestNG.runSuitesLocally(TestNG.java:1137)
	at org.testng.TestNG.runSuites(TestNG.java:1049)
	at org.testng.TestNG.run(TestNG.java:1017)
	at com.intellij.rt.testng.IDEARemoteTestNG.run(IDEARemoteTestNG.java:66)
	at com.intellij.rt.testng.RemoteTestNGStarter.main(RemoteTestNGStarter.java:109)
</div></td></tr></table><p class="totop"><a href="#summary">back to summary</a></p><h3 id="m17">com.onbis.TestCases.TC01_BCAR001_TestCasesForIncorportatDeleteAProfile#TC01_BCAR001_TestCasesForIncorportatDeleteAProfile ( TC01_BCAR001_TestCasesForIncorportatDeleteAProfile )</h3><table class="result"><tr><th>Exception</th></tr><tr><td><div class="stacktrace">org.openqa.selenium.NoSuchElementException: no such element: Unable to locate element: {&quot;method&quot;:&quot;xpath&quot;,&quot;selector&quot;:&quot;//*[@id=&quot;PsLogin&quot;]&quot;}
  (Session info: chrome=113.0.5672.127)
For documentation on this error, please visit: https://www.seleniumhq.org/exceptions/no_such_element.html
Build info: version: &apos;3.141.59&apos;, revision: &apos;e82be7d358&apos;, time: &apos;2018-11-14T08:17:03&apos;
System info: host: &apos;ON34C03188299&apos;, ip: &apos;10.61.107.181&apos;, os.name: &apos;Windows 10&apos;, os.arch: &apos;amd64&apos;, os.version: &apos;10.0&apos;, java.version: &apos;1.8.0_202&apos;
Driver info: org.openqa.selenium.chrome.ChromeDriver
Capabilities {acceptInsecureCerts: true, browserName: chrome, browserVersion: 113.0.5672.127, chrome: {chromedriverVersion: 113.0.5672.63 (0e1a4471d5ae..., userDataDir: C:\Users\MustofG\AppData\Lo...}, goog:chromeOptions: {debuggerAddress: localhost:59586}, javascriptEnabled: true, networkConnectionEnabled: false, pageLoadStrategy: normal, platform: WINDOWS, platformName: WINDOWS, proxy: Proxy(), setWindowRect: true, strictFileInteractability: false, timeouts: {implicit: 0, pageLoad: 300000, script: 30000}, unhandledPromptBehavior: dismiss and notify, webauthn:extension:credBlob: true, webauthn:extension:largeBlob: true, webauthn:extension:minPinLength: true, webauthn:extension:prf: true, webauthn:virtualAuthenticators: true}
Session ID: 8521837b321ddfee01753b808f617a46
*** Element info: {Using=xpath, value=//*[@id=&quot;PsLogin&quot;]}
	at sun.reflect.GeneratedConstructorAccessor32.newInstance(Unknown Source)
	at sun.reflect.DelegatingConstructorAccessorImpl.newInstance(DelegatingConstructorAccessorImpl.java:45)
	at java.lang.reflect.Constructor.newInstance(Constructor.java:423)
	at org.openqa.selenium.remote.http.W3CHttpResponseCodec.createException(W3CHttpResponseCodec.java:187)
	at org.openqa.selenium.remote.http.W3CHttpResponseCodec.decode(W3CHttpResponseCodec.java:122)
	at org.openqa.selenium.remote.http.W3CHttpResponseCodec.decode(W3CHttpResponseCodec.java:49)
	at org.openqa.selenium.remote.HttpCommandExecutor.execute(HttpCommandExecutor.java:158)
	at org.openqa.selenium.remote.service.DriverCommandExecutor.execute(DriverCommandExecutor.java:83)
	at org.openqa.selenium.remote.RemoteWebDriver.execute(RemoteWebDriver.java:552)
	at org.openqa.selenium.remote.RemoteWebDriver.findElement(RemoteWebDriver.java:323)
	at org.openqa.selenium.remote.RemoteWebDriver.findElementByXPath(RemoteWebDriver.java:428)
	at org.openqa.selenium.By$ByXPath.findElement(By.java:353)
	at org.openqa.selenium.remote.RemoteWebDriver.findElement(RemoteWebDriver.java:315)
	at com.onbis.Pages.OneKeyLogin.loginUsingOneKeyCredentials(OneKeyLogin.java:164)
	at com.onbis.TestCases.TC01_BCAR001_TestCasesForIncorportatDeleteAProfile.TC01_BCAR001_TestCasesForIncorportatDeleteAProfile(TC01_BCAR001_TestCasesForIncorportatDeleteAProfile.java:21)
	at sun.reflect.NativeMethodAccessorImpl.invoke0(Native Method)
	at sun.reflect.NativeMethodAccessorImpl.invoke(NativeMethodAccessorImpl.java:62)
	at sun.reflect.DelegatingMethodAccessorImpl.invoke(DelegatingMethodAccessorImpl.java:43)
	at java.lang.reflect.Method.invoke(Method.java:498)
	at org.testng.internal.MethodInvocationHelper.invokeMethod(MethodInvocationHelper.java:124)
	at org.testng.internal.Invoker.invokeMethod(Invoker.java:583)
	at org.testng.internal.Invoker.invokeTestMethod(Invoker.java:719)
	at org.testng.internal.Invoker.invokeTestMethods(Invoker.java:989)
	at org.testng.internal.TestMethodWorker.invokeTestMethods(TestMethodWorker.java:125)
	at org.testng.internal.TestMethodWorker.run(TestMethodWorker.java:109)
	at org.testng.TestRunner.privateRun(TestRunner.java:648)
	at org.testng.TestRunner.run(TestRunner.java:505)
	at org.testng.SuiteRunner.runTest(SuiteRunner.java:455)
	at org.testng.SuiteRunner.runSequentially(SuiteRunner.java:450)
	at org.testng.SuiteRunner.privateRun(SuiteRunner.java:415)
	at org.testng.SuiteRunner.run(SuiteRunner.java:364)
	at org.testng.SuiteRunnerWorker.runSuite(SuiteRunnerWorker.java:52)
	at org.testng.SuiteRunnerWorker.run(SuiteRunnerWorker.java:84)
	at org.testng.TestNG.runSuitesSequentially(TestNG.java:1208)
	at org.testng.TestNG.runSuitesLocally(TestNG.java:1137)
	at org.testng.TestNG.runSuites(TestNG.java:1049)
	at org.testng.TestNG.run(TestNG.java:1017)
	at com.intellij.rt.testng.IDEARemoteTestNG.run(IDEARemoteTestNG.java:66)
	at com.intellij.rt.testng.RemoteTestNGStarter.main(RemoteTestNGStarter.java:109)
</div></td></tr></table><p class="totop"><a href="#summary">back to summary</a></p><h3 id="m18">com.onbis.TestCases.TC01_BCAR001_TestCasesForIncorportatNumber#TC01_BCAR001_TestCasesForIncorportatNumber ( TC01_BCAR001_TestCasesForIncorportatNumber )</h3><table class="result"><tr><th>Exception</th></tr><tr><td><div class="stacktrace">org.openqa.selenium.NoSuchElementException: no such element: Unable to locate element: {&quot;method&quot;:&quot;xpath&quot;,&quot;selector&quot;:&quot;//*[@id=&quot;PsLogin&quot;]&quot;}
  (Session info: chrome=113.0.5672.127)
For documentation on this error, please visit: https://www.seleniumhq.org/exceptions/no_such_element.html
Build info: version: &apos;3.141.59&apos;, revision: &apos;e82be7d358&apos;, time: &apos;2018-11-14T08:17:03&apos;
System info: host: &apos;ON34C03188299&apos;, ip: &apos;10.61.107.181&apos;, os.name: &apos;Windows 10&apos;, os.arch: &apos;amd64&apos;, os.version: &apos;10.0&apos;, java.version: &apos;1.8.0_202&apos;
Driver info: org.openqa.selenium.chrome.ChromeDriver
Capabilities {acceptInsecureCerts: true, browserName: chrome, browserVersion: 113.0.5672.127, chrome: {chromedriverVersion: 113.0.5672.63 (0e1a4471d5ae..., userDataDir: C:\Users\MustofG\AppData\Lo...}, goog:chromeOptions: {debuggerAddress: localhost:60061}, javascriptEnabled: true, networkConnectionEnabled: false, pageLoadStrategy: normal, platform: WINDOWS, platformName: WINDOWS, proxy: Proxy(), setWindowRect: true, strictFileInteractability: false, timeouts: {implicit: 0, pageLoad: 300000, script: 30000}, unhandledPromptBehavior: dismiss and notify, webauthn:extension:credBlob: true, webauthn:extension:largeBlob: true, webauthn:extension:minPinLength: true, webauthn:extension:prf: true, webauthn:virtualAuthenticators: true}
Session ID: 6bbc8a61d13f7d75c2a542b2f637e2dd
*** Element info: {Using=xpath, value=//*[@id=&quot;PsLogin&quot;]}
	at sun.reflect.GeneratedConstructorAccessor32.newInstance(Unknown Source)
	at sun.reflect.DelegatingConstructorAccessorImpl.newInstance(DelegatingConstructorAccessorImpl.java:45)
	at java.lang.reflect.Constructor.newInstance(Constructor.java:423)
	at org.openqa.selenium.remote.http.W3CHttpResponseCodec.createException(W3CHttpResponseCodec.java:187)
	at org.openqa.selenium.remote.http.W3CHttpResponseCodec.decode(W3CHttpResponseCodec.java:122)
	at org.openqa.selenium.remote.http.W3CHttpResponseCodec.decode(W3CHttpResponseCodec.java:49)
	at org.openqa.selenium.remote.HttpCommandExecutor.execute(HttpCommandExecutor.java:158)
	at org.openqa.selenium.remote.service.DriverCommandExecutor.execute(DriverCommandExecutor.java:83)
	at org.openqa.selenium.remote.RemoteWebDriver.execute(RemoteWebDriver.java:552)
	at org.openqa.selenium.remote.RemoteWebDriver.findElement(RemoteWebDriver.java:323)
	at org.openqa.selenium.remote.RemoteWebDriver.findElementByXPath(RemoteWebDriver.java:428)
	at org.openqa.selenium.By$ByXPath.findElement(By.java:353)
	at org.openqa.selenium.remote.RemoteWebDriver.findElement(RemoteWebDriver.java:315)
	at com.onbis.Pages.OneKeyLogin.loginUsingOneKeyCredentials(OneKeyLogin.java:164)
	at com.onbis.TestCases.TC01_BCAR001_TestCasesForIncorportatNumber.TC01_BCAR001_TestCasesForIncorportatNumber(TC01_BCAR001_TestCasesForIncorportatNumber.java:38)
	at sun.reflect.NativeMethodAccessorImpl.invoke0(Native Method)
	at sun.reflect.NativeMethodAccessorImpl.invoke(NativeMethodAccessorImpl.java:62)
	at sun.reflect.DelegatingMethodAccessorImpl.invoke(DelegatingMethodAccessorImpl.java:43)
	at java.lang.reflect.Method.invoke(Method.java:498)
	at org.testng.internal.MethodInvocationHelper.invokeMethod(MethodInvocationHelper.java:124)
	at org.testng.internal.Invoker.invokeMethod(Invoker.java:583)
	at org.testng.internal.Invoker.invokeTestMethod(Invoker.java:719)
	at org.testng.internal.Invoker.invokeTestMethods(Invoker.java:989)
	at org.testng.internal.TestMethodWorker.invokeTestMethods(TestMethodWorker.java:125)
	at org.testng.internal.TestMethodWorker.run(TestMethodWorker.java:109)
	at org.testng.TestRunner.privateRun(TestRunner.java:648)
	at org.testng.TestRunner.run(TestRunner.java:505)
	at org.testng.SuiteRunner.runTest(SuiteRunner.java:455)
	at org.testng.SuiteRunner.runSequentially(SuiteRunner.java:450)
	at org.testng.SuiteRunner.privateRun(SuiteRunner.java:415)
	at org.testng.SuiteRunner.run(SuiteRunner.java:364)
	at org.testng.SuiteRunnerWorker.runSuite(SuiteRunnerWorker.java:52)
	at org.testng.SuiteRunnerWorker.run(SuiteRunnerWorker.java:84)
	at org.testng.TestNG.runSuitesSequentially(TestNG.java:1208)
	at org.testng.TestNG.runSuitesLocally(TestNG.java:1137)
	at org.testng.TestNG.runSuites(TestNG.java:1049)
	at org.testng.TestNG.run(TestNG.java:1017)
	at com.intellij.rt.testng.IDEARemoteTestNG.run(IDEARemoteTestNG.java:66)
	at com.intellij.rt.testng.RemoteTestNGStarter.main(RemoteTestNGStarter.java:109)
</div></td></tr></table><p class="totop"><a href="#summary">back to summary</a></p><h3 id="m19">com.onbis.TestCases.TC02_BCAR001_TestCasesForIncorportateName#TC02_BCAR001_TestCasesForIncorportateName ( TC02_BCAR001_TestCasesForIncorportateName )</h3><table class="result"><tr class="param"><th>Parameter #1</th></tr><tr class="param stripe"><td>chrome</td></tr><tr><th>Exception</th></tr><tr><td><div class="stacktrace">org.openqa.selenium.NoSuchElementException: no such element: Unable to locate element: {&quot;method&quot;:&quot;xpath&quot;,&quot;selector&quot;:&quot;//*[@id=&quot;PsLogin&quot;]&quot;}
  (Session info: chrome=113.0.5672.127)
For documentation on this error, please visit: https://www.seleniumhq.org/exceptions/no_such_element.html
Build info: version: &apos;3.141.59&apos;, revision: &apos;e82be7d358&apos;, time: &apos;2018-11-14T08:17:03&apos;
System info: host: &apos;ON34C03188299&apos;, ip: &apos;10.61.107.181&apos;, os.name: &apos;Windows 10&apos;, os.arch: &apos;amd64&apos;, os.version: &apos;10.0&apos;, java.version: &apos;1.8.0_202&apos;
Driver info: org.openqa.selenium.chrome.ChromeDriver
Capabilities {acceptInsecureCerts: true, browserName: chrome, browserVersion: 113.0.5672.127, chrome: {chromedriverVersion: 113.0.5672.63 (0e1a4471d5ae..., userDataDir: C:\Users\MustofG\AppData\Lo...}, goog:chromeOptions: {debuggerAddress: localhost:60285}, javascriptEnabled: true, networkConnectionEnabled: false, pageLoadStrategy: normal, platform: WINDOWS, platformName: WINDOWS, proxy: Proxy(), setWindowRect: true, strictFileInteractability: false, timeouts: {implicit: 0, pageLoad: 300000, script: 30000}, unhandledPromptBehavior: dismiss and notify, webauthn:extension:credBlob: true, webauthn:extension:largeBlob: true, webauthn:extension:minPinLength: true, webauthn:extension:prf: true, webauthn:virtualAuthenticators: true}
Session ID: 5da7178c0b710fdf2133f5bdcddef2df
*** Element info: {Using=xpath, value=//*[@id=&quot;PsLogin&quot;]}
	at sun.reflect.GeneratedConstructorAccessor32.newInstance(Unknown Source)
	at sun.reflect.DelegatingConstructorAccessorImpl.newInstance(DelegatingConstructorAccessorImpl.java:45)
	at java.lang.reflect.Constructor.newInstance(Constructor.java:423)
	at org.openqa.selenium.remote.http.W3CHttpResponseCodec.createException(W3CHttpResponseCodec.java:187)
	at org.openqa.selenium.remote.http.W3CHttpResponseCodec.decode(W3CHttpResponseCodec.java:122)
	at org.openqa.selenium.remote.http.W3CHttpResponseCodec.decode(W3CHttpResponseCodec.java:49)
	at org.openqa.selenium.remote.HttpCommandExecutor.execute(HttpCommandExecutor.java:158)
	at org.openqa.selenium.remote.service.DriverCommandExecutor.execute(DriverCommandExecutor.java:83)
	at org.openqa.selenium.remote.RemoteWebDriver.execute(RemoteWebDriver.java:552)
	at org.openqa.selenium.remote.RemoteWebDriver.findElement(RemoteWebDriver.java:323)
	at org.openqa.selenium.remote.RemoteWebDriver.findElementByXPath(RemoteWebDriver.java:428)
	at org.openqa.selenium.By$ByXPath.findElement(By.java:353)
	at org.openqa.selenium.remote.RemoteWebDriver.findElement(RemoteWebDriver.java:315)
	at com.onbis.Pages.OneKeyLogin.loginUsingOneKeyCredentials(OneKeyLogin.java:164)
	at com.onbis.TestCases.TC02_BCAR001_TestCasesForIncorportateName.TC02_BCAR001_TestCasesForIncorportateName(TC02_BCAR001_TestCasesForIncorportateName.java:25)
	at sun.reflect.NativeMethodAccessorImpl.invoke0(Native Method)
	at sun.reflect.NativeMethodAccessorImpl.invoke(NativeMethodAccessorImpl.java:62)
	at sun.reflect.DelegatingMethodAccessorImpl.invoke(DelegatingMethodAccessorImpl.java:43)
	at java.lang.reflect.Method.invoke(Method.java:498)
	at org.testng.internal.MethodInvocationHelper.invokeMethod(MethodInvocationHelper.java:124)
	at org.testng.internal.Invoker.invokeMethod(Invoker.java:583)
	at org.testng.internal.Invoker.invokeTestMethod(Invoker.java:719)
	at org.testng.internal.Invoker.invokeTestMethods(Invoker.java:989)
	at org.testng.internal.TestMethodWorker.invokeTestMethods(TestMethodWorker.java:125)
	at org.testng.internal.TestMethodWorker.run(TestMethodWorker.java:109)
	at org.testng.TestRunner.privateRun(TestRunner.java:648)
	at org.testng.TestRunner.run(TestRunner.java:505)
	at org.testng.SuiteRunner.runTest(SuiteRunner.java:455)
	at org.testng.SuiteRunner.runSequentially(SuiteRunner.java:450)
	at org.testng.SuiteRunner.privateRun(SuiteRunner.java:415)
	at org.testng.SuiteRunner.run(SuiteRunner.java:364)
	at org.testng.SuiteRunnerWorker.runSuite(SuiteRunnerWorker.java:52)
	at org.testng.SuiteRunnerWorker.run(SuiteRunnerWorker.java:84)
	at org.testng.TestNG.runSuitesSequentially(TestNG.java:1208)
	at org.testng.TestNG.runSuitesLocally(TestNG.java:1137)
	at org.testng.TestNG.runSuites(TestNG.java:1049)
	at org.testng.TestNG.run(TestNG.java:1017)
	at com.intellij.rt.testng.IDEARemoteTestNG.run(IDEARemoteTestNG.java:66)
	at com.intellij.rt.testng.RemoteTestNGStarter.main(RemoteTestNGStarter.java:109)
</div></td></tr></table><p class="totop"><a href="#summary">back to summary</a></p><h3 id="m20">com.onbis.TestCases.TC04_BCAR005_TestCasesForContinuanceCreate#TC04_BCAR005_TestCasesForContinuanceCreate ( TC04_BCAR005_TestCasesForContinuanceCreate )</h3><table class="result"><tr><th>Exception</th></tr><tr><td><div class="stacktrace">org.openqa.selenium.NoSuchElementException: no such element: Unable to locate element: {&quot;method&quot;:&quot;xpath&quot;,&quot;selector&quot;:&quot;//*[@id=&quot;PsLogin&quot;]&quot;}
  (Session info: chrome=113.0.5672.127)
For documentation on this error, please visit: https://www.seleniumhq.org/exceptions/no_such_element.html
Build info: version: &apos;3.141.59&apos;, revision: &apos;e82be7d358&apos;, time: &apos;2018-11-14T08:17:03&apos;
System info: host: &apos;ON34C03188299&apos;, ip: &apos;10.61.107.181&apos;, os.name: &apos;Windows 10&apos;, os.arch: &apos;amd64&apos;, os.version: &apos;10.0&apos;, java.version: &apos;1.8.0_202&apos;
Driver info: org.openqa.selenium.chrome.ChromeDriver
Capabilities {acceptInsecureCerts: true, browserName: chrome, browserVersion: 113.0.5672.127, chrome: {chromedriverVersion: 113.0.5672.63 (0e1a4471d5ae..., userDataDir: C:\Users\MustofG\AppData\Lo...}, goog:chromeOptions: {debuggerAddress: localhost:60517}, javascriptEnabled: true, networkConnectionEnabled: false, pageLoadStrategy: normal, platform: WINDOWS, platformName: WINDOWS, proxy: Proxy(), setWindowRect: true, strictFileInteractability: false, timeouts: {implicit: 0, pageLoad: 300000, script: 30000}, unhandledPromptBehavior: dismiss and notify, webauthn:extension:credBlob: true, webauthn:extension:largeBlob: true, webauthn:extension:minPinLength: true, webauthn:extension:prf: true, webauthn:virtualAuthenticators: true}
Session ID: 365ccf5c9d82a2b59e5be5fd282f138f
*** Element info: {Using=xpath, value=//*[@id=&quot;PsLogin&quot;]}
	at sun.reflect.GeneratedConstructorAccessor32.newInstance(Unknown Source)
	at sun.reflect.DelegatingConstructorAccessorImpl.newInstance(DelegatingConstructorAccessorImpl.java:45)
	at java.lang.reflect.Constructor.newInstance(Constructor.java:423)
	at org.openqa.selenium.remote.http.W3CHttpResponseCodec.createException(W3CHttpResponseCodec.java:187)
	at org.openqa.selenium.remote.http.W3CHttpResponseCodec.decode(W3CHttpResponseCodec.java:122)
	at org.openqa.selenium.remote.http.W3CHttpResponseCodec.decode(W3CHttpResponseCodec.java:49)
	at org.openqa.selenium.remote.HttpCommandExecutor.execute(HttpCommandExecutor.java:158)
	at org.openqa.selenium.remote.service.DriverCommandExecutor.execute(DriverCommandExecutor.java:83)
	at org.openqa.selenium.remote.RemoteWebDriver.execute(RemoteWebDriver.java:552)
	at org.openqa.selenium.remote.RemoteWebDriver.findElement(RemoteWebDriver.java:323)
	at org.openqa.selenium.remote.RemoteWebDriver.findElementByXPath(RemoteWebDriver.java:428)
	at org.openqa.selenium.By$ByXPath.findElement(By.java:353)
	at org.openqa.selenium.remote.RemoteWebDriver.findElement(RemoteWebDriver.java:315)
	at com.onbis.Pages.OneKeyLogin.loginUsingOneKeyCredentials(OneKeyLogin.java:164)
	at com.onbis.TestCases.TC04_BCAR005_TestCasesForContinuanceCreate.TC04_BCAR005_TestCasesForContinuanceCreate(TC04_BCAR005_TestCasesForContinuanceCreate.java:24)
	at sun.reflect.NativeMethodAccessorImpl.invoke0(Native Method)
	at sun.reflect.NativeMethodAccessorImpl.invoke(NativeMethodAccessorImpl.java:62)
	at sun.reflect.DelegatingMethodAccessorImpl.invoke(DelegatingMethodAccessorImpl.java:43)
	at java.lang.reflect.Method.invoke(Method.java:498)
	at org.testng.internal.MethodInvocationHelper.invokeMethod(MethodInvocationHelper.java:124)
	at org.testng.internal.Invoker.invokeMethod(Invoker.java:583)
	at org.testng.internal.Invoker.invokeTestMethod(Invoker.java:719)
	at org.testng.internal.Invoker.invokeTestMethods(Invoker.java:989)
	at org.testng.internal.TestMethodWorker.invokeTestMethods(TestMethodWorker.java:125)
	at org.testng.internal.TestMethodWorker.run(TestMethodWorker.java:109)
	at org.testng.TestRunner.privateRun(TestRunner.java:648)
	at org.testng.TestRunner.run(TestRunner.java:505)
	at org.testng.SuiteRunner.runTest(SuiteRunner.java:455)
	at org.testng.SuiteRunner.runSequentially(SuiteRunner.java:450)
	at org.testng.SuiteRunner.privateRun(SuiteRunner.java:415)
	at org.testng.SuiteRunner.run(SuiteRunner.java:364)
	at org.testng.SuiteRunnerWorker.runSuite(SuiteRunnerWorker.java:52)
	at org.testng.SuiteRunnerWorker.run(SuiteRunnerWorker.java:84)
	at org.testng.TestNG.runSuitesSequentially(TestNG.java:1208)
	at org.testng.TestNG.runSuitesLocally(TestNG.java:1137)
	at org.testng.TestNG.runSuites(TestNG.java:1049)
	at org.testng.TestNG.run(TestNG.java:1017)
	at com.intellij.rt.testng.IDEARemoteTestNG.run(IDEARemoteTestNG.java:66)
	at com.intellij.rt.testng.RemoteTestNGStarter.main(RemoteTestNGStarter.java:109)
</div></td></tr></table><p class="totop"><a href="#summary">back to summary</a></p><h3 id="m21">com.onbis.TestCases.TC05_NFPCR001_IncorporateANotForProfitCorporation#TC05_NFPCR001_IncorporateANotForProfitCorporation ( TC05_NFPCR001_IncorporateANotForProfitCorporation )</h3><table class="result"><tr><th>Exception</th></tr><tr><td><div class="stacktrace">org.openqa.selenium.NoSuchElementException: no such element: Unable to locate element: {&quot;method&quot;:&quot;xpath&quot;,&quot;selector&quot;:&quot;//*[@id=&quot;PsLogin&quot;]&quot;}
  (Session info: chrome=113.0.5672.127)
For documentation on this error, please visit: https://www.seleniumhq.org/exceptions/no_such_element.html
Build info: version: &apos;3.141.59&apos;, revision: &apos;e82be7d358&apos;, time: &apos;2018-11-14T08:17:03&apos;
System info: host: &apos;ON34C03188299&apos;, ip: &apos;10.61.107.181&apos;, os.name: &apos;Windows 10&apos;, os.arch: &apos;amd64&apos;, os.version: &apos;10.0&apos;, java.version: &apos;1.8.0_202&apos;
Driver info: org.openqa.selenium.chrome.ChromeDriver
Capabilities {acceptInsecureCerts: true, browserName: chrome, browserVersion: 113.0.5672.127, chrome: {chromedriverVersion: 113.0.5672.63 (0e1a4471d5ae..., userDataDir: C:\Users\MustofG\AppData\Lo...}, goog:chromeOptions: {debuggerAddress: localhost:60730}, javascriptEnabled: true, networkConnectionEnabled: false, pageLoadStrategy: normal, platform: WINDOWS, platformName: WINDOWS, proxy: Proxy(), setWindowRect: true, strictFileInteractability: false, timeouts: {implicit: 0, pageLoad: 300000, script: 30000}, unhandledPromptBehavior: dismiss and notify, webauthn:extension:credBlob: true, webauthn:extension:largeBlob: true, webauthn:extension:minPinLength: true, webauthn:extension:prf: true, webauthn:virtualAuthenticators: true}
Session ID: c78736bb60a639a67973de544d7386c9
*** Element info: {Using=xpath, value=//*[@id=&quot;PsLogin&quot;]}
	at sun.reflect.GeneratedConstructorAccessor32.newInstance(Unknown Source)
	at sun.reflect.DelegatingConstructorAccessorImpl.newInstance(DelegatingConstructorAccessorImpl.java:45)
	at java.lang.reflect.Constructor.newInstance(Constructor.java:423)
	at org.openqa.selenium.remote.http.W3CHttpResponseCodec.createException(W3CHttpResponseCodec.java:187)
	at org.openqa.selenium.remote.http.W3CHttpResponseCodec.decode(W3CHttpResponseCodec.java:122)
	at org.openqa.selenium.remote.http.W3CHttpResponseCodec.decode(W3CHttpResponseCodec.java:49)
	at org.openqa.selenium.remote.HttpCommandExecutor.execute(HttpCommandExecutor.java:158)
	at org.openqa.selenium.remote.service.DriverCommandExecutor.execute(DriverCommandExecutor.java:83)
	at org.openqa.selenium.remote.RemoteWebDriver.execute(RemoteWebDriver.java:552)
	at org.openqa.selenium.remote.RemoteWebDriver.findElement(RemoteWebDriver.java:323)
	at org.openqa.selenium.remote.RemoteWebDriver.findElementByXPath(RemoteWebDriver.java:428)
	at org.openqa.selenium.By$ByXPath.findElement(By.java:353)
	at org.openqa.selenium.remote.RemoteWebDriver.findElement(RemoteWebDriver.java:315)
	at com.onbis.Pages.OneKeyLogin.loginUsingOneKeyCredentials(OneKeyLogin.java:164)
	at com.onbis.TestCases.TC05_NFPCR001_IncorporateANotForProfitCorporation.TC05_NFPCR001_IncorporateANotForProfitCorporation(TC05_NFPCR001_IncorporateANotForProfitCorporation.java:24)
	at sun.reflect.NativeMethodAccessorImpl.invoke0(Native Method)
	at sun.reflect.NativeMethodAccessorImpl.invoke(NativeMethodAccessorImpl.java:62)
	at sun.reflect.DelegatingMethodAccessorImpl.invoke(DelegatingMethodAccessorImpl.java:43)
	at java.lang.reflect.Method.invoke(Method.java:498)
	at org.testng.internal.MethodInvocationHelper.invokeMethod(MethodInvocationHelper.java:124)
	at org.testng.internal.Invoker.invokeMethod(Invoker.java:583)
	at org.testng.internal.Invoker.invokeTestMethod(Invoker.java:719)
	at org.testng.internal.Invoker.invokeTestMethods(Invoker.java:989)
	at org.testng.internal.TestMethodWorker.invokeTestMethods(TestMethodWorker.java:125)
	at org.testng.internal.TestMethodWorker.run(TestMethodWorker.java:109)
	at org.testng.TestRunner.privateRun(TestRunner.java:648)
	at org.testng.TestRunner.run(TestRunner.java:505)
	at org.testng.SuiteRunner.runTest(SuiteRunner.java:455)
	at org.testng.SuiteRunner.runSequentially(SuiteRunner.java:450)
	at org.testng.SuiteRunner.privateRun(SuiteRunner.java:415)
	at org.testng.SuiteRunner.run(SuiteRunner.java:364)
	at org.testng.SuiteRunnerWorker.runSuite(SuiteRunnerWorker.java:52)
	at org.testng.SuiteRunnerWorker.run(SuiteRunnerWorker.java:84)
	at org.testng.TestNG.runSuitesSequentially(TestNG.java:1208)
	at org.testng.TestNG.runSuitesLocally(TestNG.java:1137)
	at org.testng.TestNG.runSuites(TestNG.java:1049)
	at org.testng.TestNG.run(TestNG.java:1017)
	at com.intellij.rt.testng.IDEARemoteTestNG.run(IDEARemoteTestNG.java:66)
	at com.intellij.rt.testng.RemoteTestNGStarter.main(RemoteTestNGStarter.java:109)
</div></td></tr></table><p class="totop"><a href="#summary">back to summary</a></p><h3 id="m22">com.onbis.TestCases.TC06_EPCR001_ApplicationForEPLicenceForeignCorpWithShare#TC06_EPCR001_ApplicationForEPLicenceForeignCorpWithShare ( TC06_EPCR001_ApplicationForEPLicenceForeignCorpWithShare )</h3><table class="result"><tr class="param"><th>Parameter #1</th></tr><tr class="param stripe"><td>chrome</td></tr><tr><th>Exception</th></tr><tr><td><div class="stacktrace">org.openqa.selenium.NoSuchElementException: no such element: Unable to locate element: {&quot;method&quot;:&quot;xpath&quot;,&quot;selector&quot;:&quot;//*[@id=&quot;PsLogin&quot;]&quot;}
  (Session info: chrome=113.0.5672.127)
For documentation on this error, please visit: https://www.seleniumhq.org/exceptions/no_such_element.html
Build info: version: &apos;3.141.59&apos;, revision: &apos;e82be7d358&apos;, time: &apos;2018-11-14T08:17:03&apos;
System info: host: &apos;ON34C03188299&apos;, ip: &apos;10.61.107.181&apos;, os.name: &apos;Windows 10&apos;, os.arch: &apos;amd64&apos;, os.version: &apos;10.0&apos;, java.version: &apos;1.8.0_202&apos;
Driver info: org.openqa.selenium.chrome.ChromeDriver
Capabilities {acceptInsecureCerts: true, browserName: chrome, browserVersion: 113.0.5672.127, chrome: {chromedriverVersion: 113.0.5672.63 (0e1a4471d5ae..., userDataDir: C:\Users\MustofG\AppData\Lo...}, goog:chromeOptions: {debuggerAddress: localhost:60983}, javascriptEnabled: true, networkConnectionEnabled: false, pageLoadStrategy: normal, platform: WINDOWS, platformName: WINDOWS, proxy: Proxy(), setWindowRect: true, strictFileInteractability: false, timeouts: {implicit: 0, pageLoad: 300000, script: 30000}, unhandledPromptBehavior: dismiss and notify, webauthn:extension:credBlob: true, webauthn:extension:largeBlob: true, webauthn:extension:minPinLength: true, webauthn:extension:prf: true, webauthn:virtualAuthenticators: true}
Session ID: b854bfa7add107a052070699bbaf1444
*** Element info: {Using=xpath, value=//*[@id=&quot;PsLogin&quot;]}
	at sun.reflect.GeneratedConstructorAccessor32.newInstance(Unknown Source)
	at sun.reflect.DelegatingConstructorAccessorImpl.newInstance(DelegatingConstructorAccessorImpl.java:45)
	at java.lang.reflect.Constructor.newInstance(Constructor.java:423)
	at org.openqa.selenium.remote.http.W3CHttpResponseCodec.createException(W3CHttpResponseCodec.java:187)
	at org.openqa.selenium.remote.http.W3CHttpResponseCodec.decode(W3CHttpResponseCodec.java:122)
	at org.openqa.selenium.remote.http.W3CHttpResponseCodec.decode(W3CHttpResponseCodec.java:49)
	at org.openqa.selenium.remote.HttpCommandExecutor.execute(HttpCommandExecutor.java:158)
	at org.openqa.selenium.remote.service.DriverCommandExecutor.execute(DriverCommandExecutor.java:83)
	at org.openqa.selenium.remote.RemoteWebDriver.execute(RemoteWebDriver.java:552)
	at org.openqa.selenium.remote.RemoteWebDriver.findElement(RemoteWebDriver.java:323)
	at org.openqa.selenium.remote.RemoteWebDriver.findElementByXPath(RemoteWebDriver.java:428)
	at org.openqa.selenium.By$ByXPath.findElement(By.java:353)
	at org.openqa.selenium.remote.RemoteWebDriver.findElement(RemoteWebDriver.java:315)
	at com.onbis.Pages.OneKeyLogin.loginUsingOneKeyCredentials(OneKeyLogin.java:164)
	at com.onbis.TestCases.TC06_EPCR001_ApplicationForEPLicenceForeignCorpWithShare.TC06_EPCR001_ApplicationForEPLicenceForeignCorpWithShare(TC06_EPCR001_ApplicationForEPLicenceForeignCorpWithShare.java:25)
	at sun.reflect.NativeMethodAccessorImpl.invoke0(Native Method)
	at sun.reflect.NativeMethodAccessorImpl.invoke(NativeMethodAccessorImpl.java:62)
	at sun.reflect.DelegatingMethodAccessorImpl.invoke(DelegatingMethodAccessorImpl.java:43)
	at java.lang.reflect.Method.invoke(Method.java:498)
	at org.testng.internal.MethodInvocationHelper.invokeMethod(MethodInvocationHelper.java:124)
	at org.testng.internal.Invoker.invokeMethod(Invoker.java:583)
	at org.testng.internal.Invoker.invokeTestMethod(Invoker.java:719)
	at org.testng.internal.Invoker.invokeTestMethods(Invoker.java:989)
	at org.testng.internal.TestMethodWorker.invokeTestMethods(TestMethodWorker.java:125)
	at org.testng.internal.TestMethodWorker.run(TestMethodWorker.java:109)
	at org.testng.TestRunner.privateRun(TestRunner.java:648)
	at org.testng.TestRunner.run(TestRunner.java:505)
	at org.testng.SuiteRunner.runTest(SuiteRunner.java:455)
	at org.testng.SuiteRunner.runSequentially(SuiteRunner.java:450)
	at org.testng.SuiteRunner.privateRun(SuiteRunner.java:415)
	at org.testng.SuiteRunner.run(SuiteRunner.java:364)
	at org.testng.SuiteRunnerWorker.runSuite(SuiteRunnerWorker.java:52)
	at org.testng.SuiteRunnerWorker.run(SuiteRunnerWorker.java:84)
	at org.testng.TestNG.runSuitesSequentially(TestNG.java:1208)
	at org.testng.TestNG.runSuitesLocally(TestNG.java:1137)
	at org.testng.TestNG.runSuites(TestNG.java:1049)
	at org.testng.TestNG.run(TestNG.java:1017)
	at com.intellij.rt.testng.IDEARemoteTestNG.run(IDEARemoteTestNG.java:66)
	at com.intellij.rt.testng.RemoteTestNGStarter.main(RemoteTestNGStarter.java:109)
</div></td></tr></table><p class="totop"><a href="#summary">back to summary</a></p><h3 id="m23">com.onbis.TestCases.TC26_BCAM004_TestCasesRestateArticlesOfIncorporation#TC26_BCAM004_TestCasesRestateArticlesOfIncorporation ( TC26_BCAM004_TestCasesRestateArticlesOfIncorporation )</h3><table class="result"><tr><th>Exception</th></tr><tr><td><div class="stacktrace">org.openqa.selenium.NoSuchElementException: no such element: Unable to locate element: {&quot;method&quot;:&quot;xpath&quot;,&quot;selector&quot;:&quot;//*[@id=&quot;PsLogin&quot;]&quot;}
  (Session info: chrome=113.0.5672.127)
For documentation on this error, please visit: https://www.seleniumhq.org/exceptions/no_such_element.html
Build info: version: &apos;3.141.59&apos;, revision: &apos;e82be7d358&apos;, time: &apos;2018-11-14T08:17:03&apos;
System info: host: &apos;ON34C03188299&apos;, ip: &apos;10.61.107.181&apos;, os.name: &apos;Windows 10&apos;, os.arch: &apos;amd64&apos;, os.version: &apos;10.0&apos;, java.version: &apos;1.8.0_202&apos;
Driver info: org.openqa.selenium.chrome.ChromeDriver
Capabilities {acceptInsecureCerts: true, browserName: chrome, browserVersion: 113.0.5672.127, chrome: {chromedriverVersion: 113.0.5672.63 (0e1a4471d5ae..., userDataDir: C:\Users\MustofG\AppData\Lo...}, goog:chromeOptions: {debuggerAddress: localhost:61227}, javascriptEnabled: true, networkConnectionEnabled: false, pageLoadStrategy: normal, platform: WINDOWS, platformName: WINDOWS, proxy: Proxy(), setWindowRect: true, strictFileInteractability: false, timeouts: {implicit: 0, pageLoad: 300000, script: 30000}, unhandledPromptBehavior: dismiss and notify, webauthn:extension:credBlob: true, webauthn:extension:largeBlob: true, webauthn:extension:minPinLength: true, webauthn:extension:prf: true, webauthn:virtualAuthenticators: true}
Session ID: b13cff91bd2cde41d19bed31dba5bf19
*** Element info: {Using=xpath, value=//*[@id=&quot;PsLogin&quot;]}
	at sun.reflect.GeneratedConstructorAccessor32.newInstance(Unknown Source)
	at sun.reflect.DelegatingConstructorAccessorImpl.newInstance(DelegatingConstructorAccessorImpl.java:45)
	at java.lang.reflect.Constructor.newInstance(Constructor.java:423)
	at org.openqa.selenium.remote.http.W3CHttpResponseCodec.createException(W3CHttpResponseCodec.java:187)
	at org.openqa.selenium.remote.http.W3CHttpResponseCodec.decode(W3CHttpResponseCodec.java:122)
	at org.openqa.selenium.remote.http.W3CHttpResponseCodec.decode(W3CHttpResponseCodec.java:49)
	at org.openqa.selenium.remote.HttpCommandExecutor.execute(HttpCommandExecutor.java:158)
	at org.openqa.selenium.remote.service.DriverCommandExecutor.execute(DriverCommandExecutor.java:83)
	at org.openqa.selenium.remote.RemoteWebDriver.execute(RemoteWebDriver.java:552)
	at org.openqa.selenium.remote.RemoteWebDriver.findElement(RemoteWebDriver.java:323)
	at org.openqa.selenium.remote.RemoteWebDriver.findElementByXPath(RemoteWebDriver.java:428)
	at org.openqa.selenium.By$ByXPath.findElement(By.java:353)
	at org.openqa.selenium.remote.RemoteWebDriver.findElement(RemoteWebDriver.java:315)
	at com.onbis.Pages.OneKeyLogin.loginUsingOneKeyCredentials(OneKeyLogin.java:164)
	at com.onbis.TestCases.TC26_BCAM004_TestCasesRestateArticlesOfIncorporation.TC26_BCAM004_TestCasesRestateArticlesOfIncorporation(TC26_BCAM004_TestCasesRestateArticlesOfIncorporation.java:25)
	at sun.reflect.NativeMethodAccessorImpl.invoke0(Native Method)
	at sun.reflect.NativeMethodAccessorImpl.invoke(NativeMethodAccessorImpl.java:62)
	at sun.reflect.DelegatingMethodAccessorImpl.invoke(DelegatingMethodAccessorImpl.java:43)
	at java.lang.reflect.Method.invoke(Method.java:498)
	at org.testng.internal.MethodInvocationHelper.invokeMethod(MethodInvocationHelper.java:124)
	at org.testng.internal.Invoker.invokeMethod(Invoker.java:583)
	at org.testng.internal.Invoker.invokeTestMethod(Invoker.java:719)
	at org.testng.internal.Invoker.invokeTestMethods(Invoker.java:989)
	at org.testng.internal.TestMethodWorker.invokeTestMethods(TestMethodWorker.java:125)
	at org.testng.internal.TestMethodWorker.run(TestMethodWorker.java:109)
	at org.testng.TestRunner.privateRun(TestRunner.java:648)
	at org.testng.TestRunner.run(TestRunner.java:505)
	at org.testng.SuiteRunner.runTest(SuiteRunner.java:455)
	at org.testng.SuiteRunner.runSequentially(SuiteRunner.java:450)
	at org.testng.SuiteRunner.privateRun(SuiteRunner.java:415)
	at org.testng.SuiteRunner.run(SuiteRunner.java:364)
	at org.testng.SuiteRunnerWorker.runSuite(SuiteRunnerWorker.java:52)
	at org.testng.SuiteRunnerWorker.run(SuiteRunnerWorker.java:84)
	at org.testng.TestNG.runSuitesSequentially(TestNG.java:1208)
	at org.testng.TestNG.runSuitesLocally(TestNG.java:1137)
	at org.testng.TestNG.runSuites(TestNG.java:1049)
	at org.testng.TestNG.run(TestNG.java:1017)
	at com.intellij.rt.testng.IDEARemoteTestNG.run(IDEARemoteTestNG.java:66)
	at com.intellij.rt.testng.RemoteTestNGStarter.main(RemoteTestNGStarter.java:109)
</div></td></tr></table><p class="totop"><a href="#summary">back to summary</a></p><h3 id="m24">com.onbis.TestCases.TC27_BCAM009_TestCasesFileArticlesOfReorganization#TC27_BCAM009_TestCasesFileArticlesOfReorganization ( TC27_BCAM009_TestCasesFileArticlesOfReorganization )</h3><table class="result"><tr><th>Exception</th></tr><tr><td><div class="stacktrace">org.openqa.selenium.NoSuchElementException: no such element: Unable to locate element: {&quot;method&quot;:&quot;xpath&quot;,&quot;selector&quot;:&quot;//*[@id=&quot;PsLogin&quot;]&quot;}
  (Session info: chrome=113.0.5672.127)
For documentation on this error, please visit: https://www.seleniumhq.org/exceptions/no_such_element.html
Build info: version: &apos;3.141.59&apos;, revision: &apos;e82be7d358&apos;, time: &apos;2018-11-14T08:17:03&apos;
System info: host: &apos;ON34C03188299&apos;, ip: &apos;10.61.107.181&apos;, os.name: &apos;Windows 10&apos;, os.arch: &apos;amd64&apos;, os.version: &apos;10.0&apos;, java.version: &apos;1.8.0_202&apos;
Driver info: org.openqa.selenium.chrome.ChromeDriver
Capabilities {acceptInsecureCerts: true, browserName: chrome, browserVersion: 113.0.5672.127, chrome: {chromedriverVersion: 113.0.5672.63 (0e1a4471d5ae..., userDataDir: C:\Users\MustofG\AppData\Lo...}, goog:chromeOptions: {debuggerAddress: localhost:61443}, javascriptEnabled: true, networkConnectionEnabled: false, pageLoadStrategy: normal, platform: WINDOWS, platformName: WINDOWS, proxy: Proxy(), setWindowRect: true, strictFileInteractability: false, timeouts: {implicit: 0, pageLoad: 300000, script: 30000}, unhandledPromptBehavior: dismiss and notify, webauthn:extension:credBlob: true, webauthn:extension:largeBlob: true, webauthn:extension:minPinLength: true, webauthn:extension:prf: true, webauthn:virtualAuthenticators: true}
Session ID: 77fffc7f603faf914ab5358525be2c3d
*** Element info: {Using=xpath, value=//*[@id=&quot;PsLogin&quot;]}
	at sun.reflect.GeneratedConstructorAccessor32.newInstance(Unknown Source)
	at sun.reflect.DelegatingConstructorAccessorImpl.newInstance(DelegatingConstructorAccessorImpl.java:45)
	at java.lang.reflect.Constructor.newInstance(Constructor.java:423)
	at org.openqa.selenium.remote.http.W3CHttpResponseCodec.createException(W3CHttpResponseCodec.java:187)
	at org.openqa.selenium.remote.http.W3CHttpResponseCodec.decode(W3CHttpResponseCodec.java:122)
	at org.openqa.selenium.remote.http.W3CHttpResponseCodec.decode(W3CHttpResponseCodec.java:49)
	at org.openqa.selenium.remote.HttpCommandExecutor.execute(HttpCommandExecutor.java:158)
	at org.openqa.selenium.remote.service.DriverCommandExecutor.execute(DriverCommandExecutor.java:83)
	at org.openqa.selenium.remote.RemoteWebDriver.execute(RemoteWebDriver.java:552)
	at org.openqa.selenium.remote.RemoteWebDriver.findElement(RemoteWebDriver.java:323)
	at org.openqa.selenium.remote.RemoteWebDriver.findElementByXPath(RemoteWebDriver.java:428)
	at org.openqa.selenium.By$ByXPath.findElement(By.java:353)
	at org.openqa.selenium.remote.RemoteWebDriver.findElement(RemoteWebDriver.java:315)
	at com.onbis.Pages.OneKeyLogin.loginUsingOneKeyCredentials(OneKeyLogin.java:164)
	at com.onbis.TestCases.TC27_BCAM009_TestCasesFileArticlesOfReorganization.TC27_BCAM009_TestCasesFileArticlesOfReorganization(TC27_BCAM009_TestCasesFileArticlesOfReorganization.java:26)
	at sun.reflect.NativeMethodAccessorImpl.invoke0(Native Method)
	at sun.reflect.NativeMethodAccessorImpl.invoke(NativeMethodAccessorImpl.java:62)
	at sun.reflect.DelegatingMethodAccessorImpl.invoke(DelegatingMethodAccessorImpl.java:43)
	at java.lang.reflect.Method.invoke(Method.java:498)
	at org.testng.internal.MethodInvocationHelper.invokeMethod(MethodInvocationHelper.java:124)
	at org.testng.internal.Invoker.invokeMethod(Invoker.java:583)
	at org.testng.internal.Invoker.invokeTestMethod(Invoker.java:719)
	at org.testng.internal.Invoker.invokeTestMethods(Invoker.java:989)
	at org.testng.internal.TestMethodWorker.invokeTestMethods(TestMethodWorker.java:125)
	at org.testng.internal.TestMethodWorker.run(TestMethodWorker.java:109)
	at org.testng.TestRunner.privateRun(TestRunner.java:648)
	at org.testng.TestRunner.run(TestRunner.java:505)
	at org.testng.SuiteRunner.runTest(SuiteRunner.java:455)
	at org.testng.SuiteRunner.runSequentially(SuiteRunner.java:450)
	at org.testng.SuiteRunner.privateRun(SuiteRunner.java:415)
	at org.testng.SuiteRunner.run(SuiteRunner.java:364)
	at org.testng.SuiteRunnerWorker.runSuite(SuiteRunnerWorker.java:52)
	at org.testng.SuiteRunnerWorker.run(SuiteRunnerWorker.java:84)
	at org.testng.TestNG.runSuitesSequentially(TestNG.java:1208)
	at org.testng.TestNG.runSuitesLocally(TestNG.java:1137)
	at org.testng.TestNG.runSuites(TestNG.java:1049)
	at org.testng.TestNG.run(TestNG.java:1017)
	at com.intellij.rt.testng.IDEARemoteTestNG.run(IDEARemoteTestNG.java:66)
	at com.intellij.rt.testng.RemoteTestNGStarter.main(RemoteTestNGStarter.java:109)
</div></td></tr></table><p class="totop"><a href="#summary">back to summary</a></p><h3 id="m25">com.onbis.TestCases.TC28_BCAR003_TestCasesForAmalgamation#TC28_BCAR003_TestCasesForAmalgamation ( TC28_BCAR003_TestCasesForAmalgamation )</h3><table class="result"><tr><th>Exception</th></tr><tr><td><div class="stacktrace">org.openqa.selenium.NoSuchElementException: no such element: Unable to locate element: {&quot;method&quot;:&quot;xpath&quot;,&quot;selector&quot;:&quot;//*[@id=&quot;PsLogin&quot;]&quot;}
  (Session info: chrome=113.0.5672.127)
For documentation on this error, please visit: https://www.seleniumhq.org/exceptions/no_such_element.html
Build info: version: &apos;3.141.59&apos;, revision: &apos;e82be7d358&apos;, time: &apos;2018-11-14T08:17:03&apos;
System info: host: &apos;ON34C03188299&apos;, ip: &apos;10.61.107.181&apos;, os.name: &apos;Windows 10&apos;, os.arch: &apos;amd64&apos;, os.version: &apos;10.0&apos;, java.version: &apos;1.8.0_202&apos;
Driver info: org.openqa.selenium.chrome.ChromeDriver
Capabilities {acceptInsecureCerts: true, browserName: chrome, browserVersion: 113.0.5672.127, chrome: {chromedriverVersion: 113.0.5672.63 (0e1a4471d5ae..., userDataDir: C:\Users\MustofG\AppData\Lo...}, goog:chromeOptions: {debuggerAddress: localhost:61686}, javascriptEnabled: true, networkConnectionEnabled: false, pageLoadStrategy: normal, platform: WINDOWS, platformName: WINDOWS, proxy: Proxy(), setWindowRect: true, strictFileInteractability: false, timeouts: {implicit: 0, pageLoad: 300000, script: 30000}, unhandledPromptBehavior: dismiss and notify, webauthn:extension:credBlob: true, webauthn:extension:largeBlob: true, webauthn:extension:minPinLength: true, webauthn:extension:prf: true, webauthn:virtualAuthenticators: true}
Session ID: 2f55610a518b0c1849545d10e19e4c50
*** Element info: {Using=xpath, value=//*[@id=&quot;PsLogin&quot;]}
	at sun.reflect.GeneratedConstructorAccessor32.newInstance(Unknown Source)
	at sun.reflect.DelegatingConstructorAccessorImpl.newInstance(DelegatingConstructorAccessorImpl.java:45)
	at java.lang.reflect.Constructor.newInstance(Constructor.java:423)
	at org.openqa.selenium.remote.http.W3CHttpResponseCodec.createException(W3CHttpResponseCodec.java:187)
	at org.openqa.selenium.remote.http.W3CHttpResponseCodec.decode(W3CHttpResponseCodec.java:122)
	at org.openqa.selenium.remote.http.W3CHttpResponseCodec.decode(W3CHttpResponseCodec.java:49)
	at org.openqa.selenium.remote.HttpCommandExecutor.execute(HttpCommandExecutor.java:158)
	at org.openqa.selenium.remote.service.DriverCommandExecutor.execute(DriverCommandExecutor.java:83)
	at org.openqa.selenium.remote.RemoteWebDriver.execute(RemoteWebDriver.java:552)
	at org.openqa.selenium.remote.RemoteWebDriver.findElement(RemoteWebDriver.java:323)
	at org.openqa.selenium.remote.RemoteWebDriver.findElementByXPath(RemoteWebDriver.java:428)
	at org.openqa.selenium.By$ByXPath.findElement(By.java:353)
	at org.openqa.selenium.remote.RemoteWebDriver.findElement(RemoteWebDriver.java:315)
	at com.onbis.Pages.OneKeyLogin.loginUsingOneKeyCredentials(OneKeyLogin.java:164)
	at com.onbis.TestCases.TC28_BCAR003_TestCasesForAmalgamation.TC28_BCAR003_TestCasesForAmalgamation(TC28_BCAR003_TestCasesForAmalgamation.java:26)
	at sun.reflect.NativeMethodAccessorImpl.invoke0(Native Method)
	at sun.reflect.NativeMethodAccessorImpl.invoke(NativeMethodAccessorImpl.java:62)
	at sun.reflect.DelegatingMethodAccessorImpl.invoke(DelegatingMethodAccessorImpl.java:43)
	at java.lang.reflect.Method.invoke(Method.java:498)
	at org.testng.internal.MethodInvocationHelper.invokeMethod(MethodInvocationHelper.java:124)
	at org.testng.internal.Invoker.invokeMethod(Invoker.java:583)
	at org.testng.internal.Invoker.invokeTestMethod(Invoker.java:719)
	at org.testng.internal.Invoker.invokeTestMethods(Invoker.java:989)
	at org.testng.internal.TestMethodWorker.invokeTestMethods(TestMethodWorker.java:125)
	at org.testng.internal.TestMethodWorker.run(TestMethodWorker.java:109)
	at org.testng.TestRunner.privateRun(TestRunner.java:648)
	at org.testng.TestRunner.run(TestRunner.java:505)
	at org.testng.SuiteRunner.runTest(SuiteRunner.java:455)
	at org.testng.SuiteRunner.runSequentially(SuiteRunner.java:450)
	at org.testng.SuiteRunner.privateRun(SuiteRunner.java:415)
	at org.testng.SuiteRunner.run(SuiteRunner.java:364)
	at org.testng.SuiteRunnerWorker.runSuite(SuiteRunnerWorker.java:52)
	at org.testng.SuiteRunnerWorker.run(SuiteRunnerWorker.java:84)
	at org.testng.TestNG.runSuitesSequentially(TestNG.java:1208)
	at org.testng.TestNG.runSuitesLocally(TestNG.java:1137)
	at org.testng.TestNG.runSuites(TestNG.java:1049)
	at org.testng.TestNG.run(TestNG.java:1017)
	at com.intellij.rt.testng.IDEARemoteTestNG.run(IDEARemoteTestNG.java:66)
	at com.intellij.rt.testng.RemoteTestNGStarter.main(RemoteTestNGStarter.java:109)
</div></td></tr></table><p class="totop"><a href="#summary">back to summary</a></p><h2>Onbis-Sanity-SOAdmin-Chrome</h2><h3 id="m26">com.onbis.TestCases.TC03_OCR001_AssignAnOCN#TC03_OCR001_AssignAnOCN ( TC03_OCR001_AssignAnOCN )</h3><table class="result"><tr><th>Messages</th></tr><tr><td><div class="messages">Admin Portal build number is: 2.1.4.1 :: 2.1.4.1 :: 2023/11/27 21:51<br/>OCN name and number is: Assign an Ontario Corporation Number PX9NH17ICZG9Q3HNX TEST INC. (1000603677)</div></td></tr></table><p class="totop"><a href="#summary">back to summary</a></p><h3 id="m27">com.onbis.TestCases.TC06_07_08_CIA004_CIA005_InitialReturnForForeignCor_AnnualReturnForeignCorpWithShare#TC06_07_08_CIA004_CIA005_InitialReturnForForeignCor_AnnualReturnForeignCorpWithShare ( TC06_07_08_CIA004_CIA005_InitialReturnForForeignCor_AnnualReturnForeignCorpWithShare )</h3><table class="result"><tr class="param"><th>Parameter #1</th></tr><tr class="param stripe"><td>chrome</td></tr><tr><th>Messages</th></tr><tr><td><div class="messages">Admin Portal build number is: 2.1.4.1 :: 2.1.4.1 :: 2023/11/27 21:51<br/>Transaction Number is: APP-A10232847288<br/>Particulars of EPCA - Extra-Provincial Foreign Licence is: U72VK4OPNT3UQ9N4O5468 TEST INC. (1000603679)</div></td></tr></table><p class="totop"><a href="#summary">back to summary</a></p><h3 id="m28">com.onbis.TestCases.TC09_10_CIA001_CIA003_InitialReturnForONCorp_NoticeOfChangeForAnOntarioCorporation#TC09_10_CIA001_CIA003_InitialReturnForONCorp_NoticeOfChangeForAnOntarioCorporation ( TC09_10_CIA001_CIA003_InitialReturnForONCorp_NoticeOfChangeForAnOntarioCorporation )</h3><table class="result"><tr><th>Messages</th></tr><tr><td><div class="messages">Admin Portal build number is: 2.1.4.1 :: 2.1.4.1 :: 2023/11/27 21:51<br/>Particulars of BCA - Articles of Incorporation is :1000603678 ONTARIO CORP. (1000603678)<br/>Transaction Number is :APP-A10232846997</div></td></tr></table><p class="totop"><a href="#summary">back to summary</a></p><h2>Onbis-Regression-Partner Portal</h2><h2>Onbis-Regression-Admin Portal</h2><h2>Onbis-Regression-SOAB Portal</h2><h2>Onbis-Regression-Partner Portal-Data Creation for Renewal</h2><h2>Onbis-Regression-Partner Portal- Renewal</h2><h2>Onbis-CR Regression Test - November 2022 Release</h2><h2>Onbis-CR Regression Test - February 2023 Release</h2></body></html>