<!DOCTYPE html PUBLIC "-//W3C//DTD XHTML 1.1//EN" "http://www.w3.org/TR/xhtml11/DTD/xhtml11.dtd">
<html xmlns="http://www.w3.org/1999/xhtml"><head><title>ONBIS E2E Test Results</title><style type="text/css">@import url(https://fonts.googleapis.com/css?family=Open+Sans);

body {
    font-family: "Open Sans", sans-serif;
    margin: 0;
}

table {
    margin-left: 10%;
    margin-top: 64px;
    margin-bottom: 64px;
    border-collapse: collapse;
    empty-cells: show;
}

th, td {
    border: 1px solid #009;
    padding: .25em .5em;
    font-weight: normal;
}

/* Style the first rows of the table */
table:first-of-type tr:first-of-type,
table#summary thead tr:first-of-type,
table.result tbody tr:first-of-type {
    background-color: #b2817b; / * #666; */
    color: white;
    font-weight: lighter;
    height: 4em;
    padding-left: 1em;
    padding-right: 1em;
}

/* Hide "MoL Tests" row */
table:first-of-type tr:nth-child(2),
table#summary tbody:first-of-type tr{
    display: none;
}

table#summary tbody th {
    padding-top:32px;
    text-align: left;
    font-weight: bold;
}

table:first-of-type tr:last-of-type {
    border-top: 2px solid #979797;
    background-color: #E6E6E6;
}

td {
    vertical-align: top;
}

.stripe td {
    background-color: #EFEFEF;
}

.num {
    text-align: right;
}

.passedodd td {
    background-color: #3F3;
}

.passedeven td {
    background-color: #0A0;
}

.skippedodd td {
    background-color: #DDD;
}

.skippedeven td {
    background-color: #CCC;
}

.failedodd td {
    background-color: #F33;
}

.failedeven td, .stripe {
    background-color: #D00;
}

h2, h3 {
    margin-left: 10%;
    font-weight: normal;
}

table.result th {
    text-align: left;
}

table.result {
    margin-left: 10%;
    margin-bottom: 32px;
}

.stacktrace {
    overflow: auto;
    width: 1024px;
    white-space: pre;
    font-family: "Courier New";
}

/* back to summary */
.totop {
    font-size: 85%;
    text-align: center;
    border-bottom: 0.625rem solid #7bb29c;       /* 979797; */
    width: 80%;
    margin-left: auto;
    margin-right: auto;
    padding-bottom: 1rem;
}

#header {
    background-color: #333;
    padding: 8px 8px 8px 64px;
    color: white;
}
#header span#logo {
    padding-left:32px;
    font-size: 1.45em;
    color: #eee;
}</style></head><body><div id='header'><img src='images/logo.png' width='128px'><span id='logo'><b>ONBIS E2E Test Results</b></span></div><div id='header'> Reporting Date & Time           : 14-Jun-2024 02:16:PM</span></div><div id='header'> Test Execution Host Name &  IP  : ON34C03174383/10.61.4.229</span></div><div id='header'> Test Execution OS Name: Windows 10</span></div><div id='header'> Test Execution Java Version     : 1.8.0_281</span></div><div id='header'> Test Execution User Name        : MustofG</span></div><div id='header'> Test Execution Environment      : Stage2</span></div><table><tr><th><b><ins>Test Suite<b></ins></th><th><font color="green"><b><ins>Passed</font color><b></ins></th><th><font color="yellow"><b><ins>Skipped</font color><b></ins></th><th><font color="red"><b><ins>Failed</font color><b></ins></th><th><font color="blue"><b><ins>D:HH:MM:SS</font color><b></ins></th><th><b><ins>Included Groups<b></ins></th><th><b><ins>Excluded Groups<b></ins></th></tr><tr><th colspan="7">Onbis E2E Tests</th></tr><tr><td><a href="#t0">Onbis-Sanity-PartnerPortal-Chrome</a></td><td class="num">1</td><td class="num attn">1</td><td class="num">0</td><td class="num">0:00:05:33</td><td></td><td></td></tr><tr class="stripe"><td><a href="#t1">Onbis-Sanity-SOAB Portal-Chrome - SOAB Account Incorporate Tests </a></td><td class="num">0</td><td class="num attn">1</td><td class="num">0</td><td class="num">0:00:00:27</td><td></td><td></td></tr><tr><td><a href="#t2">Onbis-Sanity-SOAdmin-Chrome</a></td><td class="num">1</td><td class="num attn">2</td><td class="num">0</td><td class="num">0:00:07:31</td><td></td><td></td></tr><tr class="stripe"><td><a href="#t3">Onbis-Regression-Partner Portal</a></td><td class="num">0</td><td class="num">0</td><td class="num">0</td><td class="num">0:00:00:00</td><td></td><td></td></tr><tr><td><a href="#t4">Onbis-Regression-Admin Portal</a></td><td class="num">0</td><td class="num">0</td><td class="num">0</td><td class="num">0:00:00:00</td><td></td><td></td></tr><tr class="stripe"><td><a href="#t5">Onbis-Regression-SOAB Portal</a></td><td class="num">0</td><td class="num">0</td><td class="num">0</td><td class="num">0:00:00:00</td><td></td><td></td></tr><tr><td><a href="#t6">Onbis-Regression-Partner Portal-Data Creation for Renewal</a></td><td class="num">0</td><td class="num">0</td><td class="num">0</td><td class="num">0:00:00:00</td><td></td><td></td></tr><tr class="stripe"><td><a href="#t7">Onbis-Regression-Partner Portal- Renewal</a></td><td class="num">0</td><td class="num">0</td><td class="num">0</td><td class="num">0:00:00:00</td><td></td><td></td></tr><tr><td><a href="#t8">Onbis-CR Regression Test - November 2022 Release</a></td><td class="num">0</td><td class="num">0</td><td class="num">0</td><td class="num">0:00:00:00</td><td></td><td></td></tr><tr class="stripe"><td><a href="#t9">Onbis-CR Regression Test - February 2023 Release</a></td><td class="num">0</td><td class="num">0</td><td class="num">0</td><td class="num">0:00:00:00</td><td></td><td></td></tr><tr><th><b>Total :-------><b></th><th class="num">2</th><th class="num attn">4</th><th class="num">0</th><th class="num">0:00:13:32</th><th colspan="2"></th></tr></table><table><thead><tr><th><b><ins>Class Name<b></ins></th><th><b><ins>Method Name<b></ins></th><th><b><ins>Test Name<b></ins></th><th><b><ins>Test Starts<b></ins></th><th><font color="blue"><b><ins>D:HH:MM:SS</font color><b></ins></th></tr></thead><tbody><tr><th colspan="5">Onbis E2E Tests</th></tr></tbody><tbody id="t0"><tr><th colspan="5">Onbis-Sanity-PartnerPortal-Chrome &#8212; failed (configuration methods)</th></tr><tr class="failedeven"><td rowspan="1">com.onbis.TestCases.TC11_BNR002_RegisterABusinessNameForACorporation_Continues</td><td><a href="#m0">setUp</a></td><td rowspan="1">setUp</td><td rowspan="1">02:07:35 PM</td><td rowspan="1">0:00:00:20</td></tr><tr><th colspan="5">Onbis-Sanity-PartnerPortal-Chrome &#8212; skipped</th></tr><tr class="skippedeven"><td rowspan="1">com.onbis.TestCases.TC11_BNR002_RegisterABusinessNameForACorporation_Continues</td><td><a href="#m1">TC11_BNR002_RegisterABusinessNameForACorporation_Continues</a></td><td rowspan="1">TC11_BNR002_RegisterABusinessNameForACorporation_Continues</td><td rowspan="1">02:07:57 PM</td><td rowspan="1">0:00:00:00</td></tr><tr><th colspan="5">Onbis-Sanity-PartnerPortal-Chrome &#8212; passed</th></tr><tr class="passedeven"><td rowspan="1">com.onbis.TestCases.TC11_BNR002_RegisterABusinessNameForACorporation</td><td><a href="#m2">TC11_BNR002_RegisterABusinessNameForACorporation</a></td><td rowspan="1">TC11_BNR002_RegisterABusinessNameForACorporation</td><td rowspan="1">02:03:18 PM</td><td rowspan="1">0:00:04:14</td></tr></tbody><tbody id="t1"><tr><th colspan="5">Onbis-Sanity-SOAB Portal-Chrome - SOAB Account Incorporate Tests  &#8212; failed (configuration methods)</th></tr><tr class="failedeven"><td rowspan="1">com.onbis.TestCases.TC27_BCAM009_TestCasesFileArticlesOfReorganization</td><td><a href="#m3">setUp</a></td><td rowspan="1">setUp</td><td rowspan="1">02:07:57 PM</td><td rowspan="1">0:00:00:22</td></tr><tr><th colspan="5">Onbis-Sanity-SOAB Portal-Chrome - SOAB Account Incorporate Tests  &#8212; skipped</th></tr><tr class="skippedeven"><td rowspan="1">com.onbis.TestCases.TC27_BCAM009_TestCasesFileArticlesOfReorganization</td><td><a href="#m4">TC27_BCAM009_TestCasesFileArticlesOfReorganization</a></td><td rowspan="1">TC27_BCAM009_TestCasesFileArticlesOfReorganization</td><td rowspan="1">02:08:20 PM</td><td rowspan="1">0:00:00:00</td></tr></tbody><tbody id="t2"><tr><th colspan="5">Onbis-Sanity-SOAdmin-Chrome &#8212; failed (configuration methods)</th></tr><tr class="failedeven"><td rowspan="1">com.onbis.TestCases.TC06_07_08_CIA004_CIA005_InitialReturnForForeignCor_AnnualReturnForeignCorpWithShare</td><td><a href="#m5">setUp</a></td><td rowspan="1">setUp</td><td rowspan="1">02:15:38 PM</td><td rowspan="1">0:00:00:20</td></tr><tr class="failedodd"><td rowspan="1">com.onbis.TestCases.TC09_10_CIA001_CIA003_InitialReturnForONCorp_NoticeOfChangeForAnOntarioCorporation</td><td><a href="#m6">setUp</a></td><td rowspan="1">setUp</td><td rowspan="1">02:15:16 PM</td><td rowspan="1">0:00:00:21</td></tr><tr><th colspan="5">Onbis-Sanity-SOAdmin-Chrome &#8212; skipped</th></tr><tr class="skippedeven"><td rowspan="1">com.onbis.TestCases.TC06_07_08_CIA004_CIA005_InitialReturnForForeignCor_AnnualReturnForeignCorpWithShare</td><td><a href="#m7">TC06_07_08_CIA004_CIA005_InitialReturnForForeignCor_AnnualReturnForeignCorpWithShare</a></td><td rowspan="1">TC06_07_08_CIA004_CIA005_InitialReturnForForeignCor_AnnualReturnForeignCorpWithShare</td><td rowspan="1">02:15:58 PM</td><td rowspan="1">0:00:00:00</td></tr><tr class="skippedodd"><td rowspan="1">com.onbis.TestCases.TC09_10_CIA001_CIA003_InitialReturnForONCorp_NoticeOfChangeForAnOntarioCorporation</td><td><a href="#m8">TC09_10_CIA001_CIA003_InitialReturnForONCorp_NoticeOfChangeForAnOntarioCorporation</a></td><td rowspan="1">TC09_10_CIA001_CIA003_InitialReturnForONCorp_NoticeOfChangeForAnOntarioCorporation</td><td rowspan="1">02:15:37 PM</td><td rowspan="1">0:00:00:00</td></tr><tr><th colspan="5">Onbis-Sanity-SOAdmin-Chrome &#8212; passed</th></tr><tr class="passedeven"><td rowspan="1">com.onbis.TestCases.TC03_OCR001_AssignAnOCN</td><td><a href="#m9">TC03_OCR001_AssignAnOCN</a></td><td rowspan="1">TC03_OCR001_AssignAnOCN</td><td rowspan="1">02:11:18 PM</td><td rowspan="1">0:00:03:07</td></tr></tbody><tbody id="t3"></tbody><tbody id="t4"></tbody><tbody id="t5"></tbody><tbody id="t6"></tbody><tbody id="t7"></tbody><tbody id="t8"></tbody><tbody id="t9"></tbody></table><h2>Onbis-Sanity-PartnerPortal-Chrome</h2><h3 id="m0">com.onbis.TestCases.TC11_BNR002_RegisterABusinessNameForACorporation_Continues#setUp ( setUp )</h3><table class="result"><tr class="param"><th>Parameter #1</th></tr><tr class="param stripe"><td>chrome</td></tr><tr><th>Exception</th></tr><tr><td><div class="stacktrace">org.openqa.selenium.WebDriverException: Timed out waiting for driver server to start.
Build info: version: &apos;3.141.59&apos;, revision: &apos;e82be7d358&apos;, time: &apos;2018-11-14T08:17:03&apos;
System info: host: &apos;ON34C03174383&apos;, ip: &apos;10.61.4.229&apos;, os.name: &apos;Windows 10&apos;, os.arch: &apos;amd64&apos;, os.version: &apos;10.0&apos;, java.version: &apos;1.8.0_281&apos;
Driver info: driver.version: ChromeDriver
	at org.openqa.selenium.remote.service.DriverService.waitUntilAvailable(DriverService.java:202)
	at org.openqa.selenium.remote.service.DriverService.start(DriverService.java:188)
	at org.openqa.selenium.remote.service.DriverCommandExecutor.execute(DriverCommandExecutor.java:79)
	at org.openqa.selenium.remote.RemoteWebDriver.execute(RemoteWebDriver.java:552)
	at org.openqa.selenium.remote.RemoteWebDriver.startSession(RemoteWebDriver.java:213)
	at org.openqa.selenium.remote.RemoteWebDriver.&lt;init&gt;(RemoteWebDriver.java:131)
	at org.openqa.selenium.chrome.ChromeDriver.&lt;init&gt;(ChromeDriver.java:181)
	at org.openqa.selenium.chrome.ChromeDriver.&lt;init&gt;(ChromeDriver.java:168)
	at org.openqa.selenium.chrome.ChromeDriver.&lt;init&gt;(ChromeDriver.java:157)
	at com.onbis.Helper.ThreadLocalDriverFactory.lambda$setTLDriver$1(ThreadLocalDriverFactory.java:20)
	at java.lang.ThreadLocal$SuppliedThreadLocal.initialValue(ThreadLocal.java:284)
	at java.lang.ThreadLocal.setInitialValue(ThreadLocal.java:180)
	at java.lang.ThreadLocal.get(ThreadLocal.java:170)
	at com.onbis.TestCases.BaseTestSOAdmin.getDriver(BaseTestSOAdmin.java:30)
	at com.onbis.TestCases.BaseTestSOAdmin.setUp(BaseTestSOAdmin.java:46)
	at sun.reflect.NativeMethodAccessorImpl.invoke0(Native Method)
	at sun.reflect.NativeMethodAccessorImpl.invoke(NativeMethodAccessorImpl.java:62)
	at sun.reflect.DelegatingMethodAccessorImpl.invoke(DelegatingMethodAccessorImpl.java:43)
	at java.lang.reflect.Method.invoke(Method.java:498)
	at org.testng.internal.MethodInvocationHelper.invokeMethod(MethodInvocationHelper.java:124)
	at org.testng.internal.MethodInvocationHelper.invokeMethodConsideringTimeout(MethodInvocationHelper.java:59)
	at org.testng.internal.Invoker.invokeConfigurationMethod(Invoker.java:458)
	at org.testng.internal.Invoker.invokeConfigurations(Invoker.java:222)
	at org.testng.internal.Invoker.invokeMethod(Invoker.java:523)
	at org.testng.internal.Invoker.invokeTestMethod(Invoker.java:719)
	at org.testng.internal.Invoker.invokeTestMethods(Invoker.java:989)
	at org.testng.internal.TestMethodWorker.invokeTestMethods(TestMethodWorker.java:125)
	at org.testng.internal.TestMethodWorker.run(TestMethodWorker.java:109)
	at org.testng.TestRunner.privateRun(TestRunner.java:648)
	at org.testng.TestRunner.run(TestRunner.java:505)
	at org.testng.SuiteRunner.runTest(SuiteRunner.java:455)
	at org.testng.SuiteRunner.runSequentially(SuiteRunner.java:450)
	at org.testng.SuiteRunner.privateRun(SuiteRunner.java:415)
	at org.testng.SuiteRunner.run(SuiteRunner.java:364)
	at org.testng.SuiteRunnerWorker.runSuite(SuiteRunnerWorker.java:52)
	at org.testng.SuiteRunnerWorker.run(SuiteRunnerWorker.java:84)
	at org.testng.TestNG.runSuitesSequentially(TestNG.java:1208)
	at org.testng.TestNG.runSuitesLocally(TestNG.java:1137)
	at org.testng.TestNG.runSuites(TestNG.java:1049)
	at org.testng.TestNG.run(TestNG.java:1017)
	at com.intellij.rt.testng.IDEARemoteTestNG.run(IDEARemoteTestNG.java:65)
	at com.intellij.rt.testng.RemoteTestNGStarter.main(RemoteTestNGStarter.java:105)
Caused by: org.openqa.selenium.net.UrlChecker$TimeoutException: Timed out waiting for [http://localhost:12459/status] to be available after 20343 ms
	at org.openqa.selenium.net.UrlChecker.waitUntilAvailable(UrlChecker.java:100)
	at org.openqa.selenium.remote.service.DriverService.waitUntilAvailable(DriverService.java:197)
	... 41 more
Caused by: java.util.concurrent.TimeoutException
	at java.util.concurrent.FutureTask.get(FutureTask.java:205)
	at com.google.common.util.concurrent.SimpleTimeLimiter.callWithTimeout(SimpleTimeLimiter.java:156)
	at org.openqa.selenium.net.UrlChecker.waitUntilAvailable(UrlChecker.java:75)
	... 42 more
</div></td></tr></table><p class="totop"><a href="#summary">back to summary</a></p><h3 id="m1">com.onbis.TestCases.TC11_BNR002_RegisterABusinessNameForACorporation_Continues#TC11_BNR002_RegisterABusinessNameForACorporation_Continues ( TC11_BNR002_RegisterABusinessNameForACorporation_Continues )</h3><table class="result"><tr><th>Exception</th></tr><tr><td><div class="stacktrace">org.openqa.selenium.WebDriverException: Timed out waiting for driver server to start.
Build info: version: &apos;3.141.59&apos;, revision: &apos;e82be7d358&apos;, time: &apos;2018-11-14T08:17:03&apos;
System info: host: &apos;ON34C03174383&apos;, ip: &apos;10.61.4.229&apos;, os.name: &apos;Windows 10&apos;, os.arch: &apos;amd64&apos;, os.version: &apos;10.0&apos;, java.version: &apos;1.8.0_281&apos;
Driver info: driver.version: ChromeDriver
	at org.openqa.selenium.remote.service.DriverService.waitUntilAvailable(DriverService.java:202)
	at org.openqa.selenium.remote.service.DriverService.start(DriverService.java:188)
	at org.openqa.selenium.remote.service.DriverCommandExecutor.execute(DriverCommandExecutor.java:79)
	at org.openqa.selenium.remote.RemoteWebDriver.execute(RemoteWebDriver.java:552)
	at org.openqa.selenium.remote.RemoteWebDriver.startSession(RemoteWebDriver.java:213)
	at org.openqa.selenium.remote.RemoteWebDriver.&lt;init&gt;(RemoteWebDriver.java:131)
	at org.openqa.selenium.chrome.ChromeDriver.&lt;init&gt;(ChromeDriver.java:181)
	at org.openqa.selenium.chrome.ChromeDriver.&lt;init&gt;(ChromeDriver.java:168)
	at org.openqa.selenium.chrome.ChromeDriver.&lt;init&gt;(ChromeDriver.java:157)
	at com.onbis.Helper.ThreadLocalDriverFactory.lambda$setTLDriver$1(ThreadLocalDriverFactory.java:20)
	at java.lang.ThreadLocal$SuppliedThreadLocal.initialValue(ThreadLocal.java:284)
	at java.lang.ThreadLocal.setInitialValue(ThreadLocal.java:180)
	at java.lang.ThreadLocal.get(ThreadLocal.java:170)
	at com.onbis.TestCases.BaseTestSOAdmin.getDriver(BaseTestSOAdmin.java:30)
	at com.onbis.TestCases.BaseTestSOAdmin.setUp(BaseTestSOAdmin.java:46)
	at sun.reflect.NativeMethodAccessorImpl.invoke0(Native Method)
	at sun.reflect.NativeMethodAccessorImpl.invoke(NativeMethodAccessorImpl.java:62)
	at sun.reflect.DelegatingMethodAccessorImpl.invoke(DelegatingMethodAccessorImpl.java:43)
	at java.lang.reflect.Method.invoke(Method.java:498)
	at org.testng.internal.MethodInvocationHelper.invokeMethod(MethodInvocationHelper.java:124)
	at org.testng.internal.MethodInvocationHelper.invokeMethodConsideringTimeout(MethodInvocationHelper.java:59)
	at org.testng.internal.Invoker.invokeConfigurationMethod(Invoker.java:458)
	at org.testng.internal.Invoker.invokeConfigurations(Invoker.java:222)
	at org.testng.internal.Invoker.invokeMethod(Invoker.java:523)
	at org.testng.internal.Invoker.invokeTestMethod(Invoker.java:719)
	at org.testng.internal.Invoker.invokeTestMethods(Invoker.java:989)
	at org.testng.internal.TestMethodWorker.invokeTestMethods(TestMethodWorker.java:125)
	at org.testng.internal.TestMethodWorker.run(TestMethodWorker.java:109)
	at org.testng.TestRunner.privateRun(TestRunner.java:648)
	at org.testng.TestRunner.run(TestRunner.java:505)
	at org.testng.SuiteRunner.runTest(SuiteRunner.java:455)
	at org.testng.SuiteRunner.runSequentially(SuiteRunner.java:450)
	at org.testng.SuiteRunner.privateRun(SuiteRunner.java:415)
	at org.testng.SuiteRunner.run(SuiteRunner.java:364)
	at org.testng.SuiteRunnerWorker.runSuite(SuiteRunnerWorker.java:52)
	at org.testng.SuiteRunnerWorker.run(SuiteRunnerWorker.java:84)
	at org.testng.TestNG.runSuitesSequentially(TestNG.java:1208)
	at org.testng.TestNG.runSuitesLocally(TestNG.java:1137)
	at org.testng.TestNG.runSuites(TestNG.java:1049)
	at org.testng.TestNG.run(TestNG.java:1017)
	at com.intellij.rt.testng.IDEARemoteTestNG.run(IDEARemoteTestNG.java:65)
	at com.intellij.rt.testng.RemoteTestNGStarter.main(RemoteTestNGStarter.java:105)
Caused by: org.openqa.selenium.net.UrlChecker$TimeoutException: Timed out waiting for [http://localhost:12459/status] to be available after 20343 ms
	at org.openqa.selenium.net.UrlChecker.waitUntilAvailable(UrlChecker.java:100)
	at org.openqa.selenium.remote.service.DriverService.waitUntilAvailable(DriverService.java:197)
	... 41 more
Caused by: java.util.concurrent.TimeoutException
	at java.util.concurrent.FutureTask.get(FutureTask.java:205)
	at com.google.common.util.concurrent.SimpleTimeLimiter.callWithTimeout(SimpleTimeLimiter.java:156)
	at org.openqa.selenium.net.UrlChecker.waitUntilAvailable(UrlChecker.java:75)
	... 42 more
</div></td></tr></table><p class="totop"><a href="#summary">back to summary</a></p><h3 id="m2">com.onbis.TestCases.TC11_BNR002_RegisterABusinessNameForACorporation#TC11_BNR002_RegisterABusinessNameForACorporation ( TC11_BNR002_RegisterABusinessNameForACorporation )</h3><table class="result"><tr class="param"><th>Parameter #1</th></tr><tr class="param stripe"><td>chrome</td></tr><tr><th>Messages</th></tr><tr><td><div class="messages">PartnerPortal build number is: 2.1.6.1 :: 2.1.6.1 :: 2024/06/11 17:32<br/>Business name and number is: 8Z6YYO51HHD6T2NS52610 TEST INC. (1000016095)<br/>-------: &apos;Email was successfully verified! Transaction Number on email is:--&gt; : APP-A10002323975&apos; :-------</div></td></tr></table><p class="totop"><a href="#summary">back to summary</a></p><h2>Onbis-Sanity-SOAB Portal-Chrome - SOAB Account Incorporate Tests </h2><h3 id="m3">com.onbis.TestCases.TC27_BCAM009_TestCasesFileArticlesOfReorganization#setUp ( setUp )</h3><table class="result"><tr class="param"><th>Parameter #1</th></tr><tr class="param stripe"><td>chrome</td></tr><tr><th>Exception</th></tr><tr><td><div class="stacktrace">org.openqa.selenium.WebDriverException: Timed out waiting for driver server to start.
Build info: version: &apos;3.141.59&apos;, revision: &apos;e82be7d358&apos;, time: &apos;2018-11-14T08:17:03&apos;
System info: host: &apos;ON34C03174383&apos;, ip: &apos;10.61.4.229&apos;, os.name: &apos;Windows 10&apos;, os.arch: &apos;amd64&apos;, os.version: &apos;10.0&apos;, java.version: &apos;1.8.0_281&apos;
Driver info: driver.version: ChromeDriver
	at org.openqa.selenium.remote.service.DriverService.waitUntilAvailable(DriverService.java:202)
	at org.openqa.selenium.remote.service.DriverService.start(DriverService.java:188)
	at org.openqa.selenium.remote.service.DriverCommandExecutor.execute(DriverCommandExecutor.java:79)
	at org.openqa.selenium.remote.RemoteWebDriver.execute(RemoteWebDriver.java:552)
	at org.openqa.selenium.remote.RemoteWebDriver.startSession(RemoteWebDriver.java:213)
	at org.openqa.selenium.remote.RemoteWebDriver.&lt;init&gt;(RemoteWebDriver.java:131)
	at org.openqa.selenium.chrome.ChromeDriver.&lt;init&gt;(ChromeDriver.java:181)
	at org.openqa.selenium.chrome.ChromeDriver.&lt;init&gt;(ChromeDriver.java:168)
	at org.openqa.selenium.chrome.ChromeDriver.&lt;init&gt;(ChromeDriver.java:157)
	at com.onbis.Helper.ThreadLocalDriverFactory.lambda$setTLDriver$1(ThreadLocalDriverFactory.java:20)
	at java.lang.ThreadLocal$SuppliedThreadLocal.initialValue(ThreadLocal.java:284)
	at java.lang.ThreadLocal.setInitialValue(ThreadLocal.java:180)
	at java.lang.ThreadLocal.get(ThreadLocal.java:170)
	at com.onbis.TestCases.BaseTest.getDriver(BaseTest.java:27)
	at com.onbis.TestCases.BaseTest.setUp(BaseTest.java:43)
	at sun.reflect.NativeMethodAccessorImpl.invoke0(Native Method)
	at sun.reflect.NativeMethodAccessorImpl.invoke(NativeMethodAccessorImpl.java:62)
	at sun.reflect.DelegatingMethodAccessorImpl.invoke(DelegatingMethodAccessorImpl.java:43)
	at java.lang.reflect.Method.invoke(Method.java:498)
	at org.testng.internal.MethodInvocationHelper.invokeMethod(MethodInvocationHelper.java:124)
	at org.testng.internal.MethodInvocationHelper.invokeMethodConsideringTimeout(MethodInvocationHelper.java:59)
	at org.testng.internal.Invoker.invokeConfigurationMethod(Invoker.java:458)
	at org.testng.internal.Invoker.invokeConfigurations(Invoker.java:222)
	at org.testng.internal.Invoker.invokeMethod(Invoker.java:523)
	at org.testng.internal.Invoker.invokeTestMethod(Invoker.java:719)
	at org.testng.internal.Invoker.invokeTestMethods(Invoker.java:989)
	at org.testng.internal.TestMethodWorker.invokeTestMethods(TestMethodWorker.java:125)
	at org.testng.internal.TestMethodWorker.run(TestMethodWorker.java:109)
	at org.testng.TestRunner.privateRun(TestRunner.java:648)
	at org.testng.TestRunner.run(TestRunner.java:505)
	at org.testng.SuiteRunner.runTest(SuiteRunner.java:455)
	at org.testng.SuiteRunner.runSequentially(SuiteRunner.java:450)
	at org.testng.SuiteRunner.privateRun(SuiteRunner.java:415)
	at org.testng.SuiteRunner.run(SuiteRunner.java:364)
	at org.testng.SuiteRunnerWorker.runSuite(SuiteRunnerWorker.java:52)
	at org.testng.SuiteRunnerWorker.run(SuiteRunnerWorker.java:84)
	at org.testng.TestNG.runSuitesSequentially(TestNG.java:1208)
	at org.testng.TestNG.runSuitesLocally(TestNG.java:1137)
	at org.testng.TestNG.runSuites(TestNG.java:1049)
	at org.testng.TestNG.run(TestNG.java:1017)
	at com.intellij.rt.testng.IDEARemoteTestNG.run(IDEARemoteTestNG.java:65)
	at com.intellij.rt.testng.RemoteTestNGStarter.main(RemoteTestNGStarter.java:105)
Caused by: org.openqa.selenium.net.UrlChecker$TimeoutException: Timed out waiting for [http://localhost:20883/status] to be available after 20011 ms
	at org.openqa.selenium.net.UrlChecker.waitUntilAvailable(UrlChecker.java:100)
	at org.openqa.selenium.remote.service.DriverService.waitUntilAvailable(DriverService.java:197)
	... 41 more
Caused by: java.util.concurrent.TimeoutException
	at java.util.concurrent.FutureTask.get(FutureTask.java:205)
	at com.google.common.util.concurrent.SimpleTimeLimiter.callWithTimeout(SimpleTimeLimiter.java:156)
	at org.openqa.selenium.net.UrlChecker.waitUntilAvailable(UrlChecker.java:75)
	... 42 more
</div></td></tr></table><p class="totop"><a href="#summary">back to summary</a></p><h3 id="m4">com.onbis.TestCases.TC27_BCAM009_TestCasesFileArticlesOfReorganization#TC27_BCAM009_TestCasesFileArticlesOfReorganization ( TC27_BCAM009_TestCasesFileArticlesOfReorganization )</h3><table class="result"><tr><th>Exception</th></tr><tr><td><div class="stacktrace">org.openqa.selenium.WebDriverException: Timed out waiting for driver server to start.
Build info: version: &apos;3.141.59&apos;, revision: &apos;e82be7d358&apos;, time: &apos;2018-11-14T08:17:03&apos;
System info: host: &apos;ON34C03174383&apos;, ip: &apos;10.61.4.229&apos;, os.name: &apos;Windows 10&apos;, os.arch: &apos;amd64&apos;, os.version: &apos;10.0&apos;, java.version: &apos;1.8.0_281&apos;
Driver info: driver.version: ChromeDriver
	at org.openqa.selenium.remote.service.DriverService.waitUntilAvailable(DriverService.java:202)
	at org.openqa.selenium.remote.service.DriverService.start(DriverService.java:188)
	at org.openqa.selenium.remote.service.DriverCommandExecutor.execute(DriverCommandExecutor.java:79)
	at org.openqa.selenium.remote.RemoteWebDriver.execute(RemoteWebDriver.java:552)
	at org.openqa.selenium.remote.RemoteWebDriver.startSession(RemoteWebDriver.java:213)
	at org.openqa.selenium.remote.RemoteWebDriver.&lt;init&gt;(RemoteWebDriver.java:131)
	at org.openqa.selenium.chrome.ChromeDriver.&lt;init&gt;(ChromeDriver.java:181)
	at org.openqa.selenium.chrome.ChromeDriver.&lt;init&gt;(ChromeDriver.java:168)
	at org.openqa.selenium.chrome.ChromeDriver.&lt;init&gt;(ChromeDriver.java:157)
	at com.onbis.Helper.ThreadLocalDriverFactory.lambda$setTLDriver$1(ThreadLocalDriverFactory.java:20)
	at java.lang.ThreadLocal$SuppliedThreadLocal.initialValue(ThreadLocal.java:284)
	at java.lang.ThreadLocal.setInitialValue(ThreadLocal.java:180)
	at java.lang.ThreadLocal.get(ThreadLocal.java:170)
	at com.onbis.TestCases.BaseTest.getDriver(BaseTest.java:27)
	at com.onbis.TestCases.BaseTest.setUp(BaseTest.java:43)
	at sun.reflect.NativeMethodAccessorImpl.invoke0(Native Method)
	at sun.reflect.NativeMethodAccessorImpl.invoke(NativeMethodAccessorImpl.java:62)
	at sun.reflect.DelegatingMethodAccessorImpl.invoke(DelegatingMethodAccessorImpl.java:43)
	at java.lang.reflect.Method.invoke(Method.java:498)
	at org.testng.internal.MethodInvocationHelper.invokeMethod(MethodInvocationHelper.java:124)
	at org.testng.internal.MethodInvocationHelper.invokeMethodConsideringTimeout(MethodInvocationHelper.java:59)
	at org.testng.internal.Invoker.invokeConfigurationMethod(Invoker.java:458)
	at org.testng.internal.Invoker.invokeConfigurations(Invoker.java:222)
	at org.testng.internal.Invoker.invokeMethod(Invoker.java:523)
	at org.testng.internal.Invoker.invokeTestMethod(Invoker.java:719)
	at org.testng.internal.Invoker.invokeTestMethods(Invoker.java:989)
	at org.testng.internal.TestMethodWorker.invokeTestMethods(TestMethodWorker.java:125)
	at org.testng.internal.TestMethodWorker.run(TestMethodWorker.java:109)
	at org.testng.TestRunner.privateRun(TestRunner.java:648)
	at org.testng.TestRunner.run(TestRunner.java:505)
	at org.testng.SuiteRunner.runTest(SuiteRunner.java:455)
	at org.testng.SuiteRunner.runSequentially(SuiteRunner.java:450)
	at org.testng.SuiteRunner.privateRun(SuiteRunner.java:415)
	at org.testng.SuiteRunner.run(SuiteRunner.java:364)
	at org.testng.SuiteRunnerWorker.runSuite(SuiteRunnerWorker.java:52)
	at org.testng.SuiteRunnerWorker.run(SuiteRunnerWorker.java:84)
	at org.testng.TestNG.runSuitesSequentially(TestNG.java:1208)
	at org.testng.TestNG.runSuitesLocally(TestNG.java:1137)
	at org.testng.TestNG.runSuites(TestNG.java:1049)
	at org.testng.TestNG.run(TestNG.java:1017)
	at com.intellij.rt.testng.IDEARemoteTestNG.run(IDEARemoteTestNG.java:65)
	at com.intellij.rt.testng.RemoteTestNGStarter.main(RemoteTestNGStarter.java:105)
Caused by: org.openqa.selenium.net.UrlChecker$TimeoutException: Timed out waiting for [http://localhost:20883/status] to be available after 20011 ms
	at org.openqa.selenium.net.UrlChecker.waitUntilAvailable(UrlChecker.java:100)
	at org.openqa.selenium.remote.service.DriverService.waitUntilAvailable(DriverService.java:197)
	... 41 more
Caused by: java.util.concurrent.TimeoutException
	at java.util.concurrent.FutureTask.get(FutureTask.java:205)
	at com.google.common.util.concurrent.SimpleTimeLimiter.callWithTimeout(SimpleTimeLimiter.java:156)
	at org.openqa.selenium.net.UrlChecker.waitUntilAvailable(UrlChecker.java:75)
	... 42 more
</div></td></tr></table><p class="totop"><a href="#summary">back to summary</a></p><h2>Onbis-Sanity-SOAdmin-Chrome</h2><h3 id="m5">com.onbis.TestCases.TC06_07_08_CIA004_CIA005_InitialReturnForForeignCor_AnnualReturnForeignCorpWithShare#setUp ( setUp )</h3><table class="result"><tr class="param"><th>Parameter #1</th></tr><tr class="param stripe"><td>chrome</td></tr><tr><th>Exception</th></tr><tr><td><div class="stacktrace">org.openqa.selenium.WebDriverException: Timed out waiting for driver server to start.
Build info: version: &apos;3.141.59&apos;, revision: &apos;e82be7d358&apos;, time: &apos;2018-11-14T08:17:03&apos;
System info: host: &apos;ON34C03174383&apos;, ip: &apos;10.61.4.229&apos;, os.name: &apos;Windows 10&apos;, os.arch: &apos;amd64&apos;, os.version: &apos;10.0&apos;, java.version: &apos;1.8.0_281&apos;
Driver info: driver.version: ChromeDriver
	at org.openqa.selenium.remote.service.DriverService.waitUntilAvailable(DriverService.java:202)
	at org.openqa.selenium.remote.service.DriverService.start(DriverService.java:188)
	at org.openqa.selenium.remote.service.DriverCommandExecutor.execute(DriverCommandExecutor.java:79)
	at org.openqa.selenium.remote.RemoteWebDriver.execute(RemoteWebDriver.java:552)
	at org.openqa.selenium.remote.RemoteWebDriver.startSession(RemoteWebDriver.java:213)
	at org.openqa.selenium.remote.RemoteWebDriver.&lt;init&gt;(RemoteWebDriver.java:131)
	at org.openqa.selenium.chrome.ChromeDriver.&lt;init&gt;(ChromeDriver.java:181)
	at org.openqa.selenium.chrome.ChromeDriver.&lt;init&gt;(ChromeDriver.java:168)
	at org.openqa.selenium.chrome.ChromeDriver.&lt;init&gt;(ChromeDriver.java:157)
	at com.onbis.Helper.ThreadLocalDriverFactory.lambda$setTLDriver$1(ThreadLocalDriverFactory.java:20)
	at java.lang.ThreadLocal$SuppliedThreadLocal.initialValue(ThreadLocal.java:284)
	at java.lang.ThreadLocal.setInitialValue(ThreadLocal.java:180)
	at java.lang.ThreadLocal.get(ThreadLocal.java:170)
	at com.onbis.TestCases.BaseTestSOAdmin.getDriver(BaseTestSOAdmin.java:30)
	at com.onbis.TestCases.BaseTestSOAdmin.setUp(BaseTestSOAdmin.java:46)
	at sun.reflect.NativeMethodAccessorImpl.invoke0(Native Method)
	at sun.reflect.NativeMethodAccessorImpl.invoke(NativeMethodAccessorImpl.java:62)
	at sun.reflect.DelegatingMethodAccessorImpl.invoke(DelegatingMethodAccessorImpl.java:43)
	at java.lang.reflect.Method.invoke(Method.java:498)
	at org.testng.internal.MethodInvocationHelper.invokeMethod(MethodInvocationHelper.java:124)
	at org.testng.internal.MethodInvocationHelper.invokeMethodConsideringTimeout(MethodInvocationHelper.java:59)
	at org.testng.internal.Invoker.invokeConfigurationMethod(Invoker.java:458)
	at org.testng.internal.Invoker.invokeConfigurations(Invoker.java:222)
	at org.testng.internal.Invoker.invokeMethod(Invoker.java:523)
	at org.testng.internal.Invoker.invokeTestMethod(Invoker.java:719)
	at org.testng.internal.Invoker.invokeTestMethods(Invoker.java:989)
	at org.testng.internal.TestMethodWorker.invokeTestMethods(TestMethodWorker.java:125)
	at org.testng.internal.TestMethodWorker.run(TestMethodWorker.java:109)
	at org.testng.TestRunner.privateRun(TestRunner.java:648)
	at org.testng.TestRunner.run(TestRunner.java:505)
	at org.testng.SuiteRunner.runTest(SuiteRunner.java:455)
	at org.testng.SuiteRunner.runSequentially(SuiteRunner.java:450)
	at org.testng.SuiteRunner.privateRun(SuiteRunner.java:415)
	at org.testng.SuiteRunner.run(SuiteRunner.java:364)
	at org.testng.SuiteRunnerWorker.runSuite(SuiteRunnerWorker.java:52)
	at org.testng.SuiteRunnerWorker.run(SuiteRunnerWorker.java:84)
	at org.testng.TestNG.runSuitesSequentially(TestNG.java:1208)
	at org.testng.TestNG.runSuitesLocally(TestNG.java:1137)
	at org.testng.TestNG.runSuites(TestNG.java:1049)
	at org.testng.TestNG.run(TestNG.java:1017)
	at com.intellij.rt.testng.IDEARemoteTestNG.run(IDEARemoteTestNG.java:65)
	at com.intellij.rt.testng.RemoteTestNGStarter.main(RemoteTestNGStarter.java:105)
Caused by: org.openqa.selenium.net.UrlChecker$TimeoutException: Timed out waiting for [http://localhost:11510/status] to be available after 20015 ms
	at org.openqa.selenium.net.UrlChecker.waitUntilAvailable(UrlChecker.java:100)
	at org.openqa.selenium.remote.service.DriverService.waitUntilAvailable(DriverService.java:197)
	... 41 more
Caused by: java.util.concurrent.TimeoutException
	at java.util.concurrent.FutureTask.get(FutureTask.java:205)
	at com.google.common.util.concurrent.SimpleTimeLimiter.callWithTimeout(SimpleTimeLimiter.java:156)
	at org.openqa.selenium.net.UrlChecker.waitUntilAvailable(UrlChecker.java:75)
	... 42 more
</div></td></tr></table><p class="totop"><a href="#summary">back to summary</a></p><h3 id="m6">com.onbis.TestCases.TC09_10_CIA001_CIA003_InitialReturnForONCorp_NoticeOfChangeForAnOntarioCorporation#setUp ( setUp )</h3><table class="result"><tr class="param"><th>Parameter #1</th></tr><tr class="param stripe"><td>chrome</td></tr><tr><th>Exception</th></tr><tr><td><div class="stacktrace">org.openqa.selenium.WebDriverException: Timed out waiting for driver server to start.
Build info: version: &apos;3.141.59&apos;, revision: &apos;e82be7d358&apos;, time: &apos;2018-11-14T08:17:03&apos;
System info: host: &apos;ON34C03174383&apos;, ip: &apos;10.61.4.229&apos;, os.name: &apos;Windows 10&apos;, os.arch: &apos;amd64&apos;, os.version: &apos;10.0&apos;, java.version: &apos;1.8.0_281&apos;
Driver info: driver.version: ChromeDriver
	at org.openqa.selenium.remote.service.DriverService.waitUntilAvailable(DriverService.java:202)
	at org.openqa.selenium.remote.service.DriverService.start(DriverService.java:188)
	at org.openqa.selenium.remote.service.DriverCommandExecutor.execute(DriverCommandExecutor.java:79)
	at org.openqa.selenium.remote.RemoteWebDriver.execute(RemoteWebDriver.java:552)
	at org.openqa.selenium.remote.RemoteWebDriver.startSession(RemoteWebDriver.java:213)
	at org.openqa.selenium.remote.RemoteWebDriver.&lt;init&gt;(RemoteWebDriver.java:131)
	at org.openqa.selenium.chrome.ChromeDriver.&lt;init&gt;(ChromeDriver.java:181)
	at org.openqa.selenium.chrome.ChromeDriver.&lt;init&gt;(ChromeDriver.java:168)
	at org.openqa.selenium.chrome.ChromeDriver.&lt;init&gt;(ChromeDriver.java:157)
	at com.onbis.Helper.ThreadLocalDriverFactory.lambda$setTLDriver$1(ThreadLocalDriverFactory.java:20)
	at java.lang.ThreadLocal$SuppliedThreadLocal.initialValue(ThreadLocal.java:284)
	at java.lang.ThreadLocal.setInitialValue(ThreadLocal.java:180)
	at java.lang.ThreadLocal.get(ThreadLocal.java:170)
	at com.onbis.TestCases.BaseTestSOAdmin.getDriver(BaseTestSOAdmin.java:30)
	at com.onbis.TestCases.BaseTestSOAdmin.setUp(BaseTestSOAdmin.java:46)
	at sun.reflect.NativeMethodAccessorImpl.invoke0(Native Method)
	at sun.reflect.NativeMethodAccessorImpl.invoke(NativeMethodAccessorImpl.java:62)
	at sun.reflect.DelegatingMethodAccessorImpl.invoke(DelegatingMethodAccessorImpl.java:43)
	at java.lang.reflect.Method.invoke(Method.java:498)
	at org.testng.internal.MethodInvocationHelper.invokeMethod(MethodInvocationHelper.java:124)
	at org.testng.internal.MethodInvocationHelper.invokeMethodConsideringTimeout(MethodInvocationHelper.java:59)
	at org.testng.internal.Invoker.invokeConfigurationMethod(Invoker.java:458)
	at org.testng.internal.Invoker.invokeConfigurations(Invoker.java:222)
	at org.testng.internal.Invoker.invokeMethod(Invoker.java:523)
	at org.testng.internal.Invoker.invokeTestMethod(Invoker.java:719)
	at org.testng.internal.Invoker.invokeTestMethods(Invoker.java:989)
	at org.testng.internal.TestMethodWorker.invokeTestMethods(TestMethodWorker.java:125)
	at org.testng.internal.TestMethodWorker.run(TestMethodWorker.java:109)
	at org.testng.TestRunner.privateRun(TestRunner.java:648)
	at org.testng.TestRunner.run(TestRunner.java:505)
	at org.testng.SuiteRunner.runTest(SuiteRunner.java:455)
	at org.testng.SuiteRunner.runSequentially(SuiteRunner.java:450)
	at org.testng.SuiteRunner.privateRun(SuiteRunner.java:415)
	at org.testng.SuiteRunner.run(SuiteRunner.java:364)
	at org.testng.SuiteRunnerWorker.runSuite(SuiteRunnerWorker.java:52)
	at org.testng.SuiteRunnerWorker.run(SuiteRunnerWorker.java:84)
	at org.testng.TestNG.runSuitesSequentially(TestNG.java:1208)
	at org.testng.TestNG.runSuitesLocally(TestNG.java:1137)
	at org.testng.TestNG.runSuites(TestNG.java:1049)
	at org.testng.TestNG.run(TestNG.java:1017)
	at com.intellij.rt.testng.IDEARemoteTestNG.run(IDEARemoteTestNG.java:65)
	at com.intellij.rt.testng.RemoteTestNGStarter.main(RemoteTestNGStarter.java:105)
Caused by: org.openqa.selenium.net.UrlChecker$TimeoutException: Timed out waiting for [http://localhost:33010/status] to be available after 20009 ms
	at org.openqa.selenium.net.UrlChecker.waitUntilAvailable(UrlChecker.java:100)
	at org.openqa.selenium.remote.service.DriverService.waitUntilAvailable(DriverService.java:197)
	... 41 more
Caused by: java.util.concurrent.TimeoutException
	at java.util.concurrent.FutureTask.get(FutureTask.java:205)
	at com.google.common.util.concurrent.SimpleTimeLimiter.callWithTimeout(SimpleTimeLimiter.java:156)
	at org.openqa.selenium.net.UrlChecker.waitUntilAvailable(UrlChecker.java:75)
	... 42 more
</div></td></tr></table><p class="totop"><a href="#summary">back to summary</a></p><h3 id="m7">com.onbis.TestCases.TC06_07_08_CIA004_CIA005_InitialReturnForForeignCor_AnnualReturnForeignCorpWithShare#TC06_07_08_CIA004_CIA005_InitialReturnForForeignCor_AnnualReturnForeignCorpWithShare ( TC06_07_08_CIA004_CIA005_InitialReturnForForeignCor_AnnualReturnForeignCorpWithShare )</h3><table class="result"><tr><th>Exception</th></tr><tr><td><div class="stacktrace">org.openqa.selenium.WebDriverException: Timed out waiting for driver server to start.
Build info: version: &apos;3.141.59&apos;, revision: &apos;e82be7d358&apos;, time: &apos;2018-11-14T08:17:03&apos;
System info: host: &apos;ON34C03174383&apos;, ip: &apos;10.61.4.229&apos;, os.name: &apos;Windows 10&apos;, os.arch: &apos;amd64&apos;, os.version: &apos;10.0&apos;, java.version: &apos;1.8.0_281&apos;
Driver info: driver.version: ChromeDriver
	at org.openqa.selenium.remote.service.DriverService.waitUntilAvailable(DriverService.java:202)
	at org.openqa.selenium.remote.service.DriverService.start(DriverService.java:188)
	at org.openqa.selenium.remote.service.DriverCommandExecutor.execute(DriverCommandExecutor.java:79)
	at org.openqa.selenium.remote.RemoteWebDriver.execute(RemoteWebDriver.java:552)
	at org.openqa.selenium.remote.RemoteWebDriver.startSession(RemoteWebDriver.java:213)
	at org.openqa.selenium.remote.RemoteWebDriver.&lt;init&gt;(RemoteWebDriver.java:131)
	at org.openqa.selenium.chrome.ChromeDriver.&lt;init&gt;(ChromeDriver.java:181)
	at org.openqa.selenium.chrome.ChromeDriver.&lt;init&gt;(ChromeDriver.java:168)
	at org.openqa.selenium.chrome.ChromeDriver.&lt;init&gt;(ChromeDriver.java:157)
	at com.onbis.Helper.ThreadLocalDriverFactory.lambda$setTLDriver$1(ThreadLocalDriverFactory.java:20)
	at java.lang.ThreadLocal$SuppliedThreadLocal.initialValue(ThreadLocal.java:284)
	at java.lang.ThreadLocal.setInitialValue(ThreadLocal.java:180)
	at java.lang.ThreadLocal.get(ThreadLocal.java:170)
	at com.onbis.TestCases.BaseTestSOAdmin.getDriver(BaseTestSOAdmin.java:30)
	at com.onbis.TestCases.BaseTestSOAdmin.setUp(BaseTestSOAdmin.java:46)
	at sun.reflect.NativeMethodAccessorImpl.invoke0(Native Method)
	at sun.reflect.NativeMethodAccessorImpl.invoke(NativeMethodAccessorImpl.java:62)
	at sun.reflect.DelegatingMethodAccessorImpl.invoke(DelegatingMethodAccessorImpl.java:43)
	at java.lang.reflect.Method.invoke(Method.java:498)
	at org.testng.internal.MethodInvocationHelper.invokeMethod(MethodInvocationHelper.java:124)
	at org.testng.internal.MethodInvocationHelper.invokeMethodConsideringTimeout(MethodInvocationHelper.java:59)
	at org.testng.internal.Invoker.invokeConfigurationMethod(Invoker.java:458)
	at org.testng.internal.Invoker.invokeConfigurations(Invoker.java:222)
	at org.testng.internal.Invoker.invokeMethod(Invoker.java:523)
	at org.testng.internal.Invoker.invokeTestMethod(Invoker.java:719)
	at org.testng.internal.Invoker.invokeTestMethods(Invoker.java:989)
	at org.testng.internal.TestMethodWorker.invokeTestMethods(TestMethodWorker.java:125)
	at org.testng.internal.TestMethodWorker.run(TestMethodWorker.java:109)
	at org.testng.TestRunner.privateRun(TestRunner.java:648)
	at org.testng.TestRunner.run(TestRunner.java:505)
	at org.testng.SuiteRunner.runTest(SuiteRunner.java:455)
	at org.testng.SuiteRunner.runSequentially(SuiteRunner.java:450)
	at org.testng.SuiteRunner.privateRun(SuiteRunner.java:415)
	at org.testng.SuiteRunner.run(SuiteRunner.java:364)
	at org.testng.SuiteRunnerWorker.runSuite(SuiteRunnerWorker.java:52)
	at org.testng.SuiteRunnerWorker.run(SuiteRunnerWorker.java:84)
	at org.testng.TestNG.runSuitesSequentially(TestNG.java:1208)
	at org.testng.TestNG.runSuitesLocally(TestNG.java:1137)
	at org.testng.TestNG.runSuites(TestNG.java:1049)
	at org.testng.TestNG.run(TestNG.java:1017)
	at com.intellij.rt.testng.IDEARemoteTestNG.run(IDEARemoteTestNG.java:65)
	at com.intellij.rt.testng.RemoteTestNGStarter.main(RemoteTestNGStarter.java:105)
Caused by: org.openqa.selenium.net.UrlChecker$TimeoutException: Timed out waiting for [http://localhost:11510/status] to be available after 20015 ms
	at org.openqa.selenium.net.UrlChecker.waitUntilAvailable(UrlChecker.java:100)
	at org.openqa.selenium.remote.service.DriverService.waitUntilAvailable(DriverService.java:197)
	... 41 more
Caused by: java.util.concurrent.TimeoutException
	at java.util.concurrent.FutureTask.get(FutureTask.java:205)
	at com.google.common.util.concurrent.SimpleTimeLimiter.callWithTimeout(SimpleTimeLimiter.java:156)
	at org.openqa.selenium.net.UrlChecker.waitUntilAvailable(UrlChecker.java:75)
	... 42 more
</div></td></tr></table><p class="totop"><a href="#summary">back to summary</a></p><h3 id="m8">com.onbis.TestCases.TC09_10_CIA001_CIA003_InitialReturnForONCorp_NoticeOfChangeForAnOntarioCorporation#TC09_10_CIA001_CIA003_InitialReturnForONCorp_NoticeOfChangeForAnOntarioCorporation ( TC09_10_CIA001_CIA003_InitialReturnForONCorp_NoticeOfChangeForAnOntarioCorporation )</h3><table class="result"><tr><th>Exception</th></tr><tr><td><div class="stacktrace">org.openqa.selenium.WebDriverException: Timed out waiting for driver server to start.
Build info: version: &apos;3.141.59&apos;, revision: &apos;e82be7d358&apos;, time: &apos;2018-11-14T08:17:03&apos;
System info: host: &apos;ON34C03174383&apos;, ip: &apos;10.61.4.229&apos;, os.name: &apos;Windows 10&apos;, os.arch: &apos;amd64&apos;, os.version: &apos;10.0&apos;, java.version: &apos;1.8.0_281&apos;
Driver info: driver.version: ChromeDriver
	at org.openqa.selenium.remote.service.DriverService.waitUntilAvailable(DriverService.java:202)
	at org.openqa.selenium.remote.service.DriverService.start(DriverService.java:188)
	at org.openqa.selenium.remote.service.DriverCommandExecutor.execute(DriverCommandExecutor.java:79)
	at org.openqa.selenium.remote.RemoteWebDriver.execute(RemoteWebDriver.java:552)
	at org.openqa.selenium.remote.RemoteWebDriver.startSession(RemoteWebDriver.java:213)
	at org.openqa.selenium.remote.RemoteWebDriver.&lt;init&gt;(RemoteWebDriver.java:131)
	at org.openqa.selenium.chrome.ChromeDriver.&lt;init&gt;(ChromeDriver.java:181)
	at org.openqa.selenium.chrome.ChromeDriver.&lt;init&gt;(ChromeDriver.java:168)
	at org.openqa.selenium.chrome.ChromeDriver.&lt;init&gt;(ChromeDriver.java:157)
	at com.onbis.Helper.ThreadLocalDriverFactory.lambda$setTLDriver$1(ThreadLocalDriverFactory.java:20)
	at java.lang.ThreadLocal$SuppliedThreadLocal.initialValue(ThreadLocal.java:284)
	at java.lang.ThreadLocal.setInitialValue(ThreadLocal.java:180)
	at java.lang.ThreadLocal.get(ThreadLocal.java:170)
	at com.onbis.TestCases.BaseTestSOAdmin.getDriver(BaseTestSOAdmin.java:30)
	at com.onbis.TestCases.BaseTestSOAdmin.setUp(BaseTestSOAdmin.java:46)
	at sun.reflect.NativeMethodAccessorImpl.invoke0(Native Method)
	at sun.reflect.NativeMethodAccessorImpl.invoke(NativeMethodAccessorImpl.java:62)
	at sun.reflect.DelegatingMethodAccessorImpl.invoke(DelegatingMethodAccessorImpl.java:43)
	at java.lang.reflect.Method.invoke(Method.java:498)
	at org.testng.internal.MethodInvocationHelper.invokeMethod(MethodInvocationHelper.java:124)
	at org.testng.internal.MethodInvocationHelper.invokeMethodConsideringTimeout(MethodInvocationHelper.java:59)
	at org.testng.internal.Invoker.invokeConfigurationMethod(Invoker.java:458)
	at org.testng.internal.Invoker.invokeConfigurations(Invoker.java:222)
	at org.testng.internal.Invoker.invokeMethod(Invoker.java:523)
	at org.testng.internal.Invoker.invokeTestMethod(Invoker.java:719)
	at org.testng.internal.Invoker.invokeTestMethods(Invoker.java:989)
	at org.testng.internal.TestMethodWorker.invokeTestMethods(TestMethodWorker.java:125)
	at org.testng.internal.TestMethodWorker.run(TestMethodWorker.java:109)
	at org.testng.TestRunner.privateRun(TestRunner.java:648)
	at org.testng.TestRunner.run(TestRunner.java:505)
	at org.testng.SuiteRunner.runTest(SuiteRunner.java:455)
	at org.testng.SuiteRunner.runSequentially(SuiteRunner.java:450)
	at org.testng.SuiteRunner.privateRun(SuiteRunner.java:415)
	at org.testng.SuiteRunner.run(SuiteRunner.java:364)
	at org.testng.SuiteRunnerWorker.runSuite(SuiteRunnerWorker.java:52)
	at org.testng.SuiteRunnerWorker.run(SuiteRunnerWorker.java:84)
	at org.testng.TestNG.runSuitesSequentially(TestNG.java:1208)
	at org.testng.TestNG.runSuitesLocally(TestNG.java:1137)
	at org.testng.TestNG.runSuites(TestNG.java:1049)
	at org.testng.TestNG.run(TestNG.java:1017)
	at com.intellij.rt.testng.IDEARemoteTestNG.run(IDEARemoteTestNG.java:65)
	at com.intellij.rt.testng.RemoteTestNGStarter.main(RemoteTestNGStarter.java:105)
Caused by: org.openqa.selenium.net.UrlChecker$TimeoutException: Timed out waiting for [http://localhost:33010/status] to be available after 20009 ms
	at org.openqa.selenium.net.UrlChecker.waitUntilAvailable(UrlChecker.java:100)
	at org.openqa.selenium.remote.service.DriverService.waitUntilAvailable(DriverService.java:197)
	... 41 more
Caused by: java.util.concurrent.TimeoutException
	at java.util.concurrent.FutureTask.get(FutureTask.java:205)
	at com.google.common.util.concurrent.SimpleTimeLimiter.callWithTimeout(SimpleTimeLimiter.java:156)
	at org.openqa.selenium.net.UrlChecker.waitUntilAvailable(UrlChecker.java:75)
	... 42 more
</div></td></tr></table><p class="totop"><a href="#summary">back to summary</a></p><h3 id="m9">com.onbis.TestCases.TC03_OCR001_AssignAnOCN#TC03_OCR001_AssignAnOCN ( TC03_OCR001_AssignAnOCN )</h3><table class="result"><tr><th>Messages</th></tr><tr><td><div class="messages">Admin Portal build number is: 2.1.6.1 :: 2.1.6.1 :: 2024/06/11 17:32<br/>OCN name and number is: 4F192HFIH32F56B0V TEST INC.</div></td></tr></table><p class="totop"><a href="#summary">back to summary</a></p><h2>Onbis-Regression-Partner Portal</h2><h2>Onbis-Regression-Admin Portal</h2><h2>Onbis-Regression-SOAB Portal</h2><h2>Onbis-Regression-Partner Portal-Data Creation for Renewal</h2><h2>Onbis-Regression-Partner Portal- Renewal</h2><h2>Onbis-CR Regression Test - November 2022 Release</h2><h2>Onbis-CR Regression Test - February 2023 Release</h2></body></html>