<!DOCTYPE html PUBLIC "-//W3C//DTD XHTML 1.1//EN" "http://www.w3.org/TR/xhtml11/DTD/xhtml11.dtd">
<html xmlns="http://www.w3.org/1999/xhtml"><head><title>ONBIS E2E Test Results</title><style type="text/css">@import url(https://fonts.googleapis.com/css?family=Open+Sans);

body {
    font-family: "Open Sans", sans-serif;
    margin: 0;
}

table {
    margin-left: 10%;
    margin-top: 64px;
    margin-bottom: 64px;
    border-collapse: collapse;
    empty-cells: show;
}

th, td {
    border: 1px solid #009;
    padding: .25em .5em;
    font-weight: normal;
}

/* Style the first rows of the table */
table:first-of-type tr:first-of-type,
table#summary thead tr:first-of-type,
table.result tbody tr:first-of-type {
    background-color: #b2817b; / * #666; */
    color: white;
    font-weight: lighter;
    height: 4em;
    padding-left: 1em;
    padding-right: 1em;
}

/* Hide "MoL Tests" row */
table:first-of-type tr:nth-child(2),
table#summary tbody:first-of-type tr{
    display: none;
}

table#summary tbody th {
    padding-top:32px;
    text-align: left;
    font-weight: bold;
}

table:first-of-type tr:last-of-type {
    border-top: 2px solid #979797;
    background-color: #E6E6E6;
}

td {
    vertical-align: top;
}

.stripe td {
    background-color: #EFEFEF;
}

.num {
    text-align: right;
}

.passedodd td {
    background-color: #3F3;
}

.passedeven td {
    background-color: #0A0;
}

.skippedodd td {
    background-color: #DDD;
}

.skippedeven td {
    background-color: #CCC;
}

.failedodd td {
    background-color: #F33;
}

.failedeven td, .stripe {
    background-color: #D00;
}

h2, h3 {
    margin-left: 10%;
    font-weight: normal;
}

table.result th {
    text-align: left;
}

table.result {
    margin-left: 10%;
    margin-bottom: 32px;
}

.stacktrace {
    overflow: auto;
    width: 1024px;
    white-space: pre;
    font-family: "Courier New";
}

/* back to summary */
.totop {
    font-size: 85%;
    text-align: center;
    border-bottom: 0.625rem solid #7bb29c;       /* 979797; */
    width: 80%;
    margin-left: auto;
    margin-right: auto;
    padding-bottom: 1rem;
}

#header {
    background-color: #333;
    padding: 8px 8px 8px 64px;
    color: white;
}
#header span#logo {
    padding-left:32px;
    font-size: 1.45em;
    color: #eee;
}</style></head><body><div id='header'><img src='images/logo.png' width='128px'><span id='logo'><b>ONBIS E2E Test Results</b></span></div><div id='header'> Reporting Date & Time           : 19-Jan-2024 10:41:PM</span></div><div id='header'> Test Execution Host Name &  IP  : ON34C03188299/10.61.59.23</span></div><div id='header'> Test Execution OS Name: Windows 10</span></div><div id='header'> Test Execution Java Version     : 1.8.0_202</span></div><div id='header'> Test Execution User Name        : MustofG</span></div><div id='header'> Test Execution Environment      : Stage2</span></div><table><tr><th><b><ins>Test Suite<b></ins></th><th><font color="green"><b><ins>Passed</font color><b></ins></th><th><font color="yellow"><b><ins>Skipped</font color><b></ins></th><th><font color="red"><b><ins>Failed</font color><b></ins></th><th><font color="blue"><b><ins>D:HH:MM:SS</font color><b></ins></th><th><b><ins>Included Groups<b></ins></th><th><b><ins>Excluded Groups<b></ins></th></tr><tr><th colspan="7">Onbis E2E Tests</th></tr><tr><td><a href="#t0">Onbis-Sanity-PartnerPortal-Chrome</a></td><td class="num">0</td><td class="num">0</td><td class="num">0</td><td class="num">0:00:00:00</td><td></td><td></td></tr><tr class="stripe"><td><a href="#t1">Onbis-Sanity-SOAB Portal-Chrome - SOAB Account Incorporate Tests </a></td><td class="num">7</td><td class="num">0</td><td class="num attn">2</td><td class="num">0:00:21:30</td><td></td><td></td></tr><tr><td><a href="#t2">Onbis-Sanity-SOAdmin-Chrome</a></td><td class="num">0</td><td class="num">0</td><td class="num">0</td><td class="num">0:00:00:00</td><td></td><td></td></tr><tr class="stripe"><td><a href="#t3">Onbis-Regression-Partner Portal</a></td><td class="num">0</td><td class="num">0</td><td class="num">0</td><td class="num">0:00:00:00</td><td></td><td></td></tr><tr><td><a href="#t4">Onbis-Regression-Admin Portal</a></td><td class="num">0</td><td class="num">0</td><td class="num">0</td><td class="num">0:00:00:00</td><td></td><td></td></tr><tr class="stripe"><td><a href="#t5">Onbis-Regression-SOAB Portal</a></td><td class="num">0</td><td class="num">0</td><td class="num">0</td><td class="num">0:00:00:00</td><td></td><td></td></tr><tr><td><a href="#t6">Onbis-Regression-Partner Portal-Data Creation for Renewal</a></td><td class="num">0</td><td class="num">0</td><td class="num">0</td><td class="num">0:00:00:00</td><td></td><td></td></tr><tr class="stripe"><td><a href="#t7">Onbis-Regression-Partner Portal- Renewal</a></td><td class="num">0</td><td class="num">0</td><td class="num">0</td><td class="num">0:00:00:00</td><td></td><td></td></tr><tr><td><a href="#t8">Onbis-CR Regression Test - November 2022 Release</a></td><td class="num">0</td><td class="num">0</td><td class="num">0</td><td class="num">0:00:00:00</td><td></td><td></td></tr><tr class="stripe"><td><a href="#t9">Onbis-CR Regression Test - February 2023 Release</a></td><td class="num">0</td><td class="num">0</td><td class="num">0</td><td class="num">0:00:00:00</td><td></td><td></td></tr><tr><th><b>Total :-------><b></th><th class="num">7</th><th class="num">0</th><th class="num attn">2</th><th class="num">0:00:21:30</th><th colspan="2"></th></tr></table><table><thead><tr><th><b><ins>Class Name<b></ins></th><th><b><ins>Method Name<b></ins></th><th><b><ins>Test Name<b></ins></th><th><b><ins>Test Starts<b></ins></th><th><font color="blue"><b><ins>D:HH:MM:SS</font color><b></ins></th></tr></thead><tbody><tr><th colspan="5">Onbis E2E Tests</th></tr></tbody><tbody id="t0"></tbody><tbody id="t1"><tr><th colspan="5">Onbis-Sanity-SOAB Portal-Chrome - SOAB Account Incorporate Tests  &#8212; failed</th></tr><tr class="failedeven"><td rowspan="1">com.onbis.TestCases.TC02_BCAR001_TestCasesForIncorportateName</td><td><a href="#m0">TC02_BCAR001_TestCasesForIncorportateName</a></td><td rowspan="1">TC02_BCAR001_TestCasesForIncorportateName</td><td rowspan="1">10:22:27 PM</td><td rowspan="1">0:00:01:17</td></tr><tr class="failedodd"><td rowspan="1">com.onbis.TestCases.TC06_EPCR001_ApplicationForEPLicenceForeignCorpWithShare</td><td><a href="#m1">TC06_EPCR001_ApplicationForEPLicenceForeignCorpWithShare</a></td><td rowspan="1">TC06_EPCR001_ApplicationForEPLicenceForeignCorpWithShare</td><td rowspan="1">10:29:53 PM</td><td rowspan="1">0:00:01:49</td></tr><tr><th colspan="5">Onbis-Sanity-SOAB Portal-Chrome - SOAB Account Incorporate Tests  &#8212; passed</th></tr><tr class="passedeven"><td rowspan="1">com.onbis.TestCases.TC01_BCAR001_TestCasesAddProfileForIncorportatNumber</td><td><a href="#m2">TC01_BCAR001_TestCasesAddProfileForIncorportatNumber</a></td><td rowspan="1">TC01_BCAR001_TestCasesAddProfileForIncorportatNumber</td><td rowspan="1">10:20:38 PM</td><td rowspan="1">0:00:01:47</td></tr><tr class="passedodd"><td rowspan="1">com.onbis.TestCases.TC01_BCAR001_TestCasesForIncorportatDeleteAProfile</td><td><a href="#m3">TC01_BCAR001_TestCasesForIncorportatDeleteAProfile</a></td><td rowspan="1">TC01_BCAR001_TestCasesForIncorportatDeleteAProfile</td><td rowspan="1">10:20:03 PM</td><td rowspan="1">0:00:00:31</td></tr><tr class="passedeven"><td rowspan="1">com.onbis.TestCases.TC04_BCAR005_TestCasesForContinuanceCreate</td><td><a href="#m4">TC04_BCAR005_TestCasesForContinuanceCreate</a></td><td rowspan="1">TC04_BCAR005_TestCasesForContinuanceCreate</td><td rowspan="1">10:23:52 PM</td><td rowspan="1">0:00:03:18</td></tr><tr class="passedodd"><td rowspan="1">com.onbis.TestCases.TC05_NFPCR001_IncorporateANotForProfitCorporation</td><td><a href="#m5">TC05_NFPCR001_IncorporateANotForProfitCorporation</a></td><td rowspan="1">TC05_NFPCR001_IncorporateANotForProfitCorporation</td><td rowspan="1">10:27:12 PM</td><td rowspan="1">0:00:02:34</td></tr><tr class="passedeven"><td rowspan="1">com.onbis.TestCases.TC26_BCAM004_TestCasesRestateArticlesOfIncorporation</td><td><a href="#m6">TC26_BCAM004_TestCasesRestateArticlesOfIncorporation</a></td><td rowspan="1">TC26_BCAM004_TestCasesRestateArticlesOfIncorporation</td><td rowspan="1">10:31:54 PM</td><td rowspan="1">0:00:02:36</td></tr><tr class="passedodd"><td rowspan="1">com.onbis.TestCases.TC27_BCAM009_TestCasesFileArticlesOfReorganization</td><td><a href="#m7">TC27_BCAM009_TestCasesFileArticlesOfReorganization</a></td><td rowspan="1">TC27_BCAM009_TestCasesFileArticlesOfReorganization</td><td rowspan="1">10:34:36 PM</td><td rowspan="1">0:00:02:35</td></tr><tr class="passedeven"><td rowspan="1">com.onbis.TestCases.TC28_BCAR003_TestCasesForAmalgamation</td><td><a href="#m8">TC28_BCAR003_TestCasesForAmalgamation</a></td><td rowspan="1">TC28_BCAR003_TestCasesForAmalgamation</td><td rowspan="1">10:37:16 PM</td><td rowspan="1">0:00:04:13</td></tr></tbody><tbody id="t2"></tbody><tbody id="t3"></tbody><tbody id="t4"></tbody><tbody id="t5"></tbody><tbody id="t6"></tbody><tbody id="t7"></tbody><tbody id="t8"></tbody><tbody id="t9"></tbody></table><h2>Onbis-Sanity-PartnerPortal-Chrome</h2><h2>Onbis-Sanity-SOAB Portal-Chrome - SOAB Account Incorporate Tests </h2><h3 id="m0">com.onbis.TestCases.TC02_BCAR001_TestCasesForIncorportateName#TC02_BCAR001_TestCasesForIncorportateName ( TC02_BCAR001_TestCasesForIncorportateName )</h3><table class="result"><tr class="param"><th>Parameter #1</th></tr><tr class="param stripe"><td>chrome</td></tr><tr><th>Exception</th></tr><tr><td><div class="stacktrace">org.openqa.selenium.StaleElementReferenceException: stale element reference: stale element not found
  (Session info: chrome=113.0.5672.127)
For documentation on this error, please visit: https://www.seleniumhq.org/exceptions/stale_element_reference.html
Build info: version: &apos;3.141.59&apos;, revision: &apos;e82be7d358&apos;, time: &apos;2018-11-14T08:17:03&apos;
System info: host: &apos;ON34C03188299&apos;, ip: &apos;10.61.59.23&apos;, os.name: &apos;Windows 10&apos;, os.arch: &apos;amd64&apos;, os.version: &apos;10.0&apos;, java.version: &apos;1.8.0_202&apos;
Driver info: org.openqa.selenium.chrome.ChromeDriver
Capabilities {acceptInsecureCerts: true, browserName: chrome, browserVersion: 113.0.5672.127, chrome: {chromedriverVersion: 113.0.5672.63 (0e1a4471d5ae..., userDataDir: C:\Users\MustofG\AppData\Lo...}, goog:chromeOptions: {debuggerAddress: localhost:64647}, javascriptEnabled: true, networkConnectionEnabled: false, pageLoadStrategy: normal, platform: WINDOWS, platformName: WINDOWS, proxy: Proxy(), setWindowRect: true, strictFileInteractability: false, timeouts: {implicit: 0, pageLoad: 300000, script: 30000}, unhandledPromptBehavior: dismiss and notify, webauthn:extension:credBlob: true, webauthn:extension:largeBlob: true, webauthn:extension:minPinLength: true, webauthn:extension:prf: true, webauthn:virtualAuthenticators: true}
Session ID: efad3b3a31ecdfb878606f37dcad0926
	at sun.reflect.NativeConstructorAccessorImpl.newInstance0(Native Method)
	at sun.reflect.NativeConstructorAccessorImpl.newInstance(NativeConstructorAccessorImpl.java:62)
	at sun.reflect.DelegatingConstructorAccessorImpl.newInstance(DelegatingConstructorAccessorImpl.java:45)
	at java.lang.reflect.Constructor.newInstance(Constructor.java:423)
	at org.openqa.selenium.remote.http.W3CHttpResponseCodec.createException(W3CHttpResponseCodec.java:187)
	at org.openqa.selenium.remote.http.W3CHttpResponseCodec.decode(W3CHttpResponseCodec.java:122)
	at org.openqa.selenium.remote.http.W3CHttpResponseCodec.decode(W3CHttpResponseCodec.java:49)
	at org.openqa.selenium.remote.HttpCommandExecutor.execute(HttpCommandExecutor.java:158)
	at org.openqa.selenium.remote.service.DriverCommandExecutor.execute(DriverCommandExecutor.java:83)
	at org.openqa.selenium.remote.RemoteWebDriver.execute(RemoteWebDriver.java:552)
	at org.openqa.selenium.remote.RemoteWebElement.execute(RemoteWebElement.java:285)
	at org.openqa.selenium.remote.RemoteWebElement.isDisplayed(RemoteWebElement.java:326)
	at sun.reflect.GeneratedMethodAccessor2.invoke(Unknown Source)
	at sun.reflect.DelegatingMethodAccessorImpl.invoke(DelegatingMethodAccessorImpl.java:43)
	at java.lang.reflect.Method.invoke(Method.java:498)
	at org.openqa.selenium.support.pagefactory.internal.LocatingElementHandler.invoke(LocatingElementHandler.java:51)
	at com.sun.proxy.$Proxy25.isDisplayed(Unknown Source)
	at com.onbis.Helper.HelperMethods.fluentWaitAndCheckVisible(HelperMethods.java:72)
	at com.onbis.Pages.SOIncorporateOntarioBusinessCorporationPage.completeCorporationWithNameAndSave(SOIncorporateOntarioBusinessCorporationPage.java:2491)
	at com.onbis.TestCases.TC02_BCAR001_TestCasesForIncorportateName.TC02_BCAR001_TestCasesForIncorportateName(TC02_BCAR001_TestCasesForIncorportateName.java:33)
	at sun.reflect.NativeMethodAccessorImpl.invoke0(Native Method)
	at sun.reflect.NativeMethodAccessorImpl.invoke(NativeMethodAccessorImpl.java:62)
	at sun.reflect.DelegatingMethodAccessorImpl.invoke(DelegatingMethodAccessorImpl.java:43)
	at java.lang.reflect.Method.invoke(Method.java:498)
	at org.testng.internal.MethodInvocationHelper.invokeMethod(MethodInvocationHelper.java:124)
	at org.testng.internal.Invoker.invokeMethod(Invoker.java:583)
	at org.testng.internal.Invoker.invokeTestMethod(Invoker.java:719)
	at org.testng.internal.Invoker.invokeTestMethods(Invoker.java:989)
	at org.testng.internal.TestMethodWorker.invokeTestMethods(TestMethodWorker.java:125)
	at org.testng.internal.TestMethodWorker.run(TestMethodWorker.java:109)
	at org.testng.TestRunner.privateRun(TestRunner.java:648)
	at org.testng.TestRunner.run(TestRunner.java:505)
	at org.testng.SuiteRunner.runTest(SuiteRunner.java:455)
	at org.testng.SuiteRunner.runSequentially(SuiteRunner.java:450)
	at org.testng.SuiteRunner.privateRun(SuiteRunner.java:415)
	at org.testng.SuiteRunner.run(SuiteRunner.java:364)
	at org.testng.SuiteRunnerWorker.runSuite(SuiteRunnerWorker.java:52)
	at org.testng.SuiteRunnerWorker.run(SuiteRunnerWorker.java:84)
	at org.testng.TestNG.runSuitesSequentially(TestNG.java:1208)
	at org.testng.TestNG.runSuitesLocally(TestNG.java:1137)
	at org.testng.TestNG.runSuites(TestNG.java:1049)
	at org.testng.TestNG.run(TestNG.java:1017)
	at com.intellij.rt.testng.IDEARemoteTestNG.run(IDEARemoteTestNG.java:66)
	at com.intellij.rt.testng.RemoteTestNGStarter.main(RemoteTestNGStarter.java:109)
</div></td></tr></table><p class="totop"><a href="#summary">back to summary</a></p><h3 id="m1">com.onbis.TestCases.TC06_EPCR001_ApplicationForEPLicenceForeignCorpWithShare#TC06_EPCR001_ApplicationForEPLicenceForeignCorpWithShare ( TC06_EPCR001_ApplicationForEPLicenceForeignCorpWithShare )</h3><table class="result"><tr class="param"><th>Parameter #1</th></tr><tr class="param stripe"><td>chrome</td></tr><tr><th>Exception</th></tr><tr><td><div class="stacktrace">org.openqa.selenium.ElementClickInterceptedException: element click intercepted: Element &lt;span style=&quot;background: lime; border: 3px solid red;&quot;&gt;...&lt;/span&gt; is not clickable at point (137, 642). Other element would receive the click: &lt;div class=&quot;appWizardButtonPad appButtonPad registerExtraProvincialLicenceForForeignCorporationWithShare-asyncContainer-wizardButtonPad appButtonPad appNotReadOnly appIndex1 appChildCount4&quot; id=&quot;nodeW1093&quot; aria-labelledby=&quot;nodeW1097&quot;&gt;...&lt;/div&gt;
  (Session info: chrome=113.0.5672.127)
Build info: version: &apos;3.141.59&apos;, revision: &apos;e82be7d358&apos;, time: &apos;2018-11-14T08:17:03&apos;
System info: host: &apos;ON34C03188299&apos;, ip: &apos;10.61.59.23&apos;, os.name: &apos;Windows 10&apos;, os.arch: &apos;amd64&apos;, os.version: &apos;10.0&apos;, java.version: &apos;1.8.0_202&apos;
Driver info: org.openqa.selenium.chrome.ChromeDriver
Capabilities {acceptInsecureCerts: true, browserName: chrome, browserVersion: 113.0.5672.127, chrome: {chromedriverVersion: 113.0.5672.63 (0e1a4471d5ae..., userDataDir: C:\Users\MustofG\AppData\Lo...}, goog:chromeOptions: {debuggerAddress: localhost:50015}, javascriptEnabled: true, networkConnectionEnabled: false, pageLoadStrategy: normal, platform: WINDOWS, platformName: WINDOWS, proxy: Proxy(), setWindowRect: true, strictFileInteractability: false, timeouts: {implicit: 0, pageLoad: 300000, script: 30000}, unhandledPromptBehavior: dismiss and notify, webauthn:extension:credBlob: true, webauthn:extension:largeBlob: true, webauthn:extension:minPinLength: true, webauthn:extension:prf: true, webauthn:virtualAuthenticators: true}
Session ID: 1373e31457584b8f3f7e3020d8592dfb
	at sun.reflect.NativeConstructorAccessorImpl.newInstance0(Native Method)
	at sun.reflect.NativeConstructorAccessorImpl.newInstance(NativeConstructorAccessorImpl.java:62)
	at sun.reflect.DelegatingConstructorAccessorImpl.newInstance(DelegatingConstructorAccessorImpl.java:45)
	at java.lang.reflect.Constructor.newInstance(Constructor.java:423)
	at org.openqa.selenium.remote.http.W3CHttpResponseCodec.createException(W3CHttpResponseCodec.java:187)
	at org.openqa.selenium.remote.http.W3CHttpResponseCodec.decode(W3CHttpResponseCodec.java:122)
	at org.openqa.selenium.remote.http.W3CHttpResponseCodec.decode(W3CHttpResponseCodec.java:49)
	at org.openqa.selenium.remote.HttpCommandExecutor.execute(HttpCommandExecutor.java:158)
	at org.openqa.selenium.remote.service.DriverCommandExecutor.execute(DriverCommandExecutor.java:83)
	at org.openqa.selenium.remote.RemoteWebDriver.execute(RemoteWebDriver.java:552)
	at org.openqa.selenium.remote.RemoteWebElement.execute(RemoteWebElement.java:285)
	at org.openqa.selenium.remote.RemoteWebElement.click(RemoteWebElement.java:84)
	at sun.reflect.GeneratedMethodAccessor5.invoke(Unknown Source)
	at sun.reflect.DelegatingMethodAccessorImpl.invoke(DelegatingMethodAccessorImpl.java:43)
	at java.lang.reflect.Method.invoke(Method.java:498)
	at org.openqa.selenium.support.pagefactory.internal.LocatingElementHandler.invoke(LocatingElementHandler.java:51)
	at com.sun.proxy.$Proxy25.click(Unknown Source)
	at com.onbis.Helper.HelperMethods.staleElementClick(HelperMethods.java:343)
	at com.onbis.Pages.SOIncorporateOntarioBusinessCorporationPage.completeReviewAndAuthorizeAndSubmit(SOIncorporateOntarioBusinessCorporationPage.java:5376)
	at com.onbis.TestCases.TC06_EPCR001_ApplicationForEPLicenceForeignCorpWithShare.TC06_EPCR001_ApplicationForEPLicenceForeignCorpWithShare(TC06_EPCR001_ApplicationForEPLicenceForeignCorpWithShare.java:38)
	at sun.reflect.NativeMethodAccessorImpl.invoke0(Native Method)
	at sun.reflect.NativeMethodAccessorImpl.invoke(NativeMethodAccessorImpl.java:62)
	at sun.reflect.DelegatingMethodAccessorImpl.invoke(DelegatingMethodAccessorImpl.java:43)
	at java.lang.reflect.Method.invoke(Method.java:498)
	at org.testng.internal.MethodInvocationHelper.invokeMethod(MethodInvocationHelper.java:124)
	at org.testng.internal.Invoker.invokeMethod(Invoker.java:583)
	at org.testng.internal.Invoker.invokeTestMethod(Invoker.java:719)
	at org.testng.internal.Invoker.invokeTestMethods(Invoker.java:989)
	at org.testng.internal.TestMethodWorker.invokeTestMethods(TestMethodWorker.java:125)
	at org.testng.internal.TestMethodWorker.run(TestMethodWorker.java:109)
	at org.testng.TestRunner.privateRun(TestRunner.java:648)
	at org.testng.TestRunner.run(TestRunner.java:505)
	at org.testng.SuiteRunner.runTest(SuiteRunner.java:455)
	at org.testng.SuiteRunner.runSequentially(SuiteRunner.java:450)
	at org.testng.SuiteRunner.privateRun(SuiteRunner.java:415)
	at org.testng.SuiteRunner.run(SuiteRunner.java:364)
	at org.testng.SuiteRunnerWorker.runSuite(SuiteRunnerWorker.java:52)
	at org.testng.SuiteRunnerWorker.run(SuiteRunnerWorker.java:84)
	at org.testng.TestNG.runSuitesSequentially(TestNG.java:1208)
	at org.testng.TestNG.runSuitesLocally(TestNG.java:1137)
	at org.testng.TestNG.runSuites(TestNG.java:1049)
	at org.testng.TestNG.run(TestNG.java:1017)
	at com.intellij.rt.testng.IDEARemoteTestNG.run(IDEARemoteTestNG.java:66)
	at com.intellij.rt.testng.RemoteTestNGStarter.main(RemoteTestNGStarter.java:109)
</div></td></tr></table><p class="totop"><a href="#summary">back to summary</a></p><h3 id="m2">com.onbis.TestCases.TC01_BCAR001_TestCasesAddProfileForIncorportatNumber#TC01_BCAR001_TestCasesAddProfileForIncorportatNumber ( TC01_BCAR001_TestCasesAddProfileForIncorportatNumber )</h3><table class="result"><tr><th>Messages</th></tr><tr><td><div class="messages">ONBIS Code Version is: 2.1.4.2 :: 2.1.4.2 :: 2024/01/18 15:53<br/>Corporation name and number is: 1000013942 ONTARIO CORP. (1000013942) [Ontario Business Corporation]</div></td></tr></table><p class="totop"><a href="#summary">back to summary</a></p><h3 id="m3">com.onbis.TestCases.TC01_BCAR001_TestCasesForIncorportatDeleteAProfile#TC01_BCAR001_TestCasesForIncorportatDeleteAProfile ( TC01_BCAR001_TestCasesForIncorportatDeleteAProfile )</h3><table class="result"><tr><th>Messages</th></tr><tr><td><div class="messages">The profile name : &apos;1000013917 ONTARIO CORP.&apos; has been deleted out of 155 profiles</div></td></tr></table><p class="totop"><a href="#summary">back to summary</a></p><h3 id="m4">com.onbis.TestCases.TC04_BCAR005_TestCasesForContinuanceCreate#TC04_BCAR005_TestCasesForContinuanceCreate ( TC04_BCAR005_TestCasesForContinuanceCreate )</h3><table class="result"><tr><th>Messages</th></tr><tr><td><div class="messages">corporation name and number is: Your submission for 8ME3DIQKIXH0HPWU68133 TEST INC. (1000013944) has been sent to internal staff for review. Please check your work in progress items for updates.<br/>corporation name and number is: File Articles of Continuance under the Business Corporations Act - 43041471</div></td></tr></table><p class="totop"><a href="#summary">back to summary</a></p><h3 id="m5">com.onbis.TestCases.TC05_NFPCR001_IncorporateANotForProfitCorporation#TC05_NFPCR001_IncorporateANotForProfitCorporation ( TC05_NFPCR001_IncorporateANotForProfitCorporation )</h3><table class="result"><tr><th>Messages</th></tr><tr><td><div class="messages">ONBIS Code Version is: 2.1.4.2 :: 2.1.4.2 :: 2024/01/18 15:53<br/>Corporation name and number is: 8Y46IJNGWJENNFCCF6629 TEST INC. (1000013945) [Not-for-Profit Corporation]<br/>Transaction number is: 43041492</div></td></tr></table><p class="totop"><a href="#summary">back to summary</a></p><h3 id="m6">com.onbis.TestCases.TC26_BCAM004_TestCasesRestateArticlesOfIncorporation#TC26_BCAM004_TestCasesRestateArticlesOfIncorporation ( TC26_BCAM004_TestCasesRestateArticlesOfIncorporation )</h3><table class="result"><tr><th>Messages</th></tr><tr><td><div class="messages">ONBIS Code Version is: 2.1.4.2 :: 2.1.4.2 :: 2024/01/18 15:53<br/>Corporation name and number is: 1000013947 ONTARIO CORP. (1000013947) [Ontario Business Corporation]<br/>Transaction Number is :43041495</div></td></tr></table><p class="totop"><a href="#summary">back to summary</a></p><h3 id="m7">com.onbis.TestCases.TC27_BCAM009_TestCasesFileArticlesOfReorganization#TC27_BCAM009_TestCasesFileArticlesOfReorganization ( TC27_BCAM009_TestCasesFileArticlesOfReorganization )</h3><table class="result"><tr><th>Messages</th></tr><tr><td><div class="messages">ONBIS Code Version is: 2.1.4.2 :: 2.1.4.2 :: 2024/01/18 15:53<br/>Corporation name and number is: 1000013948 ONTARIO CORP. (1000013948) [Ontario Business Corporation]<br/>corporation name and number is: Your submission for 1000013948 ONTARIO CORP. (1000013948) has been sent to internal staff for review. Please check your work in progress items for updates.<br/>corporation name and number is: File Articles of Reorganization - 43041497</div></td></tr></table><p class="totop"><a href="#summary">back to summary</a></p><h3 id="m8">com.onbis.TestCases.TC28_BCAR003_TestCasesForAmalgamation#TC28_BCAR003_TestCasesForAmalgamation ( TC28_BCAR003_TestCasesForAmalgamation )</h3><table class="result"><tr><th>Messages</th></tr><tr><td><div class="messages">ONBIS Code Version is: 2.1.4.2 :: 2.1.4.2 :: 2024/01/18 15:53<br/>Corporation name and number is: 1000013949 ONTARIO CORP. (1000013949) [Ontario Business Corporation]<br/>corporation Name is: Corporation Name
1000013949 ONTARIO CORP.</div></td></tr></table><p class="totop"><a href="#summary">back to summary</a></p><h2>Onbis-Sanity-SOAdmin-Chrome</h2><h2>Onbis-Regression-Partner Portal</h2><h2>Onbis-Regression-Admin Portal</h2><h2>Onbis-Regression-SOAB Portal</h2><h2>Onbis-Regression-Partner Portal-Data Creation for Renewal</h2><h2>Onbis-Regression-Partner Portal- Renewal</h2><h2>Onbis-CR Regression Test - November 2022 Release</h2><h2>Onbis-CR Regression Test - February 2023 Release</h2></body></html>