<!DOCTYPE html PUBLIC "-//W3C//DTD XHTML 1.1//EN" "http://www.w3.org/TR/xhtml11/DTD/xhtml11.dtd">
<html xmlns="http://www.w3.org/1999/xhtml"><head><title>ONBIS E2E Test Results</title><style type="text/css">@import url(https://fonts.googleapis.com/css?family=Open+Sans);

body {
    font-family: "Open Sans", sans-serif;
    margin: 0;
}

table {
    margin-left: 10%;
    margin-top: 64px;
    margin-bottom: 64px;
    border-collapse: collapse;
    empty-cells: show;
}

th, td {
    border: 1px solid #009;
    padding: .25em .5em;
    font-weight: normal;
}

/* Style the first rows of the table */
table:first-of-type tr:first-of-type,
table#summary thead tr:first-of-type,
table.result tbody tr:first-of-type {
    background-color: #b2817b; / * #666; */
    color: white;
    font-weight: lighter;
    height: 4em;
    padding-left: 1em;
    padding-right: 1em;
}

/* Hide "MoL Tests" row */
table:first-of-type tr:nth-child(2),
table#summary tbody:first-of-type tr{
    display: none;
}

table#summary tbody th {
    padding-top:32px;
    text-align: left;
    font-weight: bold;
}

table:first-of-type tr:last-of-type {
    border-top: 2px solid #979797;
    background-color: #E6E6E6;
}

td {
    vertical-align: top;
}

.stripe td {
    background-color: #EFEFEF;
}

.num {
    text-align: right;
}

.passedodd td {
    background-color: #3F3;
}

.passedeven td {
    background-color: #0A0;
}

.skippedodd td {
    background-color: #DDD;
}

.skippedeven td {
    background-color: #CCC;
}

.failedodd td {
    background-color: #F33;
}

.failedeven td, .stripe {
    background-color: #D00;
}

h2, h3 {
    margin-left: 10%;
    font-weight: normal;
}

table.result th {
    text-align: left;
}

table.result {
    margin-left: 10%;
    margin-bottom: 32px;
}

.stacktrace {
    overflow: auto;
    width: 1024px;
    white-space: pre;
    font-family: "Courier New";
}

/* back to summary */
.totop {
    font-size: 85%;
    text-align: center;
    border-bottom: 0.625rem solid #7bb29c;       /* 979797; */
    width: 80%;
    margin-left: auto;
    margin-right: auto;
    padding-bottom: 1rem;
}

#header {
    background-color: #333;
    padding: 8px 8px 8px 64px;
    color: white;
}
#header span#logo {
    padding-left:32px;
    font-size: 1.45em;
    color: #eee;
}</style></head><body><div id='header'><img src='images/logo.png' width='128px'><span id='logo'><b>ONBIS E2E Test Results</b></span></div><div id='header'> Reporting Date & Time           : 15-Mar-2024 02:23:PM</span></div><div id='header'> Test Execution Host Name &  IP  : ON34C03174383/10.61.88.140</span></div><div id='header'> Test Execution OS Name: Windows 10</span></div><div id='header'> Test Execution Java Version     : 1.8.0_281</span></div><div id='header'> Test Execution User Name        : MustofG</span></div><div id='header'> Test Execution Environment      : UAT2</span></div><table><tr><th><b><ins>Test Suite<b></ins></th><th><font color="green"><b><ins>Passed</font color><b></ins></th><th><font color="yellow"><b><ins>Skipped</font color><b></ins></th><th><font color="red"><b><ins>Failed</font color><b></ins></th><th><font color="blue"><b><ins>D:HH:MM:SS</font color><b></ins></th><th><b><ins>Included Groups<b></ins></th><th><b><ins>Excluded Groups<b></ins></th></tr><tr><th colspan="7">Onbis E2E Tests</th></tr><tr><td><a href="#t0">Onbis-Sanity-PartnerPortal-Chrome</a></td><td class="num">0</td><td class="num">0</td><td class="num">0</td><td class="num">0:00:00:00</td><td></td><td></td></tr><tr class="stripe"><td><a href="#t1">Onbis-Sanity-SOAB Portal-Chrome - SOAB Account Incorporate Tests </a></td><td class="num">0</td><td class="num">0</td><td class="num">0</td><td class="num">0:00:00:00</td><td></td><td></td></tr><tr><td><a href="#t2">Onbis-Sanity-SOAdmin-Chrome</a></td><td class="num">0</td><td class="num">0</td><td class="num">0</td><td class="num">0:00:00:00</td><td></td><td></td></tr><tr class="stripe"><td><a href="#t3">Onbis-Regression-Partner Portal</a></td><td class="num">0</td><td class="num">0</td><td class="num">0</td><td class="num">0:00:00:00</td><td></td><td></td></tr><tr><td><a href="#t4">Onbis-Regression-Admin Portal</a></td><td class="num">15</td><td class="num">0</td><td class="num attn">2</td><td class="num">0:01:20:25</td><td></td><td></td></tr><tr class="stripe"><td><a href="#t5">Onbis-Regression-SOAB Portal</a></td><td class="num">0</td><td class="num">0</td><td class="num">0</td><td class="num">0:00:00:00</td><td></td><td></td></tr><tr><td><a href="#t6">Onbis-Regression-Partner Portal-Data Creation for Renewal</a></td><td class="num">6</td><td class="num">0</td><td class="num attn">6</td><td class="num">0:00:46:45</td><td></td><td></td></tr><tr class="stripe"><td><a href="#t7">Onbis-Regression-Partner Portal- Renewal</a></td><td class="num">0</td><td class="num">0</td><td class="num attn">6</td><td class="num">0:00:27:06</td><td></td><td></td></tr><tr><td><a href="#t8">Onbis-CR Regression Test - November 2022 Release</a></td><td class="num">10</td><td class="num">0</td><td class="num attn">6</td><td class="num">0:01:03:36</td><td></td><td></td></tr><tr class="stripe"><td><a href="#t9">Onbis-CR Regression Test - February 2023 Release</a></td><td class="num">1</td><td class="num">0</td><td class="num attn">1</td><td class="num">0:00:18:26</td><td></td><td></td></tr><tr><th><b>Total :-------><b></th><th class="num">32</th><th class="num">0</th><th class="num attn">21</th><th class="num">0:03:56:20</th><th colspan="2"></th></tr></table><table><thead><tr><th><b><ins>Class Name<b></ins></th><th><b><ins>Method Name<b></ins></th><th><b><ins>Test Name<b></ins></th><th><b><ins>Test Starts<b></ins></th><th><font color="blue"><b><ins>D:HH:MM:SS</font color><b></ins></th></tr></thead><tbody><tr><th colspan="5">Onbis E2E Tests</th></tr></tbody><tbody id="t0"></tbody><tbody id="t1"></tbody><tbody id="t2"></tbody><tbody id="t3"></tbody><tbody id="t4"><tr><th colspan="5">Onbis-Regression-Admin Portal &#8212; failed</th></tr><tr class="failedeven"><td rowspan="1">com.onbis.TestCases.REG_BCAM012_ReviveAnOntarioBusinessCorporation</td><td><a href="#m0">REG_BCAM012_ReviveAnOntarioBusinessCorporation</a></td><td rowspan="1">REG_BCAM012_ReviveAnOntarioBusinessCorporation</td><td rowspan="1">10:44:40 AM</td><td rowspan="1">0:00:02:07</td></tr><tr class="failedodd"><td rowspan="1">com.onbis.TestCases.REG_NFPCM007_NFPCA_FileDraftPlanOfArrangement</td><td><a href="#m1">REG_NFPCM007_NFPCA_FileDraftPlanOfArrangement</a></td><td rowspan="1">REG_NFPCM007_NFPCA_FileDraftPlanOfArrangement</td><td rowspan="1">11:37:15 AM</td><td rowspan="1">0:00:04:48</td></tr><tr><th colspan="5">Onbis-Regression-Admin Portal &#8212; passed</th></tr><tr class="passedeven"><td rowspan="1">com.onbis.TestCases.REG_BCAM008_FileFinalPlanForArrangement</td><td><a href="#m2">REG_BCAM008_FileFinalPlanForArrangement</a></td><td rowspan="1">REG_BCAM008_FileFinalPlanForArrangement</td><td rowspan="1">10:27:45 AM</td><td rowspan="1">0:00:04:43</td></tr><tr class="passedodd"><td rowspan="1">com.onbis.TestCases.REG_BCAM011_InstrumentOfContinuanceAnOntarioBusinessCorporation</td><td><a href="#m3">REG_BCAM011_InstrumentOfContinuanceAnOntarioBusinessCorporation</a></td><td rowspan="1">REG_BCAM011_InstrumentOfContinuanceAnOntarioBusinessCorporation</td><td rowspan="1">10:48:02 AM</td><td rowspan="1">0:00:06:50</td></tr><tr class="passedeven"><td rowspan="1">com.onbis.TestCases.REG_CIA002_AnnualReturnForAOntarioBusinessCorporation</td><td><a href="#m4">REG_CIA002_AnnualReturnForAOntarioBusinessCorporation</a></td><td rowspan="1">REG_CIA002_AnnualReturnForAOntarioBusinessCorporation</td><td rowspan="1">10:32:38 AM</td><td rowspan="1">0:00:03:18</td></tr><tr class="passedodd"><td rowspan="1">com.onbis.TestCases.REG_CIA006_NoticeOfChangeForEPForeignCorpWithShare</td><td><a href="#m5">REG_CIA006_NoticeOfChangeForEPForeignCorpWithShare</a></td><td rowspan="1">REG_CIA006_NoticeOfChangeForEPForeignCorpWithShare</td><td rowspan="1">10:56:01 AM</td><td rowspan="1">0:00:04:29</td></tr><tr class="passedeven"><td rowspan="1">com.onbis.TestCases.REG_CIA015_InitialReturnForAnExtraProvincialCorp</td><td><a href="#m6">REG_CIA015_InitialReturnForAnExtraProvincialCorp</a></td><td rowspan="1">REG_CIA015_InitialReturnForAnExtraProvincialCorp</td><td rowspan="1">10:36:09 AM</td><td rowspan="1">0:00:03:46</td></tr><tr class="passedodd"><td rowspan="1">com.onbis.TestCases.REG_CIA016_NoticeOfChangeForAnExtraProvincialCorp</td><td><a href="#m7">REG_CIA016_NoticeOfChangeForAnExtraProvincialCorp</a></td><td rowspan="1">REG_CIA016_NoticeOfChangeForAnExtraProvincialCorp</td><td rowspan="1">10:40:04 AM</td><td rowspan="1">0:00:04:25</td></tr><tr class="passedeven"><td rowspan="1">com.onbis.TestCases.REG_EPCM007_ApplicationForAmendmentToLicenceForAForeignCorporation</td><td><a href="#m8">REG_EPCM007_ApplicationForAmendmentToLicenceForAForeignCorporation</a></td><td rowspan="1">REG_EPCM007_ApplicationForAmendmentToLicenceForAForeignCorporation</td><td rowspan="1">11:06:08 AM</td><td rowspan="1">0:00:04:49</td></tr><tr class="passedodd"><td rowspan="1">com.onbis.TestCases.REG_EPCM008_ApplicationToTerminateALicenceForExtraProvincialForeignCorporation</td><td><a href="#m9">REG_EPCM008_ApplicationToTerminateALicenceForExtraProvincialForeignCorporation</a></td><td rowspan="1">REG_EPCM008_ApplicationToTerminateALicenceForExtraProvincialForeignCorporation</td><td rowspan="1">11:01:39 AM</td><td rowspan="1">0:00:04:17</td></tr><tr class="passedeven"><td rowspan="1">com.onbis.TestCases.REG_LLCM003_CancelARegistrationExtraProvincialLimitedLiabilityCompanyName</td><td><a href="#m10">REG_LLCM003_CancelARegistrationExtraProvincialLimitedLiabilityCompanyName</a></td><td rowspan="1">REG_LLCM003_CancelARegistrationExtraProvincialLimitedLiabilityCompanyName</td><td rowspan="1">11:11:08 AM</td><td rowspan="1">0:00:02:01</td></tr><tr class="passedodd"><td rowspan="1">com.onbis.TestCases.REG_NFPCM002_NFPCA_FileArticleOfAmendment</td><td><a href="#m11">REG_NFPCM002_NFPCA_FileArticleOfAmendment</a></td><td rowspan="1">REG_NFPCM002_NFPCA_FileArticleOfAmendment</td><td rowspan="1">11:13:18 AM</td><td rowspan="1">0:00:03:28</td></tr><tr class="passedeven"><td rowspan="1">com.onbis.TestCases.REG_NFPCM006_NFPCA_AuthorizationToContinueOut</td><td><a href="#m12">REG_NFPCM006_NFPCA_AuthorizationToContinueOut</a></td><td rowspan="1">REG_NFPCM006_NFPCA_AuthorizationToContinueOut</td><td rowspan="1">11:16:57 AM</td><td rowspan="1">0:00:03:26</td></tr><tr class="passedodd"><td rowspan="1">com.onbis.TestCases.REG_NFPCM008_NFPCA_FileFinalPlanOfArrangement</td><td><a href="#m13">REG_NFPCM008_NFPCA_FileFinalPlanOfArrangement</a></td><td rowspan="1">REG_NFPCM008_NFPCA_FileFinalPlanOfArrangement</td><td rowspan="1">11:42:15 AM</td><td rowspan="1">0:00:05:46</td></tr><tr class="passedeven"><td rowspan="1">com.onbis.TestCases.REG_NFPCM010_NFPCA_FileArticlesOfDissolution</td><td><a href="#m14">REG_NFPCM010_NFPCA_FileArticlesOfDissolution</a></td><td rowspan="1">REG_NFPCM010_NFPCA_FileArticlesOfDissolution</td><td rowspan="1">11:20:32 AM</td><td rowspan="1">0:00:05:21</td></tr><tr class="passedodd"><td rowspan="1">com.onbis.TestCases.REG_NFPCM011_NFPCA_ReviveNotForProfitCorporation</td><td><a href="#m15">REG_NFPCM011_NFPCA_ReviveNotForProfitCorporation</a></td><td rowspan="1">REG_NFPCM011_NFPCA_ReviveNotForProfitCorporation</td><td rowspan="1">11:31:17 AM</td><td rowspan="1">0:00:05:48</td></tr><tr class="passedeven"><td rowspan="1">com.onbis.TestCases.REG_NFPCM012_NFPCA_WindingUpNotForProfitCorporation</td><td><a href="#m16">REG_NFPCM012_NFPCA_WindingUpNotForProfitCorporation</a></td><td rowspan="1">REG_NFPCM012_NFPCA_WindingUpNotForProfitCorporation</td><td rowspan="1">11:26:07 AM</td><td rowspan="1">0:00:05:02</td></tr></tbody><tbody id="t5"></tbody><tbody id="t6"><tr><th colspan="5">Onbis-Regression-Partner Portal-Data Creation for Renewal &#8212; failed</th></tr><tr class="failedeven"><td rowspan="6">com.onbis.TestCases.TC_ALL_DataCreationRegistrationOfABusinessNameChangeExpiry</td><td><a href="#m17">BNM002_DataCreationRegistrationOfASoleProprietorshipBusinessNameChangeExpiry</a></td><td rowspan="1">BNM002_DataCreationRegistrationOfASoleProprietorshipBusinessNameChangeExpiry</td><td rowspan="1">12:06:18 PM</td><td rowspan="1">0:00:04:25</td></tr><tr class="failedeven"><td><a href="#m18">BNM011_DataCreationRegistrationOfAOntarioLimitedLiabilityPartnershipBusinessNameChangeExpiry</a></td><td rowspan="1">BNM011_DataCreationRegistrationOfAOntarioLimitedLiabilityPartnershipBusinessNameChangeExpiry</td><td rowspan="1">12:11:01 PM</td><td rowspan="1">0:00:04:26</td></tr><tr class="failedeven"><td><a href="#m19">BNM017_DataCreationRegistrationOfAPartnershipBusinessNameChangeExpiry</a></td><td rowspan="1">BNM017_DataCreationRegistrationOfAPartnershipBusinessNameChangeExpiry</td><td rowspan="1">12:15:44 PM</td><td rowspan="1">0:00:04:26</td></tr><tr class="failedeven"><td><a href="#m20">LLCM002_RenewARegistrationOfABusinessNameForALimitedLiabilityCompanyNameExpiry</a></td><td rowspan="1">LLCM002_RenewARegistrationOfABusinessNameForALimitedLiabilityCompanyNameExpiry</td><td rowspan="1">12:20:45 PM</td><td rowspan="1">0:00:04:26</td></tr><tr class="failedeven"><td><a href="#m21">PSM017_RenewARegistrationOfAOntarioLimitedPartnershipDeclarationExpiry</a></td><td rowspan="1">PSM017_RenewARegistrationOfAOntarioLimitedPartnershipDeclarationExpiry</td><td rowspan="1">12:25:29 PM</td><td rowspan="1">0:00:04:27</td></tr><tr class="failedeven"><td><a href="#m22">PSM018_RenewARegistrationOfAOntarioLimitedPartnershipDeclarationExpiry</a></td><td rowspan="1">PSM018_RenewARegistrationOfAOntarioLimitedPartnershipDeclarationExpiry</td><td rowspan="1">12:30:12 PM</td><td rowspan="1">0:00:04:27</td></tr><tr><th colspan="5">Onbis-Regression-Partner Portal-Data Creation for Renewal &#8212; passed</th></tr><tr class="passedeven"><td rowspan="6">com.onbis.TestCases.TC_ALL_DataCreationRegistrationOfABusinessName</td><td><a href="#m23">BNM002_DataCreationRegistrationOfABusinessNameForASoleProprietorshipBusinessName</a></td><td rowspan="1">BNM002_DataCreationRegistrationOfABusinessNameForASoleProprietorshipBusinessName</td><td rowspan="1">11:48:04 AM</td><td rowspan="1">0:00:02:48</td></tr><tr class="passedeven"><td><a href="#m24">BNM011_DataCreationRegistrationOfAOntarioLimitedLiabilityPartnershipBusinessName</a></td><td rowspan="1">BNM011_DataCreationRegistrationOfAOntarioLimitedLiabilityPartnershipBusinessName</td><td rowspan="1">11:50:55 AM</td><td rowspan="1">0:00:03:02</td></tr><tr class="passedeven"><td><a href="#m25">BNM017_DataCreationRegistrationOfAPartnershipBusinessName</a></td><td rowspan="1">BNM017_DataCreationRegistrationOfAPartnershipBusinessName</td><td rowspan="1">11:54:00 AM</td><td rowspan="1">0:00:03:06</td></tr><tr class="passedeven"><td><a href="#m26">LLCM002_DataCreationRegistrationOfALimitedLiabilityCompanyName</a></td><td rowspan="1">LLCM002_DataCreationRegistrationOfALimitedLiabilityCompanyName</td><td rowspan="1">11:57:09 AM</td><td rowspan="1">0:00:02:47</td></tr><tr class="passedeven"><td><a href="#m27">PSM017_DataCreationRegistrationOfAOntarioLimitedPartnershipDeclaration</a></td><td rowspan="1">PSM017_DataCreationRegistrationOfAOntarioLimitedPartnershipDeclaration</td><td rowspan="1">11:59:59 AM</td><td rowspan="1">0:00:03:06</td></tr><tr class="passedeven"><td><a href="#m28">PSM018_DataCreationRegistration_OfAFirmNameForAGeneralPartnership</a></td><td rowspan="1">PSM018_DataCreationRegistration_OfAFirmNameForAGeneralPartnership</td><td rowspan="1">12:03:08 PM</td><td rowspan="1">0:00:03:01</td></tr></tbody><tbody id="t7"><tr><th colspan="5">Onbis-Regression-Partner Portal- Renewal &#8212; failed</th></tr><tr class="failedeven"><td rowspan="1">com.onbis.TestCases.BNM002_RenewARegistrationOfABusinessNameForASoleProprietorship</td><td><a href="#m29">BNM002_RenewARegistrationOfABusinessNameForASoleProprietorship</a></td><td rowspan="1">BNM002_RenewARegistrationOfABusinessNameForASoleProprietorship</td><td rowspan="1">12:34:49 PM</td><td rowspan="1">0:00:04:25</td></tr><tr class="failedodd"><td rowspan="1">com.onbis.TestCases.BNM011_RenewARegistrationOfABusinessNameForAOntarioLimitedLiabilityPartnership</td><td><a href="#m30">BNM011_RenewARegistrationOfABusinessNameForAOntarioLimitedLiabilityPartnership</a></td><td rowspan="1">BNM011_RenewARegistrationOfABusinessNameForAOntarioLimitedLiabilityPartnership</td><td rowspan="1">12:39:20 PM</td><td rowspan="1">0:00:04:26</td></tr><tr class="failedeven"><td rowspan="1">com.onbis.TestCases.BNM017_RenewRegistrationOfABusinessNameForAPartnership</td><td><a href="#m31">BNM017_RenewRegistrationOfABusinessNameForAPartnership</a></td><td rowspan="1">BNM017_RenewRegistrationOfABusinessNameForAPartnership</td><td rowspan="1">12:43:51 PM</td><td rowspan="1">0:00:04:25</td></tr><tr class="failedodd"><td rowspan="1">com.onbis.TestCases.LLCM002_RenewARegistrationOfABusinessNameForALimitedLiabilityCompanyName</td><td><a href="#m32">LLCM002_RenewARegistrationOfABusinessNameForALimitedLiabilityCompanyName</a></td><td rowspan="1">LLCM002_RenewARegistrationOfABusinessNameForALimitedLiabilityCompanyName</td><td rowspan="1">12:48:22 PM</td><td rowspan="1">0:00:04:26</td></tr><tr class="failedeven"><td rowspan="1">com.onbis.TestCases.PSM017_RenewAAOntarioLimitedPartnershipDeclaration</td><td><a href="#m33">PSM017_RenewAAOntarioLimitedPartnershipDeclaration</a></td><td rowspan="1">PSM017_RenewAAOntarioLimitedPartnershipDeclaration</td><td rowspan="1">12:52:54 PM</td><td rowspan="1">0:00:04:25</td></tr><tr class="failedodd"><td rowspan="1">com.onbis.TestCases.PSM018_RenewARegistration_OfAFirmNameForAGeneralPartnership</td><td><a href="#m34">PSM018_RenewARegistration_OfAFirmNameForAGeneralPartnership</a></td><td rowspan="1">PSM018_RenewARegistration_OfAFirmNameForAGeneralPartnership</td><td rowspan="1">12:57:25 PM</td><td rowspan="1">0:00:04:26</td></tr></tbody><tbody id="t8"><tr><th colspan="5">Onbis-CR Regression Test - November 2022 Release &#8212; failed</th></tr><tr class="failedeven"><td rowspan="1">com.onbis.TestCases.CR_4254_AnnualReturnOption_ExtraProvincialLicenceForAForeignCorporation_TC3</td><td><a href="#m35">CR_4254_AnnualReturnOption_ExtraProvincialLicenceForAForeignCorporation_TC3</a></td><td rowspan="1">CR_4254_AnnualReturnOption_ExtraProvincialLicenceForAForeignCorporation_TC3</td><td rowspan="1">01:35:05 PM</td><td rowspan="1">0:00:03:52</td></tr><tr class="failedodd"><td rowspan="1">com.onbis.TestCases.CR_4258_EPForeignWithShare_EntityNameJurisdictionNonEditable_TC2</td><td><a href="#m36">CR_4258_EPForeignWithShare_EntityNameJurisdictionNonEditable_TC2</a></td><td rowspan="1">CR_4258_EPForeignWithShare_EntityNameJurisdictionNonEditable_TC2</td><td rowspan="1">01:39:10 PM</td><td rowspan="1">0:00:03:52</td></tr><tr class="failedeven"><td rowspan="1">com.onbis.TestCases.CR_4260_4279_4277_4574_4592_4628_ExtraProvincialLicenceForAForeignCorporation_TC2_TC3_TC4</td><td><a href="#m37">CR_4260_4279_4277_4574_4592_4628_ExtraProvincialLicenceForAForeignCorporation_TC2_TC3_TC4</a></td><td rowspan="1">CR_4260_4279_4277_4574_4592_4628_ExtraProvincialLicenceForAForeignCorporation_TC2_TC3_TC4</td><td rowspan="1">01:29:07 PM</td><td rowspan="1">0:00:03:53</td></tr><tr class="failedodd"><td rowspan="1">com.onbis.TestCases.CR_4260_4279_4277_4574_4592_4628_GeneralPartnership_TC1</td><td><a href="#m38">CR_4260_4279_4277_4574_4592_4628_GeneralPartnership_TC1</a></td><td rowspan="1">CR_4260_4279_4277_4574_4592_4628_GeneralPartnership_TC1</td><td rowspan="1">01:08:42 PM</td><td rowspan="1">0:00:01:40</td></tr><tr class="failedeven"><td rowspan="1">com.onbis.TestCases.CR_4349_ExtraProvincialLicence_CorporationdAsAgentFor_TC1_TC2</td><td><a href="#m39">CR_4349_ExtraProvincialLicence_CorporationdAsAgentFor_TC1_TC2</a></td><td rowspan="1">CR_4349_ExtraProvincialLicence_CorporationdAsAgentFor_TC1_TC2</td><td rowspan="1">01:53:46 PM</td><td rowspan="1">0:00:03:58</td></tr><tr class="failedodd"><td rowspan="1">com.onbis.TestCases.CR_4437_EPFCWithShare_FileArticlesOfContinuanceUnderBCA_RequestedPastDateForContinuance_TC1</td><td><a href="#m40">CR_4437_EPFCWithShare_FileArticlesOfContinuanceUnderBCA_RequestedPastDateForContinuance_TC1</a></td><td rowspan="1">CR_4437_EPFCWithShare_FileArticlesOfContinuanceUnderBCA_RequestedPastDateForContinuance_TC1</td><td rowspan="1">01:57:56 PM</td><td rowspan="1">0:00:07:27</td></tr><tr><th colspan="5">Onbis-CR Regression Test - November 2022 Release &#8212; passed</th></tr><tr class="passedeven"><td rowspan="1">com.onbis.TestCases.CR_4260_4279_4277_4574_4592_4628_CondoCorporationsAssignAnOCN_TC1</td><td><a href="#m41">CR_4260_4279_4277_4574_4592_4628_CondoCorporationsAssignAnOCN_TC1</a></td><td rowspan="1">CR_4260_4279_4277_4574_4592_4628_CondoCorporationsAssignAnOCN_TC1</td><td rowspan="1">01:19:27 PM</td><td rowspan="1">0:00:01:39</td></tr><tr class="passedodd"><td rowspan="1">com.onbis.TestCases.CR_4260_4279_4277_4574_4592_4628_CondoCorporationsAssignAnOCN_TC2_TC3_TC4_TC5</td><td><a href="#m42">CR_4260_4279_4277_4574_4592_4628_CondoCorporationsAssignAnOCN_TC2_TC3_TC4_TC5</a></td><td rowspan="1">CR_4260_4279_4277_4574_4592_4628_CondoCorporationsAssignAnOCN_TC2_TC3_TC4_TC5</td><td rowspan="1">01:21:22 PM</td><td rowspan="1">0:00:06:34</td></tr><tr class="passedeven"><td rowspan="1">com.onbis.TestCases.CR_4260_4279_4277_4574_4592_4628_GeneralPartnershipInternationalAddress_TC3_TC4_TC5</td><td><a href="#m43">CR_4260_4279_4277_4574_4592_4628_GeneralPartnershipInternationalAddress_TC3_TC4_TC5</a></td><td rowspan="1">CR_4260_4279_4277_4574_4592_4628_GeneralPartnershipInternationalAddress_TC3_TC4_TC5</td><td rowspan="1">01:13:50 PM</td><td rowspan="1">0:00:05:28</td></tr><tr class="passedodd"><td rowspan="1">com.onbis.TestCases.CR_4260_4279_4277_4574_4592_4628_GeneralPartnership_TC2</td><td><a href="#m44">CR_4260_4279_4277_4574_4592_4628_GeneralPartnership_TC2</a></td><td rowspan="1">CR_4260_4279_4277_4574_4592_4628_GeneralPartnership_TC2</td><td rowspan="1">01:10:26 PM</td><td rowspan="1">0:00:03:21</td></tr><tr class="passedeven"><td rowspan="2">com.onbis.TestCases.CR_4260_4279_4277_4574_4592_4628_SoleProp_TC1_3</td><td><a href="#m45">CR_4260_4279_4277_4574_4592_4628_SoleProp_TC1</a></td><td rowspan="1">CR_4260_4279_4277_4574_4592_4628_SoleProp_TC1</td><td rowspan="1">01:02:02 PM</td><td rowspan="1">0:00:01:10</td></tr><tr class="passedeven"><td><a href="#m46">CR_4260_4279_4277_4574_4592_4628_SoleProp_TC2_TC3</a></td><td rowspan="1">CR_4260_4279_4277_4574_4592_4628_SoleProp_TC2_TC3</td><td rowspan="1">01:03:21 PM</td><td rowspan="1">0:00:05:18</td></tr><tr class="passedodd"><td rowspan="1">com.onbis.TestCases.CR_4280_OntarioBusinessIncorporation_RequestCertificate_CourtOrderedWindingUp_TC1</td><td><a href="#m47">CR_4280_OntarioBusinessIncorporation_RequestCertificate_CourtOrderedWindingUp_TC1</a></td><td rowspan="1">CR_4280_OntarioBusinessIncorporation_RequestCertificate_CourtOrderedWindingUp_TC1</td><td rowspan="1">01:49:16 PM</td><td rowspan="1">0:00:03:20</td></tr><tr class="passedeven"><td rowspan="1">com.onbis.TestCases.CR_4302_OntarioBusinessCorporation_HeaderDisplayedFrameNumber_TC2</td><td><a href="#m48">CR_4302_OntarioBusinessCorporation_HeaderDisplayedFrameNumber_TC2</a></td><td rowspan="1">CR_4302_OntarioBusinessCorporation_HeaderDisplayedFrameNumber_TC2</td><td rowspan="1">01:43:07 PM</td><td rowspan="1">0:00:02:59</td></tr><tr class="passedodd"><td rowspan="1">com.onbis.TestCases.CR_4348_RegisterExtraProvincialLimitedLiabilityCompany_AddressOfAttorneyOntario_TC2</td><td><a href="#m49">CR_4348_RegisterExtraProvincialLimitedLiabilityCompany_AddressOfAttorneyOntario_TC2</a></td><td rowspan="1">CR_4348_RegisterExtraProvincialLimitedLiabilityCompany_AddressOfAttorneyOntario_TC2</td><td rowspan="1">01:46:16 PM</td><td rowspan="1">0:00:01:43</td></tr><tr class="passedeven"><td rowspan="1">com.onbis.TestCases.CR_4348_RegisterExtraProvincialLimitedLiabilityCompany_AddressOfGeneralManager_TC1</td><td><a href="#m50">CR_4348_RegisterExtraProvincialLimitedLiabilityCompany_AddressOfGeneralManager_TC1</a></td><td rowspan="1">CR_4348_RegisterExtraProvincialLimitedLiabilityCompany_AddressOfGeneralManager_TC1</td><td rowspan="1">01:33:12 PM</td><td rowspan="1">0:00:01:44</td></tr></tbody><tbody id="t9"><tr><th colspan="5">Onbis-CR Regression Test - February 2023 Release &#8212; failed</th></tr><tr class="failedeven"><td rowspan="1">com.onbis.TestCases.CR_4796_ActiveOntarioCorporationWithBusinessNam_FileArticlesOfContinuance</td><td><a href="#m51">CR_4796_ActiveOntarioCorporationWithBusinessNam_FileArticlesOfContinuance</a></td><td rowspan="1">CR_4796_ActiveOntarioCorporationWithBusinessNam_FileArticlesOfContinuance</td><td rowspan="1">02:15:11 PM</td><td rowspan="1">0:00:08:42</td></tr><tr><th colspan="5">Onbis-CR Regression Test - February 2023 Release &#8212; passed</th></tr><tr class="passedeven"><td rowspan="1">com.onbis.TestCases.CR_4751_ActiveNFPCA_WithActiveBusinessName_FileArticlesOfDissolution</td><td><a href="#m52">CR_4751_ActiveNFPCA_WithActiveBusinessName_FileArticlesOfDissolution</a></td><td rowspan="1">CR_4751_ActiveNFPCA_WithActiveBusinessName_FileArticlesOfDissolution</td><td rowspan="1">02:06:39 PM</td><td rowspan="1">0:00:07:20</td></tr></tbody></table><h2>Onbis-Sanity-PartnerPortal-Chrome</h2><h2>Onbis-Sanity-SOAB Portal-Chrome - SOAB Account Incorporate Tests </h2><h2>Onbis-Sanity-SOAdmin-Chrome</h2><h2>Onbis-Regression-Partner Portal</h2><h2>Onbis-Regression-Admin Portal</h2><h3 id="m0">com.onbis.TestCases.REG_BCAM012_ReviveAnOntarioBusinessCorporation#REG_BCAM012_ReviveAnOntarioBusinessCorporation ( REG_BCAM012_ReviveAnOntarioBusinessCorporation )</h3><table class="result"><tr class="param"><th>Parameter #1</th></tr><tr class="param stripe"><td>chrome</td></tr><tr><th>Messages</th></tr><tr><td><div class="messages">-------: REG_BCAM012_ReviveAnOntarioBusinessCorporation -&gt; <br/>Admin Portal build number is: 2.1.5.1 :: 2.1.5.1 :: 2024/03/01 11:42<br/>Ontario Corporation Name is: Pay for requested document</div></td></tr><tr><th>Exception</th></tr><tr><td><div class="stacktrace">java.lang.IllegalArgumentException: Keys to send should be a not null CharSequence
	at org.openqa.selenium.remote.RemoteWebElement.sendKeys(RemoteWebElement.java:97)
	at com.onbis.Helper.HelperMethods.waitAndSendKeys(HelperMethods.java:444)
	at com.onbis.Pages.PartnerPortalLandingPage.searchByEntity(PartnerPortalLandingPage.java:277)
	at com.onbis.TestCases.REG_BCAM012_ReviveAnOntarioBusinessCorporation.REG_BCAM012_ReviveAnOntarioBusinessCorporation(REG_BCAM012_ReviveAnOntarioBusinessCorporation.java:76)
	at sun.reflect.NativeMethodAccessorImpl.invoke0(Native Method)
	at sun.reflect.NativeMethodAccessorImpl.invoke(NativeMethodAccessorImpl.java:62)
	at sun.reflect.DelegatingMethodAccessorImpl.invoke(DelegatingMethodAccessorImpl.java:43)
	at java.lang.reflect.Method.invoke(Method.java:498)
	at org.testng.internal.MethodInvocationHelper.invokeMethod(MethodInvocationHelper.java:124)
	at org.testng.internal.Invoker.invokeMethod(Invoker.java:583)
	at org.testng.internal.Invoker.invokeTestMethod(Invoker.java:719)
	at org.testng.internal.Invoker.invokeTestMethods(Invoker.java:989)
	at org.testng.internal.TestMethodWorker.invokeTestMethods(TestMethodWorker.java:125)
	at org.testng.internal.TestMethodWorker.run(TestMethodWorker.java:109)
	at org.testng.TestRunner.privateRun(TestRunner.java:648)
	at org.testng.TestRunner.run(TestRunner.java:505)
	at org.testng.SuiteRunner.runTest(SuiteRunner.java:455)
	at org.testng.SuiteRunner.runSequentially(SuiteRunner.java:450)
	at org.testng.SuiteRunner.privateRun(SuiteRunner.java:415)
	at org.testng.SuiteRunner.run(SuiteRunner.java:364)
	at org.testng.SuiteRunnerWorker.runSuite(SuiteRunnerWorker.java:52)
	at org.testng.SuiteRunnerWorker.run(SuiteRunnerWorker.java:84)
	at org.testng.TestNG.runSuitesSequentially(TestNG.java:1208)
	at org.testng.TestNG.runSuitesLocally(TestNG.java:1137)
	at org.testng.TestNG.runSuites(TestNG.java:1049)
	at org.testng.TestNG.run(TestNG.java:1017)
	at com.intellij.rt.testng.IDEARemoteTestNG.run(IDEARemoteTestNG.java:65)
	at com.intellij.rt.testng.RemoteTestNGStarter.main(RemoteTestNGStarter.java:105)
</div></td></tr></table><p class="totop"><a href="#summary">back to summary</a></p><h3 id="m1">com.onbis.TestCases.REG_NFPCM007_NFPCA_FileDraftPlanOfArrangement#REG_NFPCM007_NFPCA_FileDraftPlanOfArrangement ( REG_NFPCM007_NFPCA_FileDraftPlanOfArrangement )</h3><table class="result"><tr><th>Messages</th></tr><tr><td><div class="messages">Admin Portal build number is: 2.1.5.1 :: 2.1.5.1 :: 2024/03/01 11:42<br/>-------: REG_NFPCM007_NFPCA_FileDraftPlanOfArrangement-&gt; <br/>Ontario Corporation Number (OCN) number is: 1000607215<br/>Incorporate an Ontario Not-for-Profit Corporation Corporation Number (OCN) number is: 1000607215<br/>Ontario Corporation Name is: Incorporate an Ontario Not-for-Profit Corporation 1000607215 ONTARIO NOT-FOR-PROFIT (1000607215)<br/>Search Result for: 10006072151000607215 ONTARIO NOT-FOR-PROFIT (1000607215)</div></td></tr><tr><th>Exception</th></tr><tr><td><div class="stacktrace">org.openqa.selenium.TimeoutException: Expected condition failed: waiting for visibility of [[ChromeDriver: chrome on WINDOWS (8fdf9c4533f6ae410b26242c378ce6b4)] -&gt; xpath: (//span[text()=&apos;Dashboard&apos;])[2]] (tried for 90 second(s) with 200 milliseconds interval)
	at org.openqa.selenium.support.ui.FluentWait.timeoutException(FluentWait.java:304)
	at org.openqa.selenium.support.ui.FluentWait.until(FluentWait.java:272)
	at com.onbis.Helper.HelperMethods.fluentWaitAndCheckVisible(HelperMethods.java:71)
	at com.onbis.Pages.SOIncorporateOntarioBusinessCorporationPage.reviewDashboardAndApproveFromWorkQueueEP(SOIncorporateOntarioBusinessCorporationPage.java:6430)
	at com.onbis.TestCases.REG_NFPCM007_NFPCA_FileDraftPlanOfArrangement.REG_NFPCM007_NFPCA_FileDraftPlanOfArrangement(REG_NFPCM007_NFPCA_FileDraftPlanOfArrangement.java:87)
	at sun.reflect.NativeMethodAccessorImpl.invoke0(Native Method)
	at sun.reflect.NativeMethodAccessorImpl.invoke(NativeMethodAccessorImpl.java:62)
	at sun.reflect.DelegatingMethodAccessorImpl.invoke(DelegatingMethodAccessorImpl.java:43)
	at java.lang.reflect.Method.invoke(Method.java:498)
	at org.testng.internal.MethodInvocationHelper.invokeMethod(MethodInvocationHelper.java:124)
	at org.testng.internal.Invoker.invokeMethod(Invoker.java:583)
	at org.testng.internal.Invoker.invokeTestMethod(Invoker.java:719)
	at org.testng.internal.Invoker.invokeTestMethods(Invoker.java:989)
	at org.testng.internal.TestMethodWorker.invokeTestMethods(TestMethodWorker.java:125)
	at org.testng.internal.TestMethodWorker.run(TestMethodWorker.java:109)
	at org.testng.TestRunner.privateRun(TestRunner.java:648)
	at org.testng.TestRunner.run(TestRunner.java:505)
	at org.testng.SuiteRunner.runTest(SuiteRunner.java:455)
	at org.testng.SuiteRunner.runSequentially(SuiteRunner.java:450)
	at org.testng.SuiteRunner.privateRun(SuiteRunner.java:415)
	at org.testng.SuiteRunner.run(SuiteRunner.java:364)
	at org.testng.SuiteRunnerWorker.runSuite(SuiteRunnerWorker.java:52)
	at org.testng.SuiteRunnerWorker.run(SuiteRunnerWorker.java:84)
	at org.testng.TestNG.runSuitesSequentially(TestNG.java:1208)
	at org.testng.TestNG.runSuitesLocally(TestNG.java:1137)
	at org.testng.TestNG.runSuites(TestNG.java:1049)
	at org.testng.TestNG.run(TestNG.java:1017)
	at com.intellij.rt.testng.IDEARemoteTestNG.run(IDEARemoteTestNG.java:65)
	at com.intellij.rt.testng.RemoteTestNGStarter.main(RemoteTestNGStarter.java:105)
Caused by: org.openqa.selenium.StaleElementReferenceException: stale element reference: stale element not found
  (Session info: chrome=113.0.5672.127)
For documentation on this error, please visit: https://www.seleniumhq.org/exceptions/stale_element_reference.html
Build info: version: &apos;3.141.59&apos;, revision: &apos;e82be7d358&apos;, time: &apos;2018-11-14T08:17:03&apos;
System info: host: &apos;ON34C03174383&apos;, ip: &apos;10.61.88.140&apos;, os.name: &apos;Windows 10&apos;, os.arch: &apos;amd64&apos;, os.version: &apos;10.0&apos;, java.version: &apos;1.8.0_281&apos;
Driver info: org.openqa.selenium.chrome.ChromeDriver
Capabilities {acceptInsecureCerts: true, browserName: chrome, browserVersion: 113.0.5672.127, chrome: {chromedriverVersion: 113.0.5672.63 (0e1a4471d5ae..., userDataDir: C:\Users\MustofG\AppData\Lo...}, goog:chromeOptions: {debuggerAddress: localhost:64619}, javascriptEnabled: true, networkConnectionEnabled: false, pageLoadStrategy: normal, platform: WINDOWS, platformName: WINDOWS, proxy: Proxy(), setWindowRect: true, strictFileInteractability: false, timeouts: {implicit: 0, pageLoad: 300000, script: 30000}, unhandledPromptBehavior: dismiss and notify, webauthn:extension:credBlob: true, webauthn:extension:largeBlob: true, webauthn:extension:minPinLength: true, webauthn:extension:prf: true, webauthn:virtualAuthenticators: true}
Session ID: 8fdf9c4533f6ae410b26242c378ce6b4
	at sun.reflect.GeneratedConstructorAccessor32.newInstance(Unknown Source)
	at sun.reflect.DelegatingConstructorAccessorImpl.newInstance(DelegatingConstructorAccessorImpl.java:45)
	at java.lang.reflect.Constructor.newInstance(Constructor.java:423)
	at org.openqa.selenium.remote.http.W3CHttpResponseCodec.createException(W3CHttpResponseCodec.java:187)
	at org.openqa.selenium.remote.http.W3CHttpResponseCodec.decode(W3CHttpResponseCodec.java:122)
	at org.openqa.selenium.remote.http.W3CHttpResponseCodec.decode(W3CHttpResponseCodec.java:49)
	at org.openqa.selenium.remote.HttpCommandExecutor.execute(HttpCommandExecutor.java:158)
	at org.openqa.selenium.remote.service.DriverCommandExecutor.execute(DriverCommandExecutor.java:83)
	at org.openqa.selenium.remote.RemoteWebDriver.execute(RemoteWebDriver.java:552)
	at org.openqa.selenium.remote.RemoteWebElement.execute(RemoteWebElement.java:285)
	at org.openqa.selenium.remote.RemoteWebElement.isDisplayed(RemoteWebElement.java:326)
	at org.openqa.selenium.support.ui.ExpectedConditions.elementIfVisible(ExpectedConditions.java:314)
	at org.openqa.selenium.support.ui.ExpectedConditions.access$000(ExpectedConditions.java:43)
	at org.openqa.selenium.support.ui.ExpectedConditions$10.apply(ExpectedConditions.java:300)
	at org.openqa.selenium.support.ui.ExpectedConditions$10.apply(ExpectedConditions.java:297)
	at org.openqa.selenium.support.ui.FluentWait.until(FluentWait.java:249)
	... 27 more
</div></td></tr></table><p class="totop"><a href="#summary">back to summary</a></p><h3 id="m2">com.onbis.TestCases.REG_BCAM008_FileFinalPlanForArrangement#REG_BCAM008_FileFinalPlanForArrangement ( REG_BCAM008_FileFinalPlanForArrangement )</h3><table class="result"><tr class="param"><th>Parameter #1</th></tr><tr class="param stripe"><td>chrome</td></tr><tr><th>Messages</th></tr><tr><td><div class="messages">-------: REG_BCAM008_FileFinalPlanForArrangement -&gt; <br/>Admin Portal build number is: 2.1.5.1 :: 2.1.5.1 :: 2024/03/01 11:42<br/>Ontario Corporation Name is: Incorporate an Ontario Business Corporation 1000607196 ONTARIO CORP. (1000607196)<br/>Search Result for: 10006071961000607196 ONTARIO CORP. (1000607196)<br/>Particulars of BCA - Articles of Incorporation is :1000607196 ONTARIO CORP. (1000607196)<br/>Transaction Number is :APP-A10237082017</div></td></tr></table><p class="totop"><a href="#summary">back to summary</a></p><h3 id="m3">com.onbis.TestCases.REG_BCAM011_InstrumentOfContinuanceAnOntarioBusinessCorporation#REG_BCAM011_InstrumentOfContinuanceAnOntarioBusinessCorporation ( REG_BCAM011_InstrumentOfContinuanceAnOntarioBusinessCorporation )</h3><table class="result"><tr><th>Messages</th></tr><tr><td><div class="messages">Admin Portal build number is: 2.1.5.1 :: 2.1.5.1 :: 2024/03/01 11:42<br/>-------: REG_BCAM011_InstrumentOfContinuanceAnOntarioBusinessCorporation-&gt; <br/>Ontario Corporation Number (OCN) number is: 1000607203<br/>Ontario Corporation Number (OCN) number is: 1000607203<br/>Search Result for: 10006072031000607203 ONTARIO CORP. (1000607203)<br/>File Articles Of Continuance Corporation name and number is: 1000607203 ONTARIO CORP. (1000607203) [Extra-Provincial Domestic Corporation with Share]<br/>File Articles Of Continuance status is: Inactive - Ceased in Ontario</div></td></tr></table><p class="totop"><a href="#summary">back to summary</a></p><h3 id="m4">com.onbis.TestCases.REG_CIA002_AnnualReturnForAOntarioBusinessCorporation#REG_CIA002_AnnualReturnForAOntarioBusinessCorporation ( REG_CIA002_AnnualReturnForAOntarioBusinessCorporation )</h3><table class="result"><tr class="param"><th>Parameter #1</th></tr><tr class="param stripe"><td>chrome</td></tr><tr><th>Messages</th></tr><tr><td><div class="messages">-------: REG_CIA002_AnnualReturnForAOntarioBusinessCorporation -&gt; <br/>Admin Portal build number is: 2.1.5.1 :: 2.1.5.1 :: 2024/03/01 11:42<br/>Ontario Corporation Name is: Incorporate an Ontario Business Corporation 1000607197 ONTARIO CORP. (1000607197)<br/>Search Result for: 10006071971000607197 ONTARIO CORP. (1000607197)<br/>Corporation Name and Number is: 1000607197 ONTARIO CORP. (1000607197) [Ontario Business Corporation]<br/>Transaction Number is: APP-A10237082502<br/>Particulars of Annual Return is: 1000607197 ONTARIO CORP. (1000607197)<br/>Filing Date: March 15, 2024 10:35</div></td></tr></table><p class="totop"><a href="#summary">back to summary</a></p><h3 id="m5">com.onbis.TestCases.REG_CIA006_NoticeOfChangeForEPForeignCorpWithShare#REG_CIA006_NoticeOfChangeForEPForeignCorpWithShare ( REG_CIA006_NoticeOfChangeForEPForeignCorpWithShare )</h3><table class="result"><tr class="param"><th>Parameter #1</th></tr><tr class="param stripe"><td>chrome</td></tr><tr><th>Messages</th></tr><tr><td><div class="messages">-------: REG_CIA006_NoticeOfChangeForEPForeignCorpWithShare -&gt; <br/>Admin Portal build number is: 2.1.5.1 :: 2.1.5.1 :: 2024/03/01 11:42<br/>-------: &apos;Generate PDF&apos; -  is enabled to click. &apos; :-------<br/>Particulars of CIA â€“ Notice of Change â€“ Administrative Changes is :SLMFB298G8KMVBF223378 TEST INC. (1000607204)<br/>Transaction Number is :APP-A10237084054</div></td></tr></table><p class="totop"><a href="#summary">back to summary</a></p><h3 id="m6">com.onbis.TestCases.REG_CIA015_InitialReturnForAnExtraProvincialCorp#REG_CIA015_InitialReturnForAnExtraProvincialCorp ( REG_CIA015_InitialReturnForAnExtraProvincialCorp )</h3><table class="result"><tr class="param"><th>Parameter #1</th></tr><tr class="param stripe"><td>chrome</td></tr><tr><th>Messages</th></tr><tr><td><div class="messages">-------: REG_CIA015_InitialReturnForAnExtraProvincialCorp -&gt; <br/>Admin Portal build number is: 2.1.5.1 :: 2.1.5.1 :: 2024/03/01 11:42<br/>-------: &apos;Generate PDF&apos; -  is enabled to click. &apos; :-------<br/>Particulars of CIA - Initial Return is :HYT1G5VRQF0P218XF2852 TEST INC. (1000607199)<br/>Transaction Number is :APP-A10237082793</div></td></tr></table><p class="totop"><a href="#summary">back to summary</a></p><h3 id="m7">com.onbis.TestCases.REG_CIA016_NoticeOfChangeForAnExtraProvincialCorp#REG_CIA016_NoticeOfChangeForAnExtraProvincialCorp ( REG_CIA016_NoticeOfChangeForAnExtraProvincialCorp )</h3><table class="result"><tr class="param"><th>Parameter #1</th></tr><tr class="param stripe"><td>chrome</td></tr><tr><th>Messages</th></tr><tr><td><div class="messages">-------: REG_CIA016_NoticeOfChangeForAnExtraProvincialCorp -&gt; <br/>Admin Portal build number is: 2.1.5.1 :: 2.1.5.1 :: 2024/03/01 11:42<br/>-------: &apos;Generate PDF&apos; -  is enabled to click. &apos; :-------<br/>Particulars of CIA â€“ Notice of Change â€“ Administrative Changes is :PYU84YO92S8IZI4F62184 TEST INC. (1000607200)<br/>Transaction Number is :APP-A10237083084</div></td></tr></table><p class="totop"><a href="#summary">back to summary</a></p><h3 id="m8">com.onbis.TestCases.REG_EPCM007_ApplicationForAmendmentToLicenceForAForeignCorporation#REG_EPCM007_ApplicationForAmendmentToLicenceForAForeignCorporation ( REG_EPCM007_ApplicationForAmendmentToLicenceForAForeignCorporation )</h3><table class="result"><tr class="param"><th>Parameter #1</th></tr><tr class="param stripe"><td>chrome</td></tr><tr><th>Messages</th></tr><tr><td><div class="messages">-------: REG_EPCM007_ApplicationForAmendmentToLicenceForAForeignCorporation -&gt; <br/>Admin Portal build number is: 2.1.5.1 :: 2.1.5.1 :: 2024/03/01 11:42<br/>-------: &apos;Generate PDF&apos; -  is enabled to click. &apos; :-------<br/>-------: &apos;Generate PDF&apos; -  is enabled to click. &apos; :-------<br/>Amended Particulars of BCA - Articles of Incorporation is :1JDWZ3WBLXT5DI2VT2529 TEST INC. (1000607206)<br/>Transaction Number is :APP-A10237084636</div></td></tr></table><p class="totop"><a href="#summary">back to summary</a></p><h3 id="m9">com.onbis.TestCases.REG_EPCM008_ApplicationToTerminateALicenceForExtraProvincialForeignCorporation#REG_EPCM008_ApplicationToTerminateALicenceForExtraProvincialForeignCorporation ( REG_EPCM008_ApplicationToTerminateALicenceForExtraProvincialForeignCorporation )</h3><table class="result"><tr class="param"><th>Parameter #1</th></tr><tr class="param stripe"><td>chrome</td></tr><tr><th>Messages</th></tr><tr><td><div class="messages">-------: REG_EPCM008_ApplicationToTerminateALicenceForExtraProvincialForeignCorporation -&gt; <br/>Admin Portal build number is: 2.1.5.1 :: 2.1.5.1 :: 2024/03/01 11:42<br/>-------: &apos;Generate PDF&apos; -  is enabled to click. &apos; :-------<br/>-------: &apos;Generate PDF&apos; -  is enabled to click. &apos; :-------<br/>Particulars of EPCA - Termination of Extra-Provincial Foreign Licence is :K6CF47TZ9RAHR9DED7064 TEST INC. (1000607205)</div></td></tr></table><p class="totop"><a href="#summary">back to summary</a></p><h3 id="m10">com.onbis.TestCases.REG_LLCM003_CancelARegistrationExtraProvincialLimitedLiabilityCompanyName#REG_LLCM003_CancelARegistrationExtraProvincialLimitedLiabilityCompanyName ( REG_LLCM003_CancelARegistrationExtraProvincialLimitedLiabilityCompanyName )</h3><table class="result"><tr class="param"><th>Parameter #1</th></tr><tr class="param stripe"><td>chrome</td></tr><tr><th>Messages</th></tr><tr><td><div class="messages">-------: REG_LLCM003_CancelARegistrationExtraProvincialLimitedLiabilityCompanyName -&gt; <br/>Admin Portal build number is: 2.1.5.1 :: 2.1.5.1 :: 2024/03/01 11:42<br/>Transaction Number: APP-A10237085024<br/>Particulars of Cancellation of an Extra-Provincial Limited Liability Company Name: 8GJ4RW1X0K3P7ZCIE (1000607207)<br/>Transaction Number: APP-A10237085024<br/>Filing Date: March 15, 2024 11:12</div></td></tr></table><p class="totop"><a href="#summary">back to summary</a></p><h3 id="m11">com.onbis.TestCases.REG_NFPCM002_NFPCA_FileArticleOfAmendment#REG_NFPCM002_NFPCA_FileArticleOfAmendment ( REG_NFPCM002_NFPCA_FileArticleOfAmendment )</h3><table class="result"><tr><th>Messages</th></tr><tr><td><div class="messages">Admin Portal build number is: 2.1.5.1 :: 2.1.5.1 :: 2024/03/01 11:42<br/>-------: REG_NFPCM002_NFPCA_FileArticleOfAmendment-&gt; <br/>Ontario Corporation Number (OCN) number is: 1000607208<br/>Incorporate an Ontario Not-for-Profit Corporation Corporation Number (OCN) number is: 1000607208<br/>Transaction Number is :APP-A10237085121</div></td></tr></table><p class="totop"><a href="#summary">back to summary</a></p><h3 id="m12">com.onbis.TestCases.REG_NFPCM006_NFPCA_AuthorizationToContinueOut#REG_NFPCM006_NFPCA_AuthorizationToContinueOut ( REG_NFPCM006_NFPCA_AuthorizationToContinueOut )</h3><table class="result"><tr><th>Messages</th></tr><tr><td><div class="messages">Admin Portal build number is: 2.1.5.1 :: 2.1.5.1 :: 2024/03/01 11:42<br/>-------: REG_NFPCM006_NFPCA_AuthorizationToContinueOut-&gt; <br/>Ontario Corporation Number (OCN) number is: 1000607209<br/>Incorporate an Ontario Not-for-Profit Corporation Corporation Number (OCN) number is: 1000607209<br/>Transaction Number is :APP-A10237085315</div></td></tr></table><p class="totop"><a href="#summary">back to summary</a></p><h3 id="m13">com.onbis.TestCases.REG_NFPCM008_NFPCA_FileFinalPlanOfArrangement#REG_NFPCM008_NFPCA_FileFinalPlanOfArrangement ( REG_NFPCM008_NFPCA_FileFinalPlanOfArrangement )</h3><table class="result"><tr><th>Messages</th></tr><tr><td><div class="messages">Admin Portal build number is: 2.1.5.1 :: 2.1.5.1 :: 2024/03/01 11:42<br/>-------: REG_NFPCM008_NFPCA_FileFinalPlanOfArrangement-&gt; <br/>Ontario Corporation Number (OCN) number is: 1000607216<br/>Incorporate an Ontario Not-for-Profit Corporation Corporation Number (OCN) number is: 1000607216<br/>Ontario Corporation Name is: Incorporate an Ontario Not-for-Profit Corporation 1000607216 ONTARIO NOT-FOR-PROFIT (1000607216)<br/>Search Result for: 10006072161000607216 ONTARIO NOT-FOR-PROFIT (1000607216)<br/>-------: &apos;Ok&apos; -  is enabled to click. &apos; :-------<br/>Search Result for: 10006072161000607216 ONTARIO NOT-FOR-PROFIT (1000607216)<br/>Particulars of NFPCA â€“ Articles of Arrangement :1000607216 ONTARIO NOT-FOR-PROFIT (1000607216)<br/>Transaction Number is :APP-A10237087546</div></td></tr></table><p class="totop"><a href="#summary">back to summary</a></p><h3 id="m14">com.onbis.TestCases.REG_NFPCM010_NFPCA_FileArticlesOfDissolution#REG_NFPCM010_NFPCA_FileArticlesOfDissolution ( REG_NFPCM010_NFPCA_FileArticlesOfDissolution )</h3><table class="result"><tr><th>Messages</th></tr><tr><td><div class="messages">Admin Portal build number is: 2.1.5.1 :: 2.1.5.1 :: 2024/03/01 11:42<br/>-------: REG_NFPCM010_NFPCA_FileArticlesOfDissolution-&gt; <br/>Ontario Corporation Number (OCN) number is: 1000607210<br/>Incorporate an Ontario Not-for-Profit Corporation Corporation Number (OCN) number is: 1000607210<br/>Search Result for: 10006072101000607210 ONTARIO NOT-FOR-PROFIT (1000607210)<br/>View Corporation name and number is: 1000607210 ONTARIO NOT-FOR-PROFIT<br/>File Articles Of Dissolution status is: Inactive - Voluntary Dissolution</div></td></tr></table><p class="totop"><a href="#summary">back to summary</a></p><h3 id="m15">com.onbis.TestCases.REG_NFPCM011_NFPCA_ReviveNotForProfitCorporation#REG_NFPCM011_NFPCA_ReviveNotForProfitCorporation ( REG_NFPCM011_NFPCA_ReviveNotForProfitCorporation )</h3><table class="result"><tr><th>Messages</th></tr><tr><td><div class="messages">Admin Portal build number is: 2.1.5.1 :: 2.1.5.1 :: 2024/03/01 11:42<br/>-------: REG_NFPCM011_NFPCA_ReviveNotForProfitCorporation-&gt; <br/>Ontario Corporation Number (OCN) number is: 1000607213<br/>Incorporate an Ontario Not-for-Profit Corporation Corporation Number (OCN) number is: 1000607213<br/>Search Result for: 10006072131000607213 ONTARIO NOT-FOR-PROFIT (1000607213)<br/>Particulars of Registrar Notice of Change of Status :1000607213 ONTARIO NOT-FOR-PROFIT (1000607213)<br/>Transaction Number is :APP-A10237086576</div></td></tr></table><p class="totop"><a href="#summary">back to summary</a></p><h3 id="m16">com.onbis.TestCases.REG_NFPCM012_NFPCA_WindingUpNotForProfitCorporation#REG_NFPCM012_NFPCA_WindingUpNotForProfitCorporation ( REG_NFPCM012_NFPCA_WindingUpNotForProfitCorporation )</h3><table class="result"><tr><th>Messages</th></tr><tr><td><div class="messages">Admin Portal build number is: 2.1.5.1 :: 2.1.5.1 :: 2024/03/01 11:42<br/>-------: REG_NFPCM012_NFPCA_WindingUpNotForProfitCorporation-&gt; <br/>Ontario Corporation Number (OCN) number is: 1000607212<br/>Incorporate an Ontario Not-for-Profit Corporation Corporation Number (OCN) number is: 1000607212<br/>Search Result for: 10006072121000607212 ONTARIO NOT-FOR-PROFIT (1000607212)<br/>Winding Up of a Not For Profit Corporation Name and Number is :1000607212 ONTARIO NOT-FOR-PROFIT (1000607212)<br/>Transaction Number is :APP-A10237086382</div></td></tr></table><p class="totop"><a href="#summary">back to summary</a></p><h2>Onbis-Regression-SOAB Portal</h2><h2>Onbis-Regression-Partner Portal-Data Creation for Renewal</h2><h3 id="m17">com.onbis.TestCases.TC_ALL_DataCreationRegistrationOfABusinessNameChangeExpiry#BNM002_DataCreationRegistrationOfASoleProprietorshipBusinessNameChangeExpiry ( BNM002_DataCreationRegistrationOfASoleProprietorshipBusinessNameChangeExpiry )</h3><table class="result"><tr><th>Messages</th></tr><tr><td><div class="messages">Admin Portal build number is: 2.1.5.1 :: 2.1.5.1 :: 2024/03/01 11:42</div></td></tr><tr><th>Exception</th></tr><tr><td><div class="stacktrace">org.openqa.selenium.TimeoutException: Expected condition failed: waiting for visibility of Proxy element for: DefaultElementLocator &apos;By.xpath: //label[text()=&apos;Registrar&apos;]&apos; (tried for 90 second(s) with 200 milliseconds interval)
	at org.openqa.selenium.support.ui.FluentWait.timeoutException(FluentWait.java:304)
	at org.openqa.selenium.support.ui.FluentWait.until(FluentWait.java:272)
	at com.onbis.Helper.HelperMethods.fluentWaitAndCheckVisible(HelperMethods.java:71)
	at com.onbis.Pages.PartnerSoleProprietorshipRegistrationPage.setSoleProprietorshipBusinessExpier(PartnerSoleProprietorshipRegistrationPage.java:1639)
	at com.onbis.TestCases.TC_ALL_DataCreationRegistrationOfABusinessNameChangeExpiry.BNM002_DataCreationRegistrationOfASoleProprietorshipBusinessNameChangeExpiry(TC_ALL_DataCreationRegistrationOfABusinessNameChangeExpiry.java:35)
	at sun.reflect.NativeMethodAccessorImpl.invoke0(Native Method)
	at sun.reflect.NativeMethodAccessorImpl.invoke(NativeMethodAccessorImpl.java:62)
	at sun.reflect.DelegatingMethodAccessorImpl.invoke(DelegatingMethodAccessorImpl.java:43)
	at java.lang.reflect.Method.invoke(Method.java:498)
	at org.testng.internal.MethodInvocationHelper.invokeMethod(MethodInvocationHelper.java:124)
	at org.testng.internal.Invoker.invokeMethod(Invoker.java:583)
	at org.testng.internal.Invoker.invokeTestMethod(Invoker.java:719)
	at org.testng.internal.Invoker.invokeTestMethods(Invoker.java:989)
	at org.testng.internal.TestMethodWorker.invokeTestMethods(TestMethodWorker.java:125)
	at org.testng.internal.TestMethodWorker.run(TestMethodWorker.java:109)
	at org.testng.TestRunner.privateRun(TestRunner.java:648)
	at org.testng.TestRunner.run(TestRunner.java:505)
	at org.testng.SuiteRunner.runTest(SuiteRunner.java:455)
	at org.testng.SuiteRunner.runSequentially(SuiteRunner.java:450)
	at org.testng.SuiteRunner.privateRun(SuiteRunner.java:415)
	at org.testng.SuiteRunner.run(SuiteRunner.java:364)
	at org.testng.SuiteRunnerWorker.runSuite(SuiteRunnerWorker.java:52)
	at org.testng.SuiteRunnerWorker.run(SuiteRunnerWorker.java:84)
	at org.testng.TestNG.runSuitesSequentially(TestNG.java:1208)
	at org.testng.TestNG.runSuitesLocally(TestNG.java:1137)
	at org.testng.TestNG.runSuites(TestNG.java:1049)
	at org.testng.TestNG.run(TestNG.java:1017)
	at com.intellij.rt.testng.IDEARemoteTestNG.run(IDEARemoteTestNG.java:65)
	at com.intellij.rt.testng.RemoteTestNGStarter.main(RemoteTestNGStarter.java:105)
Caused by: org.openqa.selenium.NoSuchElementException: no such element: Unable to locate element: {&quot;method&quot;:&quot;xpath&quot;,&quot;selector&quot;:&quot;//label[text()=&apos;Registrar&apos;]&quot;}
  (Session info: chrome=113.0.5672.127)
For documentation on this error, please visit: https://www.seleniumhq.org/exceptions/no_such_element.html
Build info: version: &apos;3.141.59&apos;, revision: &apos;e82be7d358&apos;, time: &apos;2018-11-14T08:17:03&apos;
System info: host: &apos;ON34C03174383&apos;, ip: &apos;10.61.88.140&apos;, os.name: &apos;Windows 10&apos;, os.arch: &apos;amd64&apos;, os.version: &apos;10.0&apos;, java.version: &apos;1.8.0_281&apos;
Driver info: org.openqa.selenium.chrome.ChromeDriver
Capabilities {acceptInsecureCerts: true, browserName: chrome, browserVersion: 113.0.5672.127, chrome: {chromedriverVersion: 113.0.5672.63 (0e1a4471d5ae..., userDataDir: C:\Users\MustofG\AppData\Lo...}, goog:chromeOptions: {debuggerAddress: localhost:51951}, javascriptEnabled: true, networkConnectionEnabled: false, pageLoadStrategy: normal, platform: WINDOWS, platformName: WINDOWS, proxy: Proxy(), setWindowRect: true, strictFileInteractability: false, timeouts: {implicit: 0, pageLoad: 300000, script: 30000}, unhandledPromptBehavior: dismiss and notify, webauthn:extension:credBlob: true, webauthn:extension:largeBlob: true, webauthn:extension:minPinLength: true, webauthn:extension:prf: true, webauthn:virtualAuthenticators: true}
Session ID: aefeb4738becbeacb313d0b95be5071b
*** Element info: {Using=xpath, value=//label[text()=&apos;Registrar&apos;]}
	at sun.reflect.NativeConstructorAccessorImpl.newInstance0(Native Method)
	at sun.reflect.NativeConstructorAccessorImpl.newInstance(NativeConstructorAccessorImpl.java:62)
	at sun.reflect.DelegatingConstructorAccessorImpl.newInstance(DelegatingConstructorAccessorImpl.java:45)
	at java.lang.reflect.Constructor.newInstance(Constructor.java:423)
	at org.openqa.selenium.remote.http.W3CHttpResponseCodec.createException(W3CHttpResponseCodec.java:187)
	at org.openqa.selenium.remote.http.W3CHttpResponseCodec.decode(W3CHttpResponseCodec.java:122)
	at org.openqa.selenium.remote.http.W3CHttpResponseCodec.decode(W3CHttpResponseCodec.java:49)
	at org.openqa.selenium.remote.HttpCommandExecutor.execute(HttpCommandExecutor.java:158)
	at org.openqa.selenium.remote.service.DriverCommandExecutor.execute(DriverCommandExecutor.java:83)
	at org.openqa.selenium.remote.RemoteWebDriver.execute(RemoteWebDriver.java:552)
	at org.openqa.selenium.remote.RemoteWebDriver.findElement(RemoteWebDriver.java:323)
	at org.openqa.selenium.remote.RemoteWebDriver.findElementByXPath(RemoteWebDriver.java:428)
	at org.openqa.selenium.By$ByXPath.findElement(By.java:353)
	at org.openqa.selenium.remote.RemoteWebDriver.findElement(RemoteWebDriver.java:315)
	at org.openqa.selenium.support.pagefactory.DefaultElementLocator.findElement(DefaultElementLocator.java:69)
	at org.openqa.selenium.support.pagefactory.internal.LocatingElementHandler.invoke(LocatingElementHandler.java:38)
	at com.sun.proxy.$Proxy24.isDisplayed(Unknown Source)
	at org.openqa.selenium.support.ui.ExpectedConditions.elementIfVisible(ExpectedConditions.java:314)
	at org.openqa.selenium.support.ui.ExpectedConditions.access$000(ExpectedConditions.java:43)
	at org.openqa.selenium.support.ui.ExpectedConditions$10.apply(ExpectedConditions.java:300)
	at org.openqa.selenium.support.ui.ExpectedConditions$10.apply(ExpectedConditions.java:297)
	at org.openqa.selenium.support.ui.FluentWait.until(FluentWait.java:249)
	... 27 more
</div></td></tr></table><p class="totop"><a href="#summary">back to summary</a></p><h3 id="m18">com.onbis.TestCases.TC_ALL_DataCreationRegistrationOfABusinessNameChangeExpiry#BNM011_DataCreationRegistrationOfAOntarioLimitedLiabilityPartnershipBusinessNameChangeExpiry ( BNM011_DataCreationRegistrationOfAOntarioLimitedLiabilityPartnershipBusinessNameChangeExpiry )</h3><table class="result"><tr><th>Messages</th></tr><tr><td><div class="messages">Admin Portal build number is: 2.1.5.1 :: 2.1.5.1 :: 2024/03/01 11:42</div></td></tr><tr><th>Exception</th></tr><tr><td><div class="stacktrace">org.openqa.selenium.TimeoutException: Expected condition failed: waiting for visibility of Proxy element for: DefaultElementLocator &apos;By.xpath: //label[text()=&apos;Registrar&apos;]&apos; (tried for 90 second(s) with 200 milliseconds interval)
	at org.openqa.selenium.support.ui.FluentWait.timeoutException(FluentWait.java:304)
	at org.openqa.selenium.support.ui.FluentWait.until(FluentWait.java:272)
	at com.onbis.Helper.HelperMethods.fluentWaitAndCheckVisible(HelperMethods.java:71)
	at com.onbis.Pages.PartnerSoleProprietorshipRegistrationPage.setOntarioLimitedLiabilityPartnershiBusinessExpier(PartnerSoleProprietorshipRegistrationPage.java:1561)
	at com.onbis.TestCases.TC_ALL_DataCreationRegistrationOfABusinessNameChangeExpiry.BNM011_DataCreationRegistrationOfAOntarioLimitedLiabilityPartnershipBusinessNameChangeExpiry(TC_ALL_DataCreationRegistrationOfABusinessNameChangeExpiry.java:56)
	at sun.reflect.NativeMethodAccessorImpl.invoke0(Native Method)
	at sun.reflect.NativeMethodAccessorImpl.invoke(NativeMethodAccessorImpl.java:62)
	at sun.reflect.DelegatingMethodAccessorImpl.invoke(DelegatingMethodAccessorImpl.java:43)
	at java.lang.reflect.Method.invoke(Method.java:498)
	at org.testng.internal.MethodInvocationHelper.invokeMethod(MethodInvocationHelper.java:124)
	at org.testng.internal.Invoker.invokeMethod(Invoker.java:583)
	at org.testng.internal.Invoker.invokeTestMethod(Invoker.java:719)
	at org.testng.internal.Invoker.invokeTestMethods(Invoker.java:989)
	at org.testng.internal.TestMethodWorker.invokeTestMethods(TestMethodWorker.java:125)
	at org.testng.internal.TestMethodWorker.run(TestMethodWorker.java:109)
	at org.testng.TestRunner.privateRun(TestRunner.java:648)
	at org.testng.TestRunner.run(TestRunner.java:505)
	at org.testng.SuiteRunner.runTest(SuiteRunner.java:455)
	at org.testng.SuiteRunner.runSequentially(SuiteRunner.java:450)
	at org.testng.SuiteRunner.privateRun(SuiteRunner.java:415)
	at org.testng.SuiteRunner.run(SuiteRunner.java:364)
	at org.testng.SuiteRunnerWorker.runSuite(SuiteRunnerWorker.java:52)
	at org.testng.SuiteRunnerWorker.run(SuiteRunnerWorker.java:84)
	at org.testng.TestNG.runSuitesSequentially(TestNG.java:1208)
	at org.testng.TestNG.runSuitesLocally(TestNG.java:1137)
	at org.testng.TestNG.runSuites(TestNG.java:1049)
	at org.testng.TestNG.run(TestNG.java:1017)
	at com.intellij.rt.testng.IDEARemoteTestNG.run(IDEARemoteTestNG.java:65)
	at com.intellij.rt.testng.RemoteTestNGStarter.main(RemoteTestNGStarter.java:105)
Caused by: org.openqa.selenium.NoSuchElementException: no such element: Unable to locate element: {&quot;method&quot;:&quot;xpath&quot;,&quot;selector&quot;:&quot;//label[text()=&apos;Registrar&apos;]&quot;}
  (Session info: chrome=113.0.5672.127)
For documentation on this error, please visit: https://www.seleniumhq.org/exceptions/no_such_element.html
Build info: version: &apos;3.141.59&apos;, revision: &apos;e82be7d358&apos;, time: &apos;2018-11-14T08:17:03&apos;
System info: host: &apos;ON34C03174383&apos;, ip: &apos;10.61.88.140&apos;, os.name: &apos;Windows 10&apos;, os.arch: &apos;amd64&apos;, os.version: &apos;10.0&apos;, java.version: &apos;1.8.0_281&apos;
Driver info: org.openqa.selenium.chrome.ChromeDriver
Capabilities {acceptInsecureCerts: true, browserName: chrome, browserVersion: 113.0.5672.127, chrome: {chromedriverVersion: 113.0.5672.63 (0e1a4471d5ae..., userDataDir: C:\Users\MustofG\AppData\Lo...}, goog:chromeOptions: {debuggerAddress: localhost:53173}, javascriptEnabled: true, networkConnectionEnabled: false, pageLoadStrategy: normal, platform: WINDOWS, platformName: WINDOWS, proxy: Proxy(), setWindowRect: true, strictFileInteractability: false, timeouts: {implicit: 0, pageLoad: 300000, script: 30000}, unhandledPromptBehavior: dismiss and notify, webauthn:extension:credBlob: true, webauthn:extension:largeBlob: true, webauthn:extension:minPinLength: true, webauthn:extension:prf: true, webauthn:virtualAuthenticators: true}
Session ID: d35351f9df59ae9849d97e2f87a2e184
*** Element info: {Using=xpath, value=//label[text()=&apos;Registrar&apos;]}
	at sun.reflect.NativeConstructorAccessorImpl.newInstance0(Native Method)
	at sun.reflect.NativeConstructorAccessorImpl.newInstance(NativeConstructorAccessorImpl.java:62)
	at sun.reflect.DelegatingConstructorAccessorImpl.newInstance(DelegatingConstructorAccessorImpl.java:45)
	at java.lang.reflect.Constructor.newInstance(Constructor.java:423)
	at org.openqa.selenium.remote.http.W3CHttpResponseCodec.createException(W3CHttpResponseCodec.java:187)
	at org.openqa.selenium.remote.http.W3CHttpResponseCodec.decode(W3CHttpResponseCodec.java:122)
	at org.openqa.selenium.remote.http.W3CHttpResponseCodec.decode(W3CHttpResponseCodec.java:49)
	at org.openqa.selenium.remote.HttpCommandExecutor.execute(HttpCommandExecutor.java:158)
	at org.openqa.selenium.remote.service.DriverCommandExecutor.execute(DriverCommandExecutor.java:83)
	at org.openqa.selenium.remote.RemoteWebDriver.execute(RemoteWebDriver.java:552)
	at org.openqa.selenium.remote.RemoteWebDriver.findElement(RemoteWebDriver.java:323)
	at org.openqa.selenium.remote.RemoteWebDriver.findElementByXPath(RemoteWebDriver.java:428)
	at org.openqa.selenium.By$ByXPath.findElement(By.java:353)
	at org.openqa.selenium.remote.RemoteWebDriver.findElement(RemoteWebDriver.java:315)
	at org.openqa.selenium.support.pagefactory.DefaultElementLocator.findElement(DefaultElementLocator.java:69)
	at org.openqa.selenium.support.pagefactory.internal.LocatingElementHandler.invoke(LocatingElementHandler.java:38)
	at com.sun.proxy.$Proxy24.isDisplayed(Unknown Source)
	at org.openqa.selenium.support.ui.ExpectedConditions.elementIfVisible(ExpectedConditions.java:314)
	at org.openqa.selenium.support.ui.ExpectedConditions.access$000(ExpectedConditions.java:43)
	at org.openqa.selenium.support.ui.ExpectedConditions$10.apply(ExpectedConditions.java:300)
	at org.openqa.selenium.support.ui.ExpectedConditions$10.apply(ExpectedConditions.java:297)
	at org.openqa.selenium.support.ui.FluentWait.until(FluentWait.java:249)
	... 27 more
</div></td></tr></table><p class="totop"><a href="#summary">back to summary</a></p><h3 id="m19">com.onbis.TestCases.TC_ALL_DataCreationRegistrationOfABusinessNameChangeExpiry#BNM017_DataCreationRegistrationOfAPartnershipBusinessNameChangeExpiry ( BNM017_DataCreationRegistrationOfAPartnershipBusinessNameChangeExpiry )</h3><table class="result"><tr><th>Messages</th></tr><tr><td><div class="messages">Admin Portal build number is: 2.1.5.1 :: 2.1.5.1 :: 2024/03/01 11:42</div></td></tr><tr><th>Exception</th></tr><tr><td><div class="stacktrace">org.openqa.selenium.TimeoutException: Expected condition failed: waiting for visibility of Proxy element for: DefaultElementLocator &apos;By.xpath: //label[text()=&apos;Registrar&apos;]&apos; (tried for 90 second(s) with 200 milliseconds interval)
	at org.openqa.selenium.support.ui.FluentWait.timeoutException(FluentWait.java:304)
	at org.openqa.selenium.support.ui.FluentWait.until(FluentWait.java:272)
	at com.onbis.Helper.HelperMethods.fluentWaitAndCheckVisible(HelperMethods.java:71)
	at com.onbis.Pages.PartnerSoleProprietorshipRegistrationPage.setPartnershipshipBusinessExpier(PartnerSoleProprietorshipRegistrationPage.java:1719)
	at com.onbis.TestCases.TC_ALL_DataCreationRegistrationOfABusinessNameChangeExpiry.BNM017_DataCreationRegistrationOfAPartnershipBusinessNameChangeExpiry(TC_ALL_DataCreationRegistrationOfABusinessNameChangeExpiry.java:78)
	at sun.reflect.NativeMethodAccessorImpl.invoke0(Native Method)
	at sun.reflect.NativeMethodAccessorImpl.invoke(NativeMethodAccessorImpl.java:62)
	at sun.reflect.DelegatingMethodAccessorImpl.invoke(DelegatingMethodAccessorImpl.java:43)
	at java.lang.reflect.Method.invoke(Method.java:498)
	at org.testng.internal.MethodInvocationHelper.invokeMethod(MethodInvocationHelper.java:124)
	at org.testng.internal.Invoker.invokeMethod(Invoker.java:583)
	at org.testng.internal.Invoker.invokeTestMethod(Invoker.java:719)
	at org.testng.internal.Invoker.invokeTestMethods(Invoker.java:989)
	at org.testng.internal.TestMethodWorker.invokeTestMethods(TestMethodWorker.java:125)
	at org.testng.internal.TestMethodWorker.run(TestMethodWorker.java:109)
	at org.testng.TestRunner.privateRun(TestRunner.java:648)
	at org.testng.TestRunner.run(TestRunner.java:505)
	at org.testng.SuiteRunner.runTest(SuiteRunner.java:455)
	at org.testng.SuiteRunner.runSequentially(SuiteRunner.java:450)
	at org.testng.SuiteRunner.privateRun(SuiteRunner.java:415)
	at org.testng.SuiteRunner.run(SuiteRunner.java:364)
	at org.testng.SuiteRunnerWorker.runSuite(SuiteRunnerWorker.java:52)
	at org.testng.SuiteRunnerWorker.run(SuiteRunnerWorker.java:84)
	at org.testng.TestNG.runSuitesSequentially(TestNG.java:1208)
	at org.testng.TestNG.runSuitesLocally(TestNG.java:1137)
	at org.testng.TestNG.runSuites(TestNG.java:1049)
	at org.testng.TestNG.run(TestNG.java:1017)
	at com.intellij.rt.testng.IDEARemoteTestNG.run(IDEARemoteTestNG.java:65)
	at com.intellij.rt.testng.RemoteTestNGStarter.main(RemoteTestNGStarter.java:105)
Caused by: org.openqa.selenium.NoSuchElementException: no such element: Unable to locate element: {&quot;method&quot;:&quot;xpath&quot;,&quot;selector&quot;:&quot;//label[text()=&apos;Registrar&apos;]&quot;}
  (Session info: chrome=113.0.5672.127)
For documentation on this error, please visit: https://www.seleniumhq.org/exceptions/no_such_element.html
Build info: version: &apos;3.141.59&apos;, revision: &apos;e82be7d358&apos;, time: &apos;2018-11-14T08:17:03&apos;
System info: host: &apos;ON34C03174383&apos;, ip: &apos;10.61.88.140&apos;, os.name: &apos;Windows 10&apos;, os.arch: &apos;amd64&apos;, os.version: &apos;10.0&apos;, java.version: &apos;1.8.0_281&apos;
Driver info: org.openqa.selenium.chrome.ChromeDriver
Capabilities {acceptInsecureCerts: true, browserName: chrome, browserVersion: 113.0.5672.127, chrome: {chromedriverVersion: 113.0.5672.63 (0e1a4471d5ae..., userDataDir: C:\Users\MustofG\AppData\Lo...}, goog:chromeOptions: {debuggerAddress: localhost:53709}, javascriptEnabled: true, networkConnectionEnabled: false, pageLoadStrategy: normal, platform: WINDOWS, platformName: WINDOWS, proxy: Proxy(), setWindowRect: true, strictFileInteractability: false, timeouts: {implicit: 0, pageLoad: 300000, script: 30000}, unhandledPromptBehavior: dismiss and notify, webauthn:extension:credBlob: true, webauthn:extension:largeBlob: true, webauthn:extension:minPinLength: true, webauthn:extension:prf: true, webauthn:virtualAuthenticators: true}
Session ID: 6f4ecb74875af20015a84bd744c58996
*** Element info: {Using=xpath, value=//label[text()=&apos;Registrar&apos;]}
	at sun.reflect.NativeConstructorAccessorImpl.newInstance0(Native Method)
	at sun.reflect.NativeConstructorAccessorImpl.newInstance(NativeConstructorAccessorImpl.java:62)
	at sun.reflect.DelegatingConstructorAccessorImpl.newInstance(DelegatingConstructorAccessorImpl.java:45)
	at java.lang.reflect.Constructor.newInstance(Constructor.java:423)
	at org.openqa.selenium.remote.http.W3CHttpResponseCodec.createException(W3CHttpResponseCodec.java:187)
	at org.openqa.selenium.remote.http.W3CHttpResponseCodec.decode(W3CHttpResponseCodec.java:122)
	at org.openqa.selenium.remote.http.W3CHttpResponseCodec.decode(W3CHttpResponseCodec.java:49)
	at org.openqa.selenium.remote.HttpCommandExecutor.execute(HttpCommandExecutor.java:158)
	at org.openqa.selenium.remote.service.DriverCommandExecutor.execute(DriverCommandExecutor.java:83)
	at org.openqa.selenium.remote.RemoteWebDriver.execute(RemoteWebDriver.java:552)
	at org.openqa.selenium.remote.RemoteWebDriver.findElement(RemoteWebDriver.java:323)
	at org.openqa.selenium.remote.RemoteWebDriver.findElementByXPath(RemoteWebDriver.java:428)
	at org.openqa.selenium.By$ByXPath.findElement(By.java:353)
	at org.openqa.selenium.remote.RemoteWebDriver.findElement(RemoteWebDriver.java:315)
	at org.openqa.selenium.support.pagefactory.DefaultElementLocator.findElement(DefaultElementLocator.java:69)
	at org.openqa.selenium.support.pagefactory.internal.LocatingElementHandler.invoke(LocatingElementHandler.java:38)
	at com.sun.proxy.$Proxy24.isDisplayed(Unknown Source)
	at org.openqa.selenium.support.ui.ExpectedConditions.elementIfVisible(ExpectedConditions.java:314)
	at org.openqa.selenium.support.ui.ExpectedConditions.access$000(ExpectedConditions.java:43)
	at org.openqa.selenium.support.ui.ExpectedConditions$10.apply(ExpectedConditions.java:300)
	at org.openqa.selenium.support.ui.ExpectedConditions$10.apply(ExpectedConditions.java:297)
	at org.openqa.selenium.support.ui.FluentWait.until(FluentWait.java:249)
	... 27 more
</div></td></tr></table><p class="totop"><a href="#summary">back to summary</a></p><h3 id="m20">com.onbis.TestCases.TC_ALL_DataCreationRegistrationOfABusinessNameChangeExpiry#LLCM002_RenewARegistrationOfABusinessNameForALimitedLiabilityCompanyNameExpiry ( LLCM002_RenewARegistrationOfABusinessNameForALimitedLiabilityCompanyNameExpiry )</h3><table class="result"><tr><th>Messages</th></tr><tr><td><div class="messages">Admin Portal build number is: 2.1.5.1 :: 2.1.5.1 :: 2024/03/01 11:42</div></td></tr><tr><th>Exception</th></tr><tr><td><div class="stacktrace">org.openqa.selenium.TimeoutException: Expected condition failed: waiting for visibility of Proxy element for: DefaultElementLocator &apos;By.xpath: //label[text()=&apos;Registrar&apos;]&apos; (tried for 90 second(s) with 200 milliseconds interval)
	at org.openqa.selenium.support.ui.FluentWait.timeoutException(FluentWait.java:304)
	at org.openqa.selenium.support.ui.FluentWait.until(FluentWait.java:272)
	at com.onbis.Helper.HelperMethods.fluentWaitAndCheckVisible(HelperMethods.java:71)
	at com.onbis.Pages.PartnerSoleProprietorshipRegistrationPage.ExtraProvincialLimitedLiabilityCompanyName(PartnerSoleProprietorshipRegistrationPage.java:1792)
	at com.onbis.TestCases.TC_ALL_DataCreationRegistrationOfABusinessNameChangeExpiry.LLCM002_RenewARegistrationOfABusinessNameForALimitedLiabilityCompanyNameExpiry(TC_ALL_DataCreationRegistrationOfABusinessNameChangeExpiry.java:100)
	at sun.reflect.NativeMethodAccessorImpl.invoke0(Native Method)
	at sun.reflect.NativeMethodAccessorImpl.invoke(NativeMethodAccessorImpl.java:62)
	at sun.reflect.DelegatingMethodAccessorImpl.invoke(DelegatingMethodAccessorImpl.java:43)
	at java.lang.reflect.Method.invoke(Method.java:498)
	at org.testng.internal.MethodInvocationHelper.invokeMethod(MethodInvocationHelper.java:124)
	at org.testng.internal.Invoker.invokeMethod(Invoker.java:583)
	at org.testng.internal.Invoker.invokeTestMethod(Invoker.java:719)
	at org.testng.internal.Invoker.invokeTestMethods(Invoker.java:989)
	at org.testng.internal.TestMethodWorker.invokeTestMethods(TestMethodWorker.java:125)
	at org.testng.internal.TestMethodWorker.run(TestMethodWorker.java:109)
	at org.testng.TestRunner.privateRun(TestRunner.java:648)
	at org.testng.TestRunner.run(TestRunner.java:505)
	at org.testng.SuiteRunner.runTest(SuiteRunner.java:455)
	at org.testng.SuiteRunner.runSequentially(SuiteRunner.java:450)
	at org.testng.SuiteRunner.privateRun(SuiteRunner.java:415)
	at org.testng.SuiteRunner.run(SuiteRunner.java:364)
	at org.testng.SuiteRunnerWorker.runSuite(SuiteRunnerWorker.java:52)
	at org.testng.SuiteRunnerWorker.run(SuiteRunnerWorker.java:84)
	at org.testng.TestNG.runSuitesSequentially(TestNG.java:1208)
	at org.testng.TestNG.runSuitesLocally(TestNG.java:1137)
	at org.testng.TestNG.runSuites(TestNG.java:1049)
	at org.testng.TestNG.run(TestNG.java:1017)
	at com.intellij.rt.testng.IDEARemoteTestNG.run(IDEARemoteTestNG.java:65)
	at com.intellij.rt.testng.RemoteTestNGStarter.main(RemoteTestNGStarter.java:105)
Caused by: org.openqa.selenium.NoSuchElementException: no such element: Unable to locate element: {&quot;method&quot;:&quot;xpath&quot;,&quot;selector&quot;:&quot;//label[text()=&apos;Registrar&apos;]&quot;}
  (Session info: chrome=113.0.5672.127)
For documentation on this error, please visit: https://www.seleniumhq.org/exceptions/no_such_element.html
Build info: version: &apos;3.141.59&apos;, revision: &apos;e82be7d358&apos;, time: &apos;2018-11-14T08:17:03&apos;
System info: host: &apos;ON34C03174383&apos;, ip: &apos;10.61.88.140&apos;, os.name: &apos;Windows 10&apos;, os.arch: &apos;amd64&apos;, os.version: &apos;10.0&apos;, java.version: &apos;1.8.0_281&apos;
Driver info: org.openqa.selenium.chrome.ChromeDriver
Capabilities {acceptInsecureCerts: true, browserName: chrome, browserVersion: 113.0.5672.127, chrome: {chromedriverVersion: 113.0.5672.63 (0e1a4471d5ae..., userDataDir: C:\Users\MustofG\AppData\Lo...}, goog:chromeOptions: {debuggerAddress: localhost:54220}, javascriptEnabled: true, networkConnectionEnabled: false, pageLoadStrategy: normal, platform: WINDOWS, platformName: WINDOWS, proxy: Proxy(), setWindowRect: true, strictFileInteractability: false, timeouts: {implicit: 0, pageLoad: 300000, script: 30000}, unhandledPromptBehavior: dismiss and notify, webauthn:extension:credBlob: true, webauthn:extension:largeBlob: true, webauthn:extension:minPinLength: true, webauthn:extension:prf: true, webauthn:virtualAuthenticators: true}
Session ID: b69a16fec4085b28e6344cecb85af7f5
*** Element info: {Using=xpath, value=//label[text()=&apos;Registrar&apos;]}
	at sun.reflect.GeneratedConstructorAccessor33.newInstance(Unknown Source)
	at sun.reflect.DelegatingConstructorAccessorImpl.newInstance(DelegatingConstructorAccessorImpl.java:45)
	at java.lang.reflect.Constructor.newInstance(Constructor.java:423)
	at org.openqa.selenium.remote.http.W3CHttpResponseCodec.createException(W3CHttpResponseCodec.java:187)
	at org.openqa.selenium.remote.http.W3CHttpResponseCodec.decode(W3CHttpResponseCodec.java:122)
	at org.openqa.selenium.remote.http.W3CHttpResponseCodec.decode(W3CHttpResponseCodec.java:49)
	at org.openqa.selenium.remote.HttpCommandExecutor.execute(HttpCommandExecutor.java:158)
	at org.openqa.selenium.remote.service.DriverCommandExecutor.execute(DriverCommandExecutor.java:83)
	at org.openqa.selenium.remote.RemoteWebDriver.execute(RemoteWebDriver.java:552)
	at org.openqa.selenium.remote.RemoteWebDriver.findElement(RemoteWebDriver.java:323)
	at org.openqa.selenium.remote.RemoteWebDriver.findElementByXPath(RemoteWebDriver.java:428)
	at org.openqa.selenium.By$ByXPath.findElement(By.java:353)
	at org.openqa.selenium.remote.RemoteWebDriver.findElement(RemoteWebDriver.java:315)
	at org.openqa.selenium.support.pagefactory.DefaultElementLocator.findElement(DefaultElementLocator.java:69)
	at org.openqa.selenium.support.pagefactory.internal.LocatingElementHandler.invoke(LocatingElementHandler.java:38)
	at com.sun.proxy.$Proxy24.isDisplayed(Unknown Source)
	at org.openqa.selenium.support.ui.ExpectedConditions.elementIfVisible(ExpectedConditions.java:314)
	at org.openqa.selenium.support.ui.ExpectedConditions.access$000(ExpectedConditions.java:43)
	at org.openqa.selenium.support.ui.ExpectedConditions$10.apply(ExpectedConditions.java:300)
	at org.openqa.selenium.support.ui.ExpectedConditions$10.apply(ExpectedConditions.java:297)
	at org.openqa.selenium.support.ui.FluentWait.until(FluentWait.java:249)
	... 27 more
</div></td></tr></table><p class="totop"><a href="#summary">back to summary</a></p><h3 id="m21">com.onbis.TestCases.TC_ALL_DataCreationRegistrationOfABusinessNameChangeExpiry#PSM017_RenewARegistrationOfAOntarioLimitedPartnershipDeclarationExpiry ( PSM017_RenewARegistrationOfAOntarioLimitedPartnershipDeclarationExpiry )</h3><table class="result"><tr><th>Messages</th></tr><tr><td><div class="messages">Admin Portal build number is: 2.1.5.1 :: 2.1.5.1 :: 2024/03/01 11:42</div></td></tr><tr><th>Exception</th></tr><tr><td><div class="stacktrace">org.openqa.selenium.TimeoutException: Expected condition failed: waiting for visibility of Proxy element for: DefaultElementLocator &apos;By.xpath: //label[text()=&apos;Registrar&apos;]&apos; (tried for 90 second(s) with 200 milliseconds interval)
	at org.openqa.selenium.support.ui.FluentWait.timeoutException(FluentWait.java:304)
	at org.openqa.selenium.support.ui.FluentWait.until(FluentWait.java:272)
	at com.onbis.Helper.HelperMethods.fluentWaitAndCheckVisible(HelperMethods.java:71)
	at com.onbis.Pages.PartnerSoleProprietorshipRegistrationPage.ExtraProvincialLimitedLiabilityCompanyName(PartnerSoleProprietorshipRegistrationPage.java:1792)
	at com.onbis.TestCases.TC_ALL_DataCreationRegistrationOfABusinessNameChangeExpiry.PSM017_RenewARegistrationOfAOntarioLimitedPartnershipDeclarationExpiry(TC_ALL_DataCreationRegistrationOfABusinessNameChangeExpiry.java:117)
	at sun.reflect.NativeMethodAccessorImpl.invoke0(Native Method)
	at sun.reflect.NativeMethodAccessorImpl.invoke(NativeMethodAccessorImpl.java:62)
	at sun.reflect.DelegatingMethodAccessorImpl.invoke(DelegatingMethodAccessorImpl.java:43)
	at java.lang.reflect.Method.invoke(Method.java:498)
	at org.testng.internal.MethodInvocationHelper.invokeMethod(MethodInvocationHelper.java:124)
	at org.testng.internal.Invoker.invokeMethod(Invoker.java:583)
	at org.testng.internal.Invoker.invokeTestMethod(Invoker.java:719)
	at org.testng.internal.Invoker.invokeTestMethods(Invoker.java:989)
	at org.testng.internal.TestMethodWorker.invokeTestMethods(TestMethodWorker.java:125)
	at org.testng.internal.TestMethodWorker.run(TestMethodWorker.java:109)
	at org.testng.TestRunner.privateRun(TestRunner.java:648)
	at org.testng.TestRunner.run(TestRunner.java:505)
	at org.testng.SuiteRunner.runTest(SuiteRunner.java:455)
	at org.testng.SuiteRunner.runSequentially(SuiteRunner.java:450)
	at org.testng.SuiteRunner.privateRun(SuiteRunner.java:415)
	at org.testng.SuiteRunner.run(SuiteRunner.java:364)
	at org.testng.SuiteRunnerWorker.runSuite(SuiteRunnerWorker.java:52)
	at org.testng.SuiteRunnerWorker.run(SuiteRunnerWorker.java:84)
	at org.testng.TestNG.runSuitesSequentially(TestNG.java:1208)
	at org.testng.TestNG.runSuitesLocally(TestNG.java:1137)
	at org.testng.TestNG.runSuites(TestNG.java:1049)
	at org.testng.TestNG.run(TestNG.java:1017)
	at com.intellij.rt.testng.IDEARemoteTestNG.run(IDEARemoteTestNG.java:65)
	at com.intellij.rt.testng.RemoteTestNGStarter.main(RemoteTestNGStarter.java:105)
Caused by: org.openqa.selenium.NoSuchElementException: no such element: Unable to locate element: {&quot;method&quot;:&quot;xpath&quot;,&quot;selector&quot;:&quot;//label[text()=&apos;Registrar&apos;]&quot;}
  (Session info: chrome=113.0.5672.127)
For documentation on this error, please visit: https://www.seleniumhq.org/exceptions/no_such_element.html
Build info: version: &apos;3.141.59&apos;, revision: &apos;e82be7d358&apos;, time: &apos;2018-11-14T08:17:03&apos;
System info: host: &apos;ON34C03174383&apos;, ip: &apos;10.61.88.140&apos;, os.name: &apos;Windows 10&apos;, os.arch: &apos;amd64&apos;, os.version: &apos;10.0&apos;, java.version: &apos;1.8.0_281&apos;
Driver info: org.openqa.selenium.chrome.ChromeDriver
Capabilities {acceptInsecureCerts: true, browserName: chrome, browserVersion: 113.0.5672.127, chrome: {chromedriverVersion: 113.0.5672.63 (0e1a4471d5ae..., userDataDir: C:\Users\MustofG\AppData\Lo...}, goog:chromeOptions: {debuggerAddress: localhost:54770}, javascriptEnabled: true, networkConnectionEnabled: false, pageLoadStrategy: normal, platform: WINDOWS, platformName: WINDOWS, proxy: Proxy(), setWindowRect: true, strictFileInteractability: false, timeouts: {implicit: 0, pageLoad: 300000, script: 30000}, unhandledPromptBehavior: dismiss and notify, webauthn:extension:credBlob: true, webauthn:extension:largeBlob: true, webauthn:extension:minPinLength: true, webauthn:extension:prf: true, webauthn:virtualAuthenticators: true}
Session ID: b6e75e6c9f540741273524311132ba5c
*** Element info: {Using=xpath, value=//label[text()=&apos;Registrar&apos;]}
	at sun.reflect.GeneratedConstructorAccessor33.newInstance(Unknown Source)
	at sun.reflect.DelegatingConstructorAccessorImpl.newInstance(DelegatingConstructorAccessorImpl.java:45)
	at java.lang.reflect.Constructor.newInstance(Constructor.java:423)
	at org.openqa.selenium.remote.http.W3CHttpResponseCodec.createException(W3CHttpResponseCodec.java:187)
	at org.openqa.selenium.remote.http.W3CHttpResponseCodec.decode(W3CHttpResponseCodec.java:122)
	at org.openqa.selenium.remote.http.W3CHttpResponseCodec.decode(W3CHttpResponseCodec.java:49)
	at org.openqa.selenium.remote.HttpCommandExecutor.execute(HttpCommandExecutor.java:158)
	at org.openqa.selenium.remote.service.DriverCommandExecutor.execute(DriverCommandExecutor.java:83)
	at org.openqa.selenium.remote.RemoteWebDriver.execute(RemoteWebDriver.java:552)
	at org.openqa.selenium.remote.RemoteWebDriver.findElement(RemoteWebDriver.java:323)
	at org.openqa.selenium.remote.RemoteWebDriver.findElementByXPath(RemoteWebDriver.java:428)
	at org.openqa.selenium.By$ByXPath.findElement(By.java:353)
	at org.openqa.selenium.remote.RemoteWebDriver.findElement(RemoteWebDriver.java:315)
	at org.openqa.selenium.support.pagefactory.DefaultElementLocator.findElement(DefaultElementLocator.java:69)
	at org.openqa.selenium.support.pagefactory.internal.LocatingElementHandler.invoke(LocatingElementHandler.java:38)
	at com.sun.proxy.$Proxy24.isDisplayed(Unknown Source)
	at org.openqa.selenium.support.ui.ExpectedConditions.elementIfVisible(ExpectedConditions.java:314)
	at org.openqa.selenium.support.ui.ExpectedConditions.access$000(ExpectedConditions.java:43)
	at org.openqa.selenium.support.ui.ExpectedConditions$10.apply(ExpectedConditions.java:300)
	at org.openqa.selenium.support.ui.ExpectedConditions$10.apply(ExpectedConditions.java:297)
	at org.openqa.selenium.support.ui.FluentWait.until(FluentWait.java:249)
	... 27 more
</div></td></tr></table><p class="totop"><a href="#summary">back to summary</a></p><h3 id="m22">com.onbis.TestCases.TC_ALL_DataCreationRegistrationOfABusinessNameChangeExpiry#PSM018_RenewARegistrationOfAOntarioLimitedPartnershipDeclarationExpiry ( PSM018_RenewARegistrationOfAOntarioLimitedPartnershipDeclarationExpiry )</h3><table class="result"><tr><th>Messages</th></tr><tr><td><div class="messages">Admin Portal build number is: 2.1.5.1 :: 2.1.5.1 :: 2024/03/01 11:42</div></td></tr><tr><th>Exception</th></tr><tr><td><div class="stacktrace">org.openqa.selenium.TimeoutException: Expected condition failed: waiting for visibility of Proxy element for: DefaultElementLocator &apos;By.xpath: //label[text()=&apos;Registrar&apos;]&apos; (tried for 90 second(s) with 200 milliseconds interval)
	at org.openqa.selenium.support.ui.FluentWait.timeoutException(FluentWait.java:304)
	at org.openqa.selenium.support.ui.FluentWait.until(FluentWait.java:272)
	at com.onbis.Helper.HelperMethods.fluentWaitAndCheckVisible(HelperMethods.java:71)
	at com.onbis.Pages.PartnerSoleProprietorshipRegistrationPage.ExtraProvincialLimitedLiabilityCompanyName(PartnerSoleProprietorshipRegistrationPage.java:1792)
	at com.onbis.TestCases.TC_ALL_DataCreationRegistrationOfABusinessNameChangeExpiry.PSM018_RenewARegistrationOfAOntarioLimitedPartnershipDeclarationExpiry(TC_ALL_DataCreationRegistrationOfABusinessNameChangeExpiry.java:135)
	at sun.reflect.NativeMethodAccessorImpl.invoke0(Native Method)
	at sun.reflect.NativeMethodAccessorImpl.invoke(NativeMethodAccessorImpl.java:62)
	at sun.reflect.DelegatingMethodAccessorImpl.invoke(DelegatingMethodAccessorImpl.java:43)
	at java.lang.reflect.Method.invoke(Method.java:498)
	at org.testng.internal.MethodInvocationHelper.invokeMethod(MethodInvocationHelper.java:124)
	at org.testng.internal.Invoker.invokeMethod(Invoker.java:583)
	at org.testng.internal.Invoker.invokeTestMethod(Invoker.java:719)
	at org.testng.internal.Invoker.invokeTestMethods(Invoker.java:989)
	at org.testng.internal.TestMethodWorker.invokeTestMethods(TestMethodWorker.java:125)
	at org.testng.internal.TestMethodWorker.run(TestMethodWorker.java:109)
	at org.testng.TestRunner.privateRun(TestRunner.java:648)
	at org.testng.TestRunner.run(TestRunner.java:505)
	at org.testng.SuiteRunner.runTest(SuiteRunner.java:455)
	at org.testng.SuiteRunner.runSequentially(SuiteRunner.java:450)
	at org.testng.SuiteRunner.privateRun(SuiteRunner.java:415)
	at org.testng.SuiteRunner.run(SuiteRunner.java:364)
	at org.testng.SuiteRunnerWorker.runSuite(SuiteRunnerWorker.java:52)
	at org.testng.SuiteRunnerWorker.run(SuiteRunnerWorker.java:84)
	at org.testng.TestNG.runSuitesSequentially(TestNG.java:1208)
	at org.testng.TestNG.runSuitesLocally(TestNG.java:1137)
	at org.testng.TestNG.runSuites(TestNG.java:1049)
	at org.testng.TestNG.run(TestNG.java:1017)
	at com.intellij.rt.testng.IDEARemoteTestNG.run(IDEARemoteTestNG.java:65)
	at com.intellij.rt.testng.RemoteTestNGStarter.main(RemoteTestNGStarter.java:105)
Caused by: org.openqa.selenium.NoSuchElementException: no such element: Unable to locate element: {&quot;method&quot;:&quot;xpath&quot;,&quot;selector&quot;:&quot;//label[text()=&apos;Registrar&apos;]&quot;}
  (Session info: chrome=113.0.5672.127)
For documentation on this error, please visit: https://www.seleniumhq.org/exceptions/no_such_element.html
Build info: version: &apos;3.141.59&apos;, revision: &apos;e82be7d358&apos;, time: &apos;2018-11-14T08:17:03&apos;
System info: host: &apos;ON34C03174383&apos;, ip: &apos;10.61.88.140&apos;, os.name: &apos;Windows 10&apos;, os.arch: &apos;amd64&apos;, os.version: &apos;10.0&apos;, java.version: &apos;1.8.0_281&apos;
Driver info: org.openqa.selenium.chrome.ChromeDriver
Capabilities {acceptInsecureCerts: true, browserName: chrome, browserVersion: 113.0.5672.127, chrome: {chromedriverVersion: 113.0.5672.63 (0e1a4471d5ae..., userDataDir: C:\Users\MustofG\AppData\Lo...}, goog:chromeOptions: {debuggerAddress: localhost:55271}, javascriptEnabled: true, networkConnectionEnabled: false, pageLoadStrategy: normal, platform: WINDOWS, platformName: WINDOWS, proxy: Proxy(), setWindowRect: true, strictFileInteractability: false, timeouts: {implicit: 0, pageLoad: 300000, script: 30000}, unhandledPromptBehavior: dismiss and notify, webauthn:extension:credBlob: true, webauthn:extension:largeBlob: true, webauthn:extension:minPinLength: true, webauthn:extension:prf: true, webauthn:virtualAuthenticators: true}
Session ID: b78e44a1d8be30efde8bc8a0169ad052
*** Element info: {Using=xpath, value=//label[text()=&apos;Registrar&apos;]}
	at sun.reflect.GeneratedConstructorAccessor33.newInstance(Unknown Source)
	at sun.reflect.DelegatingConstructorAccessorImpl.newInstance(DelegatingConstructorAccessorImpl.java:45)
	at java.lang.reflect.Constructor.newInstance(Constructor.java:423)
	at org.openqa.selenium.remote.http.W3CHttpResponseCodec.createException(W3CHttpResponseCodec.java:187)
	at org.openqa.selenium.remote.http.W3CHttpResponseCodec.decode(W3CHttpResponseCodec.java:122)
	at org.openqa.selenium.remote.http.W3CHttpResponseCodec.decode(W3CHttpResponseCodec.java:49)
	at org.openqa.selenium.remote.HttpCommandExecutor.execute(HttpCommandExecutor.java:158)
	at org.openqa.selenium.remote.service.DriverCommandExecutor.execute(DriverCommandExecutor.java:83)
	at org.openqa.selenium.remote.RemoteWebDriver.execute(RemoteWebDriver.java:552)
	at org.openqa.selenium.remote.RemoteWebDriver.findElement(RemoteWebDriver.java:323)
	at org.openqa.selenium.remote.RemoteWebDriver.findElementByXPath(RemoteWebDriver.java:428)
	at org.openqa.selenium.By$ByXPath.findElement(By.java:353)
	at org.openqa.selenium.remote.RemoteWebDriver.findElement(RemoteWebDriver.java:315)
	at org.openqa.selenium.support.pagefactory.DefaultElementLocator.findElement(DefaultElementLocator.java:69)
	at org.openqa.selenium.support.pagefactory.internal.LocatingElementHandler.invoke(LocatingElementHandler.java:38)
	at com.sun.proxy.$Proxy24.isDisplayed(Unknown Source)
	at org.openqa.selenium.support.ui.ExpectedConditions.elementIfVisible(ExpectedConditions.java:314)
	at org.openqa.selenium.support.ui.ExpectedConditions.access$000(ExpectedConditions.java:43)
	at org.openqa.selenium.support.ui.ExpectedConditions$10.apply(ExpectedConditions.java:300)
	at org.openqa.selenium.support.ui.ExpectedConditions$10.apply(ExpectedConditions.java:297)
	at org.openqa.selenium.support.ui.FluentWait.until(FluentWait.java:249)
	... 27 more
</div></td></tr></table><p class="totop"><a href="#summary">back to summary</a></p><h3 id="m23">com.onbis.TestCases.TC_ALL_DataCreationRegistrationOfABusinessName#BNM002_DataCreationRegistrationOfABusinessNameForASoleProprietorshipBusinessName ( BNM002_DataCreationRegistrationOfABusinessNameForASoleProprietorshipBusinessName )</h3><table class="result"><tr><th>Messages</th></tr><tr><td><div class="messages">PartnerPortal build number is: 2.1.5.1 :: 2.1.5.1 :: 2024/03/01 11:42</div></td></tr></table><p class="totop"><a href="#summary">back to summary</a></p><h3 id="m24">com.onbis.TestCases.TC_ALL_DataCreationRegistrationOfABusinessName#BNM011_DataCreationRegistrationOfAOntarioLimitedLiabilityPartnershipBusinessName ( BNM011_DataCreationRegistrationOfAOntarioLimitedLiabilityPartnershipBusinessName )</h3><table class="result"><tr><th>Messages</th></tr><tr><td><div class="messages">PartnerPortal build number is: 2.1.5.1 :: 2.1.5.1 :: 2024/03/01 11:42</div></td></tr></table><p class="totop"><a href="#summary">back to summary</a></p><h3 id="m25">com.onbis.TestCases.TC_ALL_DataCreationRegistrationOfABusinessName#BNM017_DataCreationRegistrationOfAPartnershipBusinessName ( BNM017_DataCreationRegistrationOfAPartnershipBusinessName )</h3><table class="result"><tr><th>Messages</th></tr><tr><td><div class="messages">PartnerPortal build number is: 2.1.5.1 :: 2.1.5.1 :: 2024/03/01 11:42</div></td></tr></table><p class="totop"><a href="#summary">back to summary</a></p><h3 id="m26">com.onbis.TestCases.TC_ALL_DataCreationRegistrationOfABusinessName#LLCM002_DataCreationRegistrationOfALimitedLiabilityCompanyName ( LLCM002_DataCreationRegistrationOfALimitedLiabilityCompanyName )</h3><table class="result"><tr><th>Messages</th></tr><tr><td><div class="messages">PartnerPortal build number is: 2.1.5.1 :: 2.1.5.1 :: 2024/03/01 11:42</div></td></tr></table><p class="totop"><a href="#summary">back to summary</a></p><h3 id="m27">com.onbis.TestCases.TC_ALL_DataCreationRegistrationOfABusinessName#PSM017_DataCreationRegistrationOfAOntarioLimitedPartnershipDeclaration ( PSM017_DataCreationRegistrationOfAOntarioLimitedPartnershipDeclaration )</h3><table class="result"><tr><th>Messages</th></tr><tr><td><div class="messages">PartnerPortal build number is: 2.1.5.1 :: 2.1.5.1 :: 2024/03/01 11:42</div></td></tr></table><p class="totop"><a href="#summary">back to summary</a></p><h3 id="m28">com.onbis.TestCases.TC_ALL_DataCreationRegistrationOfABusinessName#PSM018_DataCreationRegistration_OfAFirmNameForAGeneralPartnership ( PSM018_DataCreationRegistration_OfAFirmNameForAGeneralPartnership )</h3><table class="result"><tr><th>Messages</th></tr><tr><td><div class="messages">PartnerPortal build number is: 2.1.5.1 :: 2.1.5.1 :: 2024/03/01 11:42</div></td></tr></table><p class="totop"><a href="#summary">back to summary</a></p><h2>Onbis-Regression-Partner Portal- Renewal</h2><h3 id="m29">com.onbis.TestCases.BNM002_RenewARegistrationOfABusinessNameForASoleProprietorship#BNM002_RenewARegistrationOfABusinessNameForASoleProprietorship ( BNM002_RenewARegistrationOfABusinessNameForASoleProprietorship )</h3><table class="result"><tr><th>Messages</th></tr><tr><td><div class="messages">PartnerPortal build number is: 2.1.5.1 :: 2.1.5.1 :: 2024/03/01 11:42</div></td></tr><tr><th>Exception</th></tr><tr><td><div class="stacktrace">org.openqa.selenium.TimeoutException: Expected condition failed: waiting for visibility of Proxy element for: DefaultElementLocator &apos;By.xpath: //span[text()=&apos;Renew&apos;]&apos; (tried for 90 second(s) with 200 milliseconds interval)
	at org.openqa.selenium.support.ui.FluentWait.timeoutException(FluentWait.java:304)
	at org.openqa.selenium.support.ui.FluentWait.until(FluentWait.java:272)
	at com.onbis.Helper.HelperMethods.fluentWaitAndCheckVisible(HelperMethods.java:71)
	at com.onbis.Pages.PartnerPortalLandingPage.selectRenewBusinessName(PartnerPortalLandingPage.java:623)
	at com.onbis.TestCases.BNM002_RenewARegistrationOfABusinessNameForASoleProprietorship.BNM002_RenewARegistrationOfABusinessNameForASoleProprietorship(BNM002_RenewARegistrationOfABusinessNameForASoleProprietorship.java:48)
	at sun.reflect.NativeMethodAccessorImpl.invoke0(Native Method)
	at sun.reflect.NativeMethodAccessorImpl.invoke(NativeMethodAccessorImpl.java:62)
	at sun.reflect.DelegatingMethodAccessorImpl.invoke(DelegatingMethodAccessorImpl.java:43)
	at java.lang.reflect.Method.invoke(Method.java:498)
	at org.testng.internal.MethodInvocationHelper.invokeMethod(MethodInvocationHelper.java:124)
	at org.testng.internal.Invoker.invokeMethod(Invoker.java:583)
	at org.testng.internal.Invoker.invokeTestMethod(Invoker.java:719)
	at org.testng.internal.Invoker.invokeTestMethods(Invoker.java:989)
	at org.testng.internal.TestMethodWorker.invokeTestMethods(TestMethodWorker.java:125)
	at org.testng.internal.TestMethodWorker.run(TestMethodWorker.java:109)
	at org.testng.TestRunner.privateRun(TestRunner.java:648)
	at org.testng.TestRunner.run(TestRunner.java:505)
	at org.testng.SuiteRunner.runTest(SuiteRunner.java:455)
	at org.testng.SuiteRunner.runSequentially(SuiteRunner.java:450)
	at org.testng.SuiteRunner.privateRun(SuiteRunner.java:415)
	at org.testng.SuiteRunner.run(SuiteRunner.java:364)
	at org.testng.SuiteRunnerWorker.runSuite(SuiteRunnerWorker.java:52)
	at org.testng.SuiteRunnerWorker.run(SuiteRunnerWorker.java:84)
	at org.testng.TestNG.runSuitesSequentially(TestNG.java:1208)
	at org.testng.TestNG.runSuitesLocally(TestNG.java:1137)
	at org.testng.TestNG.runSuites(TestNG.java:1049)
	at org.testng.TestNG.run(TestNG.java:1017)
	at com.intellij.rt.testng.IDEARemoteTestNG.run(IDEARemoteTestNG.java:65)
	at com.intellij.rt.testng.RemoteTestNGStarter.main(RemoteTestNGStarter.java:105)
Caused by: org.openqa.selenium.NoSuchElementException: no such element: Unable to locate element: {&quot;method&quot;:&quot;xpath&quot;,&quot;selector&quot;:&quot;//span[text()=&apos;Renew&apos;]&quot;}
  (Session info: chrome=113.0.5672.127)
For documentation on this error, please visit: https://www.seleniumhq.org/exceptions/no_such_element.html
Build info: version: &apos;3.141.59&apos;, revision: &apos;e82be7d358&apos;, time: &apos;2018-11-14T08:17:03&apos;
System info: host: &apos;ON34C03174383&apos;, ip: &apos;10.61.88.140&apos;, os.name: &apos;Windows 10&apos;, os.arch: &apos;amd64&apos;, os.version: &apos;10.0&apos;, java.version: &apos;1.8.0_281&apos;
Driver info: org.openqa.selenium.chrome.ChromeDriver
Capabilities {acceptInsecureCerts: true, browserName: chrome, browserVersion: 113.0.5672.127, chrome: {chromedriverVersion: 113.0.5672.63 (0e1a4471d5ae..., userDataDir: C:\Users\MustofG\AppData\Lo...}, goog:chromeOptions: {debuggerAddress: localhost:55785}, javascriptEnabled: true, networkConnectionEnabled: false, pageLoadStrategy: normal, platform: WINDOWS, platformName: WINDOWS, proxy: Proxy(), setWindowRect: true, strictFileInteractability: false, timeouts: {implicit: 0, pageLoad: 300000, script: 30000}, unhandledPromptBehavior: dismiss and notify, webauthn:extension:credBlob: true, webauthn:extension:largeBlob: true, webauthn:extension:minPinLength: true, webauthn:extension:prf: true, webauthn:virtualAuthenticators: true}
Session ID: 70ab7eb09fcaeb741392677a2eddd4af
*** Element info: {Using=xpath, value=//span[text()=&apos;Renew&apos;]}
	at sun.reflect.GeneratedConstructorAccessor33.newInstance(Unknown Source)
	at sun.reflect.DelegatingConstructorAccessorImpl.newInstance(DelegatingConstructorAccessorImpl.java:45)
	at java.lang.reflect.Constructor.newInstance(Constructor.java:423)
	at org.openqa.selenium.remote.http.W3CHttpResponseCodec.createException(W3CHttpResponseCodec.java:187)
	at org.openqa.selenium.remote.http.W3CHttpResponseCodec.decode(W3CHttpResponseCodec.java:122)
	at org.openqa.selenium.remote.http.W3CHttpResponseCodec.decode(W3CHttpResponseCodec.java:49)
	at org.openqa.selenium.remote.HttpCommandExecutor.execute(HttpCommandExecutor.java:158)
	at org.openqa.selenium.remote.service.DriverCommandExecutor.execute(DriverCommandExecutor.java:83)
	at org.openqa.selenium.remote.RemoteWebDriver.execute(RemoteWebDriver.java:552)
	at org.openqa.selenium.remote.RemoteWebDriver.findElement(RemoteWebDriver.java:323)
	at org.openqa.selenium.remote.RemoteWebDriver.findElementByXPath(RemoteWebDriver.java:428)
	at org.openqa.selenium.By$ByXPath.findElement(By.java:353)
	at org.openqa.selenium.remote.RemoteWebDriver.findElement(RemoteWebDriver.java:315)
	at org.openqa.selenium.support.pagefactory.DefaultElementLocator.findElement(DefaultElementLocator.java:69)
	at org.openqa.selenium.support.pagefactory.internal.LocatingElementHandler.invoke(LocatingElementHandler.java:38)
	at com.sun.proxy.$Proxy24.isDisplayed(Unknown Source)
	at org.openqa.selenium.support.ui.ExpectedConditions.elementIfVisible(ExpectedConditions.java:314)
	at org.openqa.selenium.support.ui.ExpectedConditions.access$000(ExpectedConditions.java:43)
	at org.openqa.selenium.support.ui.ExpectedConditions$10.apply(ExpectedConditions.java:300)
	at org.openqa.selenium.support.ui.ExpectedConditions$10.apply(ExpectedConditions.java:297)
	at org.openqa.selenium.support.ui.FluentWait.until(FluentWait.java:249)
	... 27 more
</div></td></tr></table><p class="totop"><a href="#summary">back to summary</a></p><h3 id="m30">com.onbis.TestCases.BNM011_RenewARegistrationOfABusinessNameForAOntarioLimitedLiabilityPartnership#BNM011_RenewARegistrationOfABusinessNameForAOntarioLimitedLiabilityPartnership ( BNM011_RenewARegistrationOfABusinessNameForAOntarioLimitedLiabilityPartnership )</h3><table class="result"><tr><th>Messages</th></tr><tr><td><div class="messages">PartnerPortal build number is: 2.1.5.1 :: 2.1.5.1 :: 2024/03/01 11:42</div></td></tr><tr><th>Exception</th></tr><tr><td><div class="stacktrace">org.openqa.selenium.TimeoutException: Expected condition failed: waiting for visibility of Proxy element for: DefaultElementLocator &apos;By.xpath: //span[text()=&apos;Renew&apos;]&apos; (tried for 90 second(s) with 200 milliseconds interval)
	at org.openqa.selenium.support.ui.FluentWait.timeoutException(FluentWait.java:304)
	at org.openqa.selenium.support.ui.FluentWait.until(FluentWait.java:272)
	at com.onbis.Helper.HelperMethods.fluentWaitAndCheckVisible(HelperMethods.java:71)
	at com.onbis.Pages.PartnerPortalLandingPage.selectRenewBusinessName(PartnerPortalLandingPage.java:623)
	at com.onbis.TestCases.BNM011_RenewARegistrationOfABusinessNameForAOntarioLimitedLiabilityPartnership.BNM011_RenewARegistrationOfABusinessNameForAOntarioLimitedLiabilityPartnership(BNM011_RenewARegistrationOfABusinessNameForAOntarioLimitedLiabilityPartnership.java:29)
	at sun.reflect.NativeMethodAccessorImpl.invoke0(Native Method)
	at sun.reflect.NativeMethodAccessorImpl.invoke(NativeMethodAccessorImpl.java:62)
	at sun.reflect.DelegatingMethodAccessorImpl.invoke(DelegatingMethodAccessorImpl.java:43)
	at java.lang.reflect.Method.invoke(Method.java:498)
	at org.testng.internal.MethodInvocationHelper.invokeMethod(MethodInvocationHelper.java:124)
	at org.testng.internal.Invoker.invokeMethod(Invoker.java:583)
	at org.testng.internal.Invoker.invokeTestMethod(Invoker.java:719)
	at org.testng.internal.Invoker.invokeTestMethods(Invoker.java:989)
	at org.testng.internal.TestMethodWorker.invokeTestMethods(TestMethodWorker.java:125)
	at org.testng.internal.TestMethodWorker.run(TestMethodWorker.java:109)
	at org.testng.TestRunner.privateRun(TestRunner.java:648)
	at org.testng.TestRunner.run(TestRunner.java:505)
	at org.testng.SuiteRunner.runTest(SuiteRunner.java:455)
	at org.testng.SuiteRunner.runSequentially(SuiteRunner.java:450)
	at org.testng.SuiteRunner.privateRun(SuiteRunner.java:415)
	at org.testng.SuiteRunner.run(SuiteRunner.java:364)
	at org.testng.SuiteRunnerWorker.runSuite(SuiteRunnerWorker.java:52)
	at org.testng.SuiteRunnerWorker.run(SuiteRunnerWorker.java:84)
	at org.testng.TestNG.runSuitesSequentially(TestNG.java:1208)
	at org.testng.TestNG.runSuitesLocally(TestNG.java:1137)
	at org.testng.TestNG.runSuites(TestNG.java:1049)
	at org.testng.TestNG.run(TestNG.java:1017)
	at com.intellij.rt.testng.IDEARemoteTestNG.run(IDEARemoteTestNG.java:65)
	at com.intellij.rt.testng.RemoteTestNGStarter.main(RemoteTestNGStarter.java:105)
Caused by: org.openqa.selenium.NoSuchElementException: no such element: Unable to locate element: {&quot;method&quot;:&quot;xpath&quot;,&quot;selector&quot;:&quot;//span[text()=&apos;Renew&apos;]&quot;}
  (Session info: chrome=113.0.5672.127)
For documentation on this error, please visit: https://www.seleniumhq.org/exceptions/no_such_element.html
Build info: version: &apos;3.141.59&apos;, revision: &apos;e82be7d358&apos;, time: &apos;2018-11-14T08:17:03&apos;
System info: host: &apos;ON34C03174383&apos;, ip: &apos;10.61.88.140&apos;, os.name: &apos;Windows 10&apos;, os.arch: &apos;amd64&apos;, os.version: &apos;10.0&apos;, java.version: &apos;1.8.0_281&apos;
Driver info: org.openqa.selenium.chrome.ChromeDriver
Capabilities {acceptInsecureCerts: true, browserName: chrome, browserVersion: 113.0.5672.127, chrome: {chromedriverVersion: 113.0.5672.63 (0e1a4471d5ae..., userDataDir: C:\Users\MustofG\AppData\Lo...}, goog:chromeOptions: {debuggerAddress: localhost:56307}, javascriptEnabled: true, networkConnectionEnabled: false, pageLoadStrategy: normal, platform: WINDOWS, platformName: WINDOWS, proxy: Proxy(), setWindowRect: true, strictFileInteractability: false, timeouts: {implicit: 0, pageLoad: 300000, script: 30000}, unhandledPromptBehavior: dismiss and notify, webauthn:extension:credBlob: true, webauthn:extension:largeBlob: true, webauthn:extension:minPinLength: true, webauthn:extension:prf: true, webauthn:virtualAuthenticators: true}
Session ID: dd84932e0a1d61c9d376abd5947bf565
*** Element info: {Using=xpath, value=//span[text()=&apos;Renew&apos;]}
	at sun.reflect.GeneratedConstructorAccessor33.newInstance(Unknown Source)
	at sun.reflect.DelegatingConstructorAccessorImpl.newInstance(DelegatingConstructorAccessorImpl.java:45)
	at java.lang.reflect.Constructor.newInstance(Constructor.java:423)
	at org.openqa.selenium.remote.http.W3CHttpResponseCodec.createException(W3CHttpResponseCodec.java:187)
	at org.openqa.selenium.remote.http.W3CHttpResponseCodec.decode(W3CHttpResponseCodec.java:122)
	at org.openqa.selenium.remote.http.W3CHttpResponseCodec.decode(W3CHttpResponseCodec.java:49)
	at org.openqa.selenium.remote.HttpCommandExecutor.execute(HttpCommandExecutor.java:158)
	at org.openqa.selenium.remote.service.DriverCommandExecutor.execute(DriverCommandExecutor.java:83)
	at org.openqa.selenium.remote.RemoteWebDriver.execute(RemoteWebDriver.java:552)
	at org.openqa.selenium.remote.RemoteWebDriver.findElement(RemoteWebDriver.java:323)
	at org.openqa.selenium.remote.RemoteWebDriver.findElementByXPath(RemoteWebDriver.java:428)
	at org.openqa.selenium.By$ByXPath.findElement(By.java:353)
	at org.openqa.selenium.remote.RemoteWebDriver.findElement(RemoteWebDriver.java:315)
	at org.openqa.selenium.support.pagefactory.DefaultElementLocator.findElement(DefaultElementLocator.java:69)
	at org.openqa.selenium.support.pagefactory.internal.LocatingElementHandler.invoke(LocatingElementHandler.java:38)
	at com.sun.proxy.$Proxy24.isDisplayed(Unknown Source)
	at org.openqa.selenium.support.ui.ExpectedConditions.elementIfVisible(ExpectedConditions.java:314)
	at org.openqa.selenium.support.ui.ExpectedConditions.access$000(ExpectedConditions.java:43)
	at org.openqa.selenium.support.ui.ExpectedConditions$10.apply(ExpectedConditions.java:300)
	at org.openqa.selenium.support.ui.ExpectedConditions$10.apply(ExpectedConditions.java:297)
	at org.openqa.selenium.support.ui.FluentWait.until(FluentWait.java:249)
	... 27 more
</div></td></tr></table><p class="totop"><a href="#summary">back to summary</a></p><h3 id="m31">com.onbis.TestCases.BNM017_RenewRegistrationOfABusinessNameForAPartnership#BNM017_RenewRegistrationOfABusinessNameForAPartnership ( BNM017_RenewRegistrationOfABusinessNameForAPartnership )</h3><table class="result"><tr><th>Messages</th></tr><tr><td><div class="messages">PartnerPortal build number is: 2.1.5.1 :: 2.1.5.1 :: 2024/03/01 11:42</div></td></tr><tr><th>Exception</th></tr><tr><td><div class="stacktrace">org.openqa.selenium.TimeoutException: Expected condition failed: waiting for visibility of Proxy element for: DefaultElementLocator &apos;By.xpath: //span[text()=&apos;Renew&apos;]&apos; (tried for 90 second(s) with 200 milliseconds interval)
	at org.openqa.selenium.support.ui.FluentWait.timeoutException(FluentWait.java:304)
	at org.openqa.selenium.support.ui.FluentWait.until(FluentWait.java:272)
	at com.onbis.Helper.HelperMethods.fluentWaitAndCheckVisible(HelperMethods.java:71)
	at com.onbis.Pages.PartnerPortalLandingPage.selectRenewBusinessName(PartnerPortalLandingPage.java:623)
	at com.onbis.TestCases.BNM017_RenewRegistrationOfABusinessNameForAPartnership.BNM017_RenewRegistrationOfABusinessNameForAPartnership(BNM017_RenewRegistrationOfABusinessNameForAPartnership.java:44)
	at sun.reflect.NativeMethodAccessorImpl.invoke0(Native Method)
	at sun.reflect.NativeMethodAccessorImpl.invoke(NativeMethodAccessorImpl.java:62)
	at sun.reflect.DelegatingMethodAccessorImpl.invoke(DelegatingMethodAccessorImpl.java:43)
	at java.lang.reflect.Method.invoke(Method.java:498)
	at org.testng.internal.MethodInvocationHelper.invokeMethod(MethodInvocationHelper.java:124)
	at org.testng.internal.Invoker.invokeMethod(Invoker.java:583)
	at org.testng.internal.Invoker.invokeTestMethod(Invoker.java:719)
	at org.testng.internal.Invoker.invokeTestMethods(Invoker.java:989)
	at org.testng.internal.TestMethodWorker.invokeTestMethods(TestMethodWorker.java:125)
	at org.testng.internal.TestMethodWorker.run(TestMethodWorker.java:109)
	at org.testng.TestRunner.privateRun(TestRunner.java:648)
	at org.testng.TestRunner.run(TestRunner.java:505)
	at org.testng.SuiteRunner.runTest(SuiteRunner.java:455)
	at org.testng.SuiteRunner.runSequentially(SuiteRunner.java:450)
	at org.testng.SuiteRunner.privateRun(SuiteRunner.java:415)
	at org.testng.SuiteRunner.run(SuiteRunner.java:364)
	at org.testng.SuiteRunnerWorker.runSuite(SuiteRunnerWorker.java:52)
	at org.testng.SuiteRunnerWorker.run(SuiteRunnerWorker.java:84)
	at org.testng.TestNG.runSuitesSequentially(TestNG.java:1208)
	at org.testng.TestNG.runSuitesLocally(TestNG.java:1137)
	at org.testng.TestNG.runSuites(TestNG.java:1049)
	at org.testng.TestNG.run(TestNG.java:1017)
	at com.intellij.rt.testng.IDEARemoteTestNG.run(IDEARemoteTestNG.java:65)
	at com.intellij.rt.testng.RemoteTestNGStarter.main(RemoteTestNGStarter.java:105)
Caused by: org.openqa.selenium.NoSuchElementException: no such element: Unable to locate element: {&quot;method&quot;:&quot;xpath&quot;,&quot;selector&quot;:&quot;//span[text()=&apos;Renew&apos;]&quot;}
  (Session info: chrome=113.0.5672.127)
For documentation on this error, please visit: https://www.seleniumhq.org/exceptions/no_such_element.html
Build info: version: &apos;3.141.59&apos;, revision: &apos;e82be7d358&apos;, time: &apos;2018-11-14T08:17:03&apos;
System info: host: &apos;ON34C03174383&apos;, ip: &apos;10.61.88.140&apos;, os.name: &apos;Windows 10&apos;, os.arch: &apos;amd64&apos;, os.version: &apos;10.0&apos;, java.version: &apos;1.8.0_281&apos;
Driver info: org.openqa.selenium.chrome.ChromeDriver
Capabilities {acceptInsecureCerts: true, browserName: chrome, browserVersion: 113.0.5672.127, chrome: {chromedriverVersion: 113.0.5672.63 (0e1a4471d5ae..., userDataDir: C:\Users\MustofG\AppData\Lo...}, goog:chromeOptions: {debuggerAddress: localhost:56799}, javascriptEnabled: true, networkConnectionEnabled: false, pageLoadStrategy: normal, platform: WINDOWS, platformName: WINDOWS, proxy: Proxy(), setWindowRect: true, strictFileInteractability: false, timeouts: {implicit: 0, pageLoad: 300000, script: 30000}, unhandledPromptBehavior: dismiss and notify, webauthn:extension:credBlob: true, webauthn:extension:largeBlob: true, webauthn:extension:minPinLength: true, webauthn:extension:prf: true, webauthn:virtualAuthenticators: true}
Session ID: 7a0368d935ef781957cc8aaf6409728f
*** Element info: {Using=xpath, value=//span[text()=&apos;Renew&apos;]}
	at sun.reflect.GeneratedConstructorAccessor33.newInstance(Unknown Source)
	at sun.reflect.DelegatingConstructorAccessorImpl.newInstance(DelegatingConstructorAccessorImpl.java:45)
	at java.lang.reflect.Constructor.newInstance(Constructor.java:423)
	at org.openqa.selenium.remote.http.W3CHttpResponseCodec.createException(W3CHttpResponseCodec.java:187)
	at org.openqa.selenium.remote.http.W3CHttpResponseCodec.decode(W3CHttpResponseCodec.java:122)
	at org.openqa.selenium.remote.http.W3CHttpResponseCodec.decode(W3CHttpResponseCodec.java:49)
	at org.openqa.selenium.remote.HttpCommandExecutor.execute(HttpCommandExecutor.java:158)
	at org.openqa.selenium.remote.service.DriverCommandExecutor.execute(DriverCommandExecutor.java:83)
	at org.openqa.selenium.remote.RemoteWebDriver.execute(RemoteWebDriver.java:552)
	at org.openqa.selenium.remote.RemoteWebDriver.findElement(RemoteWebDriver.java:323)
	at org.openqa.selenium.remote.RemoteWebDriver.findElementByXPath(RemoteWebDriver.java:428)
	at org.openqa.selenium.By$ByXPath.findElement(By.java:353)
	at org.openqa.selenium.remote.RemoteWebDriver.findElement(RemoteWebDriver.java:315)
	at org.openqa.selenium.support.pagefactory.DefaultElementLocator.findElement(DefaultElementLocator.java:69)
	at org.openqa.selenium.support.pagefactory.internal.LocatingElementHandler.invoke(LocatingElementHandler.java:38)
	at com.sun.proxy.$Proxy24.isDisplayed(Unknown Source)
	at org.openqa.selenium.support.ui.ExpectedConditions.elementIfVisible(ExpectedConditions.java:314)
	at org.openqa.selenium.support.ui.ExpectedConditions.access$000(ExpectedConditions.java:43)
	at org.openqa.selenium.support.ui.ExpectedConditions$10.apply(ExpectedConditions.java:300)
	at org.openqa.selenium.support.ui.ExpectedConditions$10.apply(ExpectedConditions.java:297)
	at org.openqa.selenium.support.ui.FluentWait.until(FluentWait.java:249)
	... 27 more
</div></td></tr></table><p class="totop"><a href="#summary">back to summary</a></p><h3 id="m32">com.onbis.TestCases.LLCM002_RenewARegistrationOfABusinessNameForALimitedLiabilityCompanyName#LLCM002_RenewARegistrationOfABusinessNameForALimitedLiabilityCompanyName ( LLCM002_RenewARegistrationOfABusinessNameForALimitedLiabilityCompanyName )</h3><table class="result"><tr><th>Messages</th></tr><tr><td><div class="messages">PartnerPortal build number is: 2.1.5.1 :: 2.1.5.1 :: 2024/03/01 11:42</div></td></tr><tr><th>Exception</th></tr><tr><td><div class="stacktrace">org.openqa.selenium.TimeoutException: Expected condition failed: waiting for visibility of Proxy element for: DefaultElementLocator &apos;By.xpath: //span[text()=&apos;Renew&apos;]&apos; (tried for 90 second(s) with 200 milliseconds interval)
	at org.openqa.selenium.support.ui.FluentWait.timeoutException(FluentWait.java:304)
	at org.openqa.selenium.support.ui.FluentWait.until(FluentWait.java:272)
	at com.onbis.Helper.HelperMethods.fluentWaitAndCheckVisible(HelperMethods.java:71)
	at com.onbis.Pages.PartnerPortalLandingPage.selectRenewBusinessName(PartnerPortalLandingPage.java:623)
	at com.onbis.TestCases.LLCM002_RenewARegistrationOfABusinessNameForALimitedLiabilityCompanyName.LLCM002_RenewARegistrationOfABusinessNameForALimitedLiabilityCompanyName(LLCM002_RenewARegistrationOfABusinessNameForALimitedLiabilityCompanyName.java:45)
	at sun.reflect.NativeMethodAccessorImpl.invoke0(Native Method)
	at sun.reflect.NativeMethodAccessorImpl.invoke(NativeMethodAccessorImpl.java:62)
	at sun.reflect.DelegatingMethodAccessorImpl.invoke(DelegatingMethodAccessorImpl.java:43)
	at java.lang.reflect.Method.invoke(Method.java:498)
	at org.testng.internal.MethodInvocationHelper.invokeMethod(MethodInvocationHelper.java:124)
	at org.testng.internal.Invoker.invokeMethod(Invoker.java:583)
	at org.testng.internal.Invoker.invokeTestMethod(Invoker.java:719)
	at org.testng.internal.Invoker.invokeTestMethods(Invoker.java:989)
	at org.testng.internal.TestMethodWorker.invokeTestMethods(TestMethodWorker.java:125)
	at org.testng.internal.TestMethodWorker.run(TestMethodWorker.java:109)
	at org.testng.TestRunner.privateRun(TestRunner.java:648)
	at org.testng.TestRunner.run(TestRunner.java:505)
	at org.testng.SuiteRunner.runTest(SuiteRunner.java:455)
	at org.testng.SuiteRunner.runSequentially(SuiteRunner.java:450)
	at org.testng.SuiteRunner.privateRun(SuiteRunner.java:415)
	at org.testng.SuiteRunner.run(SuiteRunner.java:364)
	at org.testng.SuiteRunnerWorker.runSuite(SuiteRunnerWorker.java:52)
	at org.testng.SuiteRunnerWorker.run(SuiteRunnerWorker.java:84)
	at org.testng.TestNG.runSuitesSequentially(TestNG.java:1208)
	at org.testng.TestNG.runSuitesLocally(TestNG.java:1137)
	at org.testng.TestNG.runSuites(TestNG.java:1049)
	at org.testng.TestNG.run(TestNG.java:1017)
	at com.intellij.rt.testng.IDEARemoteTestNG.run(IDEARemoteTestNG.java:65)
	at com.intellij.rt.testng.RemoteTestNGStarter.main(RemoteTestNGStarter.java:105)
Caused by: org.openqa.selenium.NoSuchElementException: no such element: Unable to locate element: {&quot;method&quot;:&quot;xpath&quot;,&quot;selector&quot;:&quot;//span[text()=&apos;Renew&apos;]&quot;}
  (Session info: chrome=113.0.5672.127)
For documentation on this error, please visit: https://www.seleniumhq.org/exceptions/no_such_element.html
Build info: version: &apos;3.141.59&apos;, revision: &apos;e82be7d358&apos;, time: &apos;2018-11-14T08:17:03&apos;
System info: host: &apos;ON34C03174383&apos;, ip: &apos;10.61.88.140&apos;, os.name: &apos;Windows 10&apos;, os.arch: &apos;amd64&apos;, os.version: &apos;10.0&apos;, java.version: &apos;1.8.0_281&apos;
Driver info: org.openqa.selenium.chrome.ChromeDriver
Capabilities {acceptInsecureCerts: true, browserName: chrome, browserVersion: 113.0.5672.127, chrome: {chromedriverVersion: 113.0.5672.63 (0e1a4471d5ae..., userDataDir: C:\Users\MustofG\AppData\Lo...}, goog:chromeOptions: {debuggerAddress: localhost:57299}, javascriptEnabled: true, networkConnectionEnabled: false, pageLoadStrategy: normal, platform: WINDOWS, platformName: WINDOWS, proxy: Proxy(), setWindowRect: true, strictFileInteractability: false, timeouts: {implicit: 0, pageLoad: 300000, script: 30000}, unhandledPromptBehavior: dismiss and notify, webauthn:extension:credBlob: true, webauthn:extension:largeBlob: true, webauthn:extension:minPinLength: true, webauthn:extension:prf: true, webauthn:virtualAuthenticators: true}
Session ID: 8600d472928ef4b6aa0f6b9be7a3f6cc
*** Element info: {Using=xpath, value=//span[text()=&apos;Renew&apos;]}
	at sun.reflect.GeneratedConstructorAccessor33.newInstance(Unknown Source)
	at sun.reflect.DelegatingConstructorAccessorImpl.newInstance(DelegatingConstructorAccessorImpl.java:45)
	at java.lang.reflect.Constructor.newInstance(Constructor.java:423)
	at org.openqa.selenium.remote.http.W3CHttpResponseCodec.createException(W3CHttpResponseCodec.java:187)
	at org.openqa.selenium.remote.http.W3CHttpResponseCodec.decode(W3CHttpResponseCodec.java:122)
	at org.openqa.selenium.remote.http.W3CHttpResponseCodec.decode(W3CHttpResponseCodec.java:49)
	at org.openqa.selenium.remote.HttpCommandExecutor.execute(HttpCommandExecutor.java:158)
	at org.openqa.selenium.remote.service.DriverCommandExecutor.execute(DriverCommandExecutor.java:83)
	at org.openqa.selenium.remote.RemoteWebDriver.execute(RemoteWebDriver.java:552)
	at org.openqa.selenium.remote.RemoteWebDriver.findElement(RemoteWebDriver.java:323)
	at org.openqa.selenium.remote.RemoteWebDriver.findElementByXPath(RemoteWebDriver.java:428)
	at org.openqa.selenium.By$ByXPath.findElement(By.java:353)
	at org.openqa.selenium.remote.RemoteWebDriver.findElement(RemoteWebDriver.java:315)
	at org.openqa.selenium.support.pagefactory.DefaultElementLocator.findElement(DefaultElementLocator.java:69)
	at org.openqa.selenium.support.pagefactory.internal.LocatingElementHandler.invoke(LocatingElementHandler.java:38)
	at com.sun.proxy.$Proxy24.isDisplayed(Unknown Source)
	at org.openqa.selenium.support.ui.ExpectedConditions.elementIfVisible(ExpectedConditions.java:314)
	at org.openqa.selenium.support.ui.ExpectedConditions.access$000(ExpectedConditions.java:43)
	at org.openqa.selenium.support.ui.ExpectedConditions$10.apply(ExpectedConditions.java:300)
	at org.openqa.selenium.support.ui.ExpectedConditions$10.apply(ExpectedConditions.java:297)
	at org.openqa.selenium.support.ui.FluentWait.until(FluentWait.java:249)
	... 27 more
</div></td></tr></table><p class="totop"><a href="#summary">back to summary</a></p><h3 id="m33">com.onbis.TestCases.PSM017_RenewAAOntarioLimitedPartnershipDeclaration#PSM017_RenewAAOntarioLimitedPartnershipDeclaration ( PSM017_RenewAAOntarioLimitedPartnershipDeclaration )</h3><table class="result"><tr><th>Messages</th></tr><tr><td><div class="messages">PartnerPortal build number is: 2.1.5.1 :: 2.1.5.1 :: 2024/03/01 11:42</div></td></tr><tr><th>Exception</th></tr><tr><td><div class="stacktrace">org.openqa.selenium.TimeoutException: Expected condition failed: waiting for visibility of Proxy element for: DefaultElementLocator &apos;By.xpath: //span[text()=&apos;Renew&apos;]&apos; (tried for 90 second(s) with 200 milliseconds interval)
	at org.openqa.selenium.support.ui.FluentWait.timeoutException(FluentWait.java:304)
	at org.openqa.selenium.support.ui.FluentWait.until(FluentWait.java:272)
	at com.onbis.Helper.HelperMethods.fluentWaitAndCheckVisible(HelperMethods.java:71)
	at com.onbis.Pages.PartnerPortalLandingPage.selectRenewBusinessName(PartnerPortalLandingPage.java:623)
	at com.onbis.TestCases.PSM017_RenewAAOntarioLimitedPartnershipDeclaration.PSM017_RenewAAOntarioLimitedPartnershipDeclaration(PSM017_RenewAAOntarioLimitedPartnershipDeclaration.java:38)
	at sun.reflect.NativeMethodAccessorImpl.invoke0(Native Method)
	at sun.reflect.NativeMethodAccessorImpl.invoke(NativeMethodAccessorImpl.java:62)
	at sun.reflect.DelegatingMethodAccessorImpl.invoke(DelegatingMethodAccessorImpl.java:43)
	at java.lang.reflect.Method.invoke(Method.java:498)
	at org.testng.internal.MethodInvocationHelper.invokeMethod(MethodInvocationHelper.java:124)
	at org.testng.internal.Invoker.invokeMethod(Invoker.java:583)
	at org.testng.internal.Invoker.invokeTestMethod(Invoker.java:719)
	at org.testng.internal.Invoker.invokeTestMethods(Invoker.java:989)
	at org.testng.internal.TestMethodWorker.invokeTestMethods(TestMethodWorker.java:125)
	at org.testng.internal.TestMethodWorker.run(TestMethodWorker.java:109)
	at org.testng.TestRunner.privateRun(TestRunner.java:648)
	at org.testng.TestRunner.run(TestRunner.java:505)
	at org.testng.SuiteRunner.runTest(SuiteRunner.java:455)
	at org.testng.SuiteRunner.runSequentially(SuiteRunner.java:450)
	at org.testng.SuiteRunner.privateRun(SuiteRunner.java:415)
	at org.testng.SuiteRunner.run(SuiteRunner.java:364)
	at org.testng.SuiteRunnerWorker.runSuite(SuiteRunnerWorker.java:52)
	at org.testng.SuiteRunnerWorker.run(SuiteRunnerWorker.java:84)
	at org.testng.TestNG.runSuitesSequentially(TestNG.java:1208)
	at org.testng.TestNG.runSuitesLocally(TestNG.java:1137)
	at org.testng.TestNG.runSuites(TestNG.java:1049)
	at org.testng.TestNG.run(TestNG.java:1017)
	at com.intellij.rt.testng.IDEARemoteTestNG.run(IDEARemoteTestNG.java:65)
	at com.intellij.rt.testng.RemoteTestNGStarter.main(RemoteTestNGStarter.java:105)
Caused by: org.openqa.selenium.NoSuchElementException: no such element: Unable to locate element: {&quot;method&quot;:&quot;xpath&quot;,&quot;selector&quot;:&quot;//span[text()=&apos;Renew&apos;]&quot;}
  (Session info: chrome=113.0.5672.127)
For documentation on this error, please visit: https://www.seleniumhq.org/exceptions/no_such_element.html
Build info: version: &apos;3.141.59&apos;, revision: &apos;e82be7d358&apos;, time: &apos;2018-11-14T08:17:03&apos;
System info: host: &apos;ON34C03174383&apos;, ip: &apos;10.61.88.140&apos;, os.name: &apos;Windows 10&apos;, os.arch: &apos;amd64&apos;, os.version: &apos;10.0&apos;, java.version: &apos;1.8.0_281&apos;
Driver info: org.openqa.selenium.chrome.ChromeDriver
Capabilities {acceptInsecureCerts: true, browserName: chrome, browserVersion: 113.0.5672.127, chrome: {chromedriverVersion: 113.0.5672.63 (0e1a4471d5ae..., userDataDir: C:\Users\MustofG\AppData\Lo...}, goog:chromeOptions: {debuggerAddress: localhost:57796}, javascriptEnabled: true, networkConnectionEnabled: false, pageLoadStrategy: normal, platform: WINDOWS, platformName: WINDOWS, proxy: Proxy(), setWindowRect: true, strictFileInteractability: false, timeouts: {implicit: 0, pageLoad: 300000, script: 30000}, unhandledPromptBehavior: dismiss and notify, webauthn:extension:credBlob: true, webauthn:extension:largeBlob: true, webauthn:extension:minPinLength: true, webauthn:extension:prf: true, webauthn:virtualAuthenticators: true}
Session ID: b67484a12f39aa1068f7f4ccd908c48e
*** Element info: {Using=xpath, value=//span[text()=&apos;Renew&apos;]}
	at sun.reflect.GeneratedConstructorAccessor33.newInstance(Unknown Source)
	at sun.reflect.DelegatingConstructorAccessorImpl.newInstance(DelegatingConstructorAccessorImpl.java:45)
	at java.lang.reflect.Constructor.newInstance(Constructor.java:423)
	at org.openqa.selenium.remote.http.W3CHttpResponseCodec.createException(W3CHttpResponseCodec.java:187)
	at org.openqa.selenium.remote.http.W3CHttpResponseCodec.decode(W3CHttpResponseCodec.java:122)
	at org.openqa.selenium.remote.http.W3CHttpResponseCodec.decode(W3CHttpResponseCodec.java:49)
	at org.openqa.selenium.remote.HttpCommandExecutor.execute(HttpCommandExecutor.java:158)
	at org.openqa.selenium.remote.service.DriverCommandExecutor.execute(DriverCommandExecutor.java:83)
	at org.openqa.selenium.remote.RemoteWebDriver.execute(RemoteWebDriver.java:552)
	at org.openqa.selenium.remote.RemoteWebDriver.findElement(RemoteWebDriver.java:323)
	at org.openqa.selenium.remote.RemoteWebDriver.findElementByXPath(RemoteWebDriver.java:428)
	at org.openqa.selenium.By$ByXPath.findElement(By.java:353)
	at org.openqa.selenium.remote.RemoteWebDriver.findElement(RemoteWebDriver.java:315)
	at org.openqa.selenium.support.pagefactory.DefaultElementLocator.findElement(DefaultElementLocator.java:69)
	at org.openqa.selenium.support.pagefactory.internal.LocatingElementHandler.invoke(LocatingElementHandler.java:38)
	at com.sun.proxy.$Proxy24.isDisplayed(Unknown Source)
	at org.openqa.selenium.support.ui.ExpectedConditions.elementIfVisible(ExpectedConditions.java:314)
	at org.openqa.selenium.support.ui.ExpectedConditions.access$000(ExpectedConditions.java:43)
	at org.openqa.selenium.support.ui.ExpectedConditions$10.apply(ExpectedConditions.java:300)
	at org.openqa.selenium.support.ui.ExpectedConditions$10.apply(ExpectedConditions.java:297)
	at org.openqa.selenium.support.ui.FluentWait.until(FluentWait.java:249)
	... 27 more
</div></td></tr></table><p class="totop"><a href="#summary">back to summary</a></p><h3 id="m34">com.onbis.TestCases.PSM018_RenewARegistration_OfAFirmNameForAGeneralPartnership#PSM018_RenewARegistration_OfAFirmNameForAGeneralPartnership ( PSM018_RenewARegistration_OfAFirmNameForAGeneralPartnership )</h3><table class="result"><tr><th>Messages</th></tr><tr><td><div class="messages">PartnerPortal build number is: 2.1.5.1 :: 2.1.5.1 :: 2024/03/01 11:42</div></td></tr><tr><th>Exception</th></tr><tr><td><div class="stacktrace">org.openqa.selenium.TimeoutException: Expected condition failed: waiting for visibility of Proxy element for: DefaultElementLocator &apos;By.xpath: //span[text()=&apos;Renew&apos;]&apos; (tried for 90 second(s) with 200 milliseconds interval)
	at org.openqa.selenium.support.ui.FluentWait.timeoutException(FluentWait.java:304)
	at org.openqa.selenium.support.ui.FluentWait.until(FluentWait.java:272)
	at com.onbis.Helper.HelperMethods.fluentWaitAndCheckVisible(HelperMethods.java:71)
	at com.onbis.Pages.PartnerPortalLandingPage.selectRenewBusinessName(PartnerPortalLandingPage.java:623)
	at com.onbis.TestCases.PSM018_RenewARegistration_OfAFirmNameForAGeneralPartnership.PSM018_RenewARegistration_OfAFirmNameForAGeneralPartnership(PSM018_RenewARegistration_OfAFirmNameForAGeneralPartnership.java:40)
	at sun.reflect.NativeMethodAccessorImpl.invoke0(Native Method)
	at sun.reflect.NativeMethodAccessorImpl.invoke(NativeMethodAccessorImpl.java:62)
	at sun.reflect.DelegatingMethodAccessorImpl.invoke(DelegatingMethodAccessorImpl.java:43)
	at java.lang.reflect.Method.invoke(Method.java:498)
	at org.testng.internal.MethodInvocationHelper.invokeMethod(MethodInvocationHelper.java:124)
	at org.testng.internal.Invoker.invokeMethod(Invoker.java:583)
	at org.testng.internal.Invoker.invokeTestMethod(Invoker.java:719)
	at org.testng.internal.Invoker.invokeTestMethods(Invoker.java:989)
	at org.testng.internal.TestMethodWorker.invokeTestMethods(TestMethodWorker.java:125)
	at org.testng.internal.TestMethodWorker.run(TestMethodWorker.java:109)
	at org.testng.TestRunner.privateRun(TestRunner.java:648)
	at org.testng.TestRunner.run(TestRunner.java:505)
	at org.testng.SuiteRunner.runTest(SuiteRunner.java:455)
	at org.testng.SuiteRunner.runSequentially(SuiteRunner.java:450)
	at org.testng.SuiteRunner.privateRun(SuiteRunner.java:415)
	at org.testng.SuiteRunner.run(SuiteRunner.java:364)
	at org.testng.SuiteRunnerWorker.runSuite(SuiteRunnerWorker.java:52)
	at org.testng.SuiteRunnerWorker.run(SuiteRunnerWorker.java:84)
	at org.testng.TestNG.runSuitesSequentially(TestNG.java:1208)
	at org.testng.TestNG.runSuitesLocally(TestNG.java:1137)
	at org.testng.TestNG.runSuites(TestNG.java:1049)
	at org.testng.TestNG.run(TestNG.java:1017)
	at com.intellij.rt.testng.IDEARemoteTestNG.run(IDEARemoteTestNG.java:65)
	at com.intellij.rt.testng.RemoteTestNGStarter.main(RemoteTestNGStarter.java:105)
Caused by: org.openqa.selenium.NoSuchElementException: no such element: Unable to locate element: {&quot;method&quot;:&quot;xpath&quot;,&quot;selector&quot;:&quot;//span[text()=&apos;Renew&apos;]&quot;}
  (Session info: chrome=113.0.5672.127)
For documentation on this error, please visit: https://www.seleniumhq.org/exceptions/no_such_element.html
Build info: version: &apos;3.141.59&apos;, revision: &apos;e82be7d358&apos;, time: &apos;2018-11-14T08:17:03&apos;
System info: host: &apos;ON34C03174383&apos;, ip: &apos;10.61.88.140&apos;, os.name: &apos;Windows 10&apos;, os.arch: &apos;amd64&apos;, os.version: &apos;10.0&apos;, java.version: &apos;1.8.0_281&apos;
Driver info: org.openqa.selenium.chrome.ChromeDriver
Capabilities {acceptInsecureCerts: true, browserName: chrome, browserVersion: 113.0.5672.127, chrome: {chromedriverVersion: 113.0.5672.63 (0e1a4471d5ae..., userDataDir: C:\Users\MustofG\AppData\Lo...}, goog:chromeOptions: {debuggerAddress: localhost:58288}, javascriptEnabled: true, networkConnectionEnabled: false, pageLoadStrategy: normal, platform: WINDOWS, platformName: WINDOWS, proxy: Proxy(), setWindowRect: true, strictFileInteractability: false, timeouts: {implicit: 0, pageLoad: 300000, script: 30000}, unhandledPromptBehavior: dismiss and notify, webauthn:extension:credBlob: true, webauthn:extension:largeBlob: true, webauthn:extension:minPinLength: true, webauthn:extension:prf: true, webauthn:virtualAuthenticators: true}
Session ID: 9967425bd25287f488473ff6a071ab0b
*** Element info: {Using=xpath, value=//span[text()=&apos;Renew&apos;]}
	at sun.reflect.GeneratedConstructorAccessor33.newInstance(Unknown Source)
	at sun.reflect.DelegatingConstructorAccessorImpl.newInstance(DelegatingConstructorAccessorImpl.java:45)
	at java.lang.reflect.Constructor.newInstance(Constructor.java:423)
	at org.openqa.selenium.remote.http.W3CHttpResponseCodec.createException(W3CHttpResponseCodec.java:187)
	at org.openqa.selenium.remote.http.W3CHttpResponseCodec.decode(W3CHttpResponseCodec.java:122)
	at org.openqa.selenium.remote.http.W3CHttpResponseCodec.decode(W3CHttpResponseCodec.java:49)
	at org.openqa.selenium.remote.HttpCommandExecutor.execute(HttpCommandExecutor.java:158)
	at org.openqa.selenium.remote.service.DriverCommandExecutor.execute(DriverCommandExecutor.java:83)
	at org.openqa.selenium.remote.RemoteWebDriver.execute(RemoteWebDriver.java:552)
	at org.openqa.selenium.remote.RemoteWebDriver.findElement(RemoteWebDriver.java:323)
	at org.openqa.selenium.remote.RemoteWebDriver.findElementByXPath(RemoteWebDriver.java:428)
	at org.openqa.selenium.By$ByXPath.findElement(By.java:353)
	at org.openqa.selenium.remote.RemoteWebDriver.findElement(RemoteWebDriver.java:315)
	at org.openqa.selenium.support.pagefactory.DefaultElementLocator.findElement(DefaultElementLocator.java:69)
	at org.openqa.selenium.support.pagefactory.internal.LocatingElementHandler.invoke(LocatingElementHandler.java:38)
	at com.sun.proxy.$Proxy24.isDisplayed(Unknown Source)
	at org.openqa.selenium.support.ui.ExpectedConditions.elementIfVisible(ExpectedConditions.java:314)
	at org.openqa.selenium.support.ui.ExpectedConditions.access$000(ExpectedConditions.java:43)
	at org.openqa.selenium.support.ui.ExpectedConditions$10.apply(ExpectedConditions.java:300)
	at org.openqa.selenium.support.ui.ExpectedConditions$10.apply(ExpectedConditions.java:297)
	at org.openqa.selenium.support.ui.FluentWait.until(FluentWait.java:249)
	... 27 more
</div></td></tr></table><p class="totop"><a href="#summary">back to summary</a></p><h2>Onbis-CR Regression Test - November 2022 Release</h2><h3 id="m35">com.onbis.TestCases.CR_4254_AnnualReturnOption_ExtraProvincialLicenceForAForeignCorporation_TC3#CR_4254_AnnualReturnOption_ExtraProvincialLicenceForAForeignCorporation_TC3 ( CR_4254_AnnualReturnOption_ExtraProvincialLicenceForAForeignCorporation_TC3 )</h3><table class="result"><tr class="param"><th>Parameter #1</th></tr><tr class="param stripe"><td>chrome</td></tr><tr><th>Messages</th></tr><tr><td><div class="messages">-------: CR_4254_AnnualReturnOption_ExtraProvincialLicenceForAForeignCorporation_TC3 -&gt; <br/>Admin Portal build number is: 2.1.5.1 :: 2.1.5.1 :: 2024/03/01 11:42</div></td></tr><tr><th>Exception</th></tr><tr><td><div class="stacktrace">org.openqa.selenium.TimeoutException: Expected condition failed: waiting for visibility of Proxy element for: DefaultElementLocator &apos;By.xpath: //input[contains(@id,&apos;-addressLookup&apos;)]&apos; (tried for 20 second(s) with 500 milliseconds interval)
	at org.openqa.selenium.support.ui.WebDriverWait.timeoutException(WebDriverWait.java:95)
	at org.openqa.selenium.support.ui.FluentWait.until(FluentWait.java:272)
	at com.onbis.Helper.HelperMethods.waitAndSendKeys(HelperMethods.java:431)
	at com.onbis.Pages.SOIncorporateOntarioBusinessCorporationPage.completeCorporationAddressUSAAndSave(SOIncorporateOntarioBusinessCorporationPage.java:4392)
	at com.onbis.TestCases.CR_4254_AnnualReturnOption_ExtraProvincialLicenceForAForeignCorporation_TC3.CR_4254_AnnualReturnOption_ExtraProvincialLicenceForAForeignCorporation_TC3(CR_4254_AnnualReturnOption_ExtraProvincialLicenceForAForeignCorporation_TC3.java:50)
	at sun.reflect.NativeMethodAccessorImpl.invoke0(Native Method)
	at sun.reflect.NativeMethodAccessorImpl.invoke(NativeMethodAccessorImpl.java:62)
	at sun.reflect.DelegatingMethodAccessorImpl.invoke(DelegatingMethodAccessorImpl.java:43)
	at java.lang.reflect.Method.invoke(Method.java:498)
	at org.testng.internal.MethodInvocationHelper.invokeMethod(MethodInvocationHelper.java:124)
	at org.testng.internal.Invoker.invokeMethod(Invoker.java:583)
	at org.testng.internal.Invoker.invokeTestMethod(Invoker.java:719)
	at org.testng.internal.Invoker.invokeTestMethods(Invoker.java:989)
	at org.testng.internal.TestMethodWorker.invokeTestMethods(TestMethodWorker.java:125)
	at org.testng.internal.TestMethodWorker.run(TestMethodWorker.java:109)
	at org.testng.TestRunner.privateRun(TestRunner.java:648)
	at org.testng.TestRunner.run(TestRunner.java:505)
	at org.testng.SuiteRunner.runTest(SuiteRunner.java:455)
	at org.testng.SuiteRunner.runSequentially(SuiteRunner.java:450)
	at org.testng.SuiteRunner.privateRun(SuiteRunner.java:415)
	at org.testng.SuiteRunner.run(SuiteRunner.java:364)
	at org.testng.SuiteRunnerWorker.runSuite(SuiteRunnerWorker.java:52)
	at org.testng.SuiteRunnerWorker.run(SuiteRunnerWorker.java:84)
	at org.testng.TestNG.runSuitesSequentially(TestNG.java:1208)
	at org.testng.TestNG.runSuitesLocally(TestNG.java:1137)
	at org.testng.TestNG.runSuites(TestNG.java:1049)
	at org.testng.TestNG.run(TestNG.java:1017)
	at com.intellij.rt.testng.IDEARemoteTestNG.run(IDEARemoteTestNG.java:65)
	at com.intellij.rt.testng.RemoteTestNGStarter.main(RemoteTestNGStarter.java:105)
Caused by: org.openqa.selenium.NoSuchElementException: no such element: Unable to locate element: {&quot;method&quot;:&quot;xpath&quot;,&quot;selector&quot;:&quot;//input[contains(@id,&apos;-addressLookup&apos;)]&quot;}
  (Session info: chrome=113.0.5672.127)
For documentation on this error, please visit: https://www.seleniumhq.org/exceptions/no_such_element.html
Build info: version: &apos;3.141.59&apos;, revision: &apos;e82be7d358&apos;, time: &apos;2018-11-14T08:17:03&apos;
System info: host: &apos;ON34C03174383&apos;, ip: &apos;10.61.88.140&apos;, os.name: &apos;Windows 10&apos;, os.arch: &apos;amd64&apos;, os.version: &apos;10.0&apos;, java.version: &apos;1.8.0_281&apos;
Driver info: org.openqa.selenium.chrome.ChromeDriver
Capabilities {acceptInsecureCerts: true, browserName: chrome, browserVersion: 113.0.5672.127, chrome: {chromedriverVersion: 113.0.5672.63 (0e1a4471d5ae..., userDataDir: C:\Users\MustofG\AppData\Lo...}, goog:chromeOptions: {debuggerAddress: localhost:62919}, javascriptEnabled: true, networkConnectionEnabled: false, pageLoadStrategy: normal, platform: WINDOWS, platformName: WINDOWS, proxy: Proxy(), setWindowRect: true, strictFileInteractability: false, timeouts: {implicit: 0, pageLoad: 300000, script: 30000}, unhandledPromptBehavior: dismiss and notify, webauthn:extension:credBlob: true, webauthn:extension:largeBlob: true, webauthn:extension:minPinLength: true, webauthn:extension:prf: true, webauthn:virtualAuthenticators: true}
Session ID: 605a287b546900e393f731d468445fbc
*** Element info: {Using=xpath, value=//input[contains(@id,&apos;-addressLookup&apos;)]}
	at sun.reflect.GeneratedConstructorAccessor33.newInstance(Unknown Source)
	at sun.reflect.DelegatingConstructorAccessorImpl.newInstance(DelegatingConstructorAccessorImpl.java:45)
	at java.lang.reflect.Constructor.newInstance(Constructor.java:423)
	at org.openqa.selenium.remote.http.W3CHttpResponseCodec.createException(W3CHttpResponseCodec.java:187)
	at org.openqa.selenium.remote.http.W3CHttpResponseCodec.decode(W3CHttpResponseCodec.java:122)
	at org.openqa.selenium.remote.http.W3CHttpResponseCodec.decode(W3CHttpResponseCodec.java:49)
	at org.openqa.selenium.remote.HttpCommandExecutor.execute(HttpCommandExecutor.java:158)
	at org.openqa.selenium.remote.service.DriverCommandExecutor.execute(DriverCommandExecutor.java:83)
	at org.openqa.selenium.remote.RemoteWebDriver.execute(RemoteWebDriver.java:552)
	at org.openqa.selenium.remote.RemoteWebDriver.findElement(RemoteWebDriver.java:323)
	at org.openqa.selenium.remote.RemoteWebDriver.findElementByXPath(RemoteWebDriver.java:428)
	at org.openqa.selenium.By$ByXPath.findElement(By.java:353)
	at org.openqa.selenium.remote.RemoteWebDriver.findElement(RemoteWebDriver.java:315)
	at org.openqa.selenium.support.pagefactory.DefaultElementLocator.findElement(DefaultElementLocator.java:69)
	at org.openqa.selenium.support.pagefactory.internal.LocatingElementHandler.invoke(LocatingElementHandler.java:38)
	at com.sun.proxy.$Proxy24.isDisplayed(Unknown Source)
	at org.openqa.selenium.support.ui.ExpectedConditions.elementIfVisible(ExpectedConditions.java:314)
	at org.openqa.selenium.support.ui.ExpectedConditions.access$000(ExpectedConditions.java:43)
	at org.openqa.selenium.support.ui.ExpectedConditions$10.apply(ExpectedConditions.java:300)
	at org.openqa.selenium.support.ui.ExpectedConditions$10.apply(ExpectedConditions.java:297)
	at org.openqa.selenium.support.ui.FluentWait.until(FluentWait.java:249)
	... 27 more
</div></td></tr></table><p class="totop"><a href="#summary">back to summary</a></p><h3 id="m36">com.onbis.TestCases.CR_4258_EPForeignWithShare_EntityNameJurisdictionNonEditable_TC2#CR_4258_EPForeignWithShare_EntityNameJurisdictionNonEditable_TC2 ( CR_4258_EPForeignWithShare_EntityNameJurisdictionNonEditable_TC2 )</h3><table class="result"><tr class="param"><th>Parameter #1</th></tr><tr class="param stripe"><td>chrome</td></tr><tr><th>Messages</th></tr><tr><td><div class="messages">-------: CR_4258_EPForeignWithShare_EntityNameJurisdictionNonEditable_TC2 -&gt; <br/>Admin Portal build number is: 2.1.5.1 :: 2.1.5.1 :: 2024/03/01 11:42</div></td></tr><tr><th>Exception</th></tr><tr><td><div class="stacktrace">org.openqa.selenium.TimeoutException: Expected condition failed: waiting for visibility of Proxy element for: DefaultElementLocator &apos;By.xpath: //input[contains(@id,&apos;-addressLookup&apos;)]&apos; (tried for 20 second(s) with 500 milliseconds interval)
	at org.openqa.selenium.support.ui.WebDriverWait.timeoutException(WebDriverWait.java:95)
	at org.openqa.selenium.support.ui.FluentWait.until(FluentWait.java:272)
	at com.onbis.Helper.HelperMethods.waitAndSendKeys(HelperMethods.java:431)
	at com.onbis.Pages.SOIncorporateOntarioBusinessCorporationPage.completeCorporationAddressUSAAndSave(SOIncorporateOntarioBusinessCorporationPage.java:4392)
	at com.onbis.TestCases.CR_4258_EPForeignWithShare_EntityNameJurisdictionNonEditable_TC2.CR_4258_EPForeignWithShare_EntityNameJurisdictionNonEditable_TC2(CR_4258_EPForeignWithShare_EntityNameJurisdictionNonEditable_TC2.java:65)
	at sun.reflect.NativeMethodAccessorImpl.invoke0(Native Method)
	at sun.reflect.NativeMethodAccessorImpl.invoke(NativeMethodAccessorImpl.java:62)
	at sun.reflect.DelegatingMethodAccessorImpl.invoke(DelegatingMethodAccessorImpl.java:43)
	at java.lang.reflect.Method.invoke(Method.java:498)
	at org.testng.internal.MethodInvocationHelper.invokeMethod(MethodInvocationHelper.java:124)
	at org.testng.internal.Invoker.invokeMethod(Invoker.java:583)
	at org.testng.internal.Invoker.invokeTestMethod(Invoker.java:719)
	at org.testng.internal.Invoker.invokeTestMethods(Invoker.java:989)
	at org.testng.internal.TestMethodWorker.invokeTestMethods(TestMethodWorker.java:125)
	at org.testng.internal.TestMethodWorker.run(TestMethodWorker.java:109)
	at org.testng.TestRunner.privateRun(TestRunner.java:648)
	at org.testng.TestRunner.run(TestRunner.java:505)
	at org.testng.SuiteRunner.runTest(SuiteRunner.java:455)
	at org.testng.SuiteRunner.runSequentially(SuiteRunner.java:450)
	at org.testng.SuiteRunner.privateRun(SuiteRunner.java:415)
	at org.testng.SuiteRunner.run(SuiteRunner.java:364)
	at org.testng.SuiteRunnerWorker.runSuite(SuiteRunnerWorker.java:52)
	at org.testng.SuiteRunnerWorker.run(SuiteRunnerWorker.java:84)
	at org.testng.TestNG.runSuitesSequentially(TestNG.java:1208)
	at org.testng.TestNG.runSuitesLocally(TestNG.java:1137)
	at org.testng.TestNG.runSuites(TestNG.java:1049)
	at org.testng.TestNG.run(TestNG.java:1017)
	at com.intellij.rt.testng.IDEARemoteTestNG.run(IDEARemoteTestNG.java:65)
	at com.intellij.rt.testng.RemoteTestNGStarter.main(RemoteTestNGStarter.java:105)
Caused by: org.openqa.selenium.NoSuchElementException: no such element: Unable to locate element: {&quot;method&quot;:&quot;xpath&quot;,&quot;selector&quot;:&quot;//input[contains(@id,&apos;-addressLookup&apos;)]&quot;}
  (Session info: chrome=113.0.5672.127)
For documentation on this error, please visit: https://www.seleniumhq.org/exceptions/no_such_element.html
Build info: version: &apos;3.141.59&apos;, revision: &apos;e82be7d358&apos;, time: &apos;2018-11-14T08:17:03&apos;
System info: host: &apos;ON34C03174383&apos;, ip: &apos;10.61.88.140&apos;, os.name: &apos;Windows 10&apos;, os.arch: &apos;amd64&apos;, os.version: &apos;10.0&apos;, java.version: &apos;1.8.0_281&apos;
Driver info: org.openqa.selenium.chrome.ChromeDriver
Capabilities {acceptInsecureCerts: true, browserName: chrome, browserVersion: 113.0.5672.127, chrome: {chromedriverVersion: 113.0.5672.63 (0e1a4471d5ae..., userDataDir: C:\Users\MustofG\AppData\Lo...}, goog:chromeOptions: {debuggerAddress: localhost:63404}, javascriptEnabled: true, networkConnectionEnabled: false, pageLoadStrategy: normal, platform: WINDOWS, platformName: WINDOWS, proxy: Proxy(), setWindowRect: true, strictFileInteractability: false, timeouts: {implicit: 0, pageLoad: 300000, script: 30000}, unhandledPromptBehavior: dismiss and notify, webauthn:extension:credBlob: true, webauthn:extension:largeBlob: true, webauthn:extension:minPinLength: true, webauthn:extension:prf: true, webauthn:virtualAuthenticators: true}
Session ID: 95427913527d2a16555dae5164491661
*** Element info: {Using=xpath, value=//input[contains(@id,&apos;-addressLookup&apos;)]}
	at sun.reflect.GeneratedConstructorAccessor33.newInstance(Unknown Source)
	at sun.reflect.DelegatingConstructorAccessorImpl.newInstance(DelegatingConstructorAccessorImpl.java:45)
	at java.lang.reflect.Constructor.newInstance(Constructor.java:423)
	at org.openqa.selenium.remote.http.W3CHttpResponseCodec.createException(W3CHttpResponseCodec.java:187)
	at org.openqa.selenium.remote.http.W3CHttpResponseCodec.decode(W3CHttpResponseCodec.java:122)
	at org.openqa.selenium.remote.http.W3CHttpResponseCodec.decode(W3CHttpResponseCodec.java:49)
	at org.openqa.selenium.remote.HttpCommandExecutor.execute(HttpCommandExecutor.java:158)
	at org.openqa.selenium.remote.service.DriverCommandExecutor.execute(DriverCommandExecutor.java:83)
	at org.openqa.selenium.remote.RemoteWebDriver.execute(RemoteWebDriver.java:552)
	at org.openqa.selenium.remote.RemoteWebDriver.findElement(RemoteWebDriver.java:323)
	at org.openqa.selenium.remote.RemoteWebDriver.findElementByXPath(RemoteWebDriver.java:428)
	at org.openqa.selenium.By$ByXPath.findElement(By.java:353)
	at org.openqa.selenium.remote.RemoteWebDriver.findElement(RemoteWebDriver.java:315)
	at org.openqa.selenium.support.pagefactory.DefaultElementLocator.findElement(DefaultElementLocator.java:69)
	at org.openqa.selenium.support.pagefactory.internal.LocatingElementHandler.invoke(LocatingElementHandler.java:38)
	at com.sun.proxy.$Proxy24.isDisplayed(Unknown Source)
	at org.openqa.selenium.support.ui.ExpectedConditions.elementIfVisible(ExpectedConditions.java:314)
	at org.openqa.selenium.support.ui.ExpectedConditions.access$000(ExpectedConditions.java:43)
	at org.openqa.selenium.support.ui.ExpectedConditions$10.apply(ExpectedConditions.java:300)
	at org.openqa.selenium.support.ui.ExpectedConditions$10.apply(ExpectedConditions.java:297)
	at org.openqa.selenium.support.ui.FluentWait.until(FluentWait.java:249)
	... 27 more
</div></td></tr></table><p class="totop"><a href="#summary">back to summary</a></p><h3 id="m37">com.onbis.TestCases.CR_4260_4279_4277_4574_4592_4628_ExtraProvincialLicenceForAForeignCorporation_TC2_TC3_TC4#CR_4260_4279_4277_4574_4592_4628_ExtraProvincialLicenceForAForeignCorporation_TC2_TC3_TC4 ( CR_4260_4279_4277_4574_4592_4628_ExtraProvincialLicenceForAForeignCorporation_TC2_TC3_TC4 )</h3><table class="result"><tr class="param"><th>Parameter #1</th></tr><tr class="param stripe"><td>chrome</td></tr><tr><th>Messages</th></tr><tr><td><div class="messages">-------: CR_4260_4279_4277_4574_4592_4628_ExtraProvincialLicenceForAForeignCorporation_TC2 -&gt; <br/>Admin Portal build number is: 2.1.5.1 :: 2.1.5.1 :: 2024/03/01 11:42</div></td></tr><tr><th>Exception</th></tr><tr><td><div class="stacktrace">org.openqa.selenium.TimeoutException: Expected condition failed: waiting for visibility of Proxy element for: DefaultElementLocator &apos;By.xpath: //input[contains(@id,&apos;-addressLookup&apos;)]&apos; (tried for 20 second(s) with 500 milliseconds interval)
	at org.openqa.selenium.support.ui.WebDriverWait.timeoutException(WebDriverWait.java:95)
	at org.openqa.selenium.support.ui.FluentWait.until(FluentWait.java:272)
	at com.onbis.Helper.HelperMethods.waitAndSendKeys(HelperMethods.java:431)
	at com.onbis.Pages.SOIncorporateOntarioBusinessCorporationPage.completeCorporationAddressUSAAndSave(SOIncorporateOntarioBusinessCorporationPage.java:4392)
	at com.onbis.TestCases.CR_4260_4279_4277_4574_4592_4628_ExtraProvincialLicenceForAForeignCorporation_TC2_TC3_TC4.CR_4260_4279_4277_4574_4592_4628_ExtraProvincialLicenceForAForeignCorporation_TC2_TC3_TC4(CR_4260_4279_4277_4574_4592_4628_ExtraProvincialLicenceForAForeignCorporation_TC2_TC3_TC4.java:68)
	at sun.reflect.NativeMethodAccessorImpl.invoke0(Native Method)
	at sun.reflect.NativeMethodAccessorImpl.invoke(NativeMethodAccessorImpl.java:62)
	at sun.reflect.DelegatingMethodAccessorImpl.invoke(DelegatingMethodAccessorImpl.java:43)
	at java.lang.reflect.Method.invoke(Method.java:498)
	at org.testng.internal.MethodInvocationHelper.invokeMethod(MethodInvocationHelper.java:124)
	at org.testng.internal.Invoker.invokeMethod(Invoker.java:583)
	at org.testng.internal.Invoker.invokeTestMethod(Invoker.java:719)
	at org.testng.internal.Invoker.invokeTestMethods(Invoker.java:989)
	at org.testng.internal.TestMethodWorker.invokeTestMethods(TestMethodWorker.java:125)
	at org.testng.internal.TestMethodWorker.run(TestMethodWorker.java:109)
	at org.testng.TestRunner.privateRun(TestRunner.java:648)
	at org.testng.TestRunner.run(TestRunner.java:505)
	at org.testng.SuiteRunner.runTest(SuiteRunner.java:455)
	at org.testng.SuiteRunner.runSequentially(SuiteRunner.java:450)
	at org.testng.SuiteRunner.privateRun(SuiteRunner.java:415)
	at org.testng.SuiteRunner.run(SuiteRunner.java:364)
	at org.testng.SuiteRunnerWorker.runSuite(SuiteRunnerWorker.java:52)
	at org.testng.SuiteRunnerWorker.run(SuiteRunnerWorker.java:84)
	at org.testng.TestNG.runSuitesSequentially(TestNG.java:1208)
	at org.testng.TestNG.runSuitesLocally(TestNG.java:1137)
	at org.testng.TestNG.runSuites(TestNG.java:1049)
	at org.testng.TestNG.run(TestNG.java:1017)
	at com.intellij.rt.testng.IDEARemoteTestNG.run(IDEARemoteTestNG.java:65)
	at com.intellij.rt.testng.RemoteTestNGStarter.main(RemoteTestNGStarter.java:105)
Caused by: org.openqa.selenium.NoSuchElementException: no such element: Unable to locate element: {&quot;method&quot;:&quot;xpath&quot;,&quot;selector&quot;:&quot;//input[contains(@id,&apos;-addressLookup&apos;)]&quot;}
  (Session info: chrome=113.0.5672.127)
For documentation on this error, please visit: https://www.seleniumhq.org/exceptions/no_such_element.html
Build info: version: &apos;3.141.59&apos;, revision: &apos;e82be7d358&apos;, time: &apos;2018-11-14T08:17:03&apos;
System info: host: &apos;ON34C03174383&apos;, ip: &apos;10.61.88.140&apos;, os.name: &apos;Windows 10&apos;, os.arch: &apos;amd64&apos;, os.version: &apos;10.0&apos;, java.version: &apos;1.8.0_281&apos;
Driver info: org.openqa.selenium.chrome.ChromeDriver
Capabilities {acceptInsecureCerts: true, browserName: chrome, browserVersion: 113.0.5672.127, chrome: {chromedriverVersion: 113.0.5672.63 (0e1a4471d5ae..., userDataDir: C:\Users\MustofG\AppData\Lo...}, goog:chromeOptions: {debuggerAddress: localhost:62098}, javascriptEnabled: true, networkConnectionEnabled: false, pageLoadStrategy: normal, platform: WINDOWS, platformName: WINDOWS, proxy: Proxy(), setWindowRect: true, strictFileInteractability: false, timeouts: {implicit: 0, pageLoad: 300000, script: 30000}, unhandledPromptBehavior: dismiss and notify, webauthn:extension:credBlob: true, webauthn:extension:largeBlob: true, webauthn:extension:minPinLength: true, webauthn:extension:prf: true, webauthn:virtualAuthenticators: true}
Session ID: 5fd8b6d7d43bb6041282ba5ef59b89bf
*** Element info: {Using=xpath, value=//input[contains(@id,&apos;-addressLookup&apos;)]}
	at sun.reflect.GeneratedConstructorAccessor33.newInstance(Unknown Source)
	at sun.reflect.DelegatingConstructorAccessorImpl.newInstance(DelegatingConstructorAccessorImpl.java:45)
	at java.lang.reflect.Constructor.newInstance(Constructor.java:423)
	at org.openqa.selenium.remote.http.W3CHttpResponseCodec.createException(W3CHttpResponseCodec.java:187)
	at org.openqa.selenium.remote.http.W3CHttpResponseCodec.decode(W3CHttpResponseCodec.java:122)
	at org.openqa.selenium.remote.http.W3CHttpResponseCodec.decode(W3CHttpResponseCodec.java:49)
	at org.openqa.selenium.remote.HttpCommandExecutor.execute(HttpCommandExecutor.java:158)
	at org.openqa.selenium.remote.service.DriverCommandExecutor.execute(DriverCommandExecutor.java:83)
	at org.openqa.selenium.remote.RemoteWebDriver.execute(RemoteWebDriver.java:552)
	at org.openqa.selenium.remote.RemoteWebDriver.findElement(RemoteWebDriver.java:323)
	at org.openqa.selenium.remote.RemoteWebDriver.findElementByXPath(RemoteWebDriver.java:428)
	at org.openqa.selenium.By$ByXPath.findElement(By.java:353)
	at org.openqa.selenium.remote.RemoteWebDriver.findElement(RemoteWebDriver.java:315)
	at org.openqa.selenium.support.pagefactory.DefaultElementLocator.findElement(DefaultElementLocator.java:69)
	at org.openqa.selenium.support.pagefactory.internal.LocatingElementHandler.invoke(LocatingElementHandler.java:38)
	at com.sun.proxy.$Proxy24.isDisplayed(Unknown Source)
	at org.openqa.selenium.support.ui.ExpectedConditions.elementIfVisible(ExpectedConditions.java:314)
	at org.openqa.selenium.support.ui.ExpectedConditions.access$000(ExpectedConditions.java:43)
	at org.openqa.selenium.support.ui.ExpectedConditions$10.apply(ExpectedConditions.java:300)
	at org.openqa.selenium.support.ui.ExpectedConditions$10.apply(ExpectedConditions.java:297)
	at org.openqa.selenium.support.ui.FluentWait.until(FluentWait.java:249)
	... 27 more
</div></td></tr></table><p class="totop"><a href="#summary">back to summary</a></p><h3 id="m38">com.onbis.TestCases.CR_4260_4279_4277_4574_4592_4628_GeneralPartnership_TC1#CR_4260_4279_4277_4574_4592_4628_GeneralPartnership_TC1 ( CR_4260_4279_4277_4574_4592_4628_GeneralPartnership_TC1 )</h3><table class="result"><tr><th>Messages</th></tr><tr><td><div class="messages">PartnerPortal build number is: 2.1.5.1 :: 2.1.5.1 :: 2024/03/01 11:42<br/>-------: CR_4260_4279_4277_4574_4592_4628_GeneralPartnership_TC1-&gt; <br/>-------: This is a Negative testing for &apos;General partnership Registration&apos;
 :-------</div></td></tr><tr><th>Exception</th></tr><tr><td><div class="stacktrace">org.openqa.selenium.NoSuchElementException: no such element: Unable to locate element: {&quot;method&quot;:&quot;xpath&quot;,&quot;selector&quot;:&quot;//div[text()=&apos;Last Name must be entered.&apos;]&quot;}
  (Session info: chrome=113.0.5672.127)
For documentation on this error, please visit: https://www.seleniumhq.org/exceptions/no_such_element.html
Build info: version: &apos;3.141.59&apos;, revision: &apos;e82be7d358&apos;, time: &apos;2018-11-14T08:17:03&apos;
System info: host: &apos;ON34C03174383&apos;, ip: &apos;10.61.88.140&apos;, os.name: &apos;Windows 10&apos;, os.arch: &apos;amd64&apos;, os.version: &apos;10.0&apos;, java.version: &apos;1.8.0_281&apos;
Driver info: org.openqa.selenium.chrome.ChromeDriver
Capabilities {acceptInsecureCerts: true, browserName: chrome, browserVersion: 113.0.5672.127, chrome: {chromedriverVersion: 113.0.5672.63 (0e1a4471d5ae..., userDataDir: C:\Users\MustofG\AppData\Lo...}, goog:chromeOptions: {debuggerAddress: localhost:59659}, javascriptEnabled: true, networkConnectionEnabled: false, pageLoadStrategy: normal, platform: WINDOWS, platformName: WINDOWS, proxy: Proxy(), setWindowRect: true, strictFileInteractability: false, timeouts: {implicit: 0, pageLoad: 300000, script: 30000}, unhandledPromptBehavior: dismiss and notify, webauthn:extension:credBlob: true, webauthn:extension:largeBlob: true, webauthn:extension:minPinLength: true, webauthn:extension:prf: true, webauthn:virtualAuthenticators: true}
Session ID: 5c0704e807f9a5106be09c715517b4dc
*** Element info: {Using=xpath, value=//div[text()=&apos;Last Name must be entered.&apos;]}
	at sun.reflect.GeneratedConstructorAccessor33.newInstance(Unknown Source)
	at sun.reflect.DelegatingConstructorAccessorImpl.newInstance(DelegatingConstructorAccessorImpl.java:45)
	at java.lang.reflect.Constructor.newInstance(Constructor.java:423)
	at org.openqa.selenium.remote.http.W3CHttpResponseCodec.createException(W3CHttpResponseCodec.java:187)
	at org.openqa.selenium.remote.http.W3CHttpResponseCodec.decode(W3CHttpResponseCodec.java:122)
	at org.openqa.selenium.remote.http.W3CHttpResponseCodec.decode(W3CHttpResponseCodec.java:49)
	at org.openqa.selenium.remote.HttpCommandExecutor.execute(HttpCommandExecutor.java:158)
	at org.openqa.selenium.remote.service.DriverCommandExecutor.execute(DriverCommandExecutor.java:83)
	at org.openqa.selenium.remote.RemoteWebDriver.execute(RemoteWebDriver.java:552)
	at org.openqa.selenium.remote.RemoteWebDriver.findElement(RemoteWebDriver.java:323)
	at org.openqa.selenium.remote.RemoteWebDriver.findElementByXPath(RemoteWebDriver.java:428)
	at org.openqa.selenium.By$ByXPath.findElement(By.java:353)
	at org.openqa.selenium.remote.RemoteWebDriver.findElement(RemoteWebDriver.java:315)
	at com.onbis.Pages.ContactInformationPage.incompleteContactInformationAndSave(ContactInformationPage.java:50)
	at com.onbis.TestCases.CR_4260_4279_4277_4574_4592_4628_GeneralPartnership_TC1.CR_4260_4279_4277_4574_4592_4628_GeneralPartnership_TC1(CR_4260_4279_4277_4574_4592_4628_GeneralPartnership_TC1.java:37)
	at sun.reflect.NativeMethodAccessorImpl.invoke0(Native Method)
	at sun.reflect.NativeMethodAccessorImpl.invoke(NativeMethodAccessorImpl.java:62)
	at sun.reflect.DelegatingMethodAccessorImpl.invoke(DelegatingMethodAccessorImpl.java:43)
	at java.lang.reflect.Method.invoke(Method.java:498)
	at org.testng.internal.MethodInvocationHelper.invokeMethod(MethodInvocationHelper.java:124)
	at org.testng.internal.Invoker.invokeMethod(Invoker.java:583)
	at org.testng.internal.Invoker.invokeTestMethod(Invoker.java:719)
	at org.testng.internal.Invoker.invokeTestMethods(Invoker.java:989)
	at org.testng.internal.TestMethodWorker.invokeTestMethods(TestMethodWorker.java:125)
	at org.testng.internal.TestMethodWorker.run(TestMethodWorker.java:109)
	at org.testng.TestRunner.privateRun(TestRunner.java:648)
	at org.testng.TestRunner.run(TestRunner.java:505)
	at org.testng.SuiteRunner.runTest(SuiteRunner.java:455)
	at org.testng.SuiteRunner.runSequentially(SuiteRunner.java:450)
	at org.testng.SuiteRunner.privateRun(SuiteRunner.java:415)
	at org.testng.SuiteRunner.run(SuiteRunner.java:364)
	at org.testng.SuiteRunnerWorker.runSuite(SuiteRunnerWorker.java:52)
	at org.testng.SuiteRunnerWorker.run(SuiteRunnerWorker.java:84)
	at org.testng.TestNG.runSuitesSequentially(TestNG.java:1208)
	at org.testng.TestNG.runSuitesLocally(TestNG.java:1137)
	at org.testng.TestNG.runSuites(TestNG.java:1049)
	at org.testng.TestNG.run(TestNG.java:1017)
	at com.intellij.rt.testng.IDEARemoteTestNG.run(IDEARemoteTestNG.java:65)
	at com.intellij.rt.testng.RemoteTestNGStarter.main(RemoteTestNGStarter.java:105)
</div></td></tr></table><p class="totop"><a href="#summary">back to summary</a></p><h3 id="m39">com.onbis.TestCases.CR_4349_ExtraProvincialLicence_CorporationdAsAgentFor_TC1_TC2#CR_4349_ExtraProvincialLicence_CorporationdAsAgentFor_TC1_TC2 ( CR_4349_ExtraProvincialLicence_CorporationdAsAgentFor_TC1_TC2 )</h3><table class="result"><tr class="param"><th>Parameter #1</th></tr><tr class="param stripe"><td>chrome</td></tr><tr><th>Messages</th></tr><tr><td><div class="messages">-------: CR_4349_ExtraProvincialLicence_CorporationdAsAgentFor_TC1_TC2 -&gt; <br/>Admin Portal build number is: 2.1.5.1 :: 2.1.5.1 :: 2024/03/01 11:42</div></td></tr><tr><th>Exception</th></tr><tr><td><div class="stacktrace">org.openqa.selenium.TimeoutException: Expected condition failed: waiting for visibility of Proxy element for: DefaultElementLocator &apos;By.xpath: //input[contains(@id,&apos;-addressLookup&apos;)]&apos; (tried for 20 second(s) with 500 milliseconds interval)
	at org.openqa.selenium.support.ui.WebDriverWait.timeoutException(WebDriverWait.java:95)
	at org.openqa.selenium.support.ui.FluentWait.until(FluentWait.java:272)
	at com.onbis.Helper.HelperMethods.waitAndSendKeys(HelperMethods.java:431)
	at com.onbis.Pages.SOIncorporateOntarioBusinessCorporationPage.completeCorporationAddressUSAAndSave(SOIncorporateOntarioBusinessCorporationPage.java:4392)
	at com.onbis.TestCases.CR_4349_ExtraProvincialLicence_CorporationdAsAgentFor_TC1_TC2.CR_4349_ExtraProvincialLicence_CorporationdAsAgentFor_TC1_TC2(CR_4349_ExtraProvincialLicence_CorporationdAsAgentFor_TC1_TC2.java:71)
	at sun.reflect.NativeMethodAccessorImpl.invoke0(Native Method)
	at sun.reflect.NativeMethodAccessorImpl.invoke(NativeMethodAccessorImpl.java:62)
	at sun.reflect.DelegatingMethodAccessorImpl.invoke(DelegatingMethodAccessorImpl.java:43)
	at java.lang.reflect.Method.invoke(Method.java:498)
	at org.testng.internal.MethodInvocationHelper.invokeMethod(MethodInvocationHelper.java:124)
	at org.testng.internal.Invoker.invokeMethod(Invoker.java:583)
	at org.testng.internal.Invoker.invokeTestMethod(Invoker.java:719)
	at org.testng.internal.Invoker.invokeTestMethods(Invoker.java:989)
	at org.testng.internal.TestMethodWorker.invokeTestMethods(TestMethodWorker.java:125)
	at org.testng.internal.TestMethodWorker.run(TestMethodWorker.java:109)
	at org.testng.TestRunner.privateRun(TestRunner.java:648)
	at org.testng.TestRunner.run(TestRunner.java:505)
	at org.testng.SuiteRunner.runTest(SuiteRunner.java:455)
	at org.testng.SuiteRunner.runSequentially(SuiteRunner.java:450)
	at org.testng.SuiteRunner.privateRun(SuiteRunner.java:415)
	at org.testng.SuiteRunner.run(SuiteRunner.java:364)
	at org.testng.SuiteRunnerWorker.runSuite(SuiteRunnerWorker.java:52)
	at org.testng.SuiteRunnerWorker.run(SuiteRunnerWorker.java:84)
	at org.testng.TestNG.runSuitesSequentially(TestNG.java:1208)
	at org.testng.TestNG.runSuitesLocally(TestNG.java:1137)
	at org.testng.TestNG.runSuites(TestNG.java:1049)
	at org.testng.TestNG.run(TestNG.java:1017)
	at com.intellij.rt.testng.IDEARemoteTestNG.run(IDEARemoteTestNG.java:65)
	at com.intellij.rt.testng.RemoteTestNGStarter.main(RemoteTestNGStarter.java:105)
Caused by: org.openqa.selenium.NoSuchElementException: no such element: Unable to locate element: {&quot;method&quot;:&quot;xpath&quot;,&quot;selector&quot;:&quot;//input[contains(@id,&apos;-addressLookup&apos;)]&quot;}
  (Session info: chrome=113.0.5672.127)
For documentation on this error, please visit: https://www.seleniumhq.org/exceptions/no_such_element.html
Build info: version: &apos;3.141.59&apos;, revision: &apos;e82be7d358&apos;, time: &apos;2018-11-14T08:17:03&apos;
System info: host: &apos;ON34C03174383&apos;, ip: &apos;10.61.88.140&apos;, os.name: &apos;Windows 10&apos;, os.arch: &apos;amd64&apos;, os.version: &apos;10.0&apos;, java.version: &apos;1.8.0_281&apos;
Driver info: org.openqa.selenium.chrome.ChromeDriver
Capabilities {acceptInsecureCerts: true, browserName: chrome, browserVersion: 113.0.5672.127, chrome: {chromedriverVersion: 113.0.5672.63 (0e1a4471d5ae..., userDataDir: C:\Users\MustofG\AppData\Lo...}, goog:chromeOptions: {debuggerAddress: localhost:64987}, javascriptEnabled: true, networkConnectionEnabled: false, pageLoadStrategy: normal, platform: WINDOWS, platformName: WINDOWS, proxy: Proxy(), setWindowRect: true, strictFileInteractability: false, timeouts: {implicit: 0, pageLoad: 300000, script: 30000}, unhandledPromptBehavior: dismiss and notify, webauthn:extension:credBlob: true, webauthn:extension:largeBlob: true, webauthn:extension:minPinLength: true, webauthn:extension:prf: true, webauthn:virtualAuthenticators: true}
Session ID: eb360ac0f7ef61d10c55825356419b6e
*** Element info: {Using=xpath, value=//input[contains(@id,&apos;-addressLookup&apos;)]}
	at sun.reflect.GeneratedConstructorAccessor33.newInstance(Unknown Source)
	at sun.reflect.DelegatingConstructorAccessorImpl.newInstance(DelegatingConstructorAccessorImpl.java:45)
	at java.lang.reflect.Constructor.newInstance(Constructor.java:423)
	at org.openqa.selenium.remote.http.W3CHttpResponseCodec.createException(W3CHttpResponseCodec.java:187)
	at org.openqa.selenium.remote.http.W3CHttpResponseCodec.decode(W3CHttpResponseCodec.java:122)
	at org.openqa.selenium.remote.http.W3CHttpResponseCodec.decode(W3CHttpResponseCodec.java:49)
	at org.openqa.selenium.remote.HttpCommandExecutor.execute(HttpCommandExecutor.java:158)
	at org.openqa.selenium.remote.service.DriverCommandExecutor.execute(DriverCommandExecutor.java:83)
	at org.openqa.selenium.remote.RemoteWebDriver.execute(RemoteWebDriver.java:552)
	at org.openqa.selenium.remote.RemoteWebDriver.findElement(RemoteWebDriver.java:323)
	at org.openqa.selenium.remote.RemoteWebDriver.findElementByXPath(RemoteWebDriver.java:428)
	at org.openqa.selenium.By$ByXPath.findElement(By.java:353)
	at org.openqa.selenium.remote.RemoteWebDriver.findElement(RemoteWebDriver.java:315)
	at org.openqa.selenium.support.pagefactory.DefaultElementLocator.findElement(DefaultElementLocator.java:69)
	at org.openqa.selenium.support.pagefactory.internal.LocatingElementHandler.invoke(LocatingElementHandler.java:38)
	at com.sun.proxy.$Proxy24.isDisplayed(Unknown Source)
	at org.openqa.selenium.support.ui.ExpectedConditions.elementIfVisible(ExpectedConditions.java:314)
	at org.openqa.selenium.support.ui.ExpectedConditions.access$000(ExpectedConditions.java:43)
	at org.openqa.selenium.support.ui.ExpectedConditions$10.apply(ExpectedConditions.java:300)
	at org.openqa.selenium.support.ui.ExpectedConditions$10.apply(ExpectedConditions.java:297)
	at org.openqa.selenium.support.ui.FluentWait.until(FluentWait.java:249)
	... 27 more
</div></td></tr></table><p class="totop"><a href="#summary">back to summary</a></p><h3 id="m40">com.onbis.TestCases.CR_4437_EPFCWithShare_FileArticlesOfContinuanceUnderBCA_RequestedPastDateForContinuance_TC1#CR_4437_EPFCWithShare_FileArticlesOfContinuanceUnderBCA_RequestedPastDateForContinuance_TC1 ( CR_4437_EPFCWithShare_FileArticlesOfContinuanceUnderBCA_RequestedPastDateForContinuance_TC1 )</h3><table class="result"><tr class="param"><th>Parameter #1</th></tr><tr class="param stripe"><td>chrome</td></tr><tr><th>Messages</th></tr><tr><td><div class="messages">-------: CR_4437_EPFCWithShare_FileArticlesOfContinuanceUnderBCA_RequestedPastDateForContinuance_TC1 -&gt; <br/>Admin Portal build number is: 2.1.5.1 :: 2.1.5.1 :: 2024/03/01 11:42<br/>Search Result for: 1000607258EEGKJAABVDO0IL6KU5633 TEST INC. (1000607258)<br/>The &apos;File Articles of Continuance under the Business Corporations Act&apos; option is displayed in drop-down menu under the &apos;Make Changes&apos; Menu</div></td></tr><tr><th>Exception</th></tr><tr><td><div class="stacktrace">org.openqa.selenium.TimeoutException: Expected condition failed: waiting for visibility of Proxy element for: DefaultElementLocator &apos;By.xpath: //label[text()=&apos;Registrar&apos;]&apos; (tried for 90 second(s) with 500 milliseconds interval)
	at org.openqa.selenium.support.ui.FluentWait.timeoutException(FluentWait.java:304)
	at org.openqa.selenium.support.ui.FluentWait.until(FluentWait.java:272)
	at com.onbis.Helper.HelperMethods.fluentLongerWaitAndCheckVisible(HelperMethods.java:108)
	at com.onbis.Pages.SOIncorporateOntarioBusinessCorporationPage.completeContactInformationRegistrarSave(SOIncorporateOntarioBusinessCorporationPage.java:1367)
	at com.onbis.TestCases.CR_4437_EPFCWithShare_FileArticlesOfContinuanceUnderBCA_RequestedPastDateForContinuance_TC1.CR_4437_EPFCWithShare_FileArticlesOfContinuanceUnderBCA_RequestedPastDateForContinuance_TC1(CR_4437_EPFCWithShare_FileArticlesOfContinuanceUnderBCA_RequestedPastDateForContinuance_TC1.java:57)
	at sun.reflect.NativeMethodAccessorImpl.invoke0(Native Method)
	at sun.reflect.NativeMethodAccessorImpl.invoke(NativeMethodAccessorImpl.java:62)
	at sun.reflect.DelegatingMethodAccessorImpl.invoke(DelegatingMethodAccessorImpl.java:43)
	at java.lang.reflect.Method.invoke(Method.java:498)
	at org.testng.internal.MethodInvocationHelper.invokeMethod(MethodInvocationHelper.java:124)
	at org.testng.internal.Invoker.invokeMethod(Invoker.java:583)
	at org.testng.internal.Invoker.invokeTestMethod(Invoker.java:719)
	at org.testng.internal.Invoker.invokeTestMethods(Invoker.java:989)
	at org.testng.internal.TestMethodWorker.invokeTestMethods(TestMethodWorker.java:125)
	at org.testng.internal.TestMethodWorker.run(TestMethodWorker.java:109)
	at org.testng.TestRunner.privateRun(TestRunner.java:648)
	at org.testng.TestRunner.run(TestRunner.java:505)
	at org.testng.SuiteRunner.runTest(SuiteRunner.java:455)
	at org.testng.SuiteRunner.runSequentially(SuiteRunner.java:450)
	at org.testng.SuiteRunner.privateRun(SuiteRunner.java:415)
	at org.testng.SuiteRunner.run(SuiteRunner.java:364)
	at org.testng.SuiteRunnerWorker.runSuite(SuiteRunnerWorker.java:52)
	at org.testng.SuiteRunnerWorker.run(SuiteRunnerWorker.java:84)
	at org.testng.TestNG.runSuitesSequentially(TestNG.java:1208)
	at org.testng.TestNG.runSuitesLocally(TestNG.java:1137)
	at org.testng.TestNG.runSuites(TestNG.java:1049)
	at org.testng.TestNG.run(TestNG.java:1017)
	at com.intellij.rt.testng.IDEARemoteTestNG.run(IDEARemoteTestNG.java:65)
	at com.intellij.rt.testng.RemoteTestNGStarter.main(RemoteTestNGStarter.java:105)
Caused by: org.openqa.selenium.NoSuchElementException: no such element: Unable to locate element: {&quot;method&quot;:&quot;xpath&quot;,&quot;selector&quot;:&quot;//label[text()=&apos;Registrar&apos;]&quot;}
  (Session info: chrome=113.0.5672.127)
For documentation on this error, please visit: https://www.seleniumhq.org/exceptions/no_such_element.html
Build info: version: &apos;3.141.59&apos;, revision: &apos;e82be7d358&apos;, time: &apos;2018-11-14T08:17:03&apos;
System info: host: &apos;ON34C03174383&apos;, ip: &apos;10.61.88.140&apos;, os.name: &apos;Windows 10&apos;, os.arch: &apos;amd64&apos;, os.version: &apos;10.0&apos;, java.version: &apos;1.8.0_281&apos;
Driver info: org.openqa.selenium.chrome.ChromeDriver
Capabilities {acceptInsecureCerts: true, browserName: chrome, browserVersion: 113.0.5672.127, chrome: {chromedriverVersion: 113.0.5672.63 (0e1a4471d5ae..., userDataDir: C:\Users\MustofG\AppData\Lo...}, goog:chromeOptions: {debuggerAddress: localhost:49178}, javascriptEnabled: true, networkConnectionEnabled: false, pageLoadStrategy: normal, platform: WINDOWS, platformName: WINDOWS, proxy: Proxy(), setWindowRect: true, strictFileInteractability: false, timeouts: {implicit: 0, pageLoad: 300000, script: 30000}, unhandledPromptBehavior: dismiss and notify, webauthn:extension:credBlob: true, webauthn:extension:largeBlob: true, webauthn:extension:minPinLength: true, webauthn:extension:prf: true, webauthn:virtualAuthenticators: true}
Session ID: fe97772821e5b006f9135aa87a35eb4a
*** Element info: {Using=xpath, value=//label[text()=&apos;Registrar&apos;]}
	at sun.reflect.GeneratedConstructorAccessor33.newInstance(Unknown Source)
	at sun.reflect.DelegatingConstructorAccessorImpl.newInstance(DelegatingConstructorAccessorImpl.java:45)
	at java.lang.reflect.Constructor.newInstance(Constructor.java:423)
	at org.openqa.selenium.remote.http.W3CHttpResponseCodec.createException(W3CHttpResponseCodec.java:187)
	at org.openqa.selenium.remote.http.W3CHttpResponseCodec.decode(W3CHttpResponseCodec.java:122)
	at org.openqa.selenium.remote.http.W3CHttpResponseCodec.decode(W3CHttpResponseCodec.java:49)
	at org.openqa.selenium.remote.HttpCommandExecutor.execute(HttpCommandExecutor.java:158)
	at org.openqa.selenium.remote.service.DriverCommandExecutor.execute(DriverCommandExecutor.java:83)
	at org.openqa.selenium.remote.RemoteWebDriver.execute(RemoteWebDriver.java:552)
	at org.openqa.selenium.remote.RemoteWebDriver.findElement(RemoteWebDriver.java:323)
	at org.openqa.selenium.remote.RemoteWebDriver.findElementByXPath(RemoteWebDriver.java:428)
	at org.openqa.selenium.By$ByXPath.findElement(By.java:353)
	at org.openqa.selenium.remote.RemoteWebDriver.findElement(RemoteWebDriver.java:315)
	at org.openqa.selenium.support.pagefactory.DefaultElementLocator.findElement(DefaultElementLocator.java:69)
	at org.openqa.selenium.support.pagefactory.internal.LocatingElementHandler.invoke(LocatingElementHandler.java:38)
	at com.sun.proxy.$Proxy24.isDisplayed(Unknown Source)
	at org.openqa.selenium.support.ui.ExpectedConditions.elementIfVisible(ExpectedConditions.java:314)
	at org.openqa.selenium.support.ui.ExpectedConditions.access$000(ExpectedConditions.java:43)
	at org.openqa.selenium.support.ui.ExpectedConditions$10.apply(ExpectedConditions.java:300)
	at org.openqa.selenium.support.ui.ExpectedConditions$10.apply(ExpectedConditions.java:297)
	at org.openqa.selenium.support.ui.FluentWait.until(FluentWait.java:249)
	... 27 more
</div></td></tr></table><p class="totop"><a href="#summary">back to summary</a></p><h3 id="m41">com.onbis.TestCases.CR_4260_4279_4277_4574_4592_4628_CondoCorporationsAssignAnOCN_TC1#CR_4260_4279_4277_4574_4592_4628_CondoCorporationsAssignAnOCN_TC1 ( CR_4260_4279_4277_4574_4592_4628_CondoCorporationsAssignAnOCN_TC1 )</h3><table class="result"><tr><th>Messages</th></tr><tr><td><div class="messages">Admin Portal build number is: 2.1.5.1 :: 2.1.5.1 :: 2024/03/01 11:42<br/>-------: CR_4260_4279_4277_4574_4592_4628_CondoCorporationsAssignAnOCN_TC1 -&gt; <br/>-------: This is a Negative testing for &apos;Condo Corp In-corporation&apos;
 :-------<br/>-------: &apos;Last Name&apos; field -&gt; message displayed as &apos;Last Name must be entered.&apos; :-------<br/>-------: Last Name was not entered - error message displayed as &apos;Last Name must be entered. :-------<br/>-------: Email Address was not entered - error message displayed as &apos;Email Address must be entered. :-------<br/>-------: Confirm Email Address was not entered - error message displayed as &apos;Confirm Email Address must be entered. :-------<br/>-------: &apos;Upload the filing document&apos; field -&gt; message displayed as &apos;You must upload the filing document&apos; :-------<br/>-------: &apos;The corporation will have: must be selected.
Province must be selected.
Incorporation/Amalgamation Date must be entered.
and 8 more... (hide)
Entity Type must be selected.
Is the corporation exempt from filing under the Corporations Information Act? must be selected.
Please upload the Constating Document.
Primary Activity must be entered.
Official Email must be entered.
Confirm Official Email must be entered.
Registered or Head Office Address must be entered.
You must accept this declaration to continue.&apos; :------<br/>-------: &apos;Province must be selected.
Entity Type must be selected.
Is the corporation exempt from filing under the Corporations Information Act? must be selected.
and 6 more... (hide)
Please upload the Constating Document.
Primary Activity must be entered.
Official Email must be entered.
Confirm Official Email must be entered.
Registered or Head Office Address must be entered.
You must accept this declaration to continue.&apos; :------<br/>-------: &apos;Province must be selected.
Please upload the Constating Document.
Primary Activity must be entered.
and 3 more... (hide)
Official Email must be entered.
Confirm Official Email must be entered.
You must accept this declaration to continue.&apos; :------<br/>-------: &apos;Province must be selected.
Please upload the Constating Document.
Official Email must be entered.
and 2 more... (hide)
Confirm Official Email must be entered.
You must accept this declaration to continue.&apos; :------<br/>-------: &apos;Province must be selected.
Please upload the Constating Document.
Official Email must be entered.
and 2 more... (show)&apos; :------<br/>-------: &apos;Province must be selected.
Please upload the Constating Document.
Official Email must be entered.
and 2 more... (show)&apos; :------</div></td></tr></table><p class="totop"><a href="#summary">back to summary</a></p><h3 id="m42">com.onbis.TestCases.CR_4260_4279_4277_4574_4592_4628_CondoCorporationsAssignAnOCN_TC2_TC3_TC4_TC5#CR_4260_4279_4277_4574_4592_4628_CondoCorporationsAssignAnOCN_TC2_TC3_TC4_TC5 ( CR_4260_4279_4277_4574_4592_4628_CondoCorporationsAssignAnOCN_TC2_TC3_TC4_TC5 )</h3><table class="result"><tr><th>Messages</th></tr><tr><td><div class="messages">Admin Portal build number is: 2.1.5.1 :: 2.1.5.1 :: 2024/03/01 11:42<br/>-------: CR_4260_4279_4277_4574_4592_4628_CondoCorporationsAssignAnOCN_TC2_TC3_TC4_TC5-&gt; <br/>OCN name and number is: Assign an Ontario Corporation Number G1ELYWXWRFAQ89A5N TEST INC. (1000607237)<br/>-------: CR_4260_4279_4277_4574_4592_4628_CorporationsAssignAnOCN_TC3 -&gt; <br/>-------: searchCorporationByName: &apos;&apos;G1ELYWXWRFAQ89A5N&apos;<br/>-------: CR_4260_4279_4277_4574_4592_4628_CorporationsAssignAnOCN_TC4 -&gt; <br/>Business name and number is: 8WFDEFS9INJIU9RP6 (1000607238)<br/>Business name details: 8WFDEFS9INJIU9RP6
<br/>-------: CR_4260_4279_4277_4574_4592_4628_CorporationsAssignAnOCN_TC5 -&gt; <br/>Request Profile Report Email confirmation Message: We sent the document(s) you requested to onbistestautomation@outlook.com
</div></td></tr></table><p class="totop"><a href="#summary">back to summary</a></p><h3 id="m43">com.onbis.TestCases.CR_4260_4279_4277_4574_4592_4628_GeneralPartnershipInternationalAddress_TC3_TC4_TC5#CR_4260_4279_4277_4574_4592_4628_GeneralPartnershipInternationalAddress_TC3_TC4_TC5 ( CR_4260_4279_4277_4574_4592_4628_GeneralPartnershipInternationalAddress_TC3_TC4_TC5 )</h3><table class="result"><tr><th>Messages</th></tr><tr><td><div class="messages">PartnerPortal build number is: 2.1.5.1 :: 2.1.5.1 :: 2024/03/01 11:42<br/>-------: CR_4260_4279_4277_4574_4592_4628_GeneralPartnershipInternationalAddress_TC3-&gt; <br/>Business name is: YC0QB1GV5IPV4F85Z
<br/>-------: CR_4260_4279_4277_4574_4592_4628_GeneralPartnershipInternationalAddress_TC4 -&gt; <br/>Business name and number is: YC0QB1GV5IPV4F85Z (1000607236)<br/>Business name details: General Details
Address
Partner(s)
Business Names
Filings
Firm Name
YC0QB1GV5IPV4F85Z
Business Identification Number (BIN)
1000607236
Business Number (BN)
[Unavailable]
Registration Date
March 15, 2024
March 15 2024
Registration Expiry Date
March 14, 2029
March 14 2029
Type
General Partnership
Status
Active - Registered
Governing Jurisdiction
Canada - Ontario
Primary Activity
484 - Truck transportation
Official Email
onbistestautomation@outlook.com
<br/>-------: CR_4260_4279_4277_4574_4592_4628_GeneralPartnershipInternationalAddress_TC5 -&gt; <br/>Request Profile Report Email confirmation Message: We sent the document(s) you requested to onbistestautomation@outlook.com
</div></td></tr></table><p class="totop"><a href="#summary">back to summary</a></p><h3 id="m44">com.onbis.TestCases.CR_4260_4279_4277_4574_4592_4628_GeneralPartnership_TC2#CR_4260_4279_4277_4574_4592_4628_GeneralPartnership_TC2 ( CR_4260_4279_4277_4574_4592_4628_GeneralPartnership_TC2 )</h3><table class="result"><tr><th>Messages</th></tr><tr><td><div class="messages">PartnerPortal build number is: 2.1.5.1 :: 2.1.5.1 :: 2024/03/01 11:42<br/>-------: CR_4260_4279_4277_4574_4592_4628_GeneralPartnership_TC2-&gt; <br/>Business name is: VE19T2CP8YB0Z7RGG
<br/>Business name and number is: VE19T2CP8YB0Z7RGG (1000607235)<br/>Business name details: General Details
Address
Partner(s)
Business Names
Filings
Firm Name
VE19T2CP8YB0Z7RGG
Business Identification Number (BIN)
1000607235
Business Number (BN)
[Unavailable]
Registration Date
March 15, 2024
March 15 2024
Registration Expiry Date
March 14, 2029
March 14 2029
Type
General Partnership
Status
Active - Registered
Governing Jurisdiction
Canada - Ontario
Primary Activity
484 - Truck transportation
Official Email
onbistestautomation@outlook.com
</div></td></tr></table><p class="totop"><a href="#summary">back to summary</a></p><h3 id="m45">com.onbis.TestCases.CR_4260_4279_4277_4574_4592_4628_SoleProp_TC1_3#CR_4260_4279_4277_4574_4592_4628_SoleProp_TC1 ( CR_4260_4279_4277_4574_4592_4628_SoleProp_TC1 )</h3><table class="result"><tr><th>Messages</th></tr><tr><td><div class="messages">-------: CR_4260_4279_4277_4574_4592_4628_SoleProp_TC1 -&gt; <br/>-------: This is a Negative testing for &apos;Sole Prop.  Registration&apos;
 :-------<br/>Admin Portal build number is: 2.1.5.1 :: 2.1.5.1 :: 2024/03/01 11:42<br/>-------: &apos;Last Name&apos; field -&gt; message displayed as &apos;Last Name must be entered.&apos; :-------<br/>-------: &apos;Upload the filing document&apos; field -&gt; message displayed as &apos;You must upload the filing document&apos; :-------<br/>-------: &apos;Business Name Error&apos; field -&gt; message displayed as &apos;Proposed Business Name must be entered.&apos; :-------<br/>-------: &apos;Proposed Business Name&apos; field -&gt; message displayed as &apos;Proposed Business Name must be entered.&apos; :-------<br/>-------: &apos;Primary Activity&apos; field -&gt; message displayed as &apos;Primary Activity must be entered.&apos; :-------<br/>-------: &apos;Official Email&apos; field -&gt; message displayed as &apos;Official Email must be entered.&apos; :-------<br/>-------: &apos;Confirm Official Email&apos; field -&gt; message displayed as &apos;Confirm Official Email must be entered.&apos; :-------<br/>-------: &apos;Principal Place of Business Error&apos; field -&gt; message displayed as &apos;Do you have a place of business in Ontario? must be selected.&apos; :-------<br/>-------: &apos;Principal Place of Business - Yes/No -Not answered&apos; field -&gt; message displayed as &apos;Do you have a place of business in Ontario?&apos; :-------<br/>-------: &apos;First Name&apos; field -&gt; message displayed as &apos;First Name must be entered.&apos; :-------<br/>-------: &apos;Last Name&apos; field -&gt; message displayed as &apos;Last Name must be entered.&apos; :-------<br/>-------: &apos;Submit&apos; is disabled and greyed out - color is &apos;rgba(94, 94, 94, 1)&apos; :-------</div></td></tr></table><p class="totop"><a href="#summary">back to summary</a></p><h3 id="m46">com.onbis.TestCases.CR_4260_4279_4277_4574_4592_4628_SoleProp_TC1_3#CR_4260_4279_4277_4574_4592_4628_SoleProp_TC2_TC3 ( CR_4260_4279_4277_4574_4592_4628_SoleProp_TC2_TC3 )</h3><table class="result"><tr><th>Messages</th></tr><tr><td><div class="messages">Admin Portal build number is: 2.1.5.1 :: 2.1.5.1 :: 2024/03/01 11:42<br/>-------: CR_4260_4279_4277_4574_4592_4628_SoleProp_TC2 -&gt; <br/>Business Name Registration for a Sole Proprietorship is :AK0Z4OP5EKWYXVTLD (1000607231)<br/>Transaction Number is :APP-A10237088807<br/>Business Name Registration &apos;AK0Z4OP5EKWYXVTLD&apos; for a Sole Proprietorship is verified.<br/>-------: CR_4260_4279_4277_4574_4592_4628_SoleProp_TC3 -&gt; <br/>Request Profile Report Email confirmation Message: We sent the document(s) you requested to onbistestautomation@outlook.com
</div></td></tr></table><p class="totop"><a href="#summary">back to summary</a></p><h3 id="m47">com.onbis.TestCases.CR_4280_OntarioBusinessIncorporation_RequestCertificate_CourtOrderedWindingUp_TC1#CR_4280_OntarioBusinessIncorporation_RequestCertificate_CourtOrderedWindingUp_TC1 ( CR_4280_OntarioBusinessIncorporation_RequestCertificate_CourtOrderedWindingUp_TC1 )</h3><table class="result"><tr class="param"><th>Parameter #1</th></tr><tr class="param stripe"><td>chrome</td></tr><tr><th>Messages</th></tr><tr><td><div class="messages">-------: CR_4280_OntarioBusinessIncorporation_RequestCertificate_CourtOrderedWindingUp_TC1 -&gt; <br/>Admin Portal build number is: 2.1.5.1 :: 2.1.5.1 :: 2024/03/01 11:42<br/>Ontario Corporation Name is: Incorporate an Ontario Business Corporation 1000607256 ONTARIO CORP. (1000607256)<br/>Search Result for: 10006072561000607256 ONTARIO CORP. (1000607256)<br/>Request Certificate Of Status Email confirmation Message: We sent the document(s) you requested to onbistestautomation@outlook.com
</div></td></tr></table><p class="totop"><a href="#summary">back to summary</a></p><h3 id="m48">com.onbis.TestCases.CR_4302_OntarioBusinessCorporation_HeaderDisplayedFrameNumber_TC2#CR_4302_OntarioBusinessCorporation_HeaderDisplayedFrameNumber_TC2 ( CR_4302_OntarioBusinessCorporation_HeaderDisplayedFrameNumber_TC2 )</h3><table class="result"><tr><th>Messages</th></tr><tr><td><div class="messages">-------: CR_4302_OntarioBusinessCorporation_HeaderDisplayedFrameNumber_TC2-&gt; <br/>PartnerPortal build number is: 2.1.5.1 :: 2.1.5.1 :: 2024/03/01 11:42<br/>Search Result for: 10006072511000607251 ONTARIO CORP. (1000607251)<br/>Header is displayed as: 1000607251 ONTARIO CORP. (1000607251) [Ontario Business Corporation]<br/>Frame number &apos;1000607251&apos; is in the heading<br/>Header is correctly displayed with no Microfiche Roll Number and Microfiche Frame number in the heading</div></td></tr></table><p class="totop"><a href="#summary">back to summary</a></p><h3 id="m49">com.onbis.TestCases.CR_4348_RegisterExtraProvincialLimitedLiabilityCompany_AddressOfAttorneyOntario_TC2#CR_4348_RegisterExtraProvincialLimitedLiabilityCompany_AddressOfAttorneyOntario_TC2 ( CR_4348_RegisterExtraProvincialLimitedLiabilityCompany_AddressOfAttorneyOntario_TC2 )</h3><table class="result"><tr class="param"><th>Parameter #1</th></tr><tr class="param stripe"><td>chrome</td></tr><tr><th>Messages</th></tr><tr><td><div class="messages">-------: CR_4348_RegisterExtraProvincialLimitedLiabilityCompany_AddressOfAttorneyOntario_TC2 -&gt; <br/>Admin Portal build number is: 2.1.5.1 :: 2.1.5.1 :: 2024/03/01 11:42<br/>Transaction Number: APP-A10237091620<br/>Company Name: A5WUI3JI7XW10FC08<br/>Principal place of Business in Ontario: 911 Ivy Court, Oshawa, Ontario, L1H1S4, Canada<br/>Person authorizing registration: Person Acting under Power of Attorney<br/>Full Name: OPRAH WINFREY<br/>Address for Service: 911 Ivy Court, Oshawa, Ontario, L1H1S4, Canada</div></td></tr></table><p class="totop"><a href="#summary">back to summary</a></p><h3 id="m50">com.onbis.TestCases.CR_4348_RegisterExtraProvincialLimitedLiabilityCompany_AddressOfGeneralManager_TC1#CR_4348_RegisterExtraProvincialLimitedLiabilityCompany_AddressOfGeneralManager_TC1 ( CR_4348_RegisterExtraProvincialLimitedLiabilityCompany_AddressOfGeneralManager_TC1 )</h3><table class="result"><tr class="param"><th>Parameter #1</th></tr><tr class="param stripe"><td>chrome</td></tr><tr><th>Messages</th></tr><tr><td><div class="messages">-------: CR_4348_RegisterExtraProvincialLimitedLiabilityCompany_AddressOfGeneralManager_TC1 -&gt; <br/>Admin Portal build number is: 2.1.5.1 :: 2.1.5.1 :: 2024/03/01 11:42<br/>Transaction Number: APP-A10237090359<br/>Company Name: A1U5DWBZSIBL7CJTL<br/>Principal place of Business in Ontario: 911 Ivy Court, Oshawa, Ontario, L1H1S4, Canada<br/>Person authorizing registration: General Manager/Representative<br/>Full Name: LOLA GOMES<br/>Address for Service: 002 Jubilee Road, Devonshire Parish, Bermuda, DV06</div></td></tr></table><p class="totop"><a href="#summary">back to summary</a></p><h2>Onbis-CR Regression Test - February 2023 Release</h2><h3 id="m51">com.onbis.TestCases.CR_4796_ActiveOntarioCorporationWithBusinessNam_FileArticlesOfContinuance#CR_4796_ActiveOntarioCorporationWithBusinessNam_FileArticlesOfContinuance ( CR_4796_ActiveOntarioCorporationWithBusinessNam_FileArticlesOfContinuance )</h3><table class="result"><tr><th>Messages</th></tr><tr><td><div class="messages">Admin Portal build number is: 2.1.5.1 :: 2.1.5.1 :: 2024/03/01 11:42<br/>-------: CR_4796_ActiveOntarioCorporationWithBusinessNam_FileArticlesOfContinuance-&gt; <br/>Ontario Corporation Number (OCN) number is: 1000607262<br/>Incorporate an Ontario Not-for-Profit Corporation Corporation Number (OCN) number is: 1000607262<br/>Search Result for: 10006072621000607262 ONTARIO CORP. (1000607262)<br/>Search Result for: 10006072621000607262 ONTARIO CORP. (1000607262)</div></td></tr><tr><th>Exception</th></tr><tr><td><div class="stacktrace">org.openqa.selenium.ElementClickInterceptedException: element click intercepted: Element &lt;span style=&quot;background: lime; border: 3px solid red;&quot;&gt;...&lt;/span&gt; is not clickable at point (138, 642). Other element would receive the click: &lt;div class=&quot;ui-widget-overlay ui-front&quot; style=&quot;z-index: 1050;&quot;&gt;&lt;/div&gt;
  (Session info: chrome=113.0.5672.127)
Build info: version: &apos;3.141.59&apos;, revision: &apos;e82be7d358&apos;, time: &apos;2018-11-14T08:17:03&apos;
System info: host: &apos;ON34C03174383&apos;, ip: &apos;10.61.88.140&apos;, os.name: &apos;Windows 10&apos;, os.arch: &apos;amd64&apos;, os.version: &apos;10.0&apos;, java.version: &apos;1.8.0_281&apos;
Driver info: org.openqa.selenium.chrome.ChromeDriver
Capabilities {acceptInsecureCerts: true, browserName: chrome, browserVersion: 113.0.5672.127, chrome: {chromedriverVersion: 113.0.5672.63 (0e1a4471d5ae..., userDataDir: C:\Users\MustofG\AppData\Lo...}, goog:chromeOptions: {debuggerAddress: localhost:51069}, javascriptEnabled: true, networkConnectionEnabled: false, pageLoadStrategy: normal, platform: WINDOWS, platformName: WINDOWS, proxy: Proxy(), setWindowRect: true, strictFileInteractability: false, timeouts: {implicit: 0, pageLoad: 300000, script: 30000}, unhandledPromptBehavior: dismiss and notify, webauthn:extension:credBlob: true, webauthn:extension:largeBlob: true, webauthn:extension:minPinLength: true, webauthn:extension:prf: true, webauthn:virtualAuthenticators: true}
Session ID: 72f8b9530383ff2d96b51f236c101162
	at sun.reflect.NativeConstructorAccessorImpl.newInstance0(Native Method)
	at sun.reflect.NativeConstructorAccessorImpl.newInstance(NativeConstructorAccessorImpl.java:62)
	at sun.reflect.DelegatingConstructorAccessorImpl.newInstance(DelegatingConstructorAccessorImpl.java:45)
	at java.lang.reflect.Constructor.newInstance(Constructor.java:423)
	at org.openqa.selenium.remote.http.W3CHttpResponseCodec.createException(W3CHttpResponseCodec.java:187)
	at org.openqa.selenium.remote.http.W3CHttpResponseCodec.decode(W3CHttpResponseCodec.java:122)
	at org.openqa.selenium.remote.http.W3CHttpResponseCodec.decode(W3CHttpResponseCodec.java:49)
	at org.openqa.selenium.remote.HttpCommandExecutor.execute(HttpCommandExecutor.java:158)
	at org.openqa.selenium.remote.service.DriverCommandExecutor.execute(DriverCommandExecutor.java:83)
	at org.openqa.selenium.remote.RemoteWebDriver.execute(RemoteWebDriver.java:552)
	at org.openqa.selenium.remote.RemoteWebElement.execute(RemoteWebElement.java:285)
	at org.openqa.selenium.remote.RemoteWebElement.click(RemoteWebElement.java:84)
	at com.onbis.Helper.HelperMethods.staleElementClick(HelperMethods.java:343)
	at com.onbis.Pages.PartnerPortalLandingPage.instrumentOfContinuanceAuthorization(PartnerPortalLandingPage.java:527)
	at com.onbis.TestCases.CR_4796_ActiveOntarioCorporationWithBusinessNam_FileArticlesOfContinuance.CR_4796_ActiveOntarioCorporationWithBusinessNam_FileArticlesOfContinuance(CR_4796_ActiveOntarioCorporationWithBusinessNam_FileArticlesOfContinuance.java:114)
	at sun.reflect.NativeMethodAccessorImpl.invoke0(Native Method)
	at sun.reflect.NativeMethodAccessorImpl.invoke(NativeMethodAccessorImpl.java:62)
	at sun.reflect.DelegatingMethodAccessorImpl.invoke(DelegatingMethodAccessorImpl.java:43)
	at java.lang.reflect.Method.invoke(Method.java:498)
	at org.testng.internal.MethodInvocationHelper.invokeMethod(MethodInvocationHelper.java:124)
	at org.testng.internal.Invoker.invokeMethod(Invoker.java:583)
	at org.testng.internal.Invoker.invokeTestMethod(Invoker.java:719)
	at org.testng.internal.Invoker.invokeTestMethods(Invoker.java:989)
	at org.testng.internal.TestMethodWorker.invokeTestMethods(TestMethodWorker.java:125)
	at org.testng.internal.TestMethodWorker.run(TestMethodWorker.java:109)
	at org.testng.TestRunner.privateRun(TestRunner.java:648)
	at org.testng.TestRunner.run(TestRunner.java:505)
	at org.testng.SuiteRunner.runTest(SuiteRunner.java:455)
	at org.testng.SuiteRunner.runSequentially(SuiteRunner.java:450)
	at org.testng.SuiteRunner.privateRun(SuiteRunner.java:415)
	at org.testng.SuiteRunner.run(SuiteRunner.java:364)
	at org.testng.SuiteRunnerWorker.runSuite(SuiteRunnerWorker.java:52)
	at org.testng.SuiteRunnerWorker.run(SuiteRunnerWorker.java:84)
	at org.testng.TestNG.runSuitesSequentially(TestNG.java:1208)
	at org.testng.TestNG.runSuitesLocally(TestNG.java:1137)
	at org.testng.TestNG.runSuites(TestNG.java:1049)
	at org.testng.TestNG.run(TestNG.java:1017)
	at com.intellij.rt.testng.IDEARemoteTestNG.run(IDEARemoteTestNG.java:65)
	at com.intellij.rt.testng.RemoteTestNGStarter.main(RemoteTestNGStarter.java:105)
</div></td></tr></table><p class="totop"><a href="#summary">back to summary</a></p><h3 id="m52">com.onbis.TestCases.CR_4751_ActiveNFPCA_WithActiveBusinessName_FileArticlesOfDissolution#CR_4751_ActiveNFPCA_WithActiveBusinessName_FileArticlesOfDissolution ( CR_4751_ActiveNFPCA_WithActiveBusinessName_FileArticlesOfDissolution )</h3><table class="result"><tr><th>Messages</th></tr><tr><td><div class="messages">Admin Portal build number is: 2.1.5.1 :: 2.1.5.1 :: 2024/03/01 11:42<br/>-------: CR_4751_ActiveNFPCA_WithActiveBusinessName_FileArticlesOfDissolution-&gt; <br/>Ontario Corporation Number (OCN) number is: 1000607259<br/>Incorporate an Ontario Not-for-Profit Corporation Corporation Number (OCN) number is: 1000607259<br/>Search Result for: 10006072591000607259 ONTARIO NOT-FOR-PROFIT (1000607259)<br/>Search Result for: 10006072591000607259 ONTARIO NOT-FOR-PROFIT (1000607259)<br/>View Corporation name and number is: 1000607259 ONTARIO NOT-FOR-PROFIT<br/>File Articles Of Dissolution status is: Inactive - Voluntary Dissolution<br/>File Articles Of Dissolution Business Name is: MJ14UZVSXI628XWP0<br/>Status for File Articles Of Dissolution is: Inactive - Cancellation of BNLP</div></td></tr></table><p class="totop"><a href="#summary">back to summary</a></p></body></html>