<!DOCTYPE html PUBLIC "-//W3C//DTD XHTML 1.1//EN" "http://www.w3.org/TR/xhtml11/DTD/xhtml11.dtd">
<html xmlns="http://www.w3.org/1999/xhtml"><head><title>ONBIS E2E Test Results</title><style type="text/css">@import url(https://fonts.googleapis.com/css?family=Open+Sans);

body {
    font-family: "Open Sans", sans-serif;
    margin: 0;
}

table {
    margin-left: 10%;
    margin-top: 64px;
    margin-bottom: 64px;
    border-collapse: collapse;
    empty-cells: show;
}

th, td {
    border: 1px solid #009;
    padding: .25em .5em;
    font-weight: normal;
}

/* Style the first rows of the table */
table:first-of-type tr:first-of-type,
table#summary thead tr:first-of-type,
table.result tbody tr:first-of-type {
    background-color: #b2817b; / * #666; */
    color: white;
    font-weight: lighter;
    height: 4em;
    padding-left: 1em;
    padding-right: 1em;
}

/* Hide "MoL Tests" row */
table:first-of-type tr:nth-child(2),
table#summary tbody:first-of-type tr{
    display: none;
}

table#summary tbody th {
    padding-top:32px;
    text-align: left;
    font-weight: bold;
}

table:first-of-type tr:last-of-type {
    border-top: 2px solid #979797;
    background-color: #E6E6E6;
}

td {
    vertical-align: top;
}

.stripe td {
    background-color: #EFEFEF;
}

.num {
    text-align: right;
}

.passedodd td {
    background-color: #3F3;
}

.passedeven td {
    background-color: #0A0;
}

.skippedodd td {
    background-color: #DDD;
}

.skippedeven td {
    background-color: #CCC;
}

.failedodd td {
    background-color: #F33;
}

.failedeven td, .stripe {
    background-color: #D00;
}

h2, h3 {
    margin-left: 10%;
    font-weight: normal;
}

table.result th {
    text-align: left;
}

table.result {
    margin-left: 10%;
    margin-bottom: 32px;
}

.stacktrace {
    overflow: auto;
    width: 1024px;
    white-space: pre;
    font-family: "Courier New";
}

/* back to summary */
.totop {
    font-size: 85%;
    text-align: center;
    border-bottom: 0.625rem solid #7bb29c;       /* 979797; */
    width: 80%;
    margin-left: auto;
    margin-right: auto;
    padding-bottom: 1rem;
}

#header {
    background-color: #333;
    padding: 8px 8px 8px 64px;
    color: white;
}
#header span#logo {
    padding-left:32px;
    font-size: 1.45em;
    color: #eee;
}</style></head><body><div id='header'><img src='images/logo.png' width='128px'><span id='logo'><b>ONBIS E2E Test Results</b></span></div><div id='header'> Reporting Date & Time           : 04-May-2024 12:33:PM</span></div><div id='header'> Test Execution Host Name &  IP  : ON34C03174383/10.61.39.95</span></div><div id='header'> Test Execution OS Name: Windows 10</span></div><div id='header'> Test Execution Java Version     : 1.8.0_281</span></div><div id='header'> Test Execution User Name        : MustofG</span></div><div id='header'> Test Execution Environment      : Stage2</span></div><table><tr><th><b><ins>Test Suite<b></ins></th><th><font color="green"><b><ins>Passed</font color><b></ins></th><th><font color="yellow"><b><ins>Skipped</font color><b></ins></th><th><font color="red"><b><ins>Failed</font color><b></ins></th><th><font color="blue"><b><ins>D:HH:MM:SS</font color><b></ins></th><th><b><ins>Included Groups<b></ins></th><th><b><ins>Excluded Groups<b></ins></th></tr><tr><th colspan="7">Onbis E2E Tests</th></tr><tr><td><a href="#t0">Onbis-Sanity-PartnerPortal-Chrome</a></td><td class="num">0</td><td class="num">0</td><td class="num">0</td><td class="num">0:00:00:00</td><td></td><td></td></tr><tr class="stripe"><td><a href="#t1">Onbis-Sanity-SOAB Portal-Chrome - SOAB Account Incorporate Tests </a></td><td class="num">0</td><td class="num">0</td><td class="num">0</td><td class="num">0:00:00:00</td><td></td><td></td></tr><tr><td><a href="#t2">Onbis-Sanity-SOAdmin-Chrome</a></td><td class="num">0</td><td class="num">0</td><td class="num">0</td><td class="num">0:00:00:00</td><td></td><td></td></tr><tr class="stripe"><td><a href="#t3">Onbis-Regression-Partner Portal</a></td><td class="num">0</td><td class="num">0</td><td class="num">0</td><td class="num">0:00:00:00</td><td></td><td></td></tr><tr><td><a href="#t4">Onbis-Regression-Admin Portal</a></td><td class="num">13</td><td class="num attn">3</td><td class="num attn">1</td><td class="num">0:01:15:48</td><td></td><td></td></tr><tr class="stripe"><td><a href="#t5">Onbis-Regression-SOAB Portal</a></td><td class="num">0</td><td class="num">0</td><td class="num">0</td><td class="num">0:00:00:00</td><td></td><td></td></tr><tr><td><a href="#t6">Onbis-Regression-Partner Portal-Data Creation for Renewal</a></td><td class="num">0</td><td class="num">0</td><td class="num">0</td><td class="num">0:00:00:00</td><td></td><td></td></tr><tr class="stripe"><td><a href="#t7">Onbis-Regression-Partner Portal- Renewal</a></td><td class="num">0</td><td class="num">0</td><td class="num">0</td><td class="num">0:00:00:00</td><td></td><td></td></tr><tr><td><a href="#t8">Onbis-CR Regression Test - November 2022 Release</a></td><td class="num">0</td><td class="num">0</td><td class="num">0</td><td class="num">0:00:00:00</td><td></td><td></td></tr><tr class="stripe"><td><a href="#t9">Onbis-CR Regression Test - February 2023 Release</a></td><td class="num">0</td><td class="num">0</td><td class="num">0</td><td class="num">0:00:00:00</td><td></td><td></td></tr><tr><th><b>Total :-------><b></th><th class="num">13</th><th class="num attn">3</th><th class="num attn">1</th><th class="num">0:01:15:48</th><th colspan="2"></th></tr></table><table><thead><tr><th><b><ins>Class Name<b></ins></th><th><b><ins>Method Name<b></ins></th><th><b><ins>Test Name<b></ins></th><th><b><ins>Test Starts<b></ins></th><th><font color="blue"><b><ins>D:HH:MM:SS</font color><b></ins></th></tr></thead><tbody><tr><th colspan="5">Onbis E2E Tests</th></tr></tbody><tbody id="t0"></tbody><tbody id="t1"></tbody><tbody id="t2"></tbody><tbody id="t3"></tbody><tbody id="t4"><tr><th colspan="5">Onbis-Regression-Admin Portal &#8212; failed (configuration methods)</th></tr><tr class="failedeven"><td rowspan="1">com.onbis.TestCases.REG_NFPCM007_NFPCA_FileDraftPlanOfArrangement</td><td><a href="#m0">setUp</a></td><td rowspan="1">setUp</td><td rowspan="1">12:23:13 PM</td><td rowspan="1">0:00:05:01</td></tr><tr class="failedodd"><td rowspan="1">com.onbis.TestCases.REG_NFPCM008_NFPCA_FileFinalPlanOfArrangement</td><td><a href="#m1">setUp</a></td><td rowspan="1">setUp</td><td rowspan="1">12:28:16 PM</td><td rowspan="1">0:00:05:01</td></tr><tr class="failedeven"><td rowspan="1">com.onbis.TestCases.REG_NFPCM011_NFPCA_ReviveNotForProfitCorporation</td><td><a href="#m2">setUp</a></td><td rowspan="1">setUp</td><td rowspan="1">12:18:11 PM</td><td rowspan="1">0:00:05:01</td></tr><tr><th colspan="5">Onbis-Regression-Admin Portal &#8212; failed</th></tr><tr class="failedeven"><td rowspan="1">com.onbis.TestCases.REG_CIA002_AnnualReturnForAOntarioBusinessCorporation</td><td><a href="#m3">REG_CIA002_AnnualReturnForAOntarioBusinessCorporation</a></td><td rowspan="1">REG_CIA002_AnnualReturnForAOntarioBusinessCorporation</td><td rowspan="1">11:26:10 AM</td><td rowspan="1">0:00:01:35</td></tr><tr><th colspan="5">Onbis-Regression-Admin Portal &#8212; skipped</th></tr><tr class="skippedeven"><td rowspan="1">com.onbis.TestCases.REG_NFPCM007_NFPCA_FileDraftPlanOfArrangement</td><td><a href="#m4">REG_NFPCM007_NFPCA_FileDraftPlanOfArrangement</a></td><td rowspan="1">REG_NFPCM007_NFPCA_FileDraftPlanOfArrangement</td><td rowspan="1">12:28:15 PM</td><td rowspan="1">0:00:00:00</td></tr><tr class="skippedodd"><td rowspan="1">com.onbis.TestCases.REG_NFPCM008_NFPCA_FileFinalPlanOfArrangement</td><td><a href="#m5">REG_NFPCM008_NFPCA_FileFinalPlanOfArrangement</a></td><td rowspan="1">REG_NFPCM008_NFPCA_FileFinalPlanOfArrangement</td><td rowspan="1">12:33:17 PM</td><td rowspan="1">0:00:00:00</td></tr><tr class="skippedeven"><td rowspan="1">com.onbis.TestCases.REG_NFPCM011_NFPCA_ReviveNotForProfitCorporation</td><td><a href="#m6">REG_NFPCM011_NFPCA_ReviveNotForProfitCorporation</a></td><td rowspan="1">REG_NFPCM011_NFPCA_ReviveNotForProfitCorporation</td><td rowspan="1">12:23:13 PM</td><td rowspan="1">0:00:00:00</td></tr><tr><th colspan="5">Onbis-Regression-Admin Portal &#8212; passed</th></tr><tr class="passedeven"><td rowspan="1">com.onbis.TestCases.REG_BCAM008_FileFinalPlanForArrangement</td><td><a href="#m7">REG_BCAM008_FileFinalPlanForArrangement</a></td><td rowspan="1">REG_BCAM008_FileFinalPlanForArrangement</td><td rowspan="1">11:17:37 AM</td><td rowspan="1">0:00:08:24</td></tr><tr class="passedodd"><td rowspan="1">com.onbis.TestCases.REG_BCAM011_InstrumentOfContinuanceAnOntarioBusinessCorporation</td><td><a href="#m8">REG_BCAM011_InstrumentOfContinuanceAnOntarioBusinessCorporation</a></td><td rowspan="1">REG_BCAM011_InstrumentOfContinuanceAnOntarioBusinessCorporation</td><td rowspan="1">11:40:09 AM</td><td rowspan="1">0:00:06:20</td></tr><tr class="passedeven"><td rowspan="1">com.onbis.TestCases.REG_BCAM012_ReviveAnOntarioBusinessCorporation</td><td><a href="#m9">REG_BCAM012_ReviveAnOntarioBusinessCorporation</a></td><td rowspan="1">REG_BCAM012_ReviveAnOntarioBusinessCorporation</td><td rowspan="1">11:35:53 AM</td><td rowspan="1">0:00:04:08</td></tr><tr class="passedodd"><td rowspan="1">com.onbis.TestCases.REG_CIA006_NoticeOfChangeForEPForeignCorpWithShare</td><td><a href="#m10">REG_CIA006_NoticeOfChangeForEPForeignCorpWithShare</a></td><td rowspan="1">REG_CIA006_NoticeOfChangeForEPForeignCorpWithShare</td><td rowspan="1">11:46:37 AM</td><td rowspan="1">0:00:04:05</td></tr><tr class="passedeven"><td rowspan="1">com.onbis.TestCases.REG_CIA015_InitialReturnForAnExtraProvincialCorp</td><td><a href="#m11">REG_CIA015_InitialReturnForAnExtraProvincialCorp</a></td><td rowspan="1">REG_CIA015_InitialReturnForAnExtraProvincialCorp</td><td rowspan="1">11:27:59 AM</td><td rowspan="1">0:00:03:28</td></tr><tr class="passedodd"><td rowspan="1">com.onbis.TestCases.REG_CIA016_NoticeOfChangeForAnExtraProvincialCorp</td><td><a href="#m12">REG_CIA016_NoticeOfChangeForAnExtraProvincialCorp</a></td><td rowspan="1">REG_CIA016_NoticeOfChangeForAnExtraProvincialCorp</td><td rowspan="1">11:31:35 AM</td><td rowspan="1">0:00:04:10</td></tr><tr class="passedeven"><td rowspan="1">com.onbis.TestCases.REG_EPCM007_ApplicationForAmendmentToLicenceForAForeignCorporation</td><td><a href="#m13">REG_EPCM007_ApplicationForAmendmentToLicenceForAForeignCorporation</a></td><td rowspan="1">REG_EPCM007_ApplicationForAmendmentToLicenceForAForeignCorporation</td><td rowspan="1">11:54:42 AM</td><td rowspan="1">0:00:04:15</td></tr><tr class="passedodd"><td rowspan="1">com.onbis.TestCases.REG_EPCM008_ApplicationToTerminateALicenceForExtraProvincialForeignCorporation</td><td><a href="#m14">REG_EPCM008_ApplicationToTerminateALicenceForExtraProvincialForeignCorporation</a></td><td rowspan="1">REG_EPCM008_ApplicationToTerminateALicenceForExtraProvincialForeignCorporation</td><td rowspan="1">11:50:50 AM</td><td rowspan="1">0:00:03:44</td></tr><tr class="passedeven"><td rowspan="1">com.onbis.TestCases.REG_LLCM003_CancelARegistrationExtraProvincialLimitedLiabilityCompanyName</td><td><a href="#m15">REG_LLCM003_CancelARegistrationExtraProvincialLimitedLiabilityCompanyName</a></td><td rowspan="1">REG_LLCM003_CancelARegistrationExtraProvincialLimitedLiabilityCompanyName</td><td rowspan="1">11:59:06 AM</td><td rowspan="1">0:00:01:50</td></tr><tr class="passedodd"><td rowspan="1">com.onbis.TestCases.REG_NFPCM002_NFPCA_FileArticleOfAmendment</td><td><a href="#m16">REG_NFPCM002_NFPCA_FileArticleOfAmendment</a></td><td rowspan="1">REG_NFPCM002_NFPCA_FileArticleOfAmendment</td><td rowspan="1">12:01:04 PM</td><td rowspan="1">0:00:03:11</td></tr><tr class="passedeven"><td rowspan="1">com.onbis.TestCases.REG_NFPCM006_NFPCA_AuthorizationToContinueOut</td><td><a href="#m17">REG_NFPCM006_NFPCA_AuthorizationToContinueOut</a></td><td rowspan="1">REG_NFPCM006_NFPCA_AuthorizationToContinueOut</td><td rowspan="1">12:04:23 PM</td><td rowspan="1">0:00:03:02</td></tr><tr class="passedodd"><td rowspan="1">com.onbis.TestCases.REG_NFPCM010_NFPCA_FileArticlesOfDissolution</td><td><a href="#m18">REG_NFPCM010_NFPCA_FileArticlesOfDissolution</a></td><td rowspan="1">REG_NFPCM010_NFPCA_FileArticlesOfDissolution</td><td rowspan="1">12:07:34 PM</td><td rowspan="1">0:00:05:00</td></tr><tr class="passedeven"><td rowspan="1">com.onbis.TestCases.REG_NFPCM012_NFPCA_WindingUpNotForProfitCorporation</td><td><a href="#m19">REG_NFPCM012_NFPCA_WindingUpNotForProfitCorporation</a></td><td rowspan="1">REG_NFPCM012_NFPCA_WindingUpNotForProfitCorporation</td><td rowspan="1">12:12:42 PM</td><td rowspan="1">0:00:05:28</td></tr></tbody><tbody id="t5"></tbody><tbody id="t6"></tbody><tbody id="t7"></tbody><tbody id="t8"></tbody><tbody id="t9"></tbody></table><h2>Onbis-Sanity-PartnerPortal-Chrome</h2><h2>Onbis-Sanity-SOAB Portal-Chrome - SOAB Account Incorporate Tests </h2><h2>Onbis-Sanity-SOAdmin-Chrome</h2><h2>Onbis-Regression-Partner Portal</h2><h2>Onbis-Regression-Admin Portal</h2><h3 id="m0">com.onbis.TestCases.REG_NFPCM007_NFPCA_FileDraftPlanOfArrangement#setUp ( setUp )</h3><table class="result"><tr class="param"><th>Parameter #1</th></tr><tr class="param stripe"><td>chrome</td></tr><tr><th>Exception</th></tr><tr><td><div class="stacktrace">org.openqa.selenium.TimeoutException: timeout: Timed out receiving message from renderer: -0.013
  (Session info: chrome=113.0.5672.127)
Build info: version: &apos;3.141.59&apos;, revision: &apos;e82be7d358&apos;, time: &apos;2018-11-14T08:17:03&apos;
System info: host: &apos;ON34C03174383&apos;, ip: &apos;10.61.39.95&apos;, os.name: &apos;Windows 10&apos;, os.arch: &apos;amd64&apos;, os.version: &apos;10.0&apos;, java.version: &apos;1.8.0_281&apos;
Driver info: org.openqa.selenium.chrome.ChromeDriver
Capabilities {acceptInsecureCerts: true, browserName: chrome, browserVersion: 113.0.5672.127, chrome: {chromedriverVersion: 113.0.5672.63 (0e1a4471d5ae..., userDataDir: C:\Users\MustofG\AppData\Lo...}, goog:chromeOptions: {debuggerAddress: localhost:50568}, javascriptEnabled: true, networkConnectionEnabled: false, pageLoadStrategy: normal, platform: WINDOWS, platformName: WINDOWS, proxy: Proxy(), setWindowRect: true, strictFileInteractability: false, timeouts: {implicit: 0, pageLoad: 300000, script: 30000}, unhandledPromptBehavior: dismiss and notify, webauthn:extension:credBlob: true, webauthn:extension:largeBlob: true, webauthn:extension:minPinLength: true, webauthn:extension:prf: true, webauthn:virtualAuthenticators: true}
Session ID: cab4190d9c00bbfd97012258bdb2c2ca
	at sun.reflect.NativeConstructorAccessorImpl.newInstance0(Native Method)
	at sun.reflect.NativeConstructorAccessorImpl.newInstance(NativeConstructorAccessorImpl.java:62)
	at sun.reflect.DelegatingConstructorAccessorImpl.newInstance(DelegatingConstructorAccessorImpl.java:45)
	at java.lang.reflect.Constructor.newInstance(Constructor.java:423)
	at org.openqa.selenium.remote.http.W3CHttpResponseCodec.createException(W3CHttpResponseCodec.java:187)
	at org.openqa.selenium.remote.http.W3CHttpResponseCodec.decode(W3CHttpResponseCodec.java:122)
	at org.openqa.selenium.remote.http.W3CHttpResponseCodec.decode(W3CHttpResponseCodec.java:49)
	at org.openqa.selenium.remote.HttpCommandExecutor.execute(HttpCommandExecutor.java:158)
	at org.openqa.selenium.remote.service.DriverCommandExecutor.execute(DriverCommandExecutor.java:83)
	at org.openqa.selenium.remote.RemoteWebDriver.execute(RemoteWebDriver.java:552)
	at org.openqa.selenium.remote.RemoteWebDriver.get(RemoteWebDriver.java:277)
	at com.onbis.TestCases.BaseTestSOAdmin.setUp(BaseTestSOAdmin.java:80)
	at sun.reflect.NativeMethodAccessorImpl.invoke0(Native Method)
	at sun.reflect.NativeMethodAccessorImpl.invoke(NativeMethodAccessorImpl.java:62)
	at sun.reflect.DelegatingMethodAccessorImpl.invoke(DelegatingMethodAccessorImpl.java:43)
	at java.lang.reflect.Method.invoke(Method.java:498)
	at org.testng.internal.MethodInvocationHelper.invokeMethod(MethodInvocationHelper.java:124)
	at org.testng.internal.MethodInvocationHelper.invokeMethodConsideringTimeout(MethodInvocationHelper.java:59)
	at org.testng.internal.Invoker.invokeConfigurationMethod(Invoker.java:458)
	at org.testng.internal.Invoker.invokeConfigurations(Invoker.java:222)
	at org.testng.internal.Invoker.invokeMethod(Invoker.java:523)
	at org.testng.internal.Invoker.invokeTestMethod(Invoker.java:719)
	at org.testng.internal.Invoker.invokeTestMethods(Invoker.java:989)
	at org.testng.internal.TestMethodWorker.invokeTestMethods(TestMethodWorker.java:125)
	at org.testng.internal.TestMethodWorker.run(TestMethodWorker.java:109)
	at org.testng.TestRunner.privateRun(TestRunner.java:648)
	at org.testng.TestRunner.run(TestRunner.java:505)
	at org.testng.SuiteRunner.runTest(SuiteRunner.java:455)
	at org.testng.SuiteRunner.runSequentially(SuiteRunner.java:450)
	at org.testng.SuiteRunner.privateRun(SuiteRunner.java:415)
	at org.testng.SuiteRunner.run(SuiteRunner.java:364)
	at org.testng.SuiteRunnerWorker.runSuite(SuiteRunnerWorker.java:52)
	at org.testng.SuiteRunnerWorker.run(SuiteRunnerWorker.java:84)
	at org.testng.TestNG.runSuitesSequentially(TestNG.java:1208)
	at org.testng.TestNG.runSuitesLocally(TestNG.java:1137)
	at org.testng.TestNG.runSuites(TestNG.java:1049)
	at org.testng.TestNG.run(TestNG.java:1017)
	at com.intellij.rt.testng.IDEARemoteTestNG.run(IDEARemoteTestNG.java:65)
	at com.intellij.rt.testng.RemoteTestNGStarter.main(RemoteTestNGStarter.java:105)
</div></td></tr></table><p class="totop"><a href="#summary">back to summary</a></p><h3 id="m1">com.onbis.TestCases.REG_NFPCM008_NFPCA_FileFinalPlanOfArrangement#setUp ( setUp )</h3><table class="result"><tr class="param"><th>Parameter #1</th></tr><tr class="param stripe"><td>chrome</td></tr><tr><th>Exception</th></tr><tr><td><div class="stacktrace">org.openqa.selenium.TimeoutException: timeout: Timed out receiving message from renderer: -0.010
  (Session info: chrome=113.0.5672.127)
Build info: version: &apos;3.141.59&apos;, revision: &apos;e82be7d358&apos;, time: &apos;2018-11-14T08:17:03&apos;
System info: host: &apos;ON34C03174383&apos;, ip: &apos;10.61.39.95&apos;, os.name: &apos;Windows 10&apos;, os.arch: &apos;amd64&apos;, os.version: &apos;10.0&apos;, java.version: &apos;1.8.0_281&apos;
Driver info: org.openqa.selenium.chrome.ChromeDriver
Capabilities {acceptInsecureCerts: true, browserName: chrome, browserVersion: 113.0.5672.127, chrome: {chromedriverVersion: 113.0.5672.63 (0e1a4471d5ae..., userDataDir: C:\Users\MustofG\AppData\Lo...}, goog:chromeOptions: {debuggerAddress: localhost:50957}, javascriptEnabled: true, networkConnectionEnabled: false, pageLoadStrategy: normal, platform: WINDOWS, platformName: WINDOWS, proxy: Proxy(), setWindowRect: true, strictFileInteractability: false, timeouts: {implicit: 0, pageLoad: 300000, script: 30000}, unhandledPromptBehavior: dismiss and notify, webauthn:extension:credBlob: true, webauthn:extension:largeBlob: true, webauthn:extension:minPinLength: true, webauthn:extension:prf: true, webauthn:virtualAuthenticators: true}
Session ID: fb5710556aca1c737b764f633f150f8c
	at sun.reflect.NativeConstructorAccessorImpl.newInstance0(Native Method)
	at sun.reflect.NativeConstructorAccessorImpl.newInstance(NativeConstructorAccessorImpl.java:62)
	at sun.reflect.DelegatingConstructorAccessorImpl.newInstance(DelegatingConstructorAccessorImpl.java:45)
	at java.lang.reflect.Constructor.newInstance(Constructor.java:423)
	at org.openqa.selenium.remote.http.W3CHttpResponseCodec.createException(W3CHttpResponseCodec.java:187)
	at org.openqa.selenium.remote.http.W3CHttpResponseCodec.decode(W3CHttpResponseCodec.java:122)
	at org.openqa.selenium.remote.http.W3CHttpResponseCodec.decode(W3CHttpResponseCodec.java:49)
	at org.openqa.selenium.remote.HttpCommandExecutor.execute(HttpCommandExecutor.java:158)
	at org.openqa.selenium.remote.service.DriverCommandExecutor.execute(DriverCommandExecutor.java:83)
	at org.openqa.selenium.remote.RemoteWebDriver.execute(RemoteWebDriver.java:552)
	at org.openqa.selenium.remote.RemoteWebDriver.get(RemoteWebDriver.java:277)
	at com.onbis.TestCases.BaseTestSOAdmin.setUp(BaseTestSOAdmin.java:80)
	at sun.reflect.GeneratedMethodAccessor51.invoke(Unknown Source)
	at sun.reflect.DelegatingMethodAccessorImpl.invoke(DelegatingMethodAccessorImpl.java:43)
	at java.lang.reflect.Method.invoke(Method.java:498)
	at org.testng.internal.MethodInvocationHelper.invokeMethod(MethodInvocationHelper.java:124)
	at org.testng.internal.MethodInvocationHelper.invokeMethodConsideringTimeout(MethodInvocationHelper.java:59)
	at org.testng.internal.Invoker.invokeConfigurationMethod(Invoker.java:458)
	at org.testng.internal.Invoker.invokeConfigurations(Invoker.java:222)
	at org.testng.internal.Invoker.invokeMethod(Invoker.java:523)
	at org.testng.internal.Invoker.invokeTestMethod(Invoker.java:719)
	at org.testng.internal.Invoker.invokeTestMethods(Invoker.java:989)
	at org.testng.internal.TestMethodWorker.invokeTestMethods(TestMethodWorker.java:125)
	at org.testng.internal.TestMethodWorker.run(TestMethodWorker.java:109)
	at org.testng.TestRunner.privateRun(TestRunner.java:648)
	at org.testng.TestRunner.run(TestRunner.java:505)
	at org.testng.SuiteRunner.runTest(SuiteRunner.java:455)
	at org.testng.SuiteRunner.runSequentially(SuiteRunner.java:450)
	at org.testng.SuiteRunner.privateRun(SuiteRunner.java:415)
	at org.testng.SuiteRunner.run(SuiteRunner.java:364)
	at org.testng.SuiteRunnerWorker.runSuite(SuiteRunnerWorker.java:52)
	at org.testng.SuiteRunnerWorker.run(SuiteRunnerWorker.java:84)
	at org.testng.TestNG.runSuitesSequentially(TestNG.java:1208)
	at org.testng.TestNG.runSuitesLocally(TestNG.java:1137)
	at org.testng.TestNG.runSuites(TestNG.java:1049)
	at org.testng.TestNG.run(TestNG.java:1017)
	at com.intellij.rt.testng.IDEARemoteTestNG.run(IDEARemoteTestNG.java:65)
	at com.intellij.rt.testng.RemoteTestNGStarter.main(RemoteTestNGStarter.java:105)
</div></td></tr></table><p class="totop"><a href="#summary">back to summary</a></p><h3 id="m2">com.onbis.TestCases.REG_NFPCM011_NFPCA_ReviveNotForProfitCorporation#setUp ( setUp )</h3><table class="result"><tr class="param"><th>Parameter #1</th></tr><tr class="param stripe"><td>chrome</td></tr><tr><th>Exception</th></tr><tr><td><div class="stacktrace">org.openqa.selenium.TimeoutException: timeout: Timed out receiving message from renderer: -0.008
  (Session info: chrome=113.0.5672.127)
Build info: version: &apos;3.141.59&apos;, revision: &apos;e82be7d358&apos;, time: &apos;2018-11-14T08:17:03&apos;
System info: host: &apos;ON34C03174383&apos;, ip: &apos;10.61.39.95&apos;, os.name: &apos;Windows 10&apos;, os.arch: &apos;amd64&apos;, os.version: &apos;10.0&apos;, java.version: &apos;1.8.0_281&apos;
Driver info: org.openqa.selenium.chrome.ChromeDriver
Capabilities {acceptInsecureCerts: true, browserName: chrome, browserVersion: 113.0.5672.127, chrome: {chromedriverVersion: 113.0.5672.63 (0e1a4471d5ae..., userDataDir: C:\Users\MustofG\AppData\Lo...}, goog:chromeOptions: {debuggerAddress: localhost:50161}, javascriptEnabled: true, networkConnectionEnabled: false, pageLoadStrategy: normal, platform: WINDOWS, platformName: WINDOWS, proxy: Proxy(), setWindowRect: true, strictFileInteractability: false, timeouts: {implicit: 0, pageLoad: 300000, script: 30000}, unhandledPromptBehavior: dismiss and notify, webauthn:extension:credBlob: true, webauthn:extension:largeBlob: true, webauthn:extension:minPinLength: true, webauthn:extension:prf: true, webauthn:virtualAuthenticators: true}
Session ID: fd19a7733ccca1fe7c166c5b5bc8bf9d
	at sun.reflect.NativeConstructorAccessorImpl.newInstance0(Native Method)
	at sun.reflect.NativeConstructorAccessorImpl.newInstance(NativeConstructorAccessorImpl.java:62)
	at sun.reflect.DelegatingConstructorAccessorImpl.newInstance(DelegatingConstructorAccessorImpl.java:45)
	at java.lang.reflect.Constructor.newInstance(Constructor.java:423)
	at org.openqa.selenium.remote.http.W3CHttpResponseCodec.createException(W3CHttpResponseCodec.java:187)
	at org.openqa.selenium.remote.http.W3CHttpResponseCodec.decode(W3CHttpResponseCodec.java:122)
	at org.openqa.selenium.remote.http.W3CHttpResponseCodec.decode(W3CHttpResponseCodec.java:49)
	at org.openqa.selenium.remote.HttpCommandExecutor.execute(HttpCommandExecutor.java:158)
	at org.openqa.selenium.remote.service.DriverCommandExecutor.execute(DriverCommandExecutor.java:83)
	at org.openqa.selenium.remote.RemoteWebDriver.execute(RemoteWebDriver.java:552)
	at org.openqa.selenium.remote.RemoteWebDriver.get(RemoteWebDriver.java:277)
	at com.onbis.TestCases.BaseTestSOAdmin.setUp(BaseTestSOAdmin.java:80)
	at sun.reflect.NativeMethodAccessorImpl.invoke0(Native Method)
	at sun.reflect.NativeMethodAccessorImpl.invoke(NativeMethodAccessorImpl.java:62)
	at sun.reflect.DelegatingMethodAccessorImpl.invoke(DelegatingMethodAccessorImpl.java:43)
	at java.lang.reflect.Method.invoke(Method.java:498)
	at org.testng.internal.MethodInvocationHelper.invokeMethod(MethodInvocationHelper.java:124)
	at org.testng.internal.MethodInvocationHelper.invokeMethodConsideringTimeout(MethodInvocationHelper.java:59)
	at org.testng.internal.Invoker.invokeConfigurationMethod(Invoker.java:458)
	at org.testng.internal.Invoker.invokeConfigurations(Invoker.java:222)
	at org.testng.internal.Invoker.invokeMethod(Invoker.java:523)
	at org.testng.internal.Invoker.invokeTestMethod(Invoker.java:719)
	at org.testng.internal.Invoker.invokeTestMethods(Invoker.java:989)
	at org.testng.internal.TestMethodWorker.invokeTestMethods(TestMethodWorker.java:125)
	at org.testng.internal.TestMethodWorker.run(TestMethodWorker.java:109)
	at org.testng.TestRunner.privateRun(TestRunner.java:648)
	at org.testng.TestRunner.run(TestRunner.java:505)
	at org.testng.SuiteRunner.runTest(SuiteRunner.java:455)
	at org.testng.SuiteRunner.runSequentially(SuiteRunner.java:450)
	at org.testng.SuiteRunner.privateRun(SuiteRunner.java:415)
	at org.testng.SuiteRunner.run(SuiteRunner.java:364)
	at org.testng.SuiteRunnerWorker.runSuite(SuiteRunnerWorker.java:52)
	at org.testng.SuiteRunnerWorker.run(SuiteRunnerWorker.java:84)
	at org.testng.TestNG.runSuitesSequentially(TestNG.java:1208)
	at org.testng.TestNG.runSuitesLocally(TestNG.java:1137)
	at org.testng.TestNG.runSuites(TestNG.java:1049)
	at org.testng.TestNG.run(TestNG.java:1017)
	at com.intellij.rt.testng.IDEARemoteTestNG.run(IDEARemoteTestNG.java:65)
	at com.intellij.rt.testng.RemoteTestNGStarter.main(RemoteTestNGStarter.java:105)
</div></td></tr></table><p class="totop"><a href="#summary">back to summary</a></p><h3 id="m3">com.onbis.TestCases.REG_CIA002_AnnualReturnForAOntarioBusinessCorporation#REG_CIA002_AnnualReturnForAOntarioBusinessCorporation ( REG_CIA002_AnnualReturnForAOntarioBusinessCorporation )</h3><table class="result"><tr class="param"><th>Parameter #1</th></tr><tr class="param stripe"><td>chrome</td></tr><tr><th>Messages</th></tr><tr><td><div class="messages">-------: REG_CIA002_AnnualReturnForAOntarioBusinessCorporation -&gt; <br/>Admin Portal build number is: 2.1.5.1 :: 2.1.5.1 :: 2024/03/01 11:42</div></td></tr><tr><th>Exception</th></tr><tr><td><div class="stacktrace">org.openqa.selenium.TimeoutException: Expected condition failed: waiting for visibility of [[ChromeDriver: chrome on WINDOWS (489006d0520b4667b23ce26ca99e9613)] -&gt; xpath: //a[@class = &apos;appSubMenuName menu-companies&apos; and @href = &apos;#&apos;]] (tried for 90 second(s) with 200 milliseconds interval)
Build info: version: &apos;3.141.59&apos;, revision: &apos;e82be7d358&apos;, time: &apos;2018-11-14T08:17:03&apos;
System info: host: &apos;ON34C03174383&apos;, ip: &apos;10.61.39.95&apos;, os.name: &apos;Windows 10&apos;, os.arch: &apos;amd64&apos;, os.version: &apos;10.0&apos;, java.version: &apos;1.8.0_281&apos;
Driver info: driver.version: unknown
	at org.openqa.selenium.support.ui.FluentWait.timeoutException(FluentWait.java:304)
	at org.openqa.selenium.support.ui.FluentWait.until(FluentWait.java:272)
	at com.onbis.Helper.HelperMethods.fluentWaitAndCheckVisible(HelperMethods.java:71)
	at com.onbis.Pages.PartnerSoleProprietorshipRegistrationPage.selectRegistryAsIncorporateOntarioBusinessCorporation(PartnerSoleProprietorshipRegistrationPage.java:2604)
	at com.onbis.TestCases.REG_CIA002_AnnualReturnForAOntarioBusinessCorporation.REG_CIA002_AnnualReturnForAOntarioBusinessCorporation(REG_CIA002_AnnualReturnForAOntarioBusinessCorporation.java:74)
	at sun.reflect.NativeMethodAccessorImpl.invoke0(Native Method)
	at sun.reflect.NativeMethodAccessorImpl.invoke(NativeMethodAccessorImpl.java:62)
	at sun.reflect.DelegatingMethodAccessorImpl.invoke(DelegatingMethodAccessorImpl.java:43)
	at java.lang.reflect.Method.invoke(Method.java:498)
	at org.testng.internal.MethodInvocationHelper.invokeMethod(MethodInvocationHelper.java:124)
	at org.testng.internal.Invoker.invokeMethod(Invoker.java:583)
	at org.testng.internal.Invoker.invokeTestMethod(Invoker.java:719)
	at org.testng.internal.Invoker.invokeTestMethods(Invoker.java:989)
	at org.testng.internal.TestMethodWorker.invokeTestMethods(TestMethodWorker.java:125)
	at org.testng.internal.TestMethodWorker.run(TestMethodWorker.java:109)
	at org.testng.TestRunner.privateRun(TestRunner.java:648)
	at org.testng.TestRunner.run(TestRunner.java:505)
	at org.testng.SuiteRunner.runTest(SuiteRunner.java:455)
	at org.testng.SuiteRunner.runSequentially(SuiteRunner.java:450)
	at org.testng.SuiteRunner.privateRun(SuiteRunner.java:415)
	at org.testng.SuiteRunner.run(SuiteRunner.java:364)
	at org.testng.SuiteRunnerWorker.runSuite(SuiteRunnerWorker.java:52)
	at org.testng.SuiteRunnerWorker.run(SuiteRunnerWorker.java:84)
	at org.testng.TestNG.runSuitesSequentially(TestNG.java:1208)
	at org.testng.TestNG.runSuitesLocally(TestNG.java:1137)
	at org.testng.TestNG.runSuites(TestNG.java:1049)
	at org.testng.TestNG.run(TestNG.java:1017)
	at com.intellij.rt.testng.IDEARemoteTestNG.run(IDEARemoteTestNG.java:65)
	at com.intellij.rt.testng.RemoteTestNGStarter.main(RemoteTestNGStarter.java:105)
</div></td></tr></table><p class="totop"><a href="#summary">back to summary</a></p><h3 id="m4">com.onbis.TestCases.REG_NFPCM007_NFPCA_FileDraftPlanOfArrangement#REG_NFPCM007_NFPCA_FileDraftPlanOfArrangement ( REG_NFPCM007_NFPCA_FileDraftPlanOfArrangement )</h3><table class="result"><tr><th>Exception</th></tr><tr><td><div class="stacktrace">org.openqa.selenium.TimeoutException: timeout: Timed out receiving message from renderer: -0.013
  (Session info: chrome=113.0.5672.127)
Build info: version: &apos;3.141.59&apos;, revision: &apos;e82be7d358&apos;, time: &apos;2018-11-14T08:17:03&apos;
System info: host: &apos;ON34C03174383&apos;, ip: &apos;10.61.39.95&apos;, os.name: &apos;Windows 10&apos;, os.arch: &apos;amd64&apos;, os.version: &apos;10.0&apos;, java.version: &apos;1.8.0_281&apos;
Driver info: org.openqa.selenium.chrome.ChromeDriver
Capabilities {acceptInsecureCerts: true, browserName: chrome, browserVersion: 113.0.5672.127, chrome: {chromedriverVersion: 113.0.5672.63 (0e1a4471d5ae..., userDataDir: C:\Users\MustofG\AppData\Lo...}, goog:chromeOptions: {debuggerAddress: localhost:50568}, javascriptEnabled: true, networkConnectionEnabled: false, pageLoadStrategy: normal, platform: WINDOWS, platformName: WINDOWS, proxy: Proxy(), setWindowRect: true, strictFileInteractability: false, timeouts: {implicit: 0, pageLoad: 300000, script: 30000}, unhandledPromptBehavior: dismiss and notify, webauthn:extension:credBlob: true, webauthn:extension:largeBlob: true, webauthn:extension:minPinLength: true, webauthn:extension:prf: true, webauthn:virtualAuthenticators: true}
Session ID: cab4190d9c00bbfd97012258bdb2c2ca
	at sun.reflect.NativeConstructorAccessorImpl.newInstance0(Native Method)
	at sun.reflect.NativeConstructorAccessorImpl.newInstance(NativeConstructorAccessorImpl.java:62)
	at sun.reflect.DelegatingConstructorAccessorImpl.newInstance(DelegatingConstructorAccessorImpl.java:45)
	at java.lang.reflect.Constructor.newInstance(Constructor.java:423)
	at org.openqa.selenium.remote.http.W3CHttpResponseCodec.createException(W3CHttpResponseCodec.java:187)
	at org.openqa.selenium.remote.http.W3CHttpResponseCodec.decode(W3CHttpResponseCodec.java:122)
	at org.openqa.selenium.remote.http.W3CHttpResponseCodec.decode(W3CHttpResponseCodec.java:49)
	at org.openqa.selenium.remote.HttpCommandExecutor.execute(HttpCommandExecutor.java:158)
	at org.openqa.selenium.remote.service.DriverCommandExecutor.execute(DriverCommandExecutor.java:83)
	at org.openqa.selenium.remote.RemoteWebDriver.execute(RemoteWebDriver.java:552)
	at org.openqa.selenium.remote.RemoteWebDriver.get(RemoteWebDriver.java:277)
	at com.onbis.TestCases.BaseTestSOAdmin.setUp(BaseTestSOAdmin.java:80)
	at sun.reflect.NativeMethodAccessorImpl.invoke0(Native Method)
	at sun.reflect.NativeMethodAccessorImpl.invoke(NativeMethodAccessorImpl.java:62)
	at sun.reflect.DelegatingMethodAccessorImpl.invoke(DelegatingMethodAccessorImpl.java:43)
	at java.lang.reflect.Method.invoke(Method.java:498)
	at org.testng.internal.MethodInvocationHelper.invokeMethod(MethodInvocationHelper.java:124)
	at org.testng.internal.MethodInvocationHelper.invokeMethodConsideringTimeout(MethodInvocationHelper.java:59)
	at org.testng.internal.Invoker.invokeConfigurationMethod(Invoker.java:458)
	at org.testng.internal.Invoker.invokeConfigurations(Invoker.java:222)
	at org.testng.internal.Invoker.invokeMethod(Invoker.java:523)
	at org.testng.internal.Invoker.invokeTestMethod(Invoker.java:719)
	at org.testng.internal.Invoker.invokeTestMethods(Invoker.java:989)
	at org.testng.internal.TestMethodWorker.invokeTestMethods(TestMethodWorker.java:125)
	at org.testng.internal.TestMethodWorker.run(TestMethodWorker.java:109)
	at org.testng.TestRunner.privateRun(TestRunner.java:648)
	at org.testng.TestRunner.run(TestRunner.java:505)
	at org.testng.SuiteRunner.runTest(SuiteRunner.java:455)
	at org.testng.SuiteRunner.runSequentially(SuiteRunner.java:450)
	at org.testng.SuiteRunner.privateRun(SuiteRunner.java:415)
	at org.testng.SuiteRunner.run(SuiteRunner.java:364)
	at org.testng.SuiteRunnerWorker.runSuite(SuiteRunnerWorker.java:52)
	at org.testng.SuiteRunnerWorker.run(SuiteRunnerWorker.java:84)
	at org.testng.TestNG.runSuitesSequentially(TestNG.java:1208)
	at org.testng.TestNG.runSuitesLocally(TestNG.java:1137)
	at org.testng.TestNG.runSuites(TestNG.java:1049)
	at org.testng.TestNG.run(TestNG.java:1017)
	at com.intellij.rt.testng.IDEARemoteTestNG.run(IDEARemoteTestNG.java:65)
	at com.intellij.rt.testng.RemoteTestNGStarter.main(RemoteTestNGStarter.java:105)
</div></td></tr></table><p class="totop"><a href="#summary">back to summary</a></p><h3 id="m5">com.onbis.TestCases.REG_NFPCM008_NFPCA_FileFinalPlanOfArrangement#REG_NFPCM008_NFPCA_FileFinalPlanOfArrangement ( REG_NFPCM008_NFPCA_FileFinalPlanOfArrangement )</h3><table class="result"><tr><th>Exception</th></tr><tr><td><div class="stacktrace">org.openqa.selenium.TimeoutException: timeout: Timed out receiving message from renderer: -0.010
  (Session info: chrome=113.0.5672.127)
Build info: version: &apos;3.141.59&apos;, revision: &apos;e82be7d358&apos;, time: &apos;2018-11-14T08:17:03&apos;
System info: host: &apos;ON34C03174383&apos;, ip: &apos;10.61.39.95&apos;, os.name: &apos;Windows 10&apos;, os.arch: &apos;amd64&apos;, os.version: &apos;10.0&apos;, java.version: &apos;1.8.0_281&apos;
Driver info: org.openqa.selenium.chrome.ChromeDriver
Capabilities {acceptInsecureCerts: true, browserName: chrome, browserVersion: 113.0.5672.127, chrome: {chromedriverVersion: 113.0.5672.63 (0e1a4471d5ae..., userDataDir: C:\Users\MustofG\AppData\Lo...}, goog:chromeOptions: {debuggerAddress: localhost:50957}, javascriptEnabled: true, networkConnectionEnabled: false, pageLoadStrategy: normal, platform: WINDOWS, platformName: WINDOWS, proxy: Proxy(), setWindowRect: true, strictFileInteractability: false, timeouts: {implicit: 0, pageLoad: 300000, script: 30000}, unhandledPromptBehavior: dismiss and notify, webauthn:extension:credBlob: true, webauthn:extension:largeBlob: true, webauthn:extension:minPinLength: true, webauthn:extension:prf: true, webauthn:virtualAuthenticators: true}
Session ID: fb5710556aca1c737b764f633f150f8c
	at sun.reflect.NativeConstructorAccessorImpl.newInstance0(Native Method)
	at sun.reflect.NativeConstructorAccessorImpl.newInstance(NativeConstructorAccessorImpl.java:62)
	at sun.reflect.DelegatingConstructorAccessorImpl.newInstance(DelegatingConstructorAccessorImpl.java:45)
	at java.lang.reflect.Constructor.newInstance(Constructor.java:423)
	at org.openqa.selenium.remote.http.W3CHttpResponseCodec.createException(W3CHttpResponseCodec.java:187)
	at org.openqa.selenium.remote.http.W3CHttpResponseCodec.decode(W3CHttpResponseCodec.java:122)
	at org.openqa.selenium.remote.http.W3CHttpResponseCodec.decode(W3CHttpResponseCodec.java:49)
	at org.openqa.selenium.remote.HttpCommandExecutor.execute(HttpCommandExecutor.java:158)
	at org.openqa.selenium.remote.service.DriverCommandExecutor.execute(DriverCommandExecutor.java:83)
	at org.openqa.selenium.remote.RemoteWebDriver.execute(RemoteWebDriver.java:552)
	at org.openqa.selenium.remote.RemoteWebDriver.get(RemoteWebDriver.java:277)
	at com.onbis.TestCases.BaseTestSOAdmin.setUp(BaseTestSOAdmin.java:80)
	at sun.reflect.GeneratedMethodAccessor51.invoke(Unknown Source)
	at sun.reflect.DelegatingMethodAccessorImpl.invoke(DelegatingMethodAccessorImpl.java:43)
	at java.lang.reflect.Method.invoke(Method.java:498)
	at org.testng.internal.MethodInvocationHelper.invokeMethod(MethodInvocationHelper.java:124)
	at org.testng.internal.MethodInvocationHelper.invokeMethodConsideringTimeout(MethodInvocationHelper.java:59)
	at org.testng.internal.Invoker.invokeConfigurationMethod(Invoker.java:458)
	at org.testng.internal.Invoker.invokeConfigurations(Invoker.java:222)
	at org.testng.internal.Invoker.invokeMethod(Invoker.java:523)
	at org.testng.internal.Invoker.invokeTestMethod(Invoker.java:719)
	at org.testng.internal.Invoker.invokeTestMethods(Invoker.java:989)
	at org.testng.internal.TestMethodWorker.invokeTestMethods(TestMethodWorker.java:125)
	at org.testng.internal.TestMethodWorker.run(TestMethodWorker.java:109)
	at org.testng.TestRunner.privateRun(TestRunner.java:648)
	at org.testng.TestRunner.run(TestRunner.java:505)
	at org.testng.SuiteRunner.runTest(SuiteRunner.java:455)
	at org.testng.SuiteRunner.runSequentially(SuiteRunner.java:450)
	at org.testng.SuiteRunner.privateRun(SuiteRunner.java:415)
	at org.testng.SuiteRunner.run(SuiteRunner.java:364)
	at org.testng.SuiteRunnerWorker.runSuite(SuiteRunnerWorker.java:52)
	at org.testng.SuiteRunnerWorker.run(SuiteRunnerWorker.java:84)
	at org.testng.TestNG.runSuitesSequentially(TestNG.java:1208)
	at org.testng.TestNG.runSuitesLocally(TestNG.java:1137)
	at org.testng.TestNG.runSuites(TestNG.java:1049)
	at org.testng.TestNG.run(TestNG.java:1017)
	at com.intellij.rt.testng.IDEARemoteTestNG.run(IDEARemoteTestNG.java:65)
	at com.intellij.rt.testng.RemoteTestNGStarter.main(RemoteTestNGStarter.java:105)
</div></td></tr></table><p class="totop"><a href="#summary">back to summary</a></p><h3 id="m6">com.onbis.TestCases.REG_NFPCM011_NFPCA_ReviveNotForProfitCorporation#REG_NFPCM011_NFPCA_ReviveNotForProfitCorporation ( REG_NFPCM011_NFPCA_ReviveNotForProfitCorporation )</h3><table class="result"><tr><th>Exception</th></tr><tr><td><div class="stacktrace">org.openqa.selenium.TimeoutException: timeout: Timed out receiving message from renderer: -0.008
  (Session info: chrome=113.0.5672.127)
Build info: version: &apos;3.141.59&apos;, revision: &apos;e82be7d358&apos;, time: &apos;2018-11-14T08:17:03&apos;
System info: host: &apos;ON34C03174383&apos;, ip: &apos;10.61.39.95&apos;, os.name: &apos;Windows 10&apos;, os.arch: &apos;amd64&apos;, os.version: &apos;10.0&apos;, java.version: &apos;1.8.0_281&apos;
Driver info: org.openqa.selenium.chrome.ChromeDriver
Capabilities {acceptInsecureCerts: true, browserName: chrome, browserVersion: 113.0.5672.127, chrome: {chromedriverVersion: 113.0.5672.63 (0e1a4471d5ae..., userDataDir: C:\Users\MustofG\AppData\Lo...}, goog:chromeOptions: {debuggerAddress: localhost:50161}, javascriptEnabled: true, networkConnectionEnabled: false, pageLoadStrategy: normal, platform: WINDOWS, platformName: WINDOWS, proxy: Proxy(), setWindowRect: true, strictFileInteractability: false, timeouts: {implicit: 0, pageLoad: 300000, script: 30000}, unhandledPromptBehavior: dismiss and notify, webauthn:extension:credBlob: true, webauthn:extension:largeBlob: true, webauthn:extension:minPinLength: true, webauthn:extension:prf: true, webauthn:virtualAuthenticators: true}
Session ID: fd19a7733ccca1fe7c166c5b5bc8bf9d
	at sun.reflect.NativeConstructorAccessorImpl.newInstance0(Native Method)
	at sun.reflect.NativeConstructorAccessorImpl.newInstance(NativeConstructorAccessorImpl.java:62)
	at sun.reflect.DelegatingConstructorAccessorImpl.newInstance(DelegatingConstructorAccessorImpl.java:45)
	at java.lang.reflect.Constructor.newInstance(Constructor.java:423)
	at org.openqa.selenium.remote.http.W3CHttpResponseCodec.createException(W3CHttpResponseCodec.java:187)
	at org.openqa.selenium.remote.http.W3CHttpResponseCodec.decode(W3CHttpResponseCodec.java:122)
	at org.openqa.selenium.remote.http.W3CHttpResponseCodec.decode(W3CHttpResponseCodec.java:49)
	at org.openqa.selenium.remote.HttpCommandExecutor.execute(HttpCommandExecutor.java:158)
	at org.openqa.selenium.remote.service.DriverCommandExecutor.execute(DriverCommandExecutor.java:83)
	at org.openqa.selenium.remote.RemoteWebDriver.execute(RemoteWebDriver.java:552)
	at org.openqa.selenium.remote.RemoteWebDriver.get(RemoteWebDriver.java:277)
	at com.onbis.TestCases.BaseTestSOAdmin.setUp(BaseTestSOAdmin.java:80)
	at sun.reflect.NativeMethodAccessorImpl.invoke0(Native Method)
	at sun.reflect.NativeMethodAccessorImpl.invoke(NativeMethodAccessorImpl.java:62)
	at sun.reflect.DelegatingMethodAccessorImpl.invoke(DelegatingMethodAccessorImpl.java:43)
	at java.lang.reflect.Method.invoke(Method.java:498)
	at org.testng.internal.MethodInvocationHelper.invokeMethod(MethodInvocationHelper.java:124)
	at org.testng.internal.MethodInvocationHelper.invokeMethodConsideringTimeout(MethodInvocationHelper.java:59)
	at org.testng.internal.Invoker.invokeConfigurationMethod(Invoker.java:458)
	at org.testng.internal.Invoker.invokeConfigurations(Invoker.java:222)
	at org.testng.internal.Invoker.invokeMethod(Invoker.java:523)
	at org.testng.internal.Invoker.invokeTestMethod(Invoker.java:719)
	at org.testng.internal.Invoker.invokeTestMethods(Invoker.java:989)
	at org.testng.internal.TestMethodWorker.invokeTestMethods(TestMethodWorker.java:125)
	at org.testng.internal.TestMethodWorker.run(TestMethodWorker.java:109)
	at org.testng.TestRunner.privateRun(TestRunner.java:648)
	at org.testng.TestRunner.run(TestRunner.java:505)
	at org.testng.SuiteRunner.runTest(SuiteRunner.java:455)
	at org.testng.SuiteRunner.runSequentially(SuiteRunner.java:450)
	at org.testng.SuiteRunner.privateRun(SuiteRunner.java:415)
	at org.testng.SuiteRunner.run(SuiteRunner.java:364)
	at org.testng.SuiteRunnerWorker.runSuite(SuiteRunnerWorker.java:52)
	at org.testng.SuiteRunnerWorker.run(SuiteRunnerWorker.java:84)
	at org.testng.TestNG.runSuitesSequentially(TestNG.java:1208)
	at org.testng.TestNG.runSuitesLocally(TestNG.java:1137)
	at org.testng.TestNG.runSuites(TestNG.java:1049)
	at org.testng.TestNG.run(TestNG.java:1017)
	at com.intellij.rt.testng.IDEARemoteTestNG.run(IDEARemoteTestNG.java:65)
	at com.intellij.rt.testng.RemoteTestNGStarter.main(RemoteTestNGStarter.java:105)
</div></td></tr></table><p class="totop"><a href="#summary">back to summary</a></p><h3 id="m7">com.onbis.TestCases.REG_BCAM008_FileFinalPlanForArrangement#REG_BCAM008_FileFinalPlanForArrangement ( REG_BCAM008_FileFinalPlanForArrangement )</h3><table class="result"><tr class="param"><th>Parameter #1</th></tr><tr class="param stripe"><td>chrome</td></tr><tr><th>Messages</th></tr><tr><td><div class="messages">-------: REG_BCAM008_FileFinalPlanForArrangement -&gt; <br/>Admin Portal build number is: 2.1.5.1 :: 2.1.5.1 :: 2024/03/01 11:42<br/>Ontario Corporation Name is: Incorporate an Ontario Business Corporation 1000014880 ONTARIO CORP. (1000014880)<br/>Search Result for: 10000148801000014880 ONTARIO CORP. (1000014880)<br/>Particulars of BCA - Articles of Incorporation is :1000014880 ONTARIO CORP. (1000014880)<br/>Transaction Number is :APP-A10002032878</div></td></tr></table><p class="totop"><a href="#summary">back to summary</a></p><h3 id="m8">com.onbis.TestCases.REG_BCAM011_InstrumentOfContinuanceAnOntarioBusinessCorporation#REG_BCAM011_InstrumentOfContinuanceAnOntarioBusinessCorporation ( REG_BCAM011_InstrumentOfContinuanceAnOntarioBusinessCorporation )</h3><table class="result"><tr><th>Messages</th></tr><tr><td><div class="messages">Admin Portal build number is: 2.1.5.1 :: 2.1.5.1 :: 2024/03/01 11:42<br/>-------: REG_BCAM011_InstrumentOfContinuanceAnOntarioBusinessCorporation-&gt; <br/>Ontario Corporation Number (OCN) number is: 1000014884<br/>Ontario Corporation Number (OCN) number is: 1000014884<br/>Search Result for: 10000148841000014884 ONTARIO CORP. (1000014884)<br/>File Articles Of Continuance Corporation name and number is: 1000014884 ONTARIO CORP. (1000014884) [Extra-Provincial Domestic Corporation with Share]<br/>File Articles Of Continuance status is: Inactive - Ceased in Ontario</div></td></tr></table><p class="totop"><a href="#summary">back to summary</a></p><h3 id="m9">com.onbis.TestCases.REG_BCAM012_ReviveAnOntarioBusinessCorporation#REG_BCAM012_ReviveAnOntarioBusinessCorporation ( REG_BCAM012_ReviveAnOntarioBusinessCorporation )</h3><table class="result"><tr class="param"><th>Parameter #1</th></tr><tr class="param stripe"><td>chrome</td></tr><tr><th>Messages</th></tr><tr><td><div class="messages">-------: REG_BCAM012_ReviveAnOntarioBusinessCorporation -&gt; <br/>Admin Portal build number is: 2.1.5.1 :: 2.1.5.1 :: 2024/03/01 11:42<br/>Ontario Corporation Name is: Incorporate an Ontario Business Corporation 1000014883 ONTARIO CORP. (1000014883)<br/>Search Result for: 10000148831000014883 ONTARIO CORP. (1000014883)<br/>Particulars of Registrar Notice of Change of Status :1000014883 ONTARIO CORP. (1000014883)<br/>Transaction Number is :APP-A10002033654</div></td></tr></table><p class="totop"><a href="#summary">back to summary</a></p><h3 id="m10">com.onbis.TestCases.REG_CIA006_NoticeOfChangeForEPForeignCorpWithShare#REG_CIA006_NoticeOfChangeForEPForeignCorpWithShare ( REG_CIA006_NoticeOfChangeForEPForeignCorpWithShare )</h3><table class="result"><tr class="param"><th>Parameter #1</th></tr><tr class="param stripe"><td>chrome</td></tr><tr><th>Messages</th></tr><tr><td><div class="messages">-------: REG_CIA006_NoticeOfChangeForEPForeignCorpWithShare -&gt; <br/>Admin Portal build number is: 2.1.5.1 :: 2.1.5.1 :: 2024/03/01 11:42<br/>-------: &apos;Generate PDF&apos; -  is enabled to click. &apos; :-------<br/>Particulars of CIA â€“ Notice of Change â€“ Administrative Changes is :IBFX9OGEG964GP36H9821 TEST INC. (1000014885)<br/>Transaction Number is :APP-A10002034333</div></td></tr></table><p class="totop"><a href="#summary">back to summary</a></p><h3 id="m11">com.onbis.TestCases.REG_CIA015_InitialReturnForAnExtraProvincialCorp#REG_CIA015_InitialReturnForAnExtraProvincialCorp ( REG_CIA015_InitialReturnForAnExtraProvincialCorp )</h3><table class="result"><tr class="param"><th>Parameter #1</th></tr><tr class="param stripe"><td>chrome</td></tr><tr><th>Messages</th></tr><tr><td><div class="messages">-------: REG_CIA015_InitialReturnForAnExtraProvincialCorp -&gt; <br/>Admin Portal build number is: 2.1.5.1 :: 2.1.5.1 :: 2024/03/01 11:42<br/>-------: &apos;Generate PDF&apos; -  is enabled to click. &apos; :-------<br/>Particulars of CIA - Initial Return is :9AA0PQ1VFFSPIXC9F5447 TEST INC. (1000014881)<br/>Transaction Number is :APP-A10002033169</div></td></tr></table><p class="totop"><a href="#summary">back to summary</a></p><h3 id="m12">com.onbis.TestCases.REG_CIA016_NoticeOfChangeForAnExtraProvincialCorp#REG_CIA016_NoticeOfChangeForAnExtraProvincialCorp ( REG_CIA016_NoticeOfChangeForAnExtraProvincialCorp )</h3><table class="result"><tr class="param"><th>Parameter #1</th></tr><tr class="param stripe"><td>chrome</td></tr><tr><th>Messages</th></tr><tr><td><div class="messages">-------: REG_CIA016_NoticeOfChangeForAnExtraProvincialCorp -&gt; <br/>Admin Portal build number is: 2.1.5.1 :: 2.1.5.1 :: 2024/03/01 11:42<br/>-------: &apos;Generate PDF&apos; -  is enabled to click. &apos; :-------<br/>Particulars of CIA â€“ Notice of Change â€“ Administrative Changes is :B9GLKBP85K1OG4XRZ2322 TEST INC. (1000014882)<br/>Transaction Number is :APP-A10002033460</div></td></tr></table><p class="totop"><a href="#summary">back to summary</a></p><h3 id="m13">com.onbis.TestCases.REG_EPCM007_ApplicationForAmendmentToLicenceForAForeignCorporation#REG_EPCM007_ApplicationForAmendmentToLicenceForAForeignCorporation ( REG_EPCM007_ApplicationForAmendmentToLicenceForAForeignCorporation )</h3><table class="result"><tr class="param"><th>Parameter #1</th></tr><tr class="param stripe"><td>chrome</td></tr><tr><th>Messages</th></tr><tr><td><div class="messages">-------: REG_EPCM007_ApplicationForAmendmentToLicenceForAForeignCorporation -&gt; <br/>Admin Portal build number is: 2.1.5.1 :: 2.1.5.1 :: 2024/03/01 11:42<br/>-------: &apos;Generate PDF&apos; -  is enabled to click. &apos; :-------<br/>-------: &apos;Generate PDF&apos; -  is enabled to click. &apos; :-------<br/>Amended Particulars of BCA - Articles of Incorporation is :JEC43Y97REIMJTMX21791 TEST INC. (1000014887)<br/>Transaction Number is :APP-A10002034818</div></td></tr></table><p class="totop"><a href="#summary">back to summary</a></p><h3 id="m14">com.onbis.TestCases.REG_EPCM008_ApplicationToTerminateALicenceForExtraProvincialForeignCorporation#REG_EPCM008_ApplicationToTerminateALicenceForExtraProvincialForeignCorporation ( REG_EPCM008_ApplicationToTerminateALicenceForExtraProvincialForeignCorporation )</h3><table class="result"><tr class="param"><th>Parameter #1</th></tr><tr class="param stripe"><td>chrome</td></tr><tr><th>Messages</th></tr><tr><td><div class="messages">-------: REG_EPCM008_ApplicationToTerminateALicenceForExtraProvincialForeignCorporation -&gt; <br/>Admin Portal build number is: 2.1.5.1 :: 2.1.5.1 :: 2024/03/01 11:42<br/>-------: &apos;Generate PDF&apos; -  is enabled to click. &apos; :-------<br/>-------: &apos;Generate PDF&apos; -  is enabled to click. &apos; :-------<br/>Particulars of EPCA - Termination of Extra-Provincial Foreign Licence is :EYPVLFKN6807GY5ZE9398 TEST INC. (1000014886)</div></td></tr></table><p class="totop"><a href="#summary">back to summary</a></p><h3 id="m15">com.onbis.TestCases.REG_LLCM003_CancelARegistrationExtraProvincialLimitedLiabilityCompanyName#REG_LLCM003_CancelARegistrationExtraProvincialLimitedLiabilityCompanyName ( REG_LLCM003_CancelARegistrationExtraProvincialLimitedLiabilityCompanyName )</h3><table class="result"><tr class="param"><th>Parameter #1</th></tr><tr class="param stripe"><td>chrome</td></tr><tr><th>Messages</th></tr><tr><td><div class="messages">-------: REG_LLCM003_CancelARegistrationExtraProvincialLimitedLiabilityCompanyName -&gt; <br/>Admin Portal build number is: 2.1.5.1 :: 2.1.5.1 :: 2024/03/01 11:42<br/>Transaction Number: APP-A10002035109<br/>Particulars of Cancellation of an Extra-Provincial Limited Liability Company Name: S2GNCLR12X0ZWRUZC (1000014888)<br/>Transaction Number: APP-A10002035109<br/>Filing Date: May 04, 2024 12:00</div></td></tr></table><p class="totop"><a href="#summary">back to summary</a></p><h3 id="m16">com.onbis.TestCases.REG_NFPCM002_NFPCA_FileArticleOfAmendment#REG_NFPCM002_NFPCA_FileArticleOfAmendment ( REG_NFPCM002_NFPCA_FileArticleOfAmendment )</h3><table class="result"><tr><th>Messages</th></tr><tr><td><div class="messages">Admin Portal build number is: 2.1.5.1 :: 2.1.5.1 :: 2024/03/01 11:42<br/>-------: REG_NFPCM002_NFPCA_FileArticleOfAmendment-&gt; <br/>Ontario Corporation Number (OCN) number is: 1000014889<br/>Incorporate an Ontario Not-for-Profit Corporation Corporation Number (OCN) number is: 1000014889<br/>Transaction Number is :APP-A10002035206</div></td></tr></table><p class="totop"><a href="#summary">back to summary</a></p><h3 id="m17">com.onbis.TestCases.REG_NFPCM006_NFPCA_AuthorizationToContinueOut#REG_NFPCM006_NFPCA_AuthorizationToContinueOut ( REG_NFPCM006_NFPCA_AuthorizationToContinueOut )</h3><table class="result"><tr><th>Messages</th></tr><tr><td><div class="messages">Admin Portal build number is: 2.1.5.1 :: 2.1.5.1 :: 2024/03/01 11:42<br/>-------: REG_NFPCM006_NFPCA_AuthorizationToContinueOut-&gt; <br/>Ontario Corporation Number (OCN) number is: 1000014890<br/>Incorporate an Ontario Not-for-Profit Corporation Corporation Number (OCN) number is: 1000014890<br/>Transaction Number is :APP-A10002035497</div></td></tr></table><p class="totop"><a href="#summary">back to summary</a></p><h3 id="m18">com.onbis.TestCases.REG_NFPCM010_NFPCA_FileArticlesOfDissolution#REG_NFPCM010_NFPCA_FileArticlesOfDissolution ( REG_NFPCM010_NFPCA_FileArticlesOfDissolution )</h3><table class="result"><tr><th>Messages</th></tr><tr><td><div class="messages">Admin Portal build number is: 2.1.5.1 :: 2.1.5.1 :: 2024/03/01 11:42<br/>-------: REG_NFPCM010_NFPCA_FileArticlesOfDissolution-&gt; <br/>Ontario Corporation Number (OCN) number is: 1000014891<br/>Incorporate an Ontario Not-for-Profit Corporation Corporation Number (OCN) number is: 1000014891<br/>Search Result for: 10000148911000014891 ONTARIO NOT-FOR-PROFIT (1000014891)<br/>View Corporation name and number is: 1000014891 ONTARIO NOT-FOR-PROFIT<br/>File Articles Of Dissolution status is: Inactive - Voluntary Dissolution</div></td></tr></table><p class="totop"><a href="#summary">back to summary</a></p><h3 id="m19">com.onbis.TestCases.REG_NFPCM012_NFPCA_WindingUpNotForProfitCorporation#REG_NFPCM012_NFPCA_WindingUpNotForProfitCorporation ( REG_NFPCM012_NFPCA_WindingUpNotForProfitCorporation )</h3><table class="result"><tr><th>Messages</th></tr><tr><td><div class="messages">Admin Portal build number is: 2.1.5.1 :: 2.1.5.1 :: 2024/03/01 11:42<br/>-------: REG_NFPCM012_NFPCA_WindingUpNotForProfitCorporation-&gt; <br/>Ontario Corporation Number (OCN) number is: 1000014892<br/>Incorporate an Ontario Not-for-Profit Corporation Corporation Number (OCN) number is: 1000014892<br/>Search Result for: 10000148921000014892 ONTARIO NOT-FOR-PROFIT (1000014892)<br/>Winding Up of a Not For Profit Corporation Name and Number is :1000014892 ONTARIO NOT-FOR-PROFIT (1000014892)<br/>Transaction Number is :APP-A10002035982</div></td></tr></table><p class="totop"><a href="#summary">back to summary</a></p><h2>Onbis-Regression-SOAB Portal</h2><h2>Onbis-Regression-Partner Portal-Data Creation for Renewal</h2><h2>Onbis-Regression-Partner Portal- Renewal</h2><h2>Onbis-CR Regression Test - November 2022 Release</h2><h2>Onbis-CR Regression Test - February 2023 Release</h2></body></html>