<!DOCTYPE html PUBLIC "-//W3C//DTD XHTML 1.1//EN" "http://www.w3.org/TR/xhtml11/DTD/xhtml11.dtd">
<html xmlns="http://www.w3.org/1999/xhtml"><head><title>ONBIS E2E Test Results</title><style type="text/css">@import url(https://fonts.googleapis.com/css?family=Open+Sans);

body {
    font-family: "Open Sans", sans-serif;
    margin: 0;
}

table {
    margin-left: 10%;
    margin-top: 64px;
    margin-bottom: 64px;
    border-collapse: collapse;
    empty-cells: show;
}

th, td {
    border: 1px solid #009;
    padding: .25em .5em;
    font-weight: normal;
}

/* Style the first rows of the table */
table:first-of-type tr:first-of-type,
table#summary thead tr:first-of-type,
table.result tbody tr:first-of-type {
    background-color: #b2817b; / * #666; */
    color: white;
    font-weight: lighter;
    height: 4em;
    padding-left: 1em;
    padding-right: 1em;
}

/* Hide "MoL Tests" row */
table:first-of-type tr:nth-child(2),
table#summary tbody:first-of-type tr{
    display: none;
}

table#summary tbody th {
    padding-top:32px;
    text-align: left;
    font-weight: bold;
}

table:first-of-type tr:last-of-type {
    border-top: 2px solid #979797;
    background-color: #E6E6E6;
}

td {
    vertical-align: top;
}

.stripe td {
    background-color: #EFEFEF;
}

.num {
    text-align: right;
}

.passedodd td {
    background-color: #3F3;
}

.passedeven td {
    background-color: #0A0;
}

.skippedodd td {
    background-color: #DDD;
}

.skippedeven td {
    background-color: #CCC;
}

.failedodd td {
    background-color: #F33;
}

.failedeven td, .stripe {
    background-color: #D00;
}

h2, h3 {
    margin-left: 10%;
    font-weight: normal;
}

table.result th {
    text-align: left;
}

table.result {
    margin-left: 10%;
    margin-bottom: 32px;
}

.stacktrace {
    overflow: auto;
    width: 1024px;
    white-space: pre;
    font-family: "Courier New";
}

/* back to summary */
.totop {
    font-size: 85%;
    text-align: center;
    border-bottom: 0.625rem solid #7bb29c;       /* 979797; */
    width: 80%;
    margin-left: auto;
    margin-right: auto;
    padding-bottom: 1rem;
}

#header {
    background-color: #333;
    padding: 8px 8px 8px 64px;
    color: white;
}
#header span#logo {
    padding-left:32px;
    font-size: 1.45em;
    color: #eee;
}</style></head><body><div id='header'><img src='images/logo.png' width='128px'><span id='logo'><b>ONBIS E2E Test Results</b></span></div><div id='header'> Reporting Date & Time           : 14-May-2024 12:35:PM</span></div><div id='header'> Test Execution Host Name &  IP  : ON34C03174383/10.61.5.35</span></div><div id='header'> Test Execution OS Name: Windows 10</span></div><div id='header'> Test Execution Java Version     : 1.8.0_281</span></div><div id='header'> Test Execution User Name        : MustofG</span></div><div id='header'> Test Execution Environment      : UAT</span></div><table><tr><th><b><ins>Test Suite<b></ins></th><th><font color="green"><b><ins>Passed</font color><b></ins></th><th><font color="yellow"><b><ins>Skipped</font color><b></ins></th><th><font color="red"><b><ins>Failed</font color><b></ins></th><th><font color="blue"><b><ins>D:HH:MM:SS</font color><b></ins></th><th><b><ins>Included Groups<b></ins></th><th><b><ins>Excluded Groups<b></ins></th></tr><tr><th colspan="7">Onbis E2E Tests</th></tr><tr><td><a href="#t0">Onbis-Sanity-PartnerPortal-Chrome</a></td><td class="num">0</td><td class="num">0</td><td class="num">0</td><td class="num">0:00:00:00</td><td></td><td></td></tr><tr class="stripe"><td><a href="#t1">Onbis-Sanity-SOAB Portal-Chrome - SOAB Account Incorporate Tests </a></td><td class="num">0</td><td class="num">0</td><td class="num">0</td><td class="num">0:00:00:00</td><td></td><td></td></tr><tr><td><a href="#t2">Onbis-Sanity-SOAdmin-Chrome</a></td><td class="num">0</td><td class="num">0</td><td class="num">0</td><td class="num">0:00:00:00</td><td></td><td></td></tr><tr class="stripe"><td><a href="#t3">Onbis-Regression-Partner Portal</a></td><td class="num">4</td><td class="num">0</td><td class="num attn">2</td><td class="num">0:00:28:43</td><td></td><td></td></tr><tr><td><a href="#t4">Onbis-Regression-Admin Portal</a></td><td class="num">0</td><td class="num">0</td><td class="num">0</td><td class="num">0:00:00:00</td><td></td><td></td></tr><tr class="stripe"><td><a href="#t5">Onbis-Regression-SOAB Portal</a></td><td class="num">0</td><td class="num">0</td><td class="num">0</td><td class="num">0:00:00:00</td><td></td><td></td></tr><tr><td><a href="#t6">Onbis-Regression-Partner Portal-Data Creation for Renewal</a></td><td class="num">0</td><td class="num">0</td><td class="num">0</td><td class="num">0:00:00:00</td><td></td><td></td></tr><tr class="stripe"><td><a href="#t7">Onbis-Regression-Partner Portal- Renewal</a></td><td class="num">0</td><td class="num">0</td><td class="num">0</td><td class="num">0:00:00:00</td><td></td><td></td></tr><tr><td><a href="#t8">Onbis-CR Regression Test - November 2022 Release</a></td><td class="num">0</td><td class="num">0</td><td class="num">0</td><td class="num">0:00:00:00</td><td></td><td></td></tr><tr class="stripe"><td><a href="#t9">Onbis-CR Regression Test - February 2023 Release</a></td><td class="num">0</td><td class="num">0</td><td class="num">0</td><td class="num">0:00:00:00</td><td></td><td></td></tr><tr><th><b>Total :-------><b></th><th class="num">4</th><th class="num">0</th><th class="num attn">2</th><th class="num">0:00:28:43</th><th colspan="2"></th></tr></table><table><thead><tr><th><b><ins>Class Name<b></ins></th><th><b><ins>Method Name<b></ins></th><th><b><ins>Test Name<b></ins></th><th><b><ins>Test Starts<b></ins></th><th><font color="blue"><b><ins>D:HH:MM:SS</font color><b></ins></th></tr></thead><tbody><tr><th colspan="5">Onbis E2E Tests</th></tr></tbody><tbody id="t0"></tbody><tbody id="t1"></tbody><tbody id="t2"></tbody><tbody id="t3"><tr><th colspan="5">Onbis-Regression-Partner Portal &#8212; failed</th></tr><tr class="failedeven"><td rowspan="1">com.onbis.TestCases.PSM005_CancelAnOntarioLimitedPartnershipDeclaration</td><td><a href="#m0">PSM005_CancelAnOntarioLimitedPartnershipDeclaration</a></td><td rowspan="1">PSM005_CancelAnOntarioLimitedPartnershipDeclaration</td><td rowspan="1">12:29:12 PM</td><td rowspan="1">0:00:06:44</td></tr><tr class="failedodd"><td rowspan="1">com.onbis.TestCases.PSM007_AmendARegistrationOfAFirmNameForAGeneralPartnership</td><td><a href="#m1">PSM007_AmendARegistrationOfAFirmNameForAGeneralPartnership</a></td><td rowspan="1">PSM007_AmendARegistrationOfAFirmNameForAGeneralPartnership</td><td rowspan="1">12:23:28 PM</td><td rowspan="1">0:00:05:38</td></tr><tr><th colspan="5">Onbis-Regression-Partner Portal &#8212; passed</th></tr><tr class="passedeven"><td rowspan="1">com.onbis.TestCases.BNM003_CancelARegistrationOfABusinessNameForASoleProprietorship</td><td><a href="#m2">BNM003_CancelARegistrationOfABusinessNameForASoleProprietorship</a></td><td rowspan="1">BNM003_CancelARegistrationOfABusinessNameForASoleProprietorship</td><td rowspan="1">12:15:39 PM</td><td rowspan="1">0:00:03:08</td></tr><tr class="passedodd"><td rowspan="1">com.onbis.TestCases.BNM010_AmendABusinessNameRegistrationForACorporation</td><td><a href="#m3">BNM010_AmendABusinessNameRegistrationForACorporation</a></td><td rowspan="1">BNM010_AmendABusinessNameRegistrationForACorporation</td><td rowspan="1">12:18:50 PM</td><td rowspan="1">0:00:04:35</td></tr><tr class="passedeven"><td rowspan="1">com.onbis.TestCases.BNM013_AmendRegistrationOfABusinessNameForALimitedPartnership</td><td><a href="#m4">BNM013_AmendRegistrationOfABusinessNameForALimitedPartnership</a></td><td rowspan="1">BNM013_AmendRegistrationOfABusinessNameForALimitedPartnership</td><td rowspan="1">12:07:18 PM</td><td rowspan="1">0:00:03:29</td></tr><tr class="passedodd"><td rowspan="1">com.onbis.TestCases.BNM016_Cancel_ARegistrationOfABusinessNameForAPartnership</td><td><a href="#m5">BNM016_Cancel_ARegistrationOfABusinessNameForAPartnership</a></td><td rowspan="1">BNM016_Cancel_ARegistrationOfABusinessNameForAPartnership</td><td rowspan="1">12:10:50 PM</td><td rowspan="1">0:00:04:46</td></tr></tbody><tbody id="t4"></tbody><tbody id="t5"></tbody><tbody id="t6"></tbody><tbody id="t7"></tbody><tbody id="t8"></tbody><tbody id="t9"></tbody></table><h2>Onbis-Sanity-PartnerPortal-Chrome</h2><h2>Onbis-Sanity-SOAB Portal-Chrome - SOAB Account Incorporate Tests </h2><h2>Onbis-Sanity-SOAdmin-Chrome</h2><h2>Onbis-Regression-Partner Portal</h2><h3 id="m0">com.onbis.TestCases.PSM005_CancelAnOntarioLimitedPartnershipDeclaration#PSM005_CancelAnOntarioLimitedPartnershipDeclaration ( PSM005_CancelAnOntarioLimitedPartnershipDeclaration )</h3><table class="result"><tr class="param"><th>Parameter #1</th></tr><tr class="param stripe"><td>chrome</td></tr><tr><th>Messages</th></tr><tr><td><div class="messages">PartnerPortal build number is: 2.1.4.4 :: 2.1.4.4 :: 2024/04/03 13:48<br/>Business name and number is: RGJK6HGJT55S5J5DD (1000634053)<br/>Updated Business corporation name is: P4GGHQ1ATSK9ZU2LO</div></td></tr><tr><th>Exception</th></tr><tr><td><div class="stacktrace">org.openqa.selenium.NoSuchElementException: no such element: Unable to locate element: {&quot;method&quot;:&quot;xpath&quot;,&quot;selector&quot;:&quot;//span[contains(@class, &apos;appSpaces1&apos;) and contains(@class, &apos;appLines1&apos;) and contains(text(), &apos;Completed&apos;)]&quot;}
  (Session info: chrome=113.0.5672.127)
For documentation on this error, please visit: https://www.seleniumhq.org/exceptions/no_such_element.html
Build info: version: &apos;3.141.59&apos;, revision: &apos;e82be7d358&apos;, time: &apos;2018-11-14T08:17:03&apos;
System info: host: &apos;ON34C03174383&apos;, ip: &apos;10.61.5.35&apos;, os.name: &apos;Windows 10&apos;, os.arch: &apos;amd64&apos;, os.version: &apos;10.0&apos;, java.version: &apos;1.8.0_281&apos;
Driver info: org.openqa.selenium.chrome.ChromeDriver
Capabilities {acceptInsecureCerts: true, browserName: chrome, browserVersion: 113.0.5672.127, chrome: {chromedriverVersion: 113.0.5672.63 (0e1a4471d5ae..., userDataDir: C:\Users\MustofG\AppData\Lo...}, goog:chromeOptions: {debuggerAddress: localhost:50313}, javascriptEnabled: true, networkConnectionEnabled: false, pageLoadStrategy: normal, platform: WINDOWS, platformName: WINDOWS, proxy: Proxy(), setWindowRect: true, strictFileInteractability: false, timeouts: {implicit: 0, pageLoad: 300000, script: 30000}, unhandledPromptBehavior: dismiss and notify, webauthn:extension:credBlob: true, webauthn:extension:largeBlob: true, webauthn:extension:minPinLength: true, webauthn:extension:prf: true, webauthn:virtualAuthenticators: true}
Session ID: 9000c2292ecd2a58db838b4b0ddfe5e3
*** Element info: {Using=xpath, value=//span[contains(@class, &apos;appSpaces1&apos;) and contains(@class, &apos;appLines1&apos;) and contains(text(), &apos;Completed&apos;)]}
	at sun.reflect.NativeConstructorAccessorImpl.newInstance0(Native Method)
	at sun.reflect.NativeConstructorAccessorImpl.newInstance(NativeConstructorAccessorImpl.java:62)
	at sun.reflect.DelegatingConstructorAccessorImpl.newInstance(DelegatingConstructorAccessorImpl.java:45)
	at java.lang.reflect.Constructor.newInstance(Constructor.java:423)
	at org.openqa.selenium.remote.http.W3CHttpResponseCodec.createException(W3CHttpResponseCodec.java:187)
	at org.openqa.selenium.remote.http.W3CHttpResponseCodec.decode(W3CHttpResponseCodec.java:122)
	at org.openqa.selenium.remote.http.W3CHttpResponseCodec.decode(W3CHttpResponseCodec.java:49)
	at org.openqa.selenium.remote.HttpCommandExecutor.execute(HttpCommandExecutor.java:158)
	at org.openqa.selenium.remote.service.DriverCommandExecutor.execute(DriverCommandExecutor.java:83)
	at org.openqa.selenium.remote.RemoteWebDriver.execute(RemoteWebDriver.java:552)
	at org.openqa.selenium.remote.RemoteWebDriver.findElement(RemoteWebDriver.java:323)
	at org.openqa.selenium.remote.RemoteWebDriver.findElementByXPath(RemoteWebDriver.java:428)
	at org.openqa.selenium.By$ByXPath.findElement(By.java:353)
	at org.openqa.selenium.remote.RemoteWebDriver.findElement(RemoteWebDriver.java:315)
	at com.onbis.Pages.SOIncorporateOntarioBusinessCorporationPage.CompletedOCNwriteToCSV(SOIncorporateOntarioBusinessCorporationPage.java:6874)
	at com.onbis.TestCases.PSM005_CancelAnOntarioLimitedPartnershipDeclaration.PSM005_CancelAnOntarioLimitedPartnershipDeclaration(PSM005_CancelAnOntarioLimitedPartnershipDeclaration.java:50)
	at sun.reflect.NativeMethodAccessorImpl.invoke0(Native Method)
	at sun.reflect.NativeMethodAccessorImpl.invoke(NativeMethodAccessorImpl.java:62)
	at sun.reflect.DelegatingMethodAccessorImpl.invoke(DelegatingMethodAccessorImpl.java:43)
	at java.lang.reflect.Method.invoke(Method.java:498)
	at org.testng.internal.MethodInvocationHelper.invokeMethod(MethodInvocationHelper.java:124)
	at org.testng.internal.Invoker.invokeMethod(Invoker.java:583)
	at org.testng.internal.Invoker.invokeTestMethod(Invoker.java:719)
	at org.testng.internal.Invoker.invokeTestMethods(Invoker.java:989)
	at org.testng.internal.TestMethodWorker.invokeTestMethods(TestMethodWorker.java:125)
	at org.testng.internal.TestMethodWorker.run(TestMethodWorker.java:109)
	at org.testng.TestRunner.privateRun(TestRunner.java:648)
	at org.testng.TestRunner.run(TestRunner.java:505)
	at org.testng.SuiteRunner.runTest(SuiteRunner.java:455)
	at org.testng.SuiteRunner.runSequentially(SuiteRunner.java:450)
	at org.testng.SuiteRunner.privateRun(SuiteRunner.java:415)
	at org.testng.SuiteRunner.run(SuiteRunner.java:364)
	at org.testng.SuiteRunnerWorker.runSuite(SuiteRunnerWorker.java:52)
	at org.testng.SuiteRunnerWorker.run(SuiteRunnerWorker.java:84)
	at org.testng.TestNG.runSuitesSequentially(TestNG.java:1208)
	at org.testng.TestNG.runSuitesLocally(TestNG.java:1137)
	at org.testng.TestNG.runSuites(TestNG.java:1049)
	at org.testng.TestNG.run(TestNG.java:1017)
	at com.intellij.rt.testng.IDEARemoteTestNG.run(IDEARemoteTestNG.java:65)
	at com.intellij.rt.testng.RemoteTestNGStarter.main(RemoteTestNGStarter.java:105)
</div></td></tr></table><p class="totop"><a href="#summary">back to summary</a></p><h3 id="m1">com.onbis.TestCases.PSM007_AmendARegistrationOfAFirmNameForAGeneralPartnership#PSM007_AmendARegistrationOfAFirmNameForAGeneralPartnership ( PSM007_AmendARegistrationOfAFirmNameForAGeneralPartnership )</h3><table class="result"><tr class="param"><th>Parameter #1</th></tr><tr class="param stripe"><td>chrome</td></tr><tr><th>Messages</th></tr><tr><td><div class="messages">PartnerPortal build number is: 2.1.4.4 :: 2.1.4.4 :: 2024/04/03 13:48<br/>Business name and number is: TI61QMJD30LENW4GX (1000634051)<br/>Updated Business corporation name is: O6VPDWHOFZY7RVTUY</div></td></tr><tr><th>Exception</th></tr><tr><td><div class="stacktrace">org.openqa.selenium.NoSuchElementException: no such element: Unable to locate element: {&quot;method&quot;:&quot;xpath&quot;,&quot;selector&quot;:&quot;//span[contains(@class, &apos;appSpaces1&apos;) and contains(@class, &apos;appLines1&apos;) and contains(text(), &apos;Completed&apos;)]&quot;}
  (Session info: chrome=113.0.5672.127)
For documentation on this error, please visit: https://www.seleniumhq.org/exceptions/no_such_element.html
Build info: version: &apos;3.141.59&apos;, revision: &apos;e82be7d358&apos;, time: &apos;2018-11-14T08:17:03&apos;
System info: host: &apos;ON34C03174383&apos;, ip: &apos;10.61.5.35&apos;, os.name: &apos;Windows 10&apos;, os.arch: &apos;amd64&apos;, os.version: &apos;10.0&apos;, java.version: &apos;1.8.0_281&apos;
Driver info: org.openqa.selenium.chrome.ChromeDriver
Capabilities {acceptInsecureCerts: true, browserName: chrome, browserVersion: 113.0.5672.127, chrome: {chromedriverVersion: 113.0.5672.63 (0e1a4471d5ae..., userDataDir: C:\Users\MustofG\AppData\Lo...}, goog:chromeOptions: {debuggerAddress: localhost:49750}, javascriptEnabled: true, networkConnectionEnabled: false, pageLoadStrategy: normal, platform: WINDOWS, platformName: WINDOWS, proxy: Proxy(), setWindowRect: true, strictFileInteractability: false, timeouts: {implicit: 0, pageLoad: 300000, script: 30000}, unhandledPromptBehavior: dismiss and notify, webauthn:extension:credBlob: true, webauthn:extension:largeBlob: true, webauthn:extension:minPinLength: true, webauthn:extension:prf: true, webauthn:virtualAuthenticators: true}
Session ID: 7caae3c99876eb1a6200a39e7a34b949
*** Element info: {Using=xpath, value=//span[contains(@class, &apos;appSpaces1&apos;) and contains(@class, &apos;appLines1&apos;) and contains(text(), &apos;Completed&apos;)]}
	at sun.reflect.NativeConstructorAccessorImpl.newInstance0(Native Method)
	at sun.reflect.NativeConstructorAccessorImpl.newInstance(NativeConstructorAccessorImpl.java:62)
	at sun.reflect.DelegatingConstructorAccessorImpl.newInstance(DelegatingConstructorAccessorImpl.java:45)
	at java.lang.reflect.Constructor.newInstance(Constructor.java:423)
	at org.openqa.selenium.remote.http.W3CHttpResponseCodec.createException(W3CHttpResponseCodec.java:187)
	at org.openqa.selenium.remote.http.W3CHttpResponseCodec.decode(W3CHttpResponseCodec.java:122)
	at org.openqa.selenium.remote.http.W3CHttpResponseCodec.decode(W3CHttpResponseCodec.java:49)
	at org.openqa.selenium.remote.HttpCommandExecutor.execute(HttpCommandExecutor.java:158)
	at org.openqa.selenium.remote.service.DriverCommandExecutor.execute(DriverCommandExecutor.java:83)
	at org.openqa.selenium.remote.RemoteWebDriver.execute(RemoteWebDriver.java:552)
	at org.openqa.selenium.remote.RemoteWebDriver.findElement(RemoteWebDriver.java:323)
	at org.openqa.selenium.remote.RemoteWebDriver.findElementByXPath(RemoteWebDriver.java:428)
	at org.openqa.selenium.By$ByXPath.findElement(By.java:353)
	at org.openqa.selenium.remote.RemoteWebDriver.findElement(RemoteWebDriver.java:315)
	at com.onbis.Pages.SOIncorporateOntarioBusinessCorporationPage.CompletedOCNwriteToCSV(SOIncorporateOntarioBusinessCorporationPage.java:6874)
	at com.onbis.TestCases.PSM007_AmendARegistrationOfAFirmNameForAGeneralPartnership.PSM007_AmendARegistrationOfAFirmNameForAGeneralPartnership(PSM007_AmendARegistrationOfAFirmNameForAGeneralPartnership.java:52)
	at sun.reflect.NativeMethodAccessorImpl.invoke0(Native Method)
	at sun.reflect.NativeMethodAccessorImpl.invoke(NativeMethodAccessorImpl.java:62)
	at sun.reflect.DelegatingMethodAccessorImpl.invoke(DelegatingMethodAccessorImpl.java:43)
	at java.lang.reflect.Method.invoke(Method.java:498)
	at org.testng.internal.MethodInvocationHelper.invokeMethod(MethodInvocationHelper.java:124)
	at org.testng.internal.Invoker.invokeMethod(Invoker.java:583)
	at org.testng.internal.Invoker.invokeTestMethod(Invoker.java:719)
	at org.testng.internal.Invoker.invokeTestMethods(Invoker.java:989)
	at org.testng.internal.TestMethodWorker.invokeTestMethods(TestMethodWorker.java:125)
	at org.testng.internal.TestMethodWorker.run(TestMethodWorker.java:109)
	at org.testng.TestRunner.privateRun(TestRunner.java:648)
	at org.testng.TestRunner.run(TestRunner.java:505)
	at org.testng.SuiteRunner.runTest(SuiteRunner.java:455)
	at org.testng.SuiteRunner.runSequentially(SuiteRunner.java:450)
	at org.testng.SuiteRunner.privateRun(SuiteRunner.java:415)
	at org.testng.SuiteRunner.run(SuiteRunner.java:364)
	at org.testng.SuiteRunnerWorker.runSuite(SuiteRunnerWorker.java:52)
	at org.testng.SuiteRunnerWorker.run(SuiteRunnerWorker.java:84)
	at org.testng.TestNG.runSuitesSequentially(TestNG.java:1208)
	at org.testng.TestNG.runSuitesLocally(TestNG.java:1137)
	at org.testng.TestNG.runSuites(TestNG.java:1049)
	at org.testng.TestNG.run(TestNG.java:1017)
	at com.intellij.rt.testng.IDEARemoteTestNG.run(IDEARemoteTestNG.java:65)
	at com.intellij.rt.testng.RemoteTestNGStarter.main(RemoteTestNGStarter.java:105)
</div></td></tr></table><p class="totop"><a href="#summary">back to summary</a></p><h3 id="m2">com.onbis.TestCases.BNM003_CancelARegistrationOfABusinessNameForASoleProprietorship#BNM003_CancelARegistrationOfABusinessNameForASoleProprietorship ( BNM003_CancelARegistrationOfABusinessNameForASoleProprietorship )</h3><table class="result"><tr><th>Messages</th></tr><tr><td><div class="messages">PartnerPortal build number is: 2.1.4.4 :: 2.1.4.4 :: 2024/04/03 13:48<br/>Business name and number is: PMG1I0PEOIWDJL3LD (1000634048)<br/>Business name and number is: APP-A10267541472</div></td></tr></table><p class="totop"><a href="#summary">back to summary</a></p><h3 id="m3">com.onbis.TestCases.BNM010_AmendABusinessNameRegistrationForACorporation#BNM010_AmendABusinessNameRegistrationForACorporation ( BNM010_AmendABusinessNameRegistrationForACorporation )</h3><table class="result"><tr class="param"><th>Parameter #1</th></tr><tr class="param stripe"><td>chrome</td></tr><tr><th>Messages</th></tr><tr><td><div class="messages">PartnerPortal build number is: 2.1.4.4 :: 2.1.4.4 :: 2024/04/03 13:48<br/>Business name and number is: BZ7DQBIINTL145YJE9790 TEST INC. (1000634049)<br/>Updated Business corporation name is: ICRNACVEOTDWLBCG9<br/>Business name and number is: ICRNACVEOTDWLBCG9 (1000634050)</div></td></tr></table><p class="totop"><a href="#summary">back to summary</a></p><h3 id="m4">com.onbis.TestCases.BNM013_AmendRegistrationOfABusinessNameForALimitedPartnership#BNM013_AmendRegistrationOfABusinessNameForALimitedPartnership ( BNM013_AmendRegistrationOfABusinessNameForALimitedPartnership )</h3><table class="result"><tr><th>Messages</th></tr><tr><td><div class="messages">PartnerPortal build number is: 2.1.4.4 :: 2.1.4.4 :: 2024/04/03 13:48<br/>Business name and number is: ZGWWEO8WGVCV5TKBT LLP (1000634045)</div></td></tr></table><p class="totop"><a href="#summary">back to summary</a></p><h3 id="m5">com.onbis.TestCases.BNM016_Cancel_ARegistrationOfABusinessNameForAPartnership#BNM016_Cancel_ARegistrationOfABusinessNameForAPartnership ( BNM016_Cancel_ARegistrationOfABusinessNameForAPartnership )</h3><table class="result"><tr class="param"><th>Parameter #1</th></tr><tr class="param stripe"><td>chrome</td></tr><tr><th>Messages</th></tr><tr><td><div class="messages">PartnerPortal build number is: 2.1.4.4 :: 2.1.4.4 :: 2024/04/03 13:48<br/>Business name and number is: ZG3X7PX6LUT6QT8B4 (1000634046)<br/>Updated Business corporation name is: 1QLOGN45YL6EAEUYJ<br/>Business name and number is: 1QLOGN45YL6EAEUYJ (1000634047)</div></td></tr></table><p class="totop"><a href="#summary">back to summary</a></p><h2>Onbis-Regression-Admin Portal</h2><h2>Onbis-Regression-SOAB Portal</h2><h2>Onbis-Regression-Partner Portal-Data Creation for Renewal</h2><h2>Onbis-Regression-Partner Portal- Renewal</h2><h2>Onbis-CR Regression Test - November 2022 Release</h2><h2>Onbis-CR Regression Test - February 2023 Release</h2></body></html>