<!DOCTYPE html PUBLIC "-//W3C//DTD XHTML 1.1//EN" "http://www.w3.org/TR/xhtml11/DTD/xhtml11.dtd">
<html xmlns="http://www.w3.org/1999/xhtml"><head><title>ONBIS E2E Test Results</title><style type="text/css">@import url(https://fonts.googleapis.com/css?family=Open+Sans);

body {
    font-family: "Open Sans", sans-serif;
    margin: 0;
}

table {
    margin-left: 10%;
    margin-top: 64px;
    margin-bottom: 64px;
    border-collapse: collapse;
    empty-cells: show;
}

th, td {
    border: 1px solid #009;
    padding: .25em .5em;
    font-weight: normal;
}

/* Style the first rows of the table */
table:first-of-type tr:first-of-type,
table#summary thead tr:first-of-type,
table.result tbody tr:first-of-type {
    background-color: #b2817b; / * #666; */
    color: white;
    font-weight: lighter;
    height: 4em;
    padding-left: 1em;
    padding-right: 1em;
}

/* Hide "MoL Tests" row */
table:first-of-type tr:nth-child(2),
table#summary tbody:first-of-type tr{
    display: none;
}

table#summary tbody th {
    padding-top:32px;
    text-align: left;
    font-weight: bold;
}

table:first-of-type tr:last-of-type {
    border-top: 2px solid #979797;
    background-color: #E6E6E6;
}

td {
    vertical-align: top;
}

.stripe td {
    background-color: #EFEFEF;
}

.num {
    text-align: right;
}

.passedodd td {
    background-color: #3F3;
}

.passedeven td {
    background-color: #0A0;
}

.skippedodd td {
    background-color: #DDD;
}

.skippedeven td {
    background-color: #CCC;
}

.failedodd td {
    background-color: #F33;
}

.failedeven td, .stripe {
    background-color: #D00;
}

h2, h3 {
    margin-left: 10%;
    font-weight: normal;
}

table.result th {
    text-align: left;
}

table.result {
    margin-left: 10%;
    margin-bottom: 32px;
}

.stacktrace {
    overflow: auto;
    width: 1024px;
    white-space: pre;
    font-family: "Courier New";
}

/* back to summary */
.totop {
    font-size: 85%;
    text-align: center;
    border-bottom: 0.625rem solid #7bb29c;       /* 979797; */
    width: 80%;
    margin-left: auto;
    margin-right: auto;
    padding-bottom: 1rem;
}

#header {
    background-color: #333;
    padding: 8px 8px 8px 64px;
    color: white;
}
#header span#logo {
    padding-left:32px;
    font-size: 1.45em;
    color: #eee;
}</style></head><body><div id='header'><img src='images/logo.png' width='128px'><span id='logo'><b>ONBIS E2E Test Results</b></span></div><div id='header'> Reporting Date & Time           : 09-Apr-2024 11:15:AM</span></div><div id='header'> Test Execution Host Name &  IP  : ON34C03174383/10.61.32.27</span></div><div id='header'> Test Execution OS Name: Windows 10</span></div><div id='header'> Test Execution Java Version     : 1.8.0_281</span></div><div id='header'> Test Execution User Name        : MustofG</span></div><div id='header'> Test Execution Environment      : UAT</span></div><table><tr><th><b><ins>Test Suite<b></ins></th><th><font color="green"><b><ins>Passed</font color><b></ins></th><th><font color="yellow"><b><ins>Skipped</font color><b></ins></th><th><font color="red"><b><ins>Failed</font color><b></ins></th><th><font color="blue"><b><ins>D:HH:MM:SS</font color><b></ins></th><th><b><ins>Included Groups<b></ins></th><th><b><ins>Excluded Groups<b></ins></th></tr><tr><th colspan="7">Onbis E2E Tests</th></tr><tr><td><a href="#t0">Onbis-Sanity-PartnerPortal-Chrome</a></td><td class="num">0</td><td class="num">0</td><td class="num">0</td><td class="num">0:00:00:00</td><td></td><td></td></tr><tr class="stripe"><td><a href="#t1">Onbis-Sanity-SOAB Portal-Chrome - SOAB Account Incorporate Tests </a></td><td class="num">0</td><td class="num">0</td><td class="num">0</td><td class="num">0:00:00:00</td><td></td><td></td></tr><tr><td><a href="#t2">Onbis-Sanity-SOAdmin-Chrome</a></td><td class="num">0</td><td class="num">0</td><td class="num">0</td><td class="num">0:00:00:00</td><td></td><td></td></tr><tr class="stripe"><td><a href="#t3">Onbis-Regression-Partner Portal</a></td><td class="num">0</td><td class="num">0</td><td class="num">0</td><td class="num">0:00:00:00</td><td></td><td></td></tr><tr><td><a href="#t4">Onbis-Regression-Admin Portal</a></td><td class="num">0</td><td class="num">0</td><td class="num">0</td><td class="num">0:00:00:00</td><td></td><td></td></tr><tr class="stripe"><td><a href="#t5">Onbis-Regression-SOAB Portal</a></td><td class="num">0</td><td class="num">0</td><td class="num">0</td><td class="num">0:00:00:00</td><td></td><td></td></tr><tr><td><a href="#t6">Onbis-Regression-Partner Portal-Data Creation for Renewal</a></td><td class="num">0</td><td class="num">0</td><td class="num">0</td><td class="num">0:00:00:00</td><td></td><td></td></tr><tr class="stripe"><td><a href="#t7">Onbis-Regression-Partner Portal- Renewal</a></td><td class="num">0</td><td class="num">0</td><td class="num">0</td><td class="num">0:00:00:00</td><td></td><td></td></tr><tr><td><a href="#t8">Onbis-CR Regression Test - November 2022 Release</a></td><td class="num">0</td><td class="num">0</td><td class="num attn">2</td><td class="num">0:00:13:43</td><td></td><td></td></tr><tr class="stripe"><td><a href="#t9">Onbis-CR Regression Test - February 2023 Release</a></td><td class="num">1</td><td class="num">0</td><td class="num">0</td><td class="num">0:00:07:34</td><td></td><td></td></tr><tr><th><b>Total :-------><b></th><th class="num">1</th><th class="num">0</th><th class="num attn">2</th><th class="num">0:00:21:18</th><th colspan="2"></th></tr></table><table><thead><tr><th><b><ins>Class Name<b></ins></th><th><b><ins>Method Name<b></ins></th><th><b><ins>Test Name<b></ins></th><th><b><ins>Test Starts<b></ins></th><th><font color="blue"><b><ins>D:HH:MM:SS</font color><b></ins></th></tr></thead><tbody><tr><th colspan="5">Onbis E2E Tests</th></tr></tbody><tbody id="t0"></tbody><tbody id="t1"></tbody><tbody id="t2"></tbody><tbody id="t3"></tbody><tbody id="t4"></tbody><tbody id="t5"></tbody><tbody id="t6"></tbody><tbody id="t7"></tbody><tbody id="t8"><tr><th colspan="5">Onbis-CR Regression Test - November 2022 Release &#8212; failed</th></tr><tr class="failedeven"><td rowspan="1">com.onbis.TestCases.CR_4258_EPForeignWithShare_EntityNameJurisdictionNonEditable_TC2</td><td><a href="#m0">CR_4258_EPForeignWithShare_EntityNameJurisdictionNonEditable_TC2</a></td><td rowspan="1">CR_4258_EPForeignWithShare_EntityNameJurisdictionNonEditable_TC2</td><td rowspan="1">10:54:12 AM</td><td rowspan="1">0:00:08:00</td></tr><tr class="failedodd"><td rowspan="1">com.onbis.TestCases.CR_4437_EPFCWithShare_FileArticlesOfContinuanceUnderBCA_RequestedPastDateForContinuance_TC1</td><td><a href="#m1">CR_4437_EPFCWithShare_FileArticlesOfContinuanceUnderBCA_RequestedPastDateForContinuance_TC1</a></td><td rowspan="1">CR_4437_EPFCWithShare_FileArticlesOfContinuanceUnderBCA_RequestedPastDateForContinuance_TC1</td><td rowspan="1">11:02:31 AM</td><td rowspan="1">0:00:05:06</td></tr></tbody><tbody id="t9"><tr><th colspan="5">Onbis-CR Regression Test - February 2023 Release &#8212; passed</th></tr><tr class="passedeven"><td rowspan="1">com.onbis.TestCases.CR_4751_ActiveNFPCA_WithActiveBusinessName_FileArticlesOfDissolution</td><td><a href="#m2">CR_4751_ActiveNFPCA_WithActiveBusinessName_FileArticlesOfDissolution</a></td><td rowspan="1">CR_4751_ActiveNFPCA_WithActiveBusinessName_FileArticlesOfDissolution</td><td rowspan="1">11:07:53 AM</td><td rowspan="1">0:00:07:25</td></tr></tbody></table><h2>Onbis-Sanity-PartnerPortal-Chrome</h2><h2>Onbis-Sanity-SOAB Portal-Chrome - SOAB Account Incorporate Tests </h2><h2>Onbis-Sanity-SOAdmin-Chrome</h2><h2>Onbis-Regression-Partner Portal</h2><h2>Onbis-Regression-Admin Portal</h2><h2>Onbis-Regression-SOAB Portal</h2><h2>Onbis-Regression-Partner Portal-Data Creation for Renewal</h2><h2>Onbis-Regression-Partner Portal- Renewal</h2><h2>Onbis-CR Regression Test - November 2022 Release</h2><h3 id="m0">com.onbis.TestCases.CR_4258_EPForeignWithShare_EntityNameJurisdictionNonEditable_TC2#CR_4258_EPForeignWithShare_EntityNameJurisdictionNonEditable_TC2 ( CR_4258_EPForeignWithShare_EntityNameJurisdictionNonEditable_TC2 )</h3><table class="result"><tr class="param"><th>Parameter #1</th></tr><tr class="param stripe"><td>chrome</td></tr><tr><th>Messages</th></tr><tr><td><div class="messages">-------: CR_4258_EPForeignWithShare_EntityNameJurisdictionNonEditable_TC2 -&gt; <br/>Admin Portal build number is: 2.1.4.4 :: 2.1.4.4 :: 2024/04/03 13:48<br/>Search Result for: 1000633095RH1K2FQNUWDCNH5TT7207 TEST INC. (1000633095)<br/>The &apos;File Articles of Continuance under the Business Corporations Act&apos; option is displayed in drop-down menu under the &apos;Make Changes&apos; Menu<br/>Authorization Date was inserted as: April 09, 2024</div></td></tr><tr><th>Exception</th></tr><tr><td><div class="stacktrace">org.openqa.selenium.ElementClickInterceptedException: element click intercepted: Element &lt;span style=&quot;background: lime; border: 3px solid red;&quot;&gt;...&lt;/span&gt; is not clickable at point (137, 642). Other element would receive the click: &lt;div class=&quot;appWizardButtonPad appButtonPad maintainContinueInAsONBusinessCorp-asyncContainer-wizardButtonPad appButtonPad appNotReadOnly appIndex1 appChildCount5&quot; id=&quot;nodeW1046&quot; aria-labelledby=&quot;nodeW1050&quot;&gt;...&lt;/div&gt;
  (Session info: chrome=113.0.5672.127)
Build info: version: &apos;3.141.59&apos;, revision: &apos;e82be7d358&apos;, time: &apos;2018-11-14T08:17:03&apos;
System info: host: &apos;ON34C03174383&apos;, ip: &apos;10.61.32.27&apos;, os.name: &apos;Windows 10&apos;, os.arch: &apos;amd64&apos;, os.version: &apos;10.0&apos;, java.version: &apos;1.8.0_281&apos;
Driver info: org.openqa.selenium.chrome.ChromeDriver
Capabilities {acceptInsecureCerts: true, browserName: chrome, browserVersion: 113.0.5672.127, chrome: {chromedriverVersion: 113.0.5672.63 (0e1a4471d5ae..., userDataDir: C:\Users\MustofG\AppData\Lo...}, goog:chromeOptions: {debuggerAddress: localhost:56918}, javascriptEnabled: true, networkConnectionEnabled: false, pageLoadStrategy: normal, platform: WINDOWS, platformName: WINDOWS, proxy: Proxy(), setWindowRect: true, strictFileInteractability: false, timeouts: {implicit: 0, pageLoad: 300000, script: 30000}, unhandledPromptBehavior: dismiss and notify, webauthn:extension:credBlob: true, webauthn:extension:largeBlob: true, webauthn:extension:minPinLength: true, webauthn:extension:prf: true, webauthn:virtualAuthenticators: true}
Session ID: fffa90f7ae10019aa307f44a65dc6731
	at sun.reflect.NativeConstructorAccessorImpl.newInstance0(Native Method)
	at sun.reflect.NativeConstructorAccessorImpl.newInstance(NativeConstructorAccessorImpl.java:62)
	at sun.reflect.DelegatingConstructorAccessorImpl.newInstance(DelegatingConstructorAccessorImpl.java:45)
	at java.lang.reflect.Constructor.newInstance(Constructor.java:423)
	at org.openqa.selenium.remote.http.W3CHttpResponseCodec.createException(W3CHttpResponseCodec.java:187)
	at org.openqa.selenium.remote.http.W3CHttpResponseCodec.decode(W3CHttpResponseCodec.java:122)
	at org.openqa.selenium.remote.http.W3CHttpResponseCodec.decode(W3CHttpResponseCodec.java:49)
	at org.openqa.selenium.remote.HttpCommandExecutor.execute(HttpCommandExecutor.java:158)
	at org.openqa.selenium.remote.service.DriverCommandExecutor.execute(DriverCommandExecutor.java:83)
	at org.openqa.selenium.remote.RemoteWebDriver.execute(RemoteWebDriver.java:552)
	at org.openqa.selenium.remote.RemoteWebElement.execute(RemoteWebElement.java:285)
	at org.openqa.selenium.remote.RemoteWebElement.click(RemoteWebElement.java:84)
	at sun.reflect.GeneratedMethodAccessor5.invoke(Unknown Source)
	at sun.reflect.DelegatingMethodAccessorImpl.invoke(DelegatingMethodAccessorImpl.java:43)
	at java.lang.reflect.Method.invoke(Method.java:498)
	at org.openqa.selenium.support.pagefactory.internal.LocatingElementHandler.invoke(LocatingElementHandler.java:51)
	at com.sun.proxy.$Proxy24.click(Unknown Source)
	at com.onbis.Helper.HelperMethods.staleElementClick(HelperMethods.java:343)
	at com.onbis.Pages.SOIncorporateOntarioBusinessCorporationPage.reviewAndAuthorization(SOIncorporateOntarioBusinessCorporationPage.java:1732)
	at com.onbis.TestCases.CR_4258_EPForeignWithShare_EntityNameJurisdictionNonEditable_TC2.CR_4258_EPForeignWithShare_EntityNameJurisdictionNonEditable_TC2(CR_4258_EPForeignWithShare_EntityNameJurisdictionNonEditable_TC2.java:95)
	at sun.reflect.NativeMethodAccessorImpl.invoke0(Native Method)
	at sun.reflect.NativeMethodAccessorImpl.invoke(NativeMethodAccessorImpl.java:62)
	at sun.reflect.DelegatingMethodAccessorImpl.invoke(DelegatingMethodAccessorImpl.java:43)
	at java.lang.reflect.Method.invoke(Method.java:498)
	at org.testng.internal.MethodInvocationHelper.invokeMethod(MethodInvocationHelper.java:124)
	at org.testng.internal.Invoker.invokeMethod(Invoker.java:583)
	at org.testng.internal.Invoker.invokeTestMethod(Invoker.java:719)
	at org.testng.internal.Invoker.invokeTestMethods(Invoker.java:989)
	at org.testng.internal.TestMethodWorker.invokeTestMethods(TestMethodWorker.java:125)
	at org.testng.internal.TestMethodWorker.run(TestMethodWorker.java:109)
	at org.testng.TestRunner.privateRun(TestRunner.java:648)
	at org.testng.TestRunner.run(TestRunner.java:505)
	at org.testng.SuiteRunner.runTest(SuiteRunner.java:455)
	at org.testng.SuiteRunner.runSequentially(SuiteRunner.java:450)
	at org.testng.SuiteRunner.privateRun(SuiteRunner.java:415)
	at org.testng.SuiteRunner.run(SuiteRunner.java:364)
	at org.testng.SuiteRunnerWorker.runSuite(SuiteRunnerWorker.java:52)
	at org.testng.SuiteRunnerWorker.run(SuiteRunnerWorker.java:84)
	at org.testng.TestNG.runSuitesSequentially(TestNG.java:1208)
	at org.testng.TestNG.runSuitesLocally(TestNG.java:1137)
	at org.testng.TestNG.runSuites(TestNG.java:1049)
	at org.testng.TestNG.run(TestNG.java:1017)
	at com.intellij.rt.testng.IDEARemoteTestNG.run(IDEARemoteTestNG.java:65)
	at com.intellij.rt.testng.RemoteTestNGStarter.main(RemoteTestNGStarter.java:105)
</div></td></tr></table><p class="totop"><a href="#summary">back to summary</a></p><h3 id="m1">com.onbis.TestCases.CR_4437_EPFCWithShare_FileArticlesOfContinuanceUnderBCA_RequestedPastDateForContinuance_TC1#CR_4437_EPFCWithShare_FileArticlesOfContinuanceUnderBCA_RequestedPastDateForContinuance_TC1 ( CR_4437_EPFCWithShare_FileArticlesOfContinuanceUnderBCA_RequestedPastDateForContinuance_TC1 )</h3><table class="result"><tr class="param"><th>Parameter #1</th></tr><tr class="param stripe"><td>chrome</td></tr><tr><th>Messages</th></tr><tr><td><div class="messages">-------: CR_4437_EPFCWithShare_FileArticlesOfContinuanceUnderBCA_RequestedPastDateForContinuance_TC1 -&gt; <br/>Admin Portal build number is: 2.1.4.4 :: 2.1.4.4 :: 2024/04/03 13:48<br/>Search Result for: 1000633098FHTZ2ITC32ZNU3N258279 TEST INC. (1000633098)<br/>The &apos;File Articles of Continuance under the Business Corporations Act&apos; option is displayed in drop-down menu under the &apos;Make Changes&apos; Menu</div></td></tr><tr><th>Exception</th></tr><tr><td><div class="stacktrace">org.openqa.selenium.TimeoutException: Expected condition failed: waiting for visibility of Proxy element for: DefaultElementLocator &apos;By.xpath: //label[text()=Director/Registrar&apos; (tried for 90 second(s) with 500 milliseconds interval)
	at org.openqa.selenium.support.ui.FluentWait.timeoutException(FluentWait.java:304)
	at org.openqa.selenium.support.ui.FluentWait.until(FluentWait.java:272)
	at com.onbis.Helper.HelperMethods.fluentLongerWaitAndCheckVisible(HelperMethods.java:108)
	at com.onbis.Pages.SOIncorporateOntarioBusinessCorporationPage.completeContactInformationRegistrarSave(SOIncorporateOntarioBusinessCorporationPage.java:1371)
	at com.onbis.TestCases.CR_4437_EPFCWithShare_FileArticlesOfContinuanceUnderBCA_RequestedPastDateForContinuance_TC1.CR_4437_EPFCWithShare_FileArticlesOfContinuanceUnderBCA_RequestedPastDateForContinuance_TC1(CR_4437_EPFCWithShare_FileArticlesOfContinuanceUnderBCA_RequestedPastDateForContinuance_TC1.java:57)
	at sun.reflect.NativeMethodAccessorImpl.invoke0(Native Method)
	at sun.reflect.NativeMethodAccessorImpl.invoke(NativeMethodAccessorImpl.java:62)
	at sun.reflect.DelegatingMethodAccessorImpl.invoke(DelegatingMethodAccessorImpl.java:43)
	at java.lang.reflect.Method.invoke(Method.java:498)
	at org.testng.internal.MethodInvocationHelper.invokeMethod(MethodInvocationHelper.java:124)
	at org.testng.internal.Invoker.invokeMethod(Invoker.java:583)
	at org.testng.internal.Invoker.invokeTestMethod(Invoker.java:719)
	at org.testng.internal.Invoker.invokeTestMethods(Invoker.java:989)
	at org.testng.internal.TestMethodWorker.invokeTestMethods(TestMethodWorker.java:125)
	at org.testng.internal.TestMethodWorker.run(TestMethodWorker.java:109)
	at org.testng.TestRunner.privateRun(TestRunner.java:648)
	at org.testng.TestRunner.run(TestRunner.java:505)
	at org.testng.SuiteRunner.runTest(SuiteRunner.java:455)
	at org.testng.SuiteRunner.runSequentially(SuiteRunner.java:450)
	at org.testng.SuiteRunner.privateRun(SuiteRunner.java:415)
	at org.testng.SuiteRunner.run(SuiteRunner.java:364)
	at org.testng.SuiteRunnerWorker.runSuite(SuiteRunnerWorker.java:52)
	at org.testng.SuiteRunnerWorker.run(SuiteRunnerWorker.java:84)
	at org.testng.TestNG.runSuitesSequentially(TestNG.java:1208)
	at org.testng.TestNG.runSuitesLocally(TestNG.java:1137)
	at org.testng.TestNG.runSuites(TestNG.java:1049)
	at org.testng.TestNG.run(TestNG.java:1017)
	at com.intellij.rt.testng.IDEARemoteTestNG.run(IDEARemoteTestNG.java:65)
	at com.intellij.rt.testng.RemoteTestNGStarter.main(RemoteTestNGStarter.java:105)
Caused by: org.openqa.selenium.InvalidSelectorException: invalid selector: Unable to locate an element with the xpath expression //label[text()=Director/Registrar because of the following error:
SyntaxError: Failed to execute &apos;evaluate&apos; on &apos;Document&apos;: The string &apos;//label[text()=Director/Registrar&apos; is not a valid XPath expression.
  (Session info: chrome=113.0.5672.127)
For documentation on this error, please visit: https://www.seleniumhq.org/exceptions/invalid_selector_exception.html
Build info: version: &apos;3.141.59&apos;, revision: &apos;e82be7d358&apos;, time: &apos;2018-11-14T08:17:03&apos;
System info: host: &apos;ON34C03174383&apos;, ip: &apos;10.61.32.27&apos;, os.name: &apos;Windows 10&apos;, os.arch: &apos;amd64&apos;, os.version: &apos;10.0&apos;, java.version: &apos;1.8.0_281&apos;
Driver info: org.openqa.selenium.chrome.ChromeDriver
Capabilities {acceptInsecureCerts: true, browserName: chrome, browserVersion: 113.0.5672.127, chrome: {chromedriverVersion: 113.0.5672.63 (0e1a4471d5ae..., userDataDir: C:\Users\MustofG\AppData\Lo...}, goog:chromeOptions: {debuggerAddress: localhost:57758}, javascriptEnabled: true, networkConnectionEnabled: false, pageLoadStrategy: normal, platform: WINDOWS, platformName: WINDOWS, proxy: Proxy(), setWindowRect: true, strictFileInteractability: false, timeouts: {implicit: 0, pageLoad: 300000, script: 30000}, unhandledPromptBehavior: dismiss and notify, webauthn:extension:credBlob: true, webauthn:extension:largeBlob: true, webauthn:extension:minPinLength: true, webauthn:extension:prf: true, webauthn:virtualAuthenticators: true}
Session ID: 195847930a37075491e2fc16e77dc0f6
*** Element info: {Using=xpath, value=//label[text()=Director/Registrar}
	at sun.reflect.GeneratedConstructorAccessor23.newInstance(Unknown Source)
	at sun.reflect.DelegatingConstructorAccessorImpl.newInstance(DelegatingConstructorAccessorImpl.java:45)
	at java.lang.reflect.Constructor.newInstance(Constructor.java:423)
	at org.openqa.selenium.remote.http.W3CHttpResponseCodec.createException(W3CHttpResponseCodec.java:187)
	at org.openqa.selenium.remote.http.W3CHttpResponseCodec.decode(W3CHttpResponseCodec.java:122)
	at org.openqa.selenium.remote.http.W3CHttpResponseCodec.decode(W3CHttpResponseCodec.java:49)
	at org.openqa.selenium.remote.HttpCommandExecutor.execute(HttpCommandExecutor.java:158)
	at org.openqa.selenium.remote.service.DriverCommandExecutor.execute(DriverCommandExecutor.java:83)
	at org.openqa.selenium.remote.RemoteWebDriver.execute(RemoteWebDriver.java:552)
	at org.openqa.selenium.remote.RemoteWebDriver.findElement(RemoteWebDriver.java:323)
	at org.openqa.selenium.remote.RemoteWebDriver.findElementByXPath(RemoteWebDriver.java:428)
	at org.openqa.selenium.By$ByXPath.findElement(By.java:353)
	at org.openqa.selenium.remote.RemoteWebDriver.findElement(RemoteWebDriver.java:315)
	at org.openqa.selenium.support.pagefactory.DefaultElementLocator.findElement(DefaultElementLocator.java:69)
	at org.openqa.selenium.support.pagefactory.internal.LocatingElementHandler.invoke(LocatingElementHandler.java:38)
	at com.sun.proxy.$Proxy24.isDisplayed(Unknown Source)
	at org.openqa.selenium.support.ui.ExpectedConditions.elementIfVisible(ExpectedConditions.java:314)
	at org.openqa.selenium.support.ui.ExpectedConditions.access$000(ExpectedConditions.java:43)
	at org.openqa.selenium.support.ui.ExpectedConditions$10.apply(ExpectedConditions.java:300)
	at org.openqa.selenium.support.ui.ExpectedConditions$10.apply(ExpectedConditions.java:297)
	at org.openqa.selenium.support.ui.FluentWait.until(FluentWait.java:249)
	... 27 more
</div></td></tr></table><p class="totop"><a href="#summary">back to summary</a></p><h2>Onbis-CR Regression Test - February 2023 Release</h2><h3 id="m2">com.onbis.TestCases.CR_4751_ActiveNFPCA_WithActiveBusinessName_FileArticlesOfDissolution#CR_4751_ActiveNFPCA_WithActiveBusinessName_FileArticlesOfDissolution ( CR_4751_ActiveNFPCA_WithActiveBusinessName_FileArticlesOfDissolution )</h3><table class="result"><tr><th>Messages</th></tr><tr><td><div class="messages">Admin Portal build number is: 2.1.4.4 :: 2.1.4.4 :: 2024/04/03 13:48<br/>-------: CR_4751_ActiveNFPCA_WithActiveBusinessName_FileArticlesOfDissolution-&gt; <br/>Ontario Corporation Number (OCN) number is: 1000633100<br/>Incorporate an Ontario Not-for-Profit Corporation Corporation Number (OCN) number is: 1000633100<br/>Search Result for: 10006331001000633100 ONTARIO NOT-FOR-PROFIT (1000633100)<br/>Search Result for: 10006331001000633100 ONTARIO NOT-FOR-PROFIT (1000633100)<br/>View Corporation name and number is: 1000633100 ONTARIO NOT-FOR-PROFIT<br/>File Articles Of Dissolution status is: Inactive - Voluntary Dissolution<br/>File Articles Of Dissolution Business Name is: 2MZCQTBQEDQ8V1PAA<br/>Status for File Articles Of Dissolution is: Inactive - Cancellation of BNLP</div></td></tr></table><p class="totop"><a href="#summary">back to summary</a></p></body></html>