<!DOCTYPE html PUBLIC "-//W3C//DTD XHTML 1.1//EN" "http://www.w3.org/TR/xhtml11/DTD/xhtml11.dtd">
<html xmlns="http://www.w3.org/1999/xhtml"><head><title>ONBIS E2E Test Results</title><style type="text/css">@import url(https://fonts.googleapis.com/css?family=Open+Sans);

body {
    font-family: "Open Sans", sans-serif;
    margin: 0;
}

table {
    margin-left: 10%;
    margin-top: 64px;
    margin-bottom: 64px;
    border-collapse: collapse;
    empty-cells: show;
}

th, td {
    border: 1px solid #009;
    padding: .25em .5em;
    font-weight: normal;
}

/* Style the first rows of the table */
table:first-of-type tr:first-of-type,
table#summary thead tr:first-of-type,
table.result tbody tr:first-of-type {
    background-color: #b2817b; / * #666; */
    color: white;
    font-weight: lighter;
    height: 4em;
    padding-left: 1em;
    padding-right: 1em;
}

/* Hide "MoL Tests" row */
table:first-of-type tr:nth-child(2),
table#summary tbody:first-of-type tr{
    display: none;
}

table#summary tbody th {
    padding-top:32px;
    text-align: left;
    font-weight: bold;
}

table:first-of-type tr:last-of-type {
    border-top: 2px solid #979797;
    background-color: #E6E6E6;
}

td {
    vertical-align: top;
}

.stripe td {
    background-color: #EFEFEF;
}

.num {
    text-align: right;
}

.passedodd td {
    background-color: #3F3;
}

.passedeven td {
    background-color: #0A0;
}

.skippedodd td {
    background-color: #DDD;
}

.skippedeven td {
    background-color: #CCC;
}

.failedodd td {
    background-color: #F33;
}

.failedeven td, .stripe {
    background-color: #D00;
}

h2, h3 {
    margin-left: 10%;
    font-weight: normal;
}

table.result th {
    text-align: left;
}

table.result {
    margin-left: 10%;
    margin-bottom: 32px;
}

.stacktrace {
    overflow: auto;
    width: 1024px;
    white-space: pre;
    font-family: "Courier New";
}

/* back to summary */
.totop {
    font-size: 85%;
    text-align: center;
    border-bottom: 0.625rem solid #7bb29c;       /* 979797; */
    width: 80%;
    margin-left: auto;
    margin-right: auto;
    padding-bottom: 1rem;
}

#header {
    background-color: #333;
    padding: 8px 8px 8px 64px;
    color: white;
}
#header span#logo {
    padding-left:32px;
    font-size: 1.45em;
    color: #eee;
}</style></head><body><div id='header'><img src='images/logo.png' width='128px'><span id='logo'><b>ONBIS E2E Test Results</b></span></div><div id='header'> Reporting Date & Time           : 10-Apr-2024 04:45:AM</span></div><div id='header'> Test Execution Host Name &  IP  : ON44C03384830/10.61.33.219</span></div><div id='header'> Test Execution OS Name: Windows 10</span></div><div id='header'> Test Execution Java Version     : 1.8.0_202</span></div><div id='header'> Test Execution User Name        : MustofG</span></div><div id='header'> Test Execution Environment      : UAT</span></div><table><tr><th><b><ins>Test Suite<b></ins></th><th><font color="green"><b><ins>Passed</font color><b></ins></th><th><font color="yellow"><b><ins>Skipped</font color><b></ins></th><th><font color="red"><b><ins>Failed</font color><b></ins></th><th><font color="blue"><b><ins>D:HH:MM:SS</font color><b></ins></th><th><b><ins>Included Groups<b></ins></th><th><b><ins>Excluded Groups<b></ins></th></tr><tr><th colspan="7">Onbis E2E Tests</th></tr><tr><td><a href="#t0">Onbis-Sanity-PartnerPortal-Chrome</a></td><td class="num">0</td><td class="num">0</td><td class="num">0</td><td class="num">0:00:00:00</td><td></td><td></td></tr><tr class="stripe"><td><a href="#t1">Onbis-Sanity-SOAB Portal-Chrome - SOAB Account Incorporate Tests </a></td><td class="num">0</td><td class="num">0</td><td class="num">0</td><td class="num">0:00:00:00</td><td></td><td></td></tr><tr><td><a href="#t2">Onbis-Sanity-SOAdmin-Chrome</a></td><td class="num">0</td><td class="num">0</td><td class="num">0</td><td class="num">0:00:00:00</td><td></td><td></td></tr><tr class="stripe"><td><a href="#t3">Onbis-Regression-Partner Portal</a></td><td class="num">0</td><td class="num">0</td><td class="num">0</td><td class="num">0:00:00:00</td><td></td><td></td></tr><tr><td><a href="#t4">Onbis-Regression-Admin Portal</a></td><td class="num">17</td><td class="num">0</td><td class="num">0</td><td class="num">0:01:21:38</td><td></td><td></td></tr><tr class="stripe"><td><a href="#t5">Onbis-Regression-SOAB Portal</a></td><td class="num">2</td><td class="num">0</td><td class="num attn">4</td><td class="num">0:00:32:57</td><td></td><td></td></tr><tr><td><a href="#t6">Onbis-Regression-Partner Portal-Data Creation for Renewal</a></td><td class="num">6</td><td class="num">0</td><td class="num attn">6</td><td class="num">0:00:39:21</td><td></td><td></td></tr><tr class="stripe"><td><a href="#t7">Onbis-Regression-Partner Portal- Renewal</a></td><td class="num">2</td><td class="num">0</td><td class="num attn">4</td><td class="num">0:00:25:40</td><td></td><td></td></tr><tr><td><a href="#t8">Onbis-CR Regression Test - November 2022 Release</a></td><td class="num">13</td><td class="num">0</td><td class="num attn">4</td><td class="num">0:01:06:11</td><td></td><td></td></tr><tr class="stripe"><td><a href="#t9">Onbis-CR Regression Test - February 2023 Release</a></td><td class="num">2</td><td class="num">0</td><td class="num">0</td><td class="num">0:00:15:41</td><td></td><td></td></tr><tr><th><b>Total :-------><b></th><th class="num">42</th><th class="num">0</th><th class="num attn">18</th><th class="num">0:04:21:30</th><th colspan="2"></th></tr></table><table><thead><tr><th><b><ins>Class Name<b></ins></th><th><b><ins>Method Name<b></ins></th><th><b><ins>Test Name<b></ins></th><th><b><ins>Test Starts<b></ins></th><th><font color="blue"><b><ins>D:HH:MM:SS</font color><b></ins></th></tr></thead><tbody><tr><th colspan="5">Onbis E2E Tests</th></tr></tbody><tbody id="t0"></tbody><tbody id="t1"></tbody><tbody id="t2"></tbody><tbody id="t3"></tbody><tbody id="t4"><tr><th colspan="5">Onbis-Regression-Admin Portal &#8212; passed</th></tr><tr class="passedeven"><td rowspan="1">com.onbis.TestCases.REG_BCAM008_FileFinalPlanForArrangement</td><td><a href="#m0">REG_BCAM008_FileFinalPlanForArrangement</a></td><td rowspan="1">REG_BCAM008_FileFinalPlanForArrangement</td><td rowspan="1">12:23:53 AM</td><td rowspan="1">0:00:04:26</td></tr><tr class="passedodd"><td rowspan="1">com.onbis.TestCases.REG_BCAM011_InstrumentOfContinuanceAnOntarioBusinessCorporation</td><td><a href="#m1">REG_BCAM011_InstrumentOfContinuanceAnOntarioBusinessCorporation</a></td><td rowspan="1">REG_BCAM011_InstrumentOfContinuanceAnOntarioBusinessCorporation</td><td rowspan="1">12:45:57 AM</td><td rowspan="1">0:00:06:27</td></tr><tr class="passedeven"><td rowspan="1">com.onbis.TestCases.REG_BCAM012_ReviveAnOntarioBusinessCorporation</td><td><a href="#m2">REG_BCAM012_ReviveAnOntarioBusinessCorporation</a></td><td rowspan="1">REG_BCAM012_ReviveAnOntarioBusinessCorporation</td><td rowspan="1">12:41:30 AM</td><td rowspan="1">0:00:04:15</td></tr><tr class="passedodd"><td rowspan="1">com.onbis.TestCases.REG_CIA002_AnnualReturnForAOntarioBusinessCorporation</td><td><a href="#m3">REG_CIA002_AnnualReturnForAOntarioBusinessCorporation</a></td><td rowspan="1">REG_CIA002_AnnualReturnForAOntarioBusinessCorporation</td><td rowspan="1">12:28:31 AM</td><td rowspan="1">0:00:03:11</td></tr><tr class="passedeven"><td rowspan="1">com.onbis.TestCases.REG_CIA006_NoticeOfChangeForEPForeignCorpWithShare</td><td><a href="#m4">REG_CIA006_NoticeOfChangeForEPForeignCorpWithShare</a></td><td rowspan="1">REG_CIA006_NoticeOfChangeForEPForeignCorpWithShare</td><td rowspan="1">12:52:36 AM</td><td rowspan="1">0:00:04:23</td></tr><tr class="passedodd"><td rowspan="1">com.onbis.TestCases.REG_CIA015_InitialReturnForAnExtraProvincialCorp</td><td><a href="#m5">REG_CIA015_InitialReturnForAnExtraProvincialCorp</a></td><td rowspan="1">REG_CIA015_InitialReturnForAnExtraProvincialCorp</td><td rowspan="1">12:32:54 AM</td><td rowspan="1">0:00:03:48</td></tr><tr class="passedeven"><td rowspan="1">com.onbis.TestCases.REG_CIA016_NoticeOfChangeForAnExtraProvincialCorp</td><td><a href="#m6">REG_CIA016_NoticeOfChangeForAnExtraProvincialCorp</a></td><td rowspan="1">REG_CIA016_NoticeOfChangeForAnExtraProvincialCorp</td><td rowspan="1">12:36:53 AM</td><td rowspan="1">0:00:04:25</td></tr><tr class="passedodd"><td rowspan="1">com.onbis.TestCases.REG_EPCM007_ApplicationForAmendmentToLicenceForAForeignCorporation</td><td><a href="#m7">REG_EPCM007_ApplicationForAmendmentToLicenceForAForeignCorporation</a></td><td rowspan="1">REG_EPCM007_ApplicationForAmendmentToLicenceForAForeignCorporation</td><td rowspan="1">01:01:32 AM</td><td rowspan="1">0:00:04:47</td></tr><tr class="passedeven"><td rowspan="1">com.onbis.TestCases.REG_EPCM008_ApplicationToTerminateALicenceForExtraProvincialForeignCorporation</td><td><a href="#m8">REG_EPCM008_ApplicationToTerminateALicenceForExtraProvincialForeignCorporation</a></td><td rowspan="1">REG_EPCM008_ApplicationToTerminateALicenceForExtraProvincialForeignCorporation</td><td rowspan="1">12:57:10 AM</td><td rowspan="1">0:00:04:11</td></tr><tr class="passedodd"><td rowspan="1">com.onbis.TestCases.REG_LLCM003_CancelARegistrationExtraProvincialLimitedLiabilityCompanyName</td><td><a href="#m9">REG_LLCM003_CancelARegistrationExtraProvincialLimitedLiabilityCompanyName</a></td><td rowspan="1">REG_LLCM003_CancelARegistrationExtraProvincialLimitedLiabilityCompanyName</td><td rowspan="1">01:06:30 AM</td><td rowspan="1">0:00:01:59</td></tr><tr class="passedeven"><td rowspan="1">com.onbis.TestCases.REG_NFPCM002_NFPCA_FileArticleOfAmendment</td><td><a href="#m10">REG_NFPCM002_NFPCA_FileArticleOfAmendment</a></td><td rowspan="1">REG_NFPCM002_NFPCA_FileArticleOfAmendment</td><td rowspan="1">01:08:40 AM</td><td rowspan="1">0:00:03:24</td></tr><tr class="passedodd"><td rowspan="1">com.onbis.TestCases.REG_NFPCM006_NFPCA_AuthorizationToContinueOut</td><td><a href="#m11">REG_NFPCM006_NFPCA_AuthorizationToContinueOut</a></td><td rowspan="1">REG_NFPCM006_NFPCA_AuthorizationToContinueOut</td><td rowspan="1">01:13:16 AM</td><td rowspan="1">0:00:03:18</td></tr><tr class="passedeven"><td rowspan="1">com.onbis.TestCases.REG_NFPCM007_NFPCA_FileDraftPlanOfArrangement</td><td><a href="#m12">REG_NFPCM007_NFPCA_FileDraftPlanOfArrangement</a></td><td rowspan="1">REG_NFPCM007_NFPCA_FileDraftPlanOfArrangement</td><td rowspan="1">01:34:17 AM</td><td rowspan="1">0:00:05:11</td></tr><tr class="passedodd"><td rowspan="1">com.onbis.TestCases.REG_NFPCM008_NFPCA_FileFinalPlanOfArrangement</td><td><a href="#m13">REG_NFPCM008_NFPCA_FileFinalPlanOfArrangement</a></td><td rowspan="1">REG_NFPCM008_NFPCA_FileFinalPlanOfArrangement</td><td rowspan="1">01:39:39 AM</td><td rowspan="1">0:00:05:38</td></tr><tr class="passedeven"><td rowspan="1">com.onbis.TestCases.REG_NFPCM010_NFPCA_FileArticlesOfDissolution</td><td><a href="#m14">REG_NFPCM010_NFPCA_FileArticlesOfDissolution</a></td><td rowspan="1">REG_NFPCM010_NFPCA_FileArticlesOfDissolution</td><td rowspan="1">01:16:45 AM</td><td rowspan="1">0:00:05:14</td></tr><tr class="passedodd"><td rowspan="1">com.onbis.TestCases.REG_NFPCM011_NFPCA_ReviveNotForProfitCorporation</td><td><a href="#m15">REG_NFPCM011_NFPCA_ReviveNotForProfitCorporation</a></td><td rowspan="1">REG_NFPCM011_NFPCA_ReviveNotForProfitCorporation</td><td rowspan="1">01:27:17 AM</td><td rowspan="1">0:00:05:47</td></tr><tr class="passedeven"><td rowspan="1">com.onbis.TestCases.REG_NFPCM012_NFPCA_WindingUpNotForProfitCorporation</td><td><a href="#m16">REG_NFPCM012_NFPCA_WindingUpNotForProfitCorporation</a></td><td rowspan="1">REG_NFPCM012_NFPCA_WindingUpNotForProfitCorporation</td><td rowspan="1">01:22:11 AM</td><td rowspan="1">0:00:04:56</td></tr></tbody><tbody id="t5"><tr><th colspan="5">Onbis-Regression-SOAB Portal &#8212; failed</th></tr><tr class="failedeven"><td rowspan="1">com.onbis.TestCases.BCAM006_TestCasesFileArticlesOfAuthorizationContinueOutOfBusinessCorporation</td><td><a href="#m17">BCAM006_TestCasesFileArticlesOfAuthorizationContinueOutOfBusinessCorporation</a></td><td rowspan="1">BCAM006_TestCasesFileArticlesOfAuthorizationContinueOutOfBusinessCorporation</td><td rowspan="1">02:02:32 AM</td><td rowspan="1">0:00:06:21</td></tr><tr class="failedodd"><td rowspan="1">com.onbis.TestCases.BCAM010_TestCasesFileArticlesDissolveOntarioBusinessCorporation</td><td><a href="#m18">BCAM010_TestCasesFileArticlesDissolveOntarioBusinessCorporation</a></td><td rowspan="1">BCAM010_TestCasesFileArticlesDissolveOntarioBusinessCorporation</td><td rowspan="1">01:55:47 AM</td><td rowspan="1">0:00:06:38</td></tr><tr class="failedeven"><td rowspan="1">com.onbis.TestCases.BCAM013_TestCasesCourtOrderedWindingUpDissolutionOrder</td><td><a href="#m19">BCAM013_TestCasesCourtOrderedWindingUpDissolutionOrder</a></td><td rowspan="1">BCAM013_TestCasesCourtOrderedWindingUpDissolutionOrder</td><td rowspan="1">02:12:56 AM</td><td rowspan="1">0:00:05:14</td></tr><tr class="failedodd"><td rowspan="1">com.onbis.TestCases.TC01_BCAR001_TestCasesAddProfileForIncorportatNumber</td><td><a href="#m20">TC01_BCAR001_TestCasesAddProfileForIncorportatNumber</a></td><td rowspan="1">TC01_BCAR001_TestCasesAddProfileForIncorportatNumber</td><td rowspan="1">01:45:20 AM</td><td rowspan="1">0:00:05:59</td></tr><tr><th colspan="5">Onbis-Regression-SOAB Portal &#8212; passed</th></tr><tr class="passedeven"><td rowspan="1">com.onbis.TestCases.BCAM002_TestCasesFileArticlesOfAmendmenOntarioBusinessCorporation</td><td><a href="#m21">BCAM002_TestCasesFileArticlesOfAmendmenOntarioBusinessCorporation</a></td><td rowspan="1">BCAM002_TestCasesFileArticlesOfAmendmenOntarioBusinessCorporation</td><td rowspan="1">01:51:24 AM</td><td rowspan="1">0:00:04:21</td></tr><tr class="passedodd"><td rowspan="1">com.onbis.TestCases.BCAM007_TestCasesFileArticlesOfFileDraftPlanForArrangement</td><td><a href="#m22">BCAM007_TestCasesFileArticlesOfFileDraftPlanForArrangement</a></td><td rowspan="1">BCAM007_TestCasesFileArticlesOfFileDraftPlanForArrangement</td><td rowspan="1">02:08:59 AM</td><td rowspan="1">0:00:03:54</td></tr></tbody><tbody id="t6"><tr><th colspan="5">Onbis-Regression-Partner Portal-Data Creation for Renewal &#8212; failed</th></tr><tr class="failedeven"><td rowspan="3">com.onbis.TestCases.TC_ALL_DataCreationRegistrationOfABusinessName</td><td><a href="#m23">BNM002_DataCreationRegistrationOfABusinessNameForASoleProprietorshipBusinessName</a></td><td rowspan="1">BNM002_DataCreationRegistrationOfABusinessNameForASoleProprietorshipBusinessName</td><td rowspan="1">02:18:17 AM</td><td rowspan="1">0:00:02:32</td></tr><tr class="failedeven"><td><a href="#m24">BNM017_DataCreationRegistrationOfAPartnershipBusinessName</a></td><td rowspan="1">BNM017_DataCreationRegistrationOfAPartnershipBusinessName</td><td rowspan="1">02:23:56 AM</td><td rowspan="1">0:00:07:53</td></tr><tr class="failedeven"><td><a href="#m25">LLCM002_DataCreationRegistrationOfALimitedLiabilityCompanyName</a></td><td rowspan="1">LLCM002_DataCreationRegistrationOfALimitedLiabilityCompanyName</td><td rowspan="1">02:31:53 AM</td><td rowspan="1">0:00:03:32</td></tr><tr class="failedodd"><td rowspan="3">com.onbis.TestCases.TC_ALL_DataCreationRegistrationOfABusinessNameChangeExpiry</td><td><a href="#m26">BNM002_DataCreationRegistrationOfASoleProprietorshipBusinessNameChangeExpiry</a></td><td rowspan="1">BNM002_DataCreationRegistrationOfASoleProprietorshipBusinessNameChangeExpiry</td><td rowspan="1">02:41:46 AM</td><td rowspan="1">0:00:04:18</td></tr><tr class="failedodd"><td><a href="#m27">BNM017_DataCreationRegistrationOfAPartnershipBusinessNameChangeExpiry</a></td><td rowspan="1">BNM017_DataCreationRegistrationOfAPartnershipBusinessNameChangeExpiry</td><td rowspan="1">02:47:11 AM</td><td rowspan="1">0:00:04:11</td></tr><tr class="failedodd"><td><a href="#m28">LLCM002_RenewARegistrationOfABusinessNameForALimitedLiabilityCompanyNameExpiry</a></td><td rowspan="1">LLCM002_RenewARegistrationOfABusinessNameForALimitedLiabilityCompanyNameExpiry</td><td rowspan="1">02:51:37 AM</td><td rowspan="1">0:00:04:16</td></tr><tr><th colspan="5">Onbis-Regression-Partner Portal-Data Creation for Renewal &#8212; passed</th></tr><tr class="passedeven"><td rowspan="3">com.onbis.TestCases.TC_ALL_DataCreationRegistrationOfABusinessName</td><td><a href="#m29">BNM011_DataCreationRegistrationOfAOntarioLimitedLiabilityPartnershipBusinessName</a></td><td rowspan="1">BNM011_DataCreationRegistrationOfAOntarioLimitedLiabilityPartnershipBusinessName</td><td rowspan="1">02:20:56 AM</td><td rowspan="1">0:00:02:57</td></tr><tr class="passedeven"><td><a href="#m30">PSM017_DataCreationRegistrationOfAOntarioLimitedPartnershipDeclaration</a></td><td rowspan="1">PSM017_DataCreationRegistrationOfAOntarioLimitedPartnershipDeclaration</td><td rowspan="1">02:35:32 AM</td><td rowspan="1">0:00:03:00</td></tr><tr class="passedeven"><td><a href="#m31">PSM018_DataCreationRegistration_OfAFirmNameForAGeneralPartnership</a></td><td rowspan="1">PSM018_DataCreationRegistration_OfAFirmNameForAGeneralPartnership</td><td rowspan="1">02:38:35 AM</td><td rowspan="1">0:00:02:58</td></tr><tr class="passedodd"><td rowspan="3">com.onbis.TestCases.TC_ALL_DataCreationRegistrationOfABusinessNameChangeExpiry</td><td><a href="#m32">BNM011_DataCreationRegistrationOfAOntarioLimitedLiabilityPartnershipBusinessNameChangeExpiry</a></td><td rowspan="1">BNM011_DataCreationRegistrationOfAOntarioLimitedLiabilityPartnershipBusinessNameChangeExpiry</td><td rowspan="1">02:46:17 AM</td><td rowspan="1">0:00:00:43</td></tr><tr class="passedodd"><td><a href="#m33">PSM017_RenewARegistrationOfAOntarioLimitedPartnershipDeclarationExpiry</a></td><td rowspan="1">PSM017_RenewARegistrationOfAOntarioLimitedPartnershipDeclarationExpiry</td><td rowspan="1">02:56:07 AM</td><td rowspan="1">0:00:00:42</td></tr><tr class="passedodd"><td><a href="#m34">PSM018_RenewARegistrationOfAOntarioLimitedPartnershipDeclarationExpiry</a></td><td rowspan="1">PSM018_RenewARegistrationOfAOntarioLimitedPartnershipDeclarationExpiry</td><td rowspan="1">02:57:00 AM</td><td rowspan="1">0:00:00:36</td></tr></tbody><tbody id="t7"><tr><th colspan="5">Onbis-Regression-Partner Portal- Renewal &#8212; failed</th></tr><tr class="failedeven"><td rowspan="1">com.onbis.TestCases.BNM002_RenewARegistrationOfABusinessNameForASoleProprietorship</td><td><a href="#m35">BNM002_RenewARegistrationOfABusinessNameForASoleProprietorship</a></td><td rowspan="1">BNM002_RenewARegistrationOfABusinessNameForASoleProprietorship</td><td rowspan="1">02:57:38 AM</td><td rowspan="1">0:00:04:21</td></tr><tr class="failedodd"><td rowspan="1">com.onbis.TestCases.BNM011_RenewARegistrationOfABusinessNameForAOntarioLimitedLiabilityPartnership</td><td><a href="#m36">BNM011_RenewARegistrationOfABusinessNameForAOntarioLimitedLiabilityPartnership</a></td><td rowspan="1">BNM011_RenewARegistrationOfABusinessNameForAOntarioLimitedLiabilityPartnership</td><td rowspan="1">03:02:04 AM</td><td rowspan="1">0:00:07:17</td></tr><tr class="failedeven"><td rowspan="1">com.onbis.TestCases.BNM017_RenewRegistrationOfABusinessNameForAPartnership</td><td><a href="#m37">BNM017_RenewRegistrationOfABusinessNameForAPartnership</a></td><td rowspan="1">BNM017_RenewRegistrationOfABusinessNameForAPartnership</td><td rowspan="1">03:09:27 AM</td><td rowspan="1">0:00:04:20</td></tr><tr class="failedodd"><td rowspan="1">com.onbis.TestCases.LLCM002_RenewARegistrationOfABusinessNameForALimitedLiabilityCompanyName</td><td><a href="#m38">LLCM002_RenewARegistrationOfABusinessNameForALimitedLiabilityCompanyName</a></td><td rowspan="1">LLCM002_RenewARegistrationOfABusinessNameForALimitedLiabilityCompanyName</td><td rowspan="1">03:13:52 AM</td><td rowspan="1">0:00:04:20</td></tr><tr><th colspan="5">Onbis-Regression-Partner Portal- Renewal &#8212; passed</th></tr><tr class="passedeven"><td rowspan="1">com.onbis.TestCases.PSM017_RenewAAOntarioLimitedPartnershipDeclaration</td><td><a href="#m39">PSM017_RenewAAOntarioLimitedPartnershipDeclaration</a></td><td rowspan="1">PSM017_RenewAAOntarioLimitedPartnershipDeclaration</td><td rowspan="1">03:18:17 AM</td><td rowspan="1">0:00:02:43</td></tr><tr class="passedodd"><td rowspan="1">com.onbis.TestCases.PSM018_RenewARegistration_OfAFirmNameForAGeneralPartnership</td><td><a href="#m40">PSM018_RenewARegistration_OfAFirmNameForAGeneralPartnership</a></td><td rowspan="1">PSM018_RenewARegistration_OfAFirmNameForAGeneralPartnership</td><td rowspan="1">03:21:02 AM</td><td rowspan="1">0:00:02:14</td></tr></tbody><tbody id="t8"><tr><th colspan="5">Onbis-CR Regression Test - November 2022 Release &#8212; failed</th></tr><tr class="failedeven"><td rowspan="1">com.onbis.TestCases.CR_4260_4279_4277_4574_4592_4628_ExtraProvincialLicenceForAForeignCorporation_TC2_TC3_TC4</td><td><a href="#m41">CR_4260_4279_4277_4574_4592_4628_ExtraProvincialLicenceForAForeignCorporation_TC2_TC3_TC4</a></td><td rowspan="1">CR_4260_4279_4277_4574_4592_4628_ExtraProvincialLicenceForAForeignCorporation_TC2_TC3_TC4</td><td rowspan="1">03:44:44 AM</td><td rowspan="1">0:00:02:02</td></tr><tr class="failedodd"><td rowspan="1">com.onbis.TestCases.CR_4260_4279_4277_4574_4592_4628_GeneralPartnershipInternationalAddress_TC3_TC4_TC5</td><td><a href="#m42">CR_4260_4279_4277_4574_4592_4628_GeneralPartnershipInternationalAddress_TC3_TC4_TC5</a></td><td rowspan="1">CR_4260_4279_4277_4574_4592_4628_GeneralPartnershipInternationalAddress_TC3_TC4_TC5</td><td rowspan="1">03:33:39 AM</td><td rowspan="1">0:00:01:11</td></tr><tr class="failedeven"><td rowspan="1">com.onbis.TestCases.CR_4260_4279_4277_4574_4592_4628_GeneralPartnership_TC1</td><td><a href="#m43">CR_4260_4279_4277_4574_4592_4628_GeneralPartnership_TC1</a></td><td rowspan="1">CR_4260_4279_4277_4574_4592_4628_GeneralPartnership_TC1</td><td rowspan="1">03:29:43 AM</td><td rowspan="1">0:00:00:32</td></tr><tr class="failedodd"><td rowspan="1">com.onbis.TestCases.CR_4260_4279_4277_4574_4592_4628_SoleProp_TC1_3</td><td><a href="#m44">CR_4260_4279_4277_4574_4592_4628_SoleProp_TC2_TC3</a></td><td rowspan="1">CR_4260_4279_4277_4574_4592_4628_SoleProp_TC2_TC3</td><td rowspan="1">03:24:47 AM</td><td rowspan="1">0:00:04:51</td></tr><tr><th colspan="5">Onbis-CR Regression Test - November 2022 Release &#8212; passed</th></tr><tr class="passedeven"><td rowspan="1">com.onbis.TestCases.CR_4254_AnnualReturnOption_ExtraProvincialLicenceForAForeignCorporation_TC3</td><td><a href="#m45">CR_4254_AnnualReturnOption_ExtraProvincialLicenceForAForeignCorporation_TC3</a></td><td rowspan="1">CR_4254_AnnualReturnOption_ExtraProvincialLicenceForAForeignCorporation_TC3</td><td rowspan="1">03:55:53 AM</td><td rowspan="1">0:00:03:22</td></tr><tr class="passedodd"><td rowspan="1">com.onbis.TestCases.CR_4258_EPForeignWithShare_EntityNameJurisdictionNonEditable_TC2</td><td><a href="#m46">CR_4258_EPForeignWithShare_EntityNameJurisdictionNonEditable_TC2</a></td><td rowspan="1">CR_4258_EPForeignWithShare_EntityNameJurisdictionNonEditable_TC2</td><td rowspan="1">03:59:26 AM</td><td rowspan="1">0:00:08:18</td></tr><tr class="passedeven"><td rowspan="1">com.onbis.TestCases.CR_4260_4279_4277_4574_4592_4628_CondoCorporationsAssignAnOCN_TC1</td><td><a href="#m47">CR_4260_4279_4277_4574_4592_4628_CondoCorporationsAssignAnOCN_TC1</a></td><td rowspan="1">CR_4260_4279_4277_4574_4592_4628_CondoCorporationsAssignAnOCN_TC1</td><td rowspan="1">03:35:07 AM</td><td rowspan="1">0:00:01:33</td></tr><tr class="passedodd"><td rowspan="1">com.onbis.TestCases.CR_4260_4279_4277_4574_4592_4628_CondoCorporationsAssignAnOCN_TC2_TC3_TC4_TC5</td><td><a href="#m48">CR_4260_4279_4277_4574_4592_4628_CondoCorporationsAssignAnOCN_TC2_TC3_TC4_TC5</a></td><td rowspan="1">CR_4260_4279_4277_4574_4592_4628_CondoCorporationsAssignAnOCN_TC2_TC3_TC4_TC5</td><td rowspan="1">03:36:51 AM</td><td rowspan="1">0:00:06:41</td></tr><tr class="passedeven"><td rowspan="1">com.onbis.TestCases.CR_4260_4279_4277_4574_4592_4628_GeneralPartnership_TC2</td><td><a href="#m49">CR_4260_4279_4277_4574_4592_4628_GeneralPartnership_TC2</a></td><td rowspan="1">CR_4260_4279_4277_4574_4592_4628_GeneralPartnership_TC2</td><td rowspan="1">03:30:20 AM</td><td rowspan="1">0:00:03:16</td></tr><tr class="passedodd"><td rowspan="1">com.onbis.TestCases.CR_4260_4279_4277_4574_4592_4628_SoleProp_TC1_3</td><td><a href="#m50">CR_4260_4279_4277_4574_4592_4628_SoleProp_TC1</a></td><td rowspan="1">CR_4260_4279_4277_4574_4592_4628_SoleProp_TC1</td><td rowspan="1">03:23:28 AM</td><td rowspan="1">0:00:01:07</td></tr><tr class="passedeven"><td rowspan="1">com.onbis.TestCases.CR_4280_OntarioBusinessIncorporation_RequestCertificate_CourtOrderedWindingUp_TC1</td><td><a href="#m51">CR_4280_OntarioBusinessIncorporation_RequestCertificate_CourtOrderedWindingUp_TC1</a></td><td rowspan="1">CR_4280_OntarioBusinessIncorporation_RequestCertificate_CourtOrderedWindingUp_TC1</td><td rowspan="1">04:12:46 AM</td><td rowspan="1">0:00:03:13</td></tr><tr class="passedodd"><td rowspan="1">com.onbis.TestCases.CR_4295_GeneralPartnership_BusinessNames_BusinessLink_TC6</td><td><a href="#m52">CR_4295_GeneralPartnership_BusinessNames_BusinessLink_TC6</a></td><td rowspan="1">CR_4295_GeneralPartnership_BusinessNames_BusinessLink_TC6</td><td rowspan="1">03:47:03 AM</td><td rowspan="1">0:00:05:57</td></tr><tr class="passedeven"><td rowspan="1">com.onbis.TestCases.CR_4302_OntarioBusinessCorporation_HeaderDisplayedFrameNumber_TC2</td><td><a href="#m53">CR_4302_OntarioBusinessCorporation_HeaderDisplayedFrameNumber_TC2</a></td><td rowspan="1">CR_4302_OntarioBusinessCorporation_HeaderDisplayedFrameNumber_TC2</td><td rowspan="1">04:07:47 AM</td><td rowspan="1">0:00:02:52</td></tr><tr class="passedodd"><td rowspan="1">com.onbis.TestCases.CR_4348_RegisterExtraProvincialLimitedLiabilityCompany_AddressOfAttorneyOntario_TC2</td><td><a href="#m54">CR_4348_RegisterExtraProvincialLimitedLiabilityCompany_AddressOfAttorneyOntario_TC2</a></td><td rowspan="1">CR_4348_RegisterExtraProvincialLimitedLiabilityCompany_AddressOfAttorneyOntario_TC2</td><td rowspan="1">04:10:52 AM</td><td rowspan="1">0:00:01:44</td></tr><tr class="passedeven"><td rowspan="1">com.onbis.TestCases.CR_4348_RegisterExtraProvincialLimitedLiabilityCompany_AddressOfGeneralManager_TC1</td><td><a href="#m55">CR_4348_RegisterExtraProvincialLimitedLiabilityCompany_AddressOfGeneralManager_TC1</a></td><td rowspan="1">CR_4348_RegisterExtraProvincialLimitedLiabilityCompany_AddressOfGeneralManager_TC1</td><td rowspan="1">03:53:11 AM</td><td rowspan="1">0:00:01:30</td></tr><tr class="passedodd"><td rowspan="1">com.onbis.TestCases.CR_4349_ExtraProvincialLicence_CorporationdAsAgentFor_TC1_TC2</td><td><a href="#m56">CR_4349_ExtraProvincialLicence_CorporationdAsAgentFor_TC1_TC2</a></td><td rowspan="1">CR_4349_ExtraProvincialLicence_CorporationdAsAgentFor_TC1_TC2</td><td rowspan="1">04:17:11 AM</td><td rowspan="1">0:00:05:59</td></tr><tr class="passedeven"><td rowspan="1">com.onbis.TestCases.CR_4437_EPFCWithShare_FileArticlesOfContinuanceUnderBCA_RequestedPastDateForContinuance_TC1</td><td><a href="#m57">CR_4437_EPFCWithShare_FileArticlesOfContinuanceUnderBCA_RequestedPastDateForContinuance_TC1</a></td><td rowspan="1">CR_4437_EPFCWithShare_FileArticlesOfContinuanceUnderBCA_RequestedPastDateForContinuance_TC1</td><td rowspan="1">04:24:22 AM</td><td rowspan="1">0:00:05:06</td></tr></tbody><tbody id="t9"><tr><th colspan="5">Onbis-CR Regression Test - February 2023 Release &#8212; passed</th></tr><tr class="passedeven"><td rowspan="1">com.onbis.TestCases.CR_4751_ActiveNFPCA_WithActiveBusinessName_FileArticlesOfDissolution</td><td><a href="#m58">CR_4751_ActiveNFPCA_WithActiveBusinessName_FileArticlesOfDissolution</a></td><td rowspan="1">CR_4751_ActiveNFPCA_WithActiveBusinessName_FileArticlesOfDissolution</td><td rowspan="1">04:29:38 AM</td><td rowspan="1">0:00:07:09</td></tr><tr class="passedodd"><td rowspan="1">com.onbis.TestCases.CR_4796_ActiveOntarioCorporationWithBusinessNam_FileArticlesOfContinuance</td><td><a href="#m59">CR_4796_ActiveOntarioCorporationWithBusinessNam_FileArticlesOfContinuance</a></td><td rowspan="1">CR_4796_ActiveOntarioCorporationWithBusinessNam_FileArticlesOfContinuance</td><td rowspan="1">04:37:00 AM</td><td rowspan="1">0:00:08:09</td></tr></tbody></table><h2>Onbis-Sanity-PartnerPortal-Chrome</h2><h2>Onbis-Sanity-SOAB Portal-Chrome - SOAB Account Incorporate Tests </h2><h2>Onbis-Sanity-SOAdmin-Chrome</h2><h2>Onbis-Regression-Partner Portal</h2><h2>Onbis-Regression-Admin Portal</h2><h3 id="m0">com.onbis.TestCases.REG_BCAM008_FileFinalPlanForArrangement#REG_BCAM008_FileFinalPlanForArrangement ( REG_BCAM008_FileFinalPlanForArrangement )</h3><table class="result"><tr class="param"><th>Parameter #1</th></tr><tr class="param stripe"><td>chrome</td></tr><tr><th>Messages</th></tr><tr><td><div class="messages">-------: REG_BCAM008_FileFinalPlanForArrangement -&gt; <br/>Admin Portal build number is: 2.1.4.4 :: 2.1.4.4 :: 2024/04/03 13:48<br/>Ontario Corporation Name is: Incorporate an Ontario Business Corporation 1000633196 ONTARIO CORP. (1000633196)<br/>Search Result for: 10006331961000633196 ONTARIO CORP. (1000633196)<br/>Particulars of BCA - Articles of Incorporation is :1000633196 ONTARIO CORP. (1000633196)<br/>Transaction Number is :APP-A10265305913</div></td></tr></table><p class="totop"><a href="#summary">back to summary</a></p><h3 id="m1">com.onbis.TestCases.REG_BCAM011_InstrumentOfContinuanceAnOntarioBusinessCorporation#REG_BCAM011_InstrumentOfContinuanceAnOntarioBusinessCorporation ( REG_BCAM011_InstrumentOfContinuanceAnOntarioBusinessCorporation )</h3><table class="result"><tr><th>Messages</th></tr><tr><td><div class="messages">Admin Portal build number is: 2.1.4.4 :: 2.1.4.4 :: 2024/04/03 13:48<br/>-------: REG_BCAM011_InstrumentOfContinuanceAnOntarioBusinessCorporation-&gt; <br/>Ontario Corporation Number (OCN) number is: 1000633201<br/>Ontario Corporation Number (OCN) number is: 1000633201<br/>Search Result for: 10006332011000633201 ONTARIO CORP. (1000633201)<br/>File Articles Of Continuance Corporation name and number is: 1000633201 ONTARIO CORP. (1000633201) [Extra-Provincial Domestic Corporation with Share]<br/>File Articles Of Continuance status is: Inactive - Ceased in Ontario</div></td></tr></table><p class="totop"><a href="#summary">back to summary</a></p><h3 id="m2">com.onbis.TestCases.REG_BCAM012_ReviveAnOntarioBusinessCorporation#REG_BCAM012_ReviveAnOntarioBusinessCorporation ( REG_BCAM012_ReviveAnOntarioBusinessCorporation )</h3><table class="result"><tr class="param"><th>Parameter #1</th></tr><tr class="param stripe"><td>chrome</td></tr><tr><th>Messages</th></tr><tr><td><div class="messages">-------: REG_BCAM012_ReviveAnOntarioBusinessCorporation -&gt; <br/>Admin Portal build number is: 2.1.4.4 :: 2.1.4.4 :: 2024/04/03 13:48<br/>Ontario Corporation Name is: Incorporate an Ontario Business Corporation 1000633200 ONTARIO CORP. (1000633200)<br/>Search Result for: 10006332001000633200 ONTARIO CORP. (1000633200)<br/>Particulars of Registrar Notice of Change of Status :1000633200 ONTARIO CORP. (1000633200)<br/>Transaction Number is :APP-A10265306980</div></td></tr></table><p class="totop"><a href="#summary">back to summary</a></p><h3 id="m3">com.onbis.TestCases.REG_CIA002_AnnualReturnForAOntarioBusinessCorporation#REG_CIA002_AnnualReturnForAOntarioBusinessCorporation ( REG_CIA002_AnnualReturnForAOntarioBusinessCorporation )</h3><table class="result"><tr class="param"><th>Parameter #1</th></tr><tr class="param stripe"><td>chrome</td></tr><tr><th>Messages</th></tr><tr><td><div class="messages">-------: REG_CIA002_AnnualReturnForAOntarioBusinessCorporation -&gt; <br/>Admin Portal build number is: 2.1.4.4 :: 2.1.4.4 :: 2024/04/03 13:48<br/>Ontario Corporation Name is: Incorporate an Ontario Business Corporation 1000633197 ONTARIO CORP. (1000633197)<br/>Search Result for: 10006331971000633197 ONTARIO CORP. (1000633197)<br/>Corporation Name and Number is: 1000633197 ONTARIO CORP. (1000633197) [Ontario Business Corporation]<br/>Transaction Number is: APP-A10265306204<br/>Particulars of Annual Return is: 1000633197 ONTARIO CORP. (1000633197)<br/>Filing Date: April 10, 2024 00:31</div></td></tr></table><p class="totop"><a href="#summary">back to summary</a></p><h3 id="m4">com.onbis.TestCases.REG_CIA006_NoticeOfChangeForEPForeignCorpWithShare#REG_CIA006_NoticeOfChangeForEPForeignCorpWithShare ( REG_CIA006_NoticeOfChangeForEPForeignCorpWithShare )</h3><table class="result"><tr class="param"><th>Parameter #1</th></tr><tr class="param stripe"><td>chrome</td></tr><tr><th>Messages</th></tr><tr><td><div class="messages">-------: REG_CIA006_NoticeOfChangeForEPForeignCorpWithShare -&gt; <br/>Admin Portal build number is: 2.1.4.4 :: 2.1.4.4 :: 2024/04/03 13:48<br/>-------: &apos;Generate PDF&apos; -  is enabled to click. &apos; :-------<br/>Particulars of CIA â€“ Notice of Change â€“ Administrative Changes is :UIF8IADPNWAYIENKY9509 TEST INC. (1000633202)<br/>Transaction Number is :APP-A10265307659</div></td></tr></table><p class="totop"><a href="#summary">back to summary</a></p><h3 id="m5">com.onbis.TestCases.REG_CIA015_InitialReturnForAnExtraProvincialCorp#REG_CIA015_InitialReturnForAnExtraProvincialCorp ( REG_CIA015_InitialReturnForAnExtraProvincialCorp )</h3><table class="result"><tr class="param"><th>Parameter #1</th></tr><tr class="param stripe"><td>chrome</td></tr><tr><th>Messages</th></tr><tr><td><div class="messages">-------: REG_CIA015_InitialReturnForAnExtraProvincialCorp -&gt; <br/>Admin Portal build number is: 2.1.4.4 :: 2.1.4.4 :: 2024/04/03 13:48<br/>-------: &apos;Generate PDF&apos; -  is enabled to click. &apos; :-------<br/>Particulars of CIA - Initial Return is :0WNDIOXU11MWAVDAJ9964 TEST INC. (1000633198)<br/>Transaction Number is :APP-A10265306495</div></td></tr></table><p class="totop"><a href="#summary">back to summary</a></p><h3 id="m6">com.onbis.TestCases.REG_CIA016_NoticeOfChangeForAnExtraProvincialCorp#REG_CIA016_NoticeOfChangeForAnExtraProvincialCorp ( REG_CIA016_NoticeOfChangeForAnExtraProvincialCorp )</h3><table class="result"><tr class="param"><th>Parameter #1</th></tr><tr class="param stripe"><td>chrome</td></tr><tr><th>Messages</th></tr><tr><td><div class="messages">-------: REG_CIA016_NoticeOfChangeForAnExtraProvincialCorp -&gt; <br/>Admin Portal build number is: 2.1.4.4 :: 2.1.4.4 :: 2024/04/03 13:48<br/>-------: &apos;Generate PDF&apos; -  is enabled to click. &apos; :-------<br/>Particulars of CIA â€“ Notice of Change â€“ Administrative Changes is :96J1RDTF259VI5CAB6595 TEST INC. (1000633199)<br/>Transaction Number is :APP-A10265306786</div></td></tr></table><p class="totop"><a href="#summary">back to summary</a></p><h3 id="m7">com.onbis.TestCases.REG_EPCM007_ApplicationForAmendmentToLicenceForAForeignCorporation#REG_EPCM007_ApplicationForAmendmentToLicenceForAForeignCorporation ( REG_EPCM007_ApplicationForAmendmentToLicenceForAForeignCorporation )</h3><table class="result"><tr class="param"><th>Parameter #1</th></tr><tr class="param stripe"><td>chrome</td></tr><tr><th>Messages</th></tr><tr><td><div class="messages">-------: REG_EPCM007_ApplicationForAmendmentToLicenceForAForeignCorporation -&gt; <br/>Admin Portal build number is: 2.1.4.4 :: 2.1.4.4 :: 2024/04/03 13:48<br/>-------: &apos;Generate PDF&apos; -  is enabled to click. &apos; :-------<br/>-------: &apos;Generate PDF&apos; -  is enabled to click. &apos; :-------<br/>Amended Particulars of BCA - Articles of Incorporation is :P4TTFER3C2GI2CI0T2074 TEST INC. (1000633204)<br/>Transaction Number is :APP-A10265308144</div></td></tr></table><p class="totop"><a href="#summary">back to summary</a></p><h3 id="m8">com.onbis.TestCases.REG_EPCM008_ApplicationToTerminateALicenceForExtraProvincialForeignCorporation#REG_EPCM008_ApplicationToTerminateALicenceForExtraProvincialForeignCorporation ( REG_EPCM008_ApplicationToTerminateALicenceForExtraProvincialForeignCorporation )</h3><table class="result"><tr class="param"><th>Parameter #1</th></tr><tr class="param stripe"><td>chrome</td></tr><tr><th>Messages</th></tr><tr><td><div class="messages">-------: REG_EPCM008_ApplicationToTerminateALicenceForExtraProvincialForeignCorporation -&gt; <br/>Admin Portal build number is: 2.1.4.4 :: 2.1.4.4 :: 2024/04/03 13:48<br/>-------: &apos;Generate PDF&apos; -  is enabled to click. &apos; :-------<br/>-------: &apos;Generate PDF&apos; -  is enabled to click. &apos; :-------<br/>Particulars of EPCA - Termination of Extra-Provincial Foreign Licence is :O8UN7Z6ZK4DMYY3J33384 TEST INC. (1000633203)</div></td></tr></table><p class="totop"><a href="#summary">back to summary</a></p><h3 id="m9">com.onbis.TestCases.REG_LLCM003_CancelARegistrationExtraProvincialLimitedLiabilityCompanyName#REG_LLCM003_CancelARegistrationExtraProvincialLimitedLiabilityCompanyName ( REG_LLCM003_CancelARegistrationExtraProvincialLimitedLiabilityCompanyName )</h3><table class="result"><tr class="param"><th>Parameter #1</th></tr><tr class="param stripe"><td>chrome</td></tr><tr><th>Messages</th></tr><tr><td><div class="messages">-------: REG_LLCM003_CancelARegistrationExtraProvincialLimitedLiabilityCompanyName -&gt; <br/>Admin Portal build number is: 2.1.4.4 :: 2.1.4.4 :: 2024/04/03 13:48<br/>Transaction Number: APP-A10265308435<br/>Particulars of Cancellation of an Extra-Provincial Limited Liability Company Name: TPH6S2I8DV3BNJZVK (1000633205)<br/>Transaction Number: APP-A10265308435<br/>Filing Date: April 10, 2024 01:08</div></td></tr></table><p class="totop"><a href="#summary">back to summary</a></p><h3 id="m10">com.onbis.TestCases.REG_NFPCM002_NFPCA_FileArticleOfAmendment#REG_NFPCM002_NFPCA_FileArticleOfAmendment ( REG_NFPCM002_NFPCA_FileArticleOfAmendment )</h3><table class="result"><tr><th>Messages</th></tr><tr><td><div class="messages">Admin Portal build number is: 2.1.4.4 :: 2.1.4.4 :: 2024/04/03 13:48<br/>-------: REG_NFPCM002_NFPCA_FileArticleOfAmendment-&gt; <br/>Ontario Corporation Number (OCN) number is: 1000633206<br/>Incorporate an Ontario Not-for-Profit Corporation Corporation Number (OCN) number is: 1000633206<br/>Transaction Number is :APP-A10265308532</div></td></tr></table><p class="totop"><a href="#summary">back to summary</a></p><h3 id="m11">com.onbis.TestCases.REG_NFPCM006_NFPCA_AuthorizationToContinueOut#REG_NFPCM006_NFPCA_AuthorizationToContinueOut ( REG_NFPCM006_NFPCA_AuthorizationToContinueOut )</h3><table class="result"><tr><th>Messages</th></tr><tr><td><div class="messages">Admin Portal build number is: 2.1.4.4 :: 2.1.4.4 :: 2024/04/03 13:48<br/>-------: REG_NFPCM006_NFPCA_AuthorizationToContinueOut-&gt; <br/>Ontario Corporation Number (OCN) number is: 1000633207<br/>Incorporate an Ontario Not-for-Profit Corporation Corporation Number (OCN) number is: 1000633207<br/>Transaction Number is :APP-A10265308726</div></td></tr></table><p class="totop"><a href="#summary">back to summary</a></p><h3 id="m12">com.onbis.TestCases.REG_NFPCM007_NFPCA_FileDraftPlanOfArrangement#REG_NFPCM007_NFPCA_FileDraftPlanOfArrangement ( REG_NFPCM007_NFPCA_FileDraftPlanOfArrangement )</h3><table class="result"><tr><th>Messages</th></tr><tr><td><div class="messages">Admin Portal build number is: 2.1.4.4 :: 2.1.4.4 :: 2024/04/03 13:48<br/>-------: REG_NFPCM007_NFPCA_FileDraftPlanOfArrangement-&gt; <br/>Ontario Corporation Number (OCN) number is: 1000633211<br/>Incorporate an Ontario Not-for-Profit Corporation Corporation Number (OCN) number is: 1000633211<br/>Ontario Corporation Name is: Incorporate an Ontario Not-for-Profit Corporation 1000633211 ONTARIO NOT-FOR-PROFIT (1000633211)<br/>Search Result for: 10006332111000633211 ONTARIO NOT-FOR-PROFIT (1000633211)<br/>Search Result for: 10006332111000633211 ONTARIO NOT-FOR-PROFIT (1000633211)<br/>PParticulars of NFPCA - Articles of Arrangement - Draft Filing :1000633211 ONTARIO NOT-FOR-PROFIT (1000633211)<br/>Transaction Number is :APP-A10265309793</div></td></tr></table><p class="totop"><a href="#summary">back to summary</a></p><h3 id="m13">com.onbis.TestCases.REG_NFPCM008_NFPCA_FileFinalPlanOfArrangement#REG_NFPCM008_NFPCA_FileFinalPlanOfArrangement ( REG_NFPCM008_NFPCA_FileFinalPlanOfArrangement )</h3><table class="result"><tr><th>Messages</th></tr><tr><td><div class="messages">Admin Portal build number is: 2.1.4.4 :: 2.1.4.4 :: 2024/04/03 13:48<br/>-------: REG_NFPCM008_NFPCA_FileFinalPlanOfArrangement-&gt; <br/>Ontario Corporation Number (OCN) number is: 1000633212<br/>Incorporate an Ontario Not-for-Profit Corporation Corporation Number (OCN) number is: 1000633212<br/>Ontario Corporation Name is: Incorporate an Ontario Not-for-Profit Corporation 1000633212 ONTARIO NOT-FOR-PROFIT (1000633212)<br/>Search Result for: 10006332121000633212 ONTARIO NOT-FOR-PROFIT (1000633212)<br/>-------: &apos;Ok&apos; -  is enabled to click. &apos; :-------<br/>Search Result for: 10006332121000633212 ONTARIO NOT-FOR-PROFIT (1000633212)<br/>Particulars of NFPCA â€“ Articles of Arrangement :1000633212 ONTARIO NOT-FOR-PROFIT (1000633212)<br/>Transaction Number is :APP-A10265309987</div></td></tr></table><p class="totop"><a href="#summary">back to summary</a></p><h3 id="m14">com.onbis.TestCases.REG_NFPCM010_NFPCA_FileArticlesOfDissolution#REG_NFPCM010_NFPCA_FileArticlesOfDissolution ( REG_NFPCM010_NFPCA_FileArticlesOfDissolution )</h3><table class="result"><tr><th>Messages</th></tr><tr><td><div class="messages">Admin Portal build number is: 2.1.4.4 :: 2.1.4.4 :: 2024/04/03 13:48<br/>-------: REG_NFPCM010_NFPCA_FileArticlesOfDissolution-&gt; <br/>Ontario Corporation Number (OCN) number is: 1000633208<br/>Incorporate an Ontario Not-for-Profit Corporation Corporation Number (OCN) number is: 1000633208<br/>Search Result for: 10006332081000633208 ONTARIO NOT-FOR-PROFIT (1000633208)<br/>View Corporation name and number is: 1000633208 ONTARIO NOT-FOR-PROFIT<br/>File Articles Of Dissolution status is: Inactive - Voluntary Dissolution</div></td></tr></table><p class="totop"><a href="#summary">back to summary</a></p><h3 id="m15">com.onbis.TestCases.REG_NFPCM011_NFPCA_ReviveNotForProfitCorporation#REG_NFPCM011_NFPCA_ReviveNotForProfitCorporation ( REG_NFPCM011_NFPCA_ReviveNotForProfitCorporation )</h3><table class="result"><tr><th>Messages</th></tr><tr><td><div class="messages">Admin Portal build number is: 2.1.4.4 :: 2.1.4.4 :: 2024/04/03 13:48<br/>-------: REG_NFPCM011_NFPCA_ReviveNotForProfitCorporation-&gt; <br/>Ontario Corporation Number (OCN) number is: 1000633210<br/>Incorporate an Ontario Not-for-Profit Corporation Corporation Number (OCN) number is: 1000633210<br/>Search Result for: 10006332101000633210 ONTARIO NOT-FOR-PROFIT (1000633210)<br/>Particulars of Registrar Notice of Change of Status :1000633210 ONTARIO NOT-FOR-PROFIT (1000633210)<br/>Transaction Number is :APP-A10265309405</div></td></tr></table><p class="totop"><a href="#summary">back to summary</a></p><h3 id="m16">com.onbis.TestCases.REG_NFPCM012_NFPCA_WindingUpNotForProfitCorporation#REG_NFPCM012_NFPCA_WindingUpNotForProfitCorporation ( REG_NFPCM012_NFPCA_WindingUpNotForProfitCorporation )</h3><table class="result"><tr><th>Messages</th></tr><tr><td><div class="messages">Admin Portal build number is: 2.1.4.4 :: 2.1.4.4 :: 2024/04/03 13:48<br/>-------: REG_NFPCM012_NFPCA_WindingUpNotForProfitCorporation-&gt; <br/>Ontario Corporation Number (OCN) number is: 1000633209<br/>Incorporate an Ontario Not-for-Profit Corporation Corporation Number (OCN) number is: 1000633209<br/>Search Result for: 10006332091000633209 ONTARIO NOT-FOR-PROFIT (1000633209)<br/>Winding Up of a Not For Profit Corporation Name and Number is :1000633209 ONTARIO NOT-FOR-PROFIT (1000633209)<br/>Transaction Number is :APP-A10265309211</div></td></tr></table><p class="totop"><a href="#summary">back to summary</a></p><h2>Onbis-Regression-SOAB Portal</h2><h3 id="m17">com.onbis.TestCases.BCAM006_TestCasesFileArticlesOfAuthorizationContinueOutOfBusinessCorporation#BCAM006_TestCasesFileArticlesOfAuthorizationContinueOutOfBusinessCorporation ( BCAM006_TestCasesFileArticlesOfAuthorizationContinueOutOfBusinessCorporation )</h3><table class="result"><tr><th>Messages</th></tr><tr><td><div class="messages">ONBIS Code Version is: 2.1.4.4 :: 2.1.4.4 :: 2024/04/03 13:50<br/>Corporation name and number is: 1000633216 ONTARIO CORP. (1000633216) [Ontario Business Corporation]</div></td></tr><tr><th>Exception</th></tr><tr><td><div class="stacktrace">org.openqa.selenium.TimeoutException: Expected condition failed: waiting for element to be clickable: Proxy element for: DefaultElementLocator &apos;By.xpath: //tbody[@id=&apos;service-table-body&apos;]//a[1]&apos; (tried for 39 second(s) with 500 milliseconds interval)
	at org.openqa.selenium.support.ui.WebDriverWait.timeoutException(WebDriverWait.java:95)
	at org.openqa.selenium.support.ui.FluentWait.until(FluentWait.java:272)
	at com.onbis.Helper.HelperMethods.staleElementClick(HelperMethods.java:338)
	at com.onbis.Pages.ViewCorporationPage.businessCorporationFileArticlesOfContinueOutOfBusiness(ViewCorporationPage.java:305)
	at com.onbis.TestCases.BCAM006_TestCasesFileArticlesOfAuthorizationContinueOutOfBusinessCorporation.BCAM006_TestCasesFileArticlesOfAuthorizationContinueOutOfBusinessCorporation(BCAM006_TestCasesFileArticlesOfAuthorizationContinueOutOfBusinessCorporation.java:51)
	at sun.reflect.NativeMethodAccessorImpl.invoke0(Native Method)
	at sun.reflect.NativeMethodAccessorImpl.invoke(NativeMethodAccessorImpl.java:62)
	at sun.reflect.DelegatingMethodAccessorImpl.invoke(DelegatingMethodAccessorImpl.java:43)
	at java.lang.reflect.Method.invoke(Method.java:498)
	at org.testng.internal.MethodInvocationHelper.invokeMethod(MethodInvocationHelper.java:124)
	at org.testng.internal.Invoker.invokeMethod(Invoker.java:583)
	at org.testng.internal.Invoker.invokeTestMethod(Invoker.java:719)
	at org.testng.internal.Invoker.invokeTestMethods(Invoker.java:989)
	at org.testng.internal.TestMethodWorker.invokeTestMethods(TestMethodWorker.java:125)
	at org.testng.internal.TestMethodWorker.run(TestMethodWorker.java:109)
	at org.testng.TestRunner.privateRun(TestRunner.java:648)
	at org.testng.TestRunner.run(TestRunner.java:505)
	at org.testng.SuiteRunner.runTest(SuiteRunner.java:455)
	at org.testng.SuiteRunner.runSequentially(SuiteRunner.java:450)
	at org.testng.SuiteRunner.privateRun(SuiteRunner.java:415)
	at org.testng.SuiteRunner.run(SuiteRunner.java:364)
	at org.testng.SuiteRunnerWorker.runSuite(SuiteRunnerWorker.java:52)
	at org.testng.SuiteRunnerWorker.run(SuiteRunnerWorker.java:84)
	at org.testng.TestNG.runSuitesSequentially(TestNG.java:1208)
	at org.testng.TestNG.runSuitesLocally(TestNG.java:1137)
	at org.testng.TestNG.runSuites(TestNG.java:1049)
	at org.testng.TestNG.run(TestNG.java:1017)
	at com.intellij.rt.testng.IDEARemoteTestNG.run(IDEARemoteTestNG.java:66)
	at com.intellij.rt.testng.RemoteTestNGStarter.main(RemoteTestNGStarter.java:109)
Caused by: org.openqa.selenium.NoSuchElementException: no such element: Unable to locate element: {&quot;method&quot;:&quot;xpath&quot;,&quot;selector&quot;:&quot;//tbody[@id=&apos;service-table-body&apos;]//a[1]&quot;}
  (Session info: chrome=113.0.5672.127)
For documentation on this error, please visit: https://www.seleniumhq.org/exceptions/no_such_element.html
Build info: version: &apos;3.141.59&apos;, revision: &apos;e82be7d358&apos;, time: &apos;2018-11-14T08:17:03&apos;
System info: host: &apos;ON44C03384830&apos;, ip: &apos;10.61.33.219&apos;, os.name: &apos;Windows 10&apos;, os.arch: &apos;amd64&apos;, os.version: &apos;10.0&apos;, java.version: &apos;1.8.0_202&apos;
Driver info: org.openqa.selenium.chrome.ChromeDriver
Capabilities {acceptInsecureCerts: true, browserName: chrome, browserVersion: 113.0.5672.127, chrome: {chromedriverVersion: 113.0.5672.63 (0e1a4471d5ae..., userDataDir: C:\Users\MustofG\AppData\Lo...}, goog:chromeOptions: {debuggerAddress: localhost:55489}, javascriptEnabled: true, networkConnectionEnabled: false, pageLoadStrategy: normal, platform: WINDOWS, platformName: WINDOWS, proxy: Proxy(), setWindowRect: true, strictFileInteractability: false, timeouts: {implicit: 0, pageLoad: 300000, script: 30000}, unhandledPromptBehavior: dismiss and notify, webauthn:extension:credBlob: true, webauthn:extension:largeBlob: true, webauthn:extension:minPinLength: true, webauthn:extension:prf: true, webauthn:virtualAuthenticators: true}
Session ID: 5927fd4d62aa7c64b298bea3116f322a
*** Element info: {Using=xpath, value=//tbody[@id=&apos;service-table-body&apos;]//a[1]}
	at sun.reflect.GeneratedConstructorAccessor33.newInstance(Unknown Source)
	at sun.reflect.DelegatingConstructorAccessorImpl.newInstance(DelegatingConstructorAccessorImpl.java:45)
	at java.lang.reflect.Constructor.newInstance(Constructor.java:423)
	at org.openqa.selenium.remote.http.W3CHttpResponseCodec.createException(W3CHttpResponseCodec.java:187)
	at org.openqa.selenium.remote.http.W3CHttpResponseCodec.decode(W3CHttpResponseCodec.java:122)
	at org.openqa.selenium.remote.http.W3CHttpResponseCodec.decode(W3CHttpResponseCodec.java:49)
	at org.openqa.selenium.remote.HttpCommandExecutor.execute(HttpCommandExecutor.java:158)
	at org.openqa.selenium.remote.service.DriverCommandExecutor.execute(DriverCommandExecutor.java:83)
	at org.openqa.selenium.remote.RemoteWebDriver.execute(RemoteWebDriver.java:552)
	at org.openqa.selenium.remote.RemoteWebDriver.findElement(RemoteWebDriver.java:323)
	at org.openqa.selenium.remote.RemoteWebDriver.findElementByXPath(RemoteWebDriver.java:428)
	at org.openqa.selenium.By$ByXPath.findElement(By.java:353)
	at org.openqa.selenium.remote.RemoteWebDriver.findElement(RemoteWebDriver.java:315)
	at org.openqa.selenium.support.pagefactory.DefaultElementLocator.findElement(DefaultElementLocator.java:69)
	at org.openqa.selenium.support.pagefactory.internal.LocatingElementHandler.invoke(LocatingElementHandler.java:38)
	at com.sun.proxy.$Proxy25.isDisplayed(Unknown Source)
	at org.openqa.selenium.support.ui.ExpectedConditions.elementIfVisible(ExpectedConditions.java:314)
	at org.openqa.selenium.support.ui.ExpectedConditions.access$000(ExpectedConditions.java:43)
	at org.openqa.selenium.support.ui.ExpectedConditions$10.apply(ExpectedConditions.java:300)
	at org.openqa.selenium.support.ui.ExpectedConditions$10.apply(ExpectedConditions.java:297)
	at org.openqa.selenium.support.ui.ExpectedConditions$23.apply(ExpectedConditions.java:670)
	at org.openqa.selenium.support.ui.ExpectedConditions$23.apply(ExpectedConditions.java:666)
	at org.openqa.selenium.support.ui.FluentWait.until(FluentWait.java:249)
	... 27 more
</div></td></tr></table><p class="totop"><a href="#summary">back to summary</a></p><h3 id="m18">com.onbis.TestCases.BCAM010_TestCasesFileArticlesDissolveOntarioBusinessCorporation#BCAM010_TestCasesFileArticlesDissolveOntarioBusinessCorporation ( BCAM010_TestCasesFileArticlesDissolveOntarioBusinessCorporation )</h3><table class="result"><tr><th>Exception</th></tr><tr><td><div class="stacktrace">org.openqa.selenium.TimeoutException: Expected condition failed: waiting for element to be clickable: Proxy element for: DefaultElementLocator &apos;By.xpath: //tbody[@id=&apos;service-table-body&apos;]//a[1]&apos; (tried for 39 second(s) with 500 milliseconds interval)
	at org.openqa.selenium.support.ui.WebDriverWait.timeoutException(WebDriverWait.java:95)
	at org.openqa.selenium.support.ui.FluentWait.until(FluentWait.java:272)
	at com.onbis.Helper.HelperMethods.staleElementClick(HelperMethods.java:338)
	at com.onbis.Pages.ViewCorporationPage.businessCorporationFileArticlesOfDissolution(ViewCorporationPage.java:248)
	at com.onbis.TestCases.BCAM010_TestCasesFileArticlesDissolveOntarioBusinessCorporation.BCAM010_TestCasesFileArticlesDissolveOntarioBusinessCorporation(BCAM010_TestCasesFileArticlesDissolveOntarioBusinessCorporation.java:69)
	at sun.reflect.NativeMethodAccessorImpl.invoke0(Native Method)
	at sun.reflect.NativeMethodAccessorImpl.invoke(NativeMethodAccessorImpl.java:62)
	at sun.reflect.DelegatingMethodAccessorImpl.invoke(DelegatingMethodAccessorImpl.java:43)
	at java.lang.reflect.Method.invoke(Method.java:498)
	at org.testng.internal.MethodInvocationHelper.invokeMethod(MethodInvocationHelper.java:124)
	at org.testng.internal.Invoker.invokeMethod(Invoker.java:583)
	at org.testng.internal.Invoker.invokeTestMethod(Invoker.java:719)
	at org.testng.internal.Invoker.invokeTestMethods(Invoker.java:989)
	at org.testng.internal.TestMethodWorker.invokeTestMethods(TestMethodWorker.java:125)
	at org.testng.internal.TestMethodWorker.run(TestMethodWorker.java:109)
	at org.testng.TestRunner.privateRun(TestRunner.java:648)
	at org.testng.TestRunner.run(TestRunner.java:505)
	at org.testng.SuiteRunner.runTest(SuiteRunner.java:455)
	at org.testng.SuiteRunner.runSequentially(SuiteRunner.java:450)
	at org.testng.SuiteRunner.privateRun(SuiteRunner.java:415)
	at org.testng.SuiteRunner.run(SuiteRunner.java:364)
	at org.testng.SuiteRunnerWorker.runSuite(SuiteRunnerWorker.java:52)
	at org.testng.SuiteRunnerWorker.run(SuiteRunnerWorker.java:84)
	at org.testng.TestNG.runSuitesSequentially(TestNG.java:1208)
	at org.testng.TestNG.runSuitesLocally(TestNG.java:1137)
	at org.testng.TestNG.runSuites(TestNG.java:1049)
	at org.testng.TestNG.run(TestNG.java:1017)
	at com.intellij.rt.testng.IDEARemoteTestNG.run(IDEARemoteTestNG.java:66)
	at com.intellij.rt.testng.RemoteTestNGStarter.main(RemoteTestNGStarter.java:109)
Caused by: org.openqa.selenium.NoSuchElementException: no such element: Unable to locate element: {&quot;method&quot;:&quot;xpath&quot;,&quot;selector&quot;:&quot;//tbody[@id=&apos;service-table-body&apos;]//a[1]&quot;}
  (Session info: chrome=113.0.5672.127)
For documentation on this error, please visit: https://www.seleniumhq.org/exceptions/no_such_element.html
Build info: version: &apos;3.141.59&apos;, revision: &apos;e82be7d358&apos;, time: &apos;2018-11-14T08:17:03&apos;
System info: host: &apos;ON44C03384830&apos;, ip: &apos;10.61.33.219&apos;, os.name: &apos;Windows 10&apos;, os.arch: &apos;amd64&apos;, os.version: &apos;10.0&apos;, java.version: &apos;1.8.0_202&apos;
Driver info: org.openqa.selenium.chrome.ChromeDriver
Capabilities {acceptInsecureCerts: true, browserName: chrome, browserVersion: 113.0.5672.127, chrome: {chromedriverVersion: 113.0.5672.63 (0e1a4471d5ae..., userDataDir: C:\Users\MustofG\AppData\Lo...}, goog:chromeOptions: {debuggerAddress: localhost:54688}, javascriptEnabled: true, networkConnectionEnabled: false, pageLoadStrategy: normal, platform: WINDOWS, platformName: WINDOWS, proxy: Proxy(), setWindowRect: true, strictFileInteractability: false, timeouts: {implicit: 0, pageLoad: 300000, script: 30000}, unhandledPromptBehavior: dismiss and notify, webauthn:extension:credBlob: true, webauthn:extension:largeBlob: true, webauthn:extension:minPinLength: true, webauthn:extension:prf: true, webauthn:virtualAuthenticators: true}
Session ID: 56f957d91692cee8ca74dbf2ec35ef14
*** Element info: {Using=xpath, value=//tbody[@id=&apos;service-table-body&apos;]//a[1]}
	at sun.reflect.GeneratedConstructorAccessor33.newInstance(Unknown Source)
	at sun.reflect.DelegatingConstructorAccessorImpl.newInstance(DelegatingConstructorAccessorImpl.java:45)
	at java.lang.reflect.Constructor.newInstance(Constructor.java:423)
	at org.openqa.selenium.remote.http.W3CHttpResponseCodec.createException(W3CHttpResponseCodec.java:187)
	at org.openqa.selenium.remote.http.W3CHttpResponseCodec.decode(W3CHttpResponseCodec.java:122)
	at org.openqa.selenium.remote.http.W3CHttpResponseCodec.decode(W3CHttpResponseCodec.java:49)
	at org.openqa.selenium.remote.HttpCommandExecutor.execute(HttpCommandExecutor.java:158)
	at org.openqa.selenium.remote.service.DriverCommandExecutor.execute(DriverCommandExecutor.java:83)
	at org.openqa.selenium.remote.RemoteWebDriver.execute(RemoteWebDriver.java:552)
	at org.openqa.selenium.remote.RemoteWebDriver.findElement(RemoteWebDriver.java:323)
	at org.openqa.selenium.remote.RemoteWebDriver.findElementByXPath(RemoteWebDriver.java:428)
	at org.openqa.selenium.By$ByXPath.findElement(By.java:353)
	at org.openqa.selenium.remote.RemoteWebDriver.findElement(RemoteWebDriver.java:315)
	at org.openqa.selenium.support.pagefactory.DefaultElementLocator.findElement(DefaultElementLocator.java:69)
	at org.openqa.selenium.support.pagefactory.internal.LocatingElementHandler.invoke(LocatingElementHandler.java:38)
	at com.sun.proxy.$Proxy25.isDisplayed(Unknown Source)
	at org.openqa.selenium.support.ui.ExpectedConditions.elementIfVisible(ExpectedConditions.java:314)
	at org.openqa.selenium.support.ui.ExpectedConditions.access$000(ExpectedConditions.java:43)
	at org.openqa.selenium.support.ui.ExpectedConditions$10.apply(ExpectedConditions.java:300)
	at org.openqa.selenium.support.ui.ExpectedConditions$10.apply(ExpectedConditions.java:297)
	at org.openqa.selenium.support.ui.ExpectedConditions$23.apply(ExpectedConditions.java:670)
	at org.openqa.selenium.support.ui.ExpectedConditions$23.apply(ExpectedConditions.java:666)
	at org.openqa.selenium.support.ui.FluentWait.until(FluentWait.java:249)
	... 27 more
</div></td></tr></table><p class="totop"><a href="#summary">back to summary</a></p><h3 id="m19">com.onbis.TestCases.BCAM013_TestCasesCourtOrderedWindingUpDissolutionOrder#BCAM013_TestCasesCourtOrderedWindingUpDissolutionOrder ( BCAM013_TestCasesCourtOrderedWindingUpDissolutionOrder )</h3><table class="result"><tr><th>Exception</th></tr><tr><td><div class="stacktrace">org.openqa.selenium.TimeoutException: Expected condition failed: waiting for visibility of Proxy element for: DefaultElementLocator &apos;By.xpath: //h2[@id=&apos;OneSourceTitle&apos;]&apos; (tried for 120 second(s) with 500 milliseconds interval)
	at org.openqa.selenium.support.ui.FluentWait.timeoutException(FluentWait.java:304)
	at org.openqa.selenium.support.ui.FluentWait.until(FluentWait.java:272)
	at com.onbis.Helper.HelperMethods.fluentLongWaitAndCheckVisible(HelperMethods.java:79)
	at com.onbis.Pages.SOPaymentConfirmationPage.paymentConfirmationElementsAreDisplayed(SOPaymentConfirmationPage.java:65)
	at com.onbis.TestCases.BCAM013_TestCasesCourtOrderedWindingUpDissolutionOrder.BCAM013_TestCasesCourtOrderedWindingUpDissolutionOrder(BCAM013_TestCasesCourtOrderedWindingUpDissolutionOrder.java:58)
	at sun.reflect.NativeMethodAccessorImpl.invoke0(Native Method)
	at sun.reflect.NativeMethodAccessorImpl.invoke(NativeMethodAccessorImpl.java:62)
	at sun.reflect.DelegatingMethodAccessorImpl.invoke(DelegatingMethodAccessorImpl.java:43)
	at java.lang.reflect.Method.invoke(Method.java:498)
	at org.testng.internal.MethodInvocationHelper.invokeMethod(MethodInvocationHelper.java:124)
	at org.testng.internal.Invoker.invokeMethod(Invoker.java:583)
	at org.testng.internal.Invoker.invokeTestMethod(Invoker.java:719)
	at org.testng.internal.Invoker.invokeTestMethods(Invoker.java:989)
	at org.testng.internal.TestMethodWorker.invokeTestMethods(TestMethodWorker.java:125)
	at org.testng.internal.TestMethodWorker.run(TestMethodWorker.java:109)
	at org.testng.TestRunner.privateRun(TestRunner.java:648)
	at org.testng.TestRunner.run(TestRunner.java:505)
	at org.testng.SuiteRunner.runTest(SuiteRunner.java:455)
	at org.testng.SuiteRunner.runSequentially(SuiteRunner.java:450)
	at org.testng.SuiteRunner.privateRun(SuiteRunner.java:415)
	at org.testng.SuiteRunner.run(SuiteRunner.java:364)
	at org.testng.SuiteRunnerWorker.runSuite(SuiteRunnerWorker.java:52)
	at org.testng.SuiteRunnerWorker.run(SuiteRunnerWorker.java:84)
	at org.testng.TestNG.runSuitesSequentially(TestNG.java:1208)
	at org.testng.TestNG.runSuitesLocally(TestNG.java:1137)
	at org.testng.TestNG.runSuites(TestNG.java:1049)
	at org.testng.TestNG.run(TestNG.java:1017)
	at com.intellij.rt.testng.IDEARemoteTestNG.run(IDEARemoteTestNG.java:66)
	at com.intellij.rt.testng.RemoteTestNGStarter.main(RemoteTestNGStarter.java:109)
Caused by: org.openqa.selenium.NoSuchElementException: no such element: Unable to locate element: {&quot;method&quot;:&quot;xpath&quot;,&quot;selector&quot;:&quot;//h2[@id=&apos;OneSourceTitle&apos;]&quot;}
  (Session info: chrome=113.0.5672.127)
For documentation on this error, please visit: https://www.seleniumhq.org/exceptions/no_such_element.html
Build info: version: &apos;3.141.59&apos;, revision: &apos;e82be7d358&apos;, time: &apos;2018-11-14T08:17:03&apos;
System info: host: &apos;ON44C03384830&apos;, ip: &apos;10.61.33.219&apos;, os.name: &apos;Windows 10&apos;, os.arch: &apos;amd64&apos;, os.version: &apos;10.0&apos;, java.version: &apos;1.8.0_202&apos;
Driver info: org.openqa.selenium.chrome.ChromeDriver
Capabilities {acceptInsecureCerts: true, browserName: chrome, browserVersion: 113.0.5672.127, chrome: {chromedriverVersion: 113.0.5672.63 (0e1a4471d5ae..., userDataDir: C:\Users\MustofG\AppData\Lo...}, goog:chromeOptions: {debuggerAddress: localhost:56747}, javascriptEnabled: true, networkConnectionEnabled: false, pageLoadStrategy: normal, platform: WINDOWS, platformName: WINDOWS, proxy: Proxy(), setWindowRect: true, strictFileInteractability: false, timeouts: {implicit: 0, pageLoad: 300000, script: 30000}, unhandledPromptBehavior: dismiss and notify, webauthn:extension:credBlob: true, webauthn:extension:largeBlob: true, webauthn:extension:minPinLength: true, webauthn:extension:prf: true, webauthn:virtualAuthenticators: true}
Session ID: 847cf571e25692576e20a45c4c62c4ac
*** Element info: {Using=xpath, value=//h2[@id=&apos;OneSourceTitle&apos;]}
	at sun.reflect.GeneratedConstructorAccessor33.newInstance(Unknown Source)
	at sun.reflect.DelegatingConstructorAccessorImpl.newInstance(DelegatingConstructorAccessorImpl.java:45)
	at java.lang.reflect.Constructor.newInstance(Constructor.java:423)
	at org.openqa.selenium.remote.http.W3CHttpResponseCodec.createException(W3CHttpResponseCodec.java:187)
	at org.openqa.selenium.remote.http.W3CHttpResponseCodec.decode(W3CHttpResponseCodec.java:122)
	at org.openqa.selenium.remote.http.W3CHttpResponseCodec.decode(W3CHttpResponseCodec.java:49)
	at org.openqa.selenium.remote.HttpCommandExecutor.execute(HttpCommandExecutor.java:158)
	at org.openqa.selenium.remote.service.DriverCommandExecutor.execute(DriverCommandExecutor.java:83)
	at org.openqa.selenium.remote.RemoteWebDriver.execute(RemoteWebDriver.java:552)
	at org.openqa.selenium.remote.RemoteWebDriver.findElement(RemoteWebDriver.java:323)
	at org.openqa.selenium.remote.RemoteWebDriver.findElementByXPath(RemoteWebDriver.java:428)
	at org.openqa.selenium.By$ByXPath.findElement(By.java:353)
	at org.openqa.selenium.remote.RemoteWebDriver.findElement(RemoteWebDriver.java:315)
	at org.openqa.selenium.support.pagefactory.DefaultElementLocator.findElement(DefaultElementLocator.java:69)
	at org.openqa.selenium.support.pagefactory.internal.LocatingElementHandler.invoke(LocatingElementHandler.java:38)
	at com.sun.proxy.$Proxy25.isDisplayed(Unknown Source)
	at org.openqa.selenium.support.ui.ExpectedConditions.elementIfVisible(ExpectedConditions.java:314)
	at org.openqa.selenium.support.ui.ExpectedConditions.access$000(ExpectedConditions.java:43)
	at org.openqa.selenium.support.ui.ExpectedConditions$10.apply(ExpectedConditions.java:300)
	at org.openqa.selenium.support.ui.ExpectedConditions$10.apply(ExpectedConditions.java:297)
	at org.openqa.selenium.support.ui.FluentWait.until(FluentWait.java:249)
	... 27 more
</div></td></tr></table><p class="totop"><a href="#summary">back to summary</a></p><h3 id="m20">com.onbis.TestCases.TC01_BCAR001_TestCasesAddProfileForIncorportatNumber#TC01_BCAR001_TestCasesAddProfileForIncorportatNumber ( TC01_BCAR001_TestCasesAddProfileForIncorportatNumber )</h3><table class="result"><tr><th>Exception</th></tr><tr><td><div class="stacktrace">org.openqa.selenium.TimeoutException: Expected condition failed: waiting for visibility of Proxy element for: DefaultElementLocator &apos;By.xpath: //h2[@id=&apos;OneSourceTitle&apos;]&apos; (tried for 120 second(s) with 500 milliseconds interval)
	at org.openqa.selenium.support.ui.FluentWait.timeoutException(FluentWait.java:304)
	at org.openqa.selenium.support.ui.FluentWait.until(FluentWait.java:272)
	at com.onbis.Helper.HelperMethods.fluentLongWaitAndCheckVisible(HelperMethods.java:79)
	at com.onbis.Pages.SOPaymentConfirmationPage.paymentConfirmationElementsAreDisplayed(SOPaymentConfirmationPage.java:65)
	at com.onbis.TestCases.TC01_BCAR001_TestCasesAddProfileForIncorportatNumber.TC01_BCAR001_TestCasesAddProfileForIncorportatNumber(TC01_BCAR001_TestCasesAddProfileForIncorportatNumber.java:33)
	at sun.reflect.NativeMethodAccessorImpl.invoke0(Native Method)
	at sun.reflect.NativeMethodAccessorImpl.invoke(NativeMethodAccessorImpl.java:62)
	at sun.reflect.DelegatingMethodAccessorImpl.invoke(DelegatingMethodAccessorImpl.java:43)
	at java.lang.reflect.Method.invoke(Method.java:498)
	at org.testng.internal.MethodInvocationHelper.invokeMethod(MethodInvocationHelper.java:124)
	at org.testng.internal.Invoker.invokeMethod(Invoker.java:583)
	at org.testng.internal.Invoker.invokeTestMethod(Invoker.java:719)
	at org.testng.internal.Invoker.invokeTestMethods(Invoker.java:989)
	at org.testng.internal.TestMethodWorker.invokeTestMethods(TestMethodWorker.java:125)
	at org.testng.internal.TestMethodWorker.run(TestMethodWorker.java:109)
	at org.testng.TestRunner.privateRun(TestRunner.java:648)
	at org.testng.TestRunner.run(TestRunner.java:505)
	at org.testng.SuiteRunner.runTest(SuiteRunner.java:455)
	at org.testng.SuiteRunner.runSequentially(SuiteRunner.java:450)
	at org.testng.SuiteRunner.privateRun(SuiteRunner.java:415)
	at org.testng.SuiteRunner.run(SuiteRunner.java:364)
	at org.testng.SuiteRunnerWorker.runSuite(SuiteRunnerWorker.java:52)
	at org.testng.SuiteRunnerWorker.run(SuiteRunnerWorker.java:84)
	at org.testng.TestNG.runSuitesSequentially(TestNG.java:1208)
	at org.testng.TestNG.runSuitesLocally(TestNG.java:1137)
	at org.testng.TestNG.runSuites(TestNG.java:1049)
	at org.testng.TestNG.run(TestNG.java:1017)
	at com.intellij.rt.testng.IDEARemoteTestNG.run(IDEARemoteTestNG.java:66)
	at com.intellij.rt.testng.RemoteTestNGStarter.main(RemoteTestNGStarter.java:109)
Caused by: org.openqa.selenium.NoSuchElementException: no such element: Unable to locate element: {&quot;method&quot;:&quot;xpath&quot;,&quot;selector&quot;:&quot;//h2[@id=&apos;OneSourceTitle&apos;]&quot;}
  (Session info: chrome=113.0.5672.127)
For documentation on this error, please visit: https://www.seleniumhq.org/exceptions/no_such_element.html
Build info: version: &apos;3.141.59&apos;, revision: &apos;e82be7d358&apos;, time: &apos;2018-11-14T08:17:03&apos;
System info: host: &apos;ON44C03384830&apos;, ip: &apos;10.61.33.219&apos;, os.name: &apos;Windows 10&apos;, os.arch: &apos;amd64&apos;, os.version: &apos;10.0&apos;, java.version: &apos;1.8.0_202&apos;
Driver info: org.openqa.selenium.chrome.ChromeDriver
Capabilities {acceptInsecureCerts: true, browserName: chrome, browserVersion: 113.0.5672.127, chrome: {chromedriverVersion: 113.0.5672.63 (0e1a4471d5ae..., userDataDir: C:\Users\MustofG\AppData\Lo...}, goog:chromeOptions: {debuggerAddress: localhost:53396}, javascriptEnabled: true, networkConnectionEnabled: false, pageLoadStrategy: normal, platform: WINDOWS, platformName: WINDOWS, proxy: Proxy(), setWindowRect: true, strictFileInteractability: false, timeouts: {implicit: 0, pageLoad: 300000, script: 30000}, unhandledPromptBehavior: dismiss and notify, webauthn:extension:credBlob: true, webauthn:extension:largeBlob: true, webauthn:extension:minPinLength: true, webauthn:extension:prf: true, webauthn:virtualAuthenticators: true}
Session ID: 93949c663009191eb40abd683be98016
*** Element info: {Using=xpath, value=//h2[@id=&apos;OneSourceTitle&apos;]}
	at sun.reflect.NativeConstructorAccessorImpl.newInstance0(Native Method)
	at sun.reflect.NativeConstructorAccessorImpl.newInstance(NativeConstructorAccessorImpl.java:62)
	at sun.reflect.DelegatingConstructorAccessorImpl.newInstance(DelegatingConstructorAccessorImpl.java:45)
	at java.lang.reflect.Constructor.newInstance(Constructor.java:423)
	at org.openqa.selenium.remote.http.W3CHttpResponseCodec.createException(W3CHttpResponseCodec.java:187)
	at org.openqa.selenium.remote.http.W3CHttpResponseCodec.decode(W3CHttpResponseCodec.java:122)
	at org.openqa.selenium.remote.http.W3CHttpResponseCodec.decode(W3CHttpResponseCodec.java:49)
	at org.openqa.selenium.remote.HttpCommandExecutor.execute(HttpCommandExecutor.java:158)
	at org.openqa.selenium.remote.service.DriverCommandExecutor.execute(DriverCommandExecutor.java:83)
	at org.openqa.selenium.remote.RemoteWebDriver.execute(RemoteWebDriver.java:552)
	at org.openqa.selenium.remote.RemoteWebDriver.findElement(RemoteWebDriver.java:323)
	at org.openqa.selenium.remote.RemoteWebDriver.findElementByXPath(RemoteWebDriver.java:428)
	at org.openqa.selenium.By$ByXPath.findElement(By.java:353)
	at org.openqa.selenium.remote.RemoteWebDriver.findElement(RemoteWebDriver.java:315)
	at org.openqa.selenium.support.pagefactory.DefaultElementLocator.findElement(DefaultElementLocator.java:69)
	at org.openqa.selenium.support.pagefactory.internal.LocatingElementHandler.invoke(LocatingElementHandler.java:38)
	at com.sun.proxy.$Proxy25.isDisplayed(Unknown Source)
	at org.openqa.selenium.support.ui.ExpectedConditions.elementIfVisible(ExpectedConditions.java:314)
	at org.openqa.selenium.support.ui.ExpectedConditions.access$000(ExpectedConditions.java:43)
	at org.openqa.selenium.support.ui.ExpectedConditions$10.apply(ExpectedConditions.java:300)
	at org.openqa.selenium.support.ui.ExpectedConditions$10.apply(ExpectedConditions.java:297)
	at org.openqa.selenium.support.ui.FluentWait.until(FluentWait.java:249)
	... 27 more
</div></td></tr></table><p class="totop"><a href="#summary">back to summary</a></p><h3 id="m21">com.onbis.TestCases.BCAM002_TestCasesFileArticlesOfAmendmenOntarioBusinessCorporation#BCAM002_TestCasesFileArticlesOfAmendmenOntarioBusinessCorporation ( BCAM002_TestCasesFileArticlesOfAmendmenOntarioBusinessCorporation )</h3><table class="result"><tr><th>Messages</th></tr><tr><td><div class="messages">ONBIS Code Version is: 2.1.4.4 :: 2.1.4.4 :: 2024/04/03 13:50<br/>Corporation name and number is: 1000633214 ONTARIO CORP. (1000633214) [Ontario Business Corporation]<br/>Transaction Number is :43057875</div></td></tr></table><p class="totop"><a href="#summary">back to summary</a></p><h3 id="m22">com.onbis.TestCases.BCAM007_TestCasesFileArticlesOfFileDraftPlanForArrangement#BCAM007_TestCasesFileArticlesOfFileDraftPlanForArrangement ( BCAM007_TestCasesFileArticlesOfFileDraftPlanForArrangement )</h3><table class="result"><tr><th>Messages</th></tr><tr><td><div class="messages">ONBIS Code Version is: 2.1.4.4 :: 2.1.4.4 :: 2024/04/03 13:50<br/>Corporation name and number is: 1000633217 ONTARIO CORP. (1000633217) [Ontario Business Corporation]<br/>Corporation Name is :1000633217 ONTARIO CORP.<br/>Activity name is :Draft Plan of Arrangement<br/>Transaction Number is :43057881</div></td></tr></table><p class="totop"><a href="#summary">back to summary</a></p><h2>Onbis-Regression-Partner Portal-Data Creation for Renewal</h2><h3 id="m23">com.onbis.TestCases.TC_ALL_DataCreationRegistrationOfABusinessName#BNM002_DataCreationRegistrationOfABusinessNameForASoleProprietorshipBusinessName ( BNM002_DataCreationRegistrationOfABusinessNameForASoleProprietorshipBusinessName )</h3><table class="result"><tr><th>Messages</th></tr><tr><td><div class="messages">PartnerPortal build number is: 2.1.4.4 :: 2.1.4.4 :: 2024/04/03 13:48</div></td></tr><tr><th>Exception</th></tr><tr><td><div class="stacktrace">org.openqa.selenium.TimeoutException: Expected condition failed: waiting for visibility of [[ChromeDriver: chrome on WINDOWS (d16dba6d645f6f2b54365c0c7fd1420d)] -&gt; xpath: (//a[@class=&apos;menu-toggle&apos;]//span)[2]] (tried for 90 second(s) with 200 milliseconds interval)
Build info: version: &apos;3.141.59&apos;, revision: &apos;e82be7d358&apos;, time: &apos;2018-11-14T08:17:03&apos;
System info: host: &apos;ON44C03384830&apos;, ip: &apos;10.61.33.219&apos;, os.name: &apos;Windows 10&apos;, os.arch: &apos;amd64&apos;, os.version: &apos;10.0&apos;, java.version: &apos;1.8.0_202&apos;
Driver info: driver.version: unknown
	at org.openqa.selenium.support.ui.FluentWait.timeoutException(FluentWait.java:304)
	at org.openqa.selenium.support.ui.FluentWait.until(FluentWait.java:272)
	at com.onbis.Helper.HelperMethods.fluentWaitAndCheckVisible(HelperMethods.java:71)
	at com.onbis.Pages.PartnerPortalLandingPage.selectSearchRegistry(PartnerPortalLandingPage.java:212)
	at com.onbis.TestCases.TC_ALL_DataCreationRegistrationOfABusinessName.BNM002_DataCreationRegistrationOfABusinessNameForASoleProprietorshipBusinessName(TC_ALL_DataCreationRegistrationOfABusinessName.java:42)
	at sun.reflect.NativeMethodAccessorImpl.invoke0(Native Method)
	at sun.reflect.NativeMethodAccessorImpl.invoke(NativeMethodAccessorImpl.java:62)
	at sun.reflect.DelegatingMethodAccessorImpl.invoke(DelegatingMethodAccessorImpl.java:43)
	at java.lang.reflect.Method.invoke(Method.java:498)
	at org.testng.internal.MethodInvocationHelper.invokeMethod(MethodInvocationHelper.java:124)
	at org.testng.internal.Invoker.invokeMethod(Invoker.java:583)
	at org.testng.internal.Invoker.invokeTestMethod(Invoker.java:719)
	at org.testng.internal.Invoker.invokeTestMethods(Invoker.java:989)
	at org.testng.internal.TestMethodWorker.invokeTestMethods(TestMethodWorker.java:125)
	at org.testng.internal.TestMethodWorker.run(TestMethodWorker.java:109)
	at org.testng.TestRunner.privateRun(TestRunner.java:648)
	at org.testng.TestRunner.run(TestRunner.java:505)
	at org.testng.SuiteRunner.runTest(SuiteRunner.java:455)
	at org.testng.SuiteRunner.runSequentially(SuiteRunner.java:450)
	at org.testng.SuiteRunner.privateRun(SuiteRunner.java:415)
	at org.testng.SuiteRunner.run(SuiteRunner.java:364)
	at org.testng.SuiteRunnerWorker.runSuite(SuiteRunnerWorker.java:52)
	at org.testng.SuiteRunnerWorker.run(SuiteRunnerWorker.java:84)
	at org.testng.TestNG.runSuitesSequentially(TestNG.java:1208)
	at org.testng.TestNG.runSuitesLocally(TestNG.java:1137)
	at org.testng.TestNG.runSuites(TestNG.java:1049)
	at org.testng.TestNG.run(TestNG.java:1017)
	at com.intellij.rt.testng.IDEARemoteTestNG.run(IDEARemoteTestNG.java:66)
	at com.intellij.rt.testng.RemoteTestNGStarter.main(RemoteTestNGStarter.java:109)
</div></td></tr></table><p class="totop"><a href="#summary">back to summary</a></p><h3 id="m24">com.onbis.TestCases.TC_ALL_DataCreationRegistrationOfABusinessName#BNM017_DataCreationRegistrationOfAPartnershipBusinessName ( BNM017_DataCreationRegistrationOfAPartnershipBusinessName )</h3><table class="result"><tr><th>Messages</th></tr><tr><td><div class="messages">PartnerPortal build number is: 2.1.4.4 :: 2.1.4.4 :: 2024/04/03 13:48</div></td></tr><tr><th>Exception</th></tr><tr><td><div class="stacktrace">org.openqa.selenium.TimeoutException: Expected condition failed: waiting for visibility of Proxy element for: DefaultElementLocator &apos;By.xpath: (//a[@class=&apos;menu-toggle&apos;]//span)[2]&apos; (tried for 90 second(s) with 200 milliseconds interval)
	at org.openqa.selenium.support.ui.FluentWait.timeoutException(FluentWait.java:304)
	at org.openqa.selenium.support.ui.FluentWait.until(FluentWait.java:272)
	at com.onbis.Helper.HelperMethods.fluentWaitAndCheckVisible(HelperMethods.java:71)
	at com.onbis.Pages.PartnerPortalLandingPage.selectSearchRegistry(PartnerPortalLandingPage.java:212)
	at com.onbis.TestCases.TC_ALL_DataCreationRegistrationOfABusinessName.BNM017_DataCreationRegistrationOfAPartnershipBusinessName(TC_ALL_DataCreationRegistrationOfABusinessName.java:113)
	at sun.reflect.NativeMethodAccessorImpl.invoke0(Native Method)
	at sun.reflect.NativeMethodAccessorImpl.invoke(NativeMethodAccessorImpl.java:62)
	at sun.reflect.DelegatingMethodAccessorImpl.invoke(DelegatingMethodAccessorImpl.java:43)
	at java.lang.reflect.Method.invoke(Method.java:498)
	at org.testng.internal.MethodInvocationHelper.invokeMethod(MethodInvocationHelper.java:124)
	at org.testng.internal.Invoker.invokeMethod(Invoker.java:583)
	at org.testng.internal.Invoker.invokeTestMethod(Invoker.java:719)
	at org.testng.internal.Invoker.invokeTestMethods(Invoker.java:989)
	at org.testng.internal.TestMethodWorker.invokeTestMethods(TestMethodWorker.java:125)
	at org.testng.internal.TestMethodWorker.run(TestMethodWorker.java:109)
	at org.testng.TestRunner.privateRun(TestRunner.java:648)
	at org.testng.TestRunner.run(TestRunner.java:505)
	at org.testng.SuiteRunner.runTest(SuiteRunner.java:455)
	at org.testng.SuiteRunner.runSequentially(SuiteRunner.java:450)
	at org.testng.SuiteRunner.privateRun(SuiteRunner.java:415)
	at org.testng.SuiteRunner.run(SuiteRunner.java:364)
	at org.testng.SuiteRunnerWorker.runSuite(SuiteRunnerWorker.java:52)
	at org.testng.SuiteRunnerWorker.run(SuiteRunnerWorker.java:84)
	at org.testng.TestNG.runSuitesSequentially(TestNG.java:1208)
	at org.testng.TestNG.runSuitesLocally(TestNG.java:1137)
	at org.testng.TestNG.runSuites(TestNG.java:1049)
	at org.testng.TestNG.run(TestNG.java:1017)
	at com.intellij.rt.testng.IDEARemoteTestNG.run(IDEARemoteTestNG.java:66)
	at com.intellij.rt.testng.RemoteTestNGStarter.main(RemoteTestNGStarter.java:109)
Caused by: org.openqa.selenium.NoSuchElementException: no such element: Unable to locate element: {&quot;method&quot;:&quot;xpath&quot;,&quot;selector&quot;:&quot;(//a[@class=&apos;menu-toggle&apos;]//span)[2]&quot;}
  (Session info: chrome=113.0.5672.127)
For documentation on this error, please visit: https://www.seleniumhq.org/exceptions/no_such_element.html
Build info: version: &apos;3.141.59&apos;, revision: &apos;e82be7d358&apos;, time: &apos;2018-11-14T08:17:03&apos;
System info: host: &apos;ON44C03384830&apos;, ip: &apos;10.61.33.219&apos;, os.name: &apos;Windows 10&apos;, os.arch: &apos;amd64&apos;, os.version: &apos;10.0&apos;, java.version: &apos;1.8.0_202&apos;
Driver info: org.openqa.selenium.chrome.ChromeDriver
Capabilities {acceptInsecureCerts: true, browserName: chrome, browserVersion: 113.0.5672.127, chrome: {chromedriverVersion: 113.0.5672.63 (0e1a4471d5ae..., userDataDir: C:\Users\MustofG\AppData\Lo...}, goog:chromeOptions: {debuggerAddress: localhost:57864}, javascriptEnabled: true, networkConnectionEnabled: false, pageLoadStrategy: normal, platform: WINDOWS, platformName: WINDOWS, proxy: Proxy(), setWindowRect: true, strictFileInteractability: false, timeouts: {implicit: 0, pageLoad: 300000, script: 30000}, unhandledPromptBehavior: dismiss and notify, webauthn:extension:credBlob: true, webauthn:extension:largeBlob: true, webauthn:extension:minPinLength: true, webauthn:extension:prf: true, webauthn:virtualAuthenticators: true}
Session ID: 124406d1dce8a15a7768d266dd906408
*** Element info: {Using=xpath, value=(//a[@class=&apos;menu-toggle&apos;]//span)[2]}
	at sun.reflect.GeneratedConstructorAccessor33.newInstance(Unknown Source)
	at sun.reflect.DelegatingConstructorAccessorImpl.newInstance(DelegatingConstructorAccessorImpl.java:45)
	at java.lang.reflect.Constructor.newInstance(Constructor.java:423)
	at org.openqa.selenium.remote.http.W3CHttpResponseCodec.createException(W3CHttpResponseCodec.java:187)
	at org.openqa.selenium.remote.http.W3CHttpResponseCodec.decode(W3CHttpResponseCodec.java:122)
	at org.openqa.selenium.remote.http.W3CHttpResponseCodec.decode(W3CHttpResponseCodec.java:49)
	at org.openqa.selenium.remote.HttpCommandExecutor.execute(HttpCommandExecutor.java:158)
	at org.openqa.selenium.remote.service.DriverCommandExecutor.execute(DriverCommandExecutor.java:83)
	at org.openqa.selenium.remote.RemoteWebDriver.execute(RemoteWebDriver.java:552)
	at org.openqa.selenium.remote.RemoteWebDriver.findElement(RemoteWebDriver.java:323)
	at org.openqa.selenium.remote.RemoteWebDriver.findElementByXPath(RemoteWebDriver.java:428)
	at org.openqa.selenium.By$ByXPath.findElement(By.java:353)
	at org.openqa.selenium.remote.RemoteWebDriver.findElement(RemoteWebDriver.java:315)
	at org.openqa.selenium.support.pagefactory.DefaultElementLocator.findElement(DefaultElementLocator.java:69)
	at org.openqa.selenium.support.pagefactory.internal.LocatingElementHandler.invoke(LocatingElementHandler.java:38)
	at com.sun.proxy.$Proxy25.isDisplayed(Unknown Source)
	at org.openqa.selenium.support.ui.ExpectedConditions.elementIfVisible(ExpectedConditions.java:314)
	at org.openqa.selenium.support.ui.ExpectedConditions.access$000(ExpectedConditions.java:43)
	at org.openqa.selenium.support.ui.ExpectedConditions$10.apply(ExpectedConditions.java:300)
	at org.openqa.selenium.support.ui.ExpectedConditions$10.apply(ExpectedConditions.java:297)
	at org.openqa.selenium.support.ui.FluentWait.until(FluentWait.java:249)
	... 27 more
</div></td></tr></table><p class="totop"><a href="#summary">back to summary</a></p><h3 id="m25">com.onbis.TestCases.TC_ALL_DataCreationRegistrationOfABusinessName#LLCM002_DataCreationRegistrationOfALimitedLiabilityCompanyName ( LLCM002_DataCreationRegistrationOfALimitedLiabilityCompanyName )</h3><table class="result"><tr><th>Messages</th></tr><tr><td><div class="messages">PartnerPortal build number is: 2.1.4.4 :: 2.1.4.4 :: 2024/04/03 13:48</div></td></tr><tr><th>Exception</th></tr><tr><td><div class="stacktrace">org.openqa.selenium.TimeoutException: Expected condition failed: waiting for visibility of [[ChromeDriver: chrome on WINDOWS (84b028da5c2f7c0ecdc76ed6a2733f41)] -&gt; xpath: (//a[@class=&apos;menu-toggle&apos;]//span)[2]] (tried for 90 second(s) with 200 milliseconds interval)
Build info: version: &apos;3.141.59&apos;, revision: &apos;e82be7d358&apos;, time: &apos;2018-11-14T08:17:03&apos;
System info: host: &apos;ON44C03384830&apos;, ip: &apos;10.61.33.219&apos;, os.name: &apos;Windows 10&apos;, os.arch: &apos;amd64&apos;, os.version: &apos;10.0&apos;, java.version: &apos;1.8.0_202&apos;
Driver info: driver.version: unknown
	at org.openqa.selenium.support.ui.FluentWait.timeoutException(FluentWait.java:304)
	at org.openqa.selenium.support.ui.FluentWait.until(FluentWait.java:272)
	at com.onbis.Helper.HelperMethods.fluentWaitAndCheckVisible(HelperMethods.java:71)
	at com.onbis.Pages.PartnerPortalLandingPage.selectSearchRegistry(PartnerPortalLandingPage.java:212)
	at com.onbis.TestCases.TC_ALL_DataCreationRegistrationOfABusinessName.LLCM002_DataCreationRegistrationOfALimitedLiabilityCompanyName(TC_ALL_DataCreationRegistrationOfABusinessName.java:136)
	at sun.reflect.NativeMethodAccessorImpl.invoke0(Native Method)
	at sun.reflect.NativeMethodAccessorImpl.invoke(NativeMethodAccessorImpl.java:62)
	at sun.reflect.DelegatingMethodAccessorImpl.invoke(DelegatingMethodAccessorImpl.java:43)
	at java.lang.reflect.Method.invoke(Method.java:498)
	at org.testng.internal.MethodInvocationHelper.invokeMethod(MethodInvocationHelper.java:124)
	at org.testng.internal.Invoker.invokeMethod(Invoker.java:583)
	at org.testng.internal.Invoker.invokeTestMethod(Invoker.java:719)
	at org.testng.internal.Invoker.invokeTestMethods(Invoker.java:989)
	at org.testng.internal.TestMethodWorker.invokeTestMethods(TestMethodWorker.java:125)
	at org.testng.internal.TestMethodWorker.run(TestMethodWorker.java:109)
	at org.testng.TestRunner.privateRun(TestRunner.java:648)
	at org.testng.TestRunner.run(TestRunner.java:505)
	at org.testng.SuiteRunner.runTest(SuiteRunner.java:455)
	at org.testng.SuiteRunner.runSequentially(SuiteRunner.java:450)
	at org.testng.SuiteRunner.privateRun(SuiteRunner.java:415)
	at org.testng.SuiteRunner.run(SuiteRunner.java:364)
	at org.testng.SuiteRunnerWorker.runSuite(SuiteRunnerWorker.java:52)
	at org.testng.SuiteRunnerWorker.run(SuiteRunnerWorker.java:84)
	at org.testng.TestNG.runSuitesSequentially(TestNG.java:1208)
	at org.testng.TestNG.runSuitesLocally(TestNG.java:1137)
	at org.testng.TestNG.runSuites(TestNG.java:1049)
	at org.testng.TestNG.run(TestNG.java:1017)
	at com.intellij.rt.testng.IDEARemoteTestNG.run(IDEARemoteTestNG.java:66)
	at com.intellij.rt.testng.RemoteTestNGStarter.main(RemoteTestNGStarter.java:109)
</div></td></tr></table><p class="totop"><a href="#summary">back to summary</a></p><h3 id="m26">com.onbis.TestCases.TC_ALL_DataCreationRegistrationOfABusinessNameChangeExpiry#BNM002_DataCreationRegistrationOfASoleProprietorshipBusinessNameChangeExpiry ( BNM002_DataCreationRegistrationOfASoleProprietorshipBusinessNameChangeExpiry )</h3><table class="result"><tr><th>Messages</th></tr><tr><td><div class="messages">Admin Portal build number is: 2.1.4.4 :: 2.1.4.4 :: 2024/04/03 13:48</div></td></tr><tr><th>Exception</th></tr><tr><td><div class="stacktrace">org.openqa.selenium.TimeoutException: Expected condition failed: waiting for visibility of Proxy element for: DefaultElementLocator &apos;By.xpath: //div[contains(@class,&apos;appRepeaterRowContent appRowOdd&apos;)]&apos; (tried for 90 second(s) with 200 milliseconds interval)
	at org.openqa.selenium.support.ui.FluentWait.timeoutException(FluentWait.java:304)
	at org.openqa.selenium.support.ui.FluentWait.until(FluentWait.java:272)
	at com.onbis.Helper.HelperMethods.fluentWaitAndCheckVisible(HelperMethods.java:71)
	at com.onbis.Pages.PartnerSoleProprietorshipRegistrationPage.searchForABusinessName(PartnerSoleProprietorshipRegistrationPage.java:1541)
	at com.onbis.Pages.PartnerSoleProprietorshipRegistrationPage.setSoleProprietorshipBusinessExpier(PartnerSoleProprietorshipRegistrationPage.java:1627)
	at com.onbis.TestCases.TC_ALL_DataCreationRegistrationOfABusinessNameChangeExpiry.BNM002_DataCreationRegistrationOfASoleProprietorshipBusinessNameChangeExpiry(TC_ALL_DataCreationRegistrationOfABusinessNameChangeExpiry.java:35)
	at sun.reflect.NativeMethodAccessorImpl.invoke0(Native Method)
	at sun.reflect.NativeMethodAccessorImpl.invoke(NativeMethodAccessorImpl.java:62)
	at sun.reflect.DelegatingMethodAccessorImpl.invoke(DelegatingMethodAccessorImpl.java:43)
	at java.lang.reflect.Method.invoke(Method.java:498)
	at org.testng.internal.MethodInvocationHelper.invokeMethod(MethodInvocationHelper.java:124)
	at org.testng.internal.Invoker.invokeMethod(Invoker.java:583)
	at org.testng.internal.Invoker.invokeTestMethod(Invoker.java:719)
	at org.testng.internal.Invoker.invokeTestMethods(Invoker.java:989)
	at org.testng.internal.TestMethodWorker.invokeTestMethods(TestMethodWorker.java:125)
	at org.testng.internal.TestMethodWorker.run(TestMethodWorker.java:109)
	at org.testng.TestRunner.privateRun(TestRunner.java:648)
	at org.testng.TestRunner.run(TestRunner.java:505)
	at org.testng.SuiteRunner.runTest(SuiteRunner.java:455)
	at org.testng.SuiteRunner.runSequentially(SuiteRunner.java:450)
	at org.testng.SuiteRunner.privateRun(SuiteRunner.java:415)
	at org.testng.SuiteRunner.run(SuiteRunner.java:364)
	at org.testng.SuiteRunnerWorker.runSuite(SuiteRunnerWorker.java:52)
	at org.testng.SuiteRunnerWorker.run(SuiteRunnerWorker.java:84)
	at org.testng.TestNG.runSuitesSequentially(TestNG.java:1208)
	at org.testng.TestNG.runSuitesLocally(TestNG.java:1137)
	at org.testng.TestNG.runSuites(TestNG.java:1049)
	at org.testng.TestNG.run(TestNG.java:1017)
	at com.intellij.rt.testng.IDEARemoteTestNG.run(IDEARemoteTestNG.java:66)
	at com.intellij.rt.testng.RemoteTestNGStarter.main(RemoteTestNGStarter.java:109)
Caused by: org.openqa.selenium.NoSuchElementException: no such element: Unable to locate element: {&quot;method&quot;:&quot;xpath&quot;,&quot;selector&quot;:&quot;//div[contains(@class,&apos;appRepeaterRowContent appRowOdd&apos;)]&quot;}
  (Session info: chrome=113.0.5672.127)
For documentation on this error, please visit: https://www.seleniumhq.org/exceptions/no_such_element.html
Build info: version: &apos;3.141.59&apos;, revision: &apos;e82be7d358&apos;, time: &apos;2018-11-14T08:17:03&apos;
System info: host: &apos;ON44C03384830&apos;, ip: &apos;10.61.33.219&apos;, os.name: &apos;Windows 10&apos;, os.arch: &apos;amd64&apos;, os.version: &apos;10.0&apos;, java.version: &apos;1.8.0_202&apos;
Driver info: org.openqa.selenium.chrome.ChromeDriver
Capabilities {acceptInsecureCerts: true, browserName: chrome, browserVersion: 113.0.5672.127, chrome: {chromedriverVersion: 113.0.5672.63 (0e1a4471d5ae..., userDataDir: C:\Users\MustofG\AppData\Lo...}, goog:chromeOptions: {debuggerAddress: localhost:59358}, javascriptEnabled: true, networkConnectionEnabled: false, pageLoadStrategy: normal, platform: WINDOWS, platformName: WINDOWS, proxy: Proxy(), setWindowRect: true, strictFileInteractability: false, timeouts: {implicit: 0, pageLoad: 300000, script: 30000}, unhandledPromptBehavior: dismiss and notify, webauthn:extension:credBlob: true, webauthn:extension:largeBlob: true, webauthn:extension:minPinLength: true, webauthn:extension:prf: true, webauthn:virtualAuthenticators: true}
Session ID: 7712f1046f8333336dd6f9f8259bf461
*** Element info: {Using=xpath, value=//div[contains(@class,&apos;appRepeaterRowContent appRowOdd&apos;)]}
	at sun.reflect.GeneratedConstructorAccessor33.newInstance(Unknown Source)
	at sun.reflect.DelegatingConstructorAccessorImpl.newInstance(DelegatingConstructorAccessorImpl.java:45)
	at java.lang.reflect.Constructor.newInstance(Constructor.java:423)
	at org.openqa.selenium.remote.http.W3CHttpResponseCodec.createException(W3CHttpResponseCodec.java:187)
	at org.openqa.selenium.remote.http.W3CHttpResponseCodec.decode(W3CHttpResponseCodec.java:122)
	at org.openqa.selenium.remote.http.W3CHttpResponseCodec.decode(W3CHttpResponseCodec.java:49)
	at org.openqa.selenium.remote.HttpCommandExecutor.execute(HttpCommandExecutor.java:158)
	at org.openqa.selenium.remote.service.DriverCommandExecutor.execute(DriverCommandExecutor.java:83)
	at org.openqa.selenium.remote.RemoteWebDriver.execute(RemoteWebDriver.java:552)
	at org.openqa.selenium.remote.RemoteWebDriver.findElement(RemoteWebDriver.java:323)
	at org.openqa.selenium.remote.RemoteWebDriver.findElementByXPath(RemoteWebDriver.java:428)
	at org.openqa.selenium.By$ByXPath.findElement(By.java:353)
	at org.openqa.selenium.remote.RemoteWebDriver.findElement(RemoteWebDriver.java:315)
	at org.openqa.selenium.support.pagefactory.DefaultElementLocator.findElement(DefaultElementLocator.java:69)
	at org.openqa.selenium.support.pagefactory.internal.LocatingElementHandler.invoke(LocatingElementHandler.java:38)
	at com.sun.proxy.$Proxy25.isDisplayed(Unknown Source)
	at org.openqa.selenium.support.ui.ExpectedConditions.elementIfVisible(ExpectedConditions.java:314)
	at org.openqa.selenium.support.ui.ExpectedConditions.access$000(ExpectedConditions.java:43)
	at org.openqa.selenium.support.ui.ExpectedConditions$10.apply(ExpectedConditions.java:300)
	at org.openqa.selenium.support.ui.ExpectedConditions$10.apply(ExpectedConditions.java:297)
	at org.openqa.selenium.support.ui.FluentWait.until(FluentWait.java:249)
	... 28 more
</div></td></tr></table><p class="totop"><a href="#summary">back to summary</a></p><h3 id="m27">com.onbis.TestCases.TC_ALL_DataCreationRegistrationOfABusinessNameChangeExpiry#BNM017_DataCreationRegistrationOfAPartnershipBusinessNameChangeExpiry ( BNM017_DataCreationRegistrationOfAPartnershipBusinessNameChangeExpiry )</h3><table class="result"><tr><th>Messages</th></tr><tr><td><div class="messages">Admin Portal build number is: 2.1.4.4 :: 2.1.4.4 :: 2024/04/03 13:48</div></td></tr><tr><th>Exception</th></tr><tr><td><div class="stacktrace">org.openqa.selenium.TimeoutException: Expected condition failed: waiting for visibility of Proxy element for: DefaultElementLocator &apos;By.xpath: //div[contains(@class,&apos;appRepeaterRowContent appRowOdd&apos;)]&apos; (tried for 90 second(s) with 200 milliseconds interval)
	at org.openqa.selenium.support.ui.FluentWait.timeoutException(FluentWait.java:304)
	at org.openqa.selenium.support.ui.FluentWait.until(FluentWait.java:272)
	at com.onbis.Helper.HelperMethods.fluentWaitAndCheckVisible(HelperMethods.java:71)
	at com.onbis.Pages.PartnerSoleProprietorshipRegistrationPage.searchForABusinessName(PartnerSoleProprietorshipRegistrationPage.java:1541)
	at com.onbis.Pages.PartnerSoleProprietorshipRegistrationPage.setPartnershipshipBusinessExpier(PartnerSoleProprietorshipRegistrationPage.java:1707)
	at com.onbis.TestCases.TC_ALL_DataCreationRegistrationOfABusinessNameChangeExpiry.BNM017_DataCreationRegistrationOfAPartnershipBusinessNameChangeExpiry(TC_ALL_DataCreationRegistrationOfABusinessNameChangeExpiry.java:78)
	at sun.reflect.NativeMethodAccessorImpl.invoke0(Native Method)
	at sun.reflect.NativeMethodAccessorImpl.invoke(NativeMethodAccessorImpl.java:62)
	at sun.reflect.DelegatingMethodAccessorImpl.invoke(DelegatingMethodAccessorImpl.java:43)
	at java.lang.reflect.Method.invoke(Method.java:498)
	at org.testng.internal.MethodInvocationHelper.invokeMethod(MethodInvocationHelper.java:124)
	at org.testng.internal.Invoker.invokeMethod(Invoker.java:583)
	at org.testng.internal.Invoker.invokeTestMethod(Invoker.java:719)
	at org.testng.internal.Invoker.invokeTestMethods(Invoker.java:989)
	at org.testng.internal.TestMethodWorker.invokeTestMethods(TestMethodWorker.java:125)
	at org.testng.internal.TestMethodWorker.run(TestMethodWorker.java:109)
	at org.testng.TestRunner.privateRun(TestRunner.java:648)
	at org.testng.TestRunner.run(TestRunner.java:505)
	at org.testng.SuiteRunner.runTest(SuiteRunner.java:455)
	at org.testng.SuiteRunner.runSequentially(SuiteRunner.java:450)
	at org.testng.SuiteRunner.privateRun(SuiteRunner.java:415)
	at org.testng.SuiteRunner.run(SuiteRunner.java:364)
	at org.testng.SuiteRunnerWorker.runSuite(SuiteRunnerWorker.java:52)
	at org.testng.SuiteRunnerWorker.run(SuiteRunnerWorker.java:84)
	at org.testng.TestNG.runSuitesSequentially(TestNG.java:1208)
	at org.testng.TestNG.runSuitesLocally(TestNG.java:1137)
	at org.testng.TestNG.runSuites(TestNG.java:1049)
	at org.testng.TestNG.run(TestNG.java:1017)
	at com.intellij.rt.testng.IDEARemoteTestNG.run(IDEARemoteTestNG.java:66)
	at com.intellij.rt.testng.RemoteTestNGStarter.main(RemoteTestNGStarter.java:109)
Caused by: org.openqa.selenium.NoSuchElementException: no such element: Unable to locate element: {&quot;method&quot;:&quot;xpath&quot;,&quot;selector&quot;:&quot;//div[contains(@class,&apos;appRepeaterRowContent appRowOdd&apos;)]&quot;}
  (Session info: chrome=113.0.5672.127)
For documentation on this error, please visit: https://www.seleniumhq.org/exceptions/no_such_element.html
Build info: version: &apos;3.141.59&apos;, revision: &apos;e82be7d358&apos;, time: &apos;2018-11-14T08:17:03&apos;
System info: host: &apos;ON44C03384830&apos;, ip: &apos;10.61.33.219&apos;, os.name: &apos;Windows 10&apos;, os.arch: &apos;amd64&apos;, os.version: &apos;10.0&apos;, java.version: &apos;1.8.0_202&apos;
Driver info: org.openqa.selenium.chrome.ChromeDriver
Capabilities {acceptInsecureCerts: true, browserName: chrome, browserVersion: 113.0.5672.127, chrome: {chromedriverVersion: 113.0.5672.63 (0e1a4471d5ae..., userDataDir: C:\Users\MustofG\AppData\Lo...}, goog:chromeOptions: {debuggerAddress: localhost:59793}, javascriptEnabled: true, networkConnectionEnabled: false, pageLoadStrategy: normal, platform: WINDOWS, platformName: WINDOWS, proxy: Proxy(), setWindowRect: true, strictFileInteractability: false, timeouts: {implicit: 0, pageLoad: 300000, script: 30000}, unhandledPromptBehavior: dismiss and notify, webauthn:extension:credBlob: true, webauthn:extension:largeBlob: true, webauthn:extension:minPinLength: true, webauthn:extension:prf: true, webauthn:virtualAuthenticators: true}
Session ID: 0a29b00a9cc52ce07b5625bb4027b2b8
*** Element info: {Using=xpath, value=//div[contains(@class,&apos;appRepeaterRowContent appRowOdd&apos;)]}
	at sun.reflect.GeneratedConstructorAccessor33.newInstance(Unknown Source)
	at sun.reflect.DelegatingConstructorAccessorImpl.newInstance(DelegatingConstructorAccessorImpl.java:45)
	at java.lang.reflect.Constructor.newInstance(Constructor.java:423)
	at org.openqa.selenium.remote.http.W3CHttpResponseCodec.createException(W3CHttpResponseCodec.java:187)
	at org.openqa.selenium.remote.http.W3CHttpResponseCodec.decode(W3CHttpResponseCodec.java:122)
	at org.openqa.selenium.remote.http.W3CHttpResponseCodec.decode(W3CHttpResponseCodec.java:49)
	at org.openqa.selenium.remote.HttpCommandExecutor.execute(HttpCommandExecutor.java:158)
	at org.openqa.selenium.remote.service.DriverCommandExecutor.execute(DriverCommandExecutor.java:83)
	at org.openqa.selenium.remote.RemoteWebDriver.execute(RemoteWebDriver.java:552)
	at org.openqa.selenium.remote.RemoteWebDriver.findElement(RemoteWebDriver.java:323)
	at org.openqa.selenium.remote.RemoteWebDriver.findElementByXPath(RemoteWebDriver.java:428)
	at org.openqa.selenium.By$ByXPath.findElement(By.java:353)
	at org.openqa.selenium.remote.RemoteWebDriver.findElement(RemoteWebDriver.java:315)
	at org.openqa.selenium.support.pagefactory.DefaultElementLocator.findElement(DefaultElementLocator.java:69)
	at org.openqa.selenium.support.pagefactory.internal.LocatingElementHandler.invoke(LocatingElementHandler.java:38)
	at com.sun.proxy.$Proxy25.isDisplayed(Unknown Source)
	at org.openqa.selenium.support.ui.ExpectedConditions.elementIfVisible(ExpectedConditions.java:314)
	at org.openqa.selenium.support.ui.ExpectedConditions.access$000(ExpectedConditions.java:43)
	at org.openqa.selenium.support.ui.ExpectedConditions$10.apply(ExpectedConditions.java:300)
	at org.openqa.selenium.support.ui.ExpectedConditions$10.apply(ExpectedConditions.java:297)
	at org.openqa.selenium.support.ui.FluentWait.until(FluentWait.java:249)
	... 28 more
</div></td></tr></table><p class="totop"><a href="#summary">back to summary</a></p><h3 id="m28">com.onbis.TestCases.TC_ALL_DataCreationRegistrationOfABusinessNameChangeExpiry#LLCM002_RenewARegistrationOfABusinessNameForALimitedLiabilityCompanyNameExpiry ( LLCM002_RenewARegistrationOfABusinessNameForALimitedLiabilityCompanyNameExpiry )</h3><table class="result"><tr><th>Messages</th></tr><tr><td><div class="messages">Admin Portal build number is: 2.1.4.4 :: 2.1.4.4 :: 2024/04/03 13:48</div></td></tr><tr><th>Exception</th></tr><tr><td><div class="stacktrace">org.openqa.selenium.TimeoutException: Expected condition failed: waiting for visibility of Proxy element for: DefaultElementLocator &apos;By.xpath: //div[contains(@class,&apos;appRepeaterRowContent appRowOdd&apos;)]&apos; (tried for 90 second(s) with 200 milliseconds interval)
	at org.openqa.selenium.support.ui.FluentWait.timeoutException(FluentWait.java:304)
	at org.openqa.selenium.support.ui.FluentWait.until(FluentWait.java:272)
	at com.onbis.Helper.HelperMethods.fluentWaitAndCheckVisible(HelperMethods.java:71)
	at com.onbis.Pages.PartnerSoleProprietorshipRegistrationPage.searchForABusinessName(PartnerSoleProprietorshipRegistrationPage.java:1541)
	at com.onbis.Pages.PartnerSoleProprietorshipRegistrationPage.ExtraProvincialLimitedLiabilityCompanyName(PartnerSoleProprietorshipRegistrationPage.java:1780)
	at com.onbis.TestCases.TC_ALL_DataCreationRegistrationOfABusinessNameChangeExpiry.LLCM002_RenewARegistrationOfABusinessNameForALimitedLiabilityCompanyNameExpiry(TC_ALL_DataCreationRegistrationOfABusinessNameChangeExpiry.java:100)
	at sun.reflect.NativeMethodAccessorImpl.invoke0(Native Method)
	at sun.reflect.NativeMethodAccessorImpl.invoke(NativeMethodAccessorImpl.java:62)
	at sun.reflect.DelegatingMethodAccessorImpl.invoke(DelegatingMethodAccessorImpl.java:43)
	at java.lang.reflect.Method.invoke(Method.java:498)
	at org.testng.internal.MethodInvocationHelper.invokeMethod(MethodInvocationHelper.java:124)
	at org.testng.internal.Invoker.invokeMethod(Invoker.java:583)
	at org.testng.internal.Invoker.invokeTestMethod(Invoker.java:719)
	at org.testng.internal.Invoker.invokeTestMethods(Invoker.java:989)
	at org.testng.internal.TestMethodWorker.invokeTestMethods(TestMethodWorker.java:125)
	at org.testng.internal.TestMethodWorker.run(TestMethodWorker.java:109)
	at org.testng.TestRunner.privateRun(TestRunner.java:648)
	at org.testng.TestRunner.run(TestRunner.java:505)
	at org.testng.SuiteRunner.runTest(SuiteRunner.java:455)
	at org.testng.SuiteRunner.runSequentially(SuiteRunner.java:450)
	at org.testng.SuiteRunner.privateRun(SuiteRunner.java:415)
	at org.testng.SuiteRunner.run(SuiteRunner.java:364)
	at org.testng.SuiteRunnerWorker.runSuite(SuiteRunnerWorker.java:52)
	at org.testng.SuiteRunnerWorker.run(SuiteRunnerWorker.java:84)
	at org.testng.TestNG.runSuitesSequentially(TestNG.java:1208)
	at org.testng.TestNG.runSuitesLocally(TestNG.java:1137)
	at org.testng.TestNG.runSuites(TestNG.java:1049)
	at org.testng.TestNG.run(TestNG.java:1017)
	at com.intellij.rt.testng.IDEARemoteTestNG.run(IDEARemoteTestNG.java:66)
	at com.intellij.rt.testng.RemoteTestNGStarter.main(RemoteTestNGStarter.java:109)
Caused by: org.openqa.selenium.NoSuchElementException: no such element: Unable to locate element: {&quot;method&quot;:&quot;xpath&quot;,&quot;selector&quot;:&quot;//div[contains(@class,&apos;appRepeaterRowContent appRowOdd&apos;)]&quot;}
  (Session info: chrome=113.0.5672.127)
For documentation on this error, please visit: https://www.seleniumhq.org/exceptions/no_such_element.html
Build info: version: &apos;3.141.59&apos;, revision: &apos;e82be7d358&apos;, time: &apos;2018-11-14T08:17:03&apos;
System info: host: &apos;ON44C03384830&apos;, ip: &apos;10.61.33.219&apos;, os.name: &apos;Windows 10&apos;, os.arch: &apos;amd64&apos;, os.version: &apos;10.0&apos;, java.version: &apos;1.8.0_202&apos;
Driver info: org.openqa.selenium.chrome.ChromeDriver
Capabilities {acceptInsecureCerts: true, browserName: chrome, browserVersion: 113.0.5672.127, chrome: {chromedriverVersion: 113.0.5672.63 (0e1a4471d5ae..., userDataDir: C:\Users\MustofG\AppData\Lo...}, goog:chromeOptions: {debuggerAddress: localhost:60134}, javascriptEnabled: true, networkConnectionEnabled: false, pageLoadStrategy: normal, platform: WINDOWS, platformName: WINDOWS, proxy: Proxy(), setWindowRect: true, strictFileInteractability: false, timeouts: {implicit: 0, pageLoad: 300000, script: 30000}, unhandledPromptBehavior: dismiss and notify, webauthn:extension:credBlob: true, webauthn:extension:largeBlob: true, webauthn:extension:minPinLength: true, webauthn:extension:prf: true, webauthn:virtualAuthenticators: true}
Session ID: d179589b134f193aab74693da55507a5
*** Element info: {Using=xpath, value=//div[contains(@class,&apos;appRepeaterRowContent appRowOdd&apos;)]}
	at sun.reflect.GeneratedConstructorAccessor33.newInstance(Unknown Source)
	at sun.reflect.DelegatingConstructorAccessorImpl.newInstance(DelegatingConstructorAccessorImpl.java:45)
	at java.lang.reflect.Constructor.newInstance(Constructor.java:423)
	at org.openqa.selenium.remote.http.W3CHttpResponseCodec.createException(W3CHttpResponseCodec.java:187)
	at org.openqa.selenium.remote.http.W3CHttpResponseCodec.decode(W3CHttpResponseCodec.java:122)
	at org.openqa.selenium.remote.http.W3CHttpResponseCodec.decode(W3CHttpResponseCodec.java:49)
	at org.openqa.selenium.remote.HttpCommandExecutor.execute(HttpCommandExecutor.java:158)
	at org.openqa.selenium.remote.service.DriverCommandExecutor.execute(DriverCommandExecutor.java:83)
	at org.openqa.selenium.remote.RemoteWebDriver.execute(RemoteWebDriver.java:552)
	at org.openqa.selenium.remote.RemoteWebDriver.findElement(RemoteWebDriver.java:323)
	at org.openqa.selenium.remote.RemoteWebDriver.findElementByXPath(RemoteWebDriver.java:428)
	at org.openqa.selenium.By$ByXPath.findElement(By.java:353)
	at org.openqa.selenium.remote.RemoteWebDriver.findElement(RemoteWebDriver.java:315)
	at org.openqa.selenium.support.pagefactory.DefaultElementLocator.findElement(DefaultElementLocator.java:69)
	at org.openqa.selenium.support.pagefactory.internal.LocatingElementHandler.invoke(LocatingElementHandler.java:38)
	at com.sun.proxy.$Proxy25.isDisplayed(Unknown Source)
	at org.openqa.selenium.support.ui.ExpectedConditions.elementIfVisible(ExpectedConditions.java:314)
	at org.openqa.selenium.support.ui.ExpectedConditions.access$000(ExpectedConditions.java:43)
	at org.openqa.selenium.support.ui.ExpectedConditions$10.apply(ExpectedConditions.java:300)
	at org.openqa.selenium.support.ui.ExpectedConditions$10.apply(ExpectedConditions.java:297)
	at org.openqa.selenium.support.ui.FluentWait.until(FluentWait.java:249)
	... 28 more
</div></td></tr></table><p class="totop"><a href="#summary">back to summary</a></p><h3 id="m29">com.onbis.TestCases.TC_ALL_DataCreationRegistrationOfABusinessName#BNM011_DataCreationRegistrationOfAOntarioLimitedLiabilityPartnershipBusinessName ( BNM011_DataCreationRegistrationOfAOntarioLimitedLiabilityPartnershipBusinessName )</h3><table class="result"><tr><th>Messages</th></tr><tr><td><div class="messages">PartnerPortal build number is: 2.1.4.4 :: 2.1.4.4 :: 2024/04/03 13:48</div></td></tr></table><p class="totop"><a href="#summary">back to summary</a></p><h3 id="m30">com.onbis.TestCases.TC_ALL_DataCreationRegistrationOfABusinessName#PSM017_DataCreationRegistrationOfAOntarioLimitedPartnershipDeclaration ( PSM017_DataCreationRegistrationOfAOntarioLimitedPartnershipDeclaration )</h3><table class="result"><tr><th>Messages</th></tr><tr><td><div class="messages">PartnerPortal build number is: 2.1.4.4 :: 2.1.4.4 :: 2024/04/03 13:48</div></td></tr></table><p class="totop"><a href="#summary">back to summary</a></p><h3 id="m31">com.onbis.TestCases.TC_ALL_DataCreationRegistrationOfABusinessName#PSM018_DataCreationRegistration_OfAFirmNameForAGeneralPartnership ( PSM018_DataCreationRegistration_OfAFirmNameForAGeneralPartnership )</h3><table class="result"><tr><th>Messages</th></tr><tr><td><div class="messages">PartnerPortal build number is: 2.1.4.4 :: 2.1.4.4 :: 2024/04/03 13:48</div></td></tr></table><p class="totop"><a href="#summary">back to summary</a></p><h3 id="m32">com.onbis.TestCases.TC_ALL_DataCreationRegistrationOfABusinessNameChangeExpiry#BNM011_DataCreationRegistrationOfAOntarioLimitedLiabilityPartnershipBusinessNameChangeExpiry ( BNM011_DataCreationRegistrationOfAOntarioLimitedLiabilityPartnershipBusinessNameChangeExpiry )</h3><table class="result"><tr><th>Messages</th></tr><tr><td><div class="messages">Admin Portal build number is: 2.1.4.4 :: 2.1.4.4 :: 2024/04/03 13:48</div></td></tr></table><p class="totop"><a href="#summary">back to summary</a></p><h3 id="m33">com.onbis.TestCases.TC_ALL_DataCreationRegistrationOfABusinessNameChangeExpiry#PSM017_RenewARegistrationOfAOntarioLimitedPartnershipDeclarationExpiry ( PSM017_RenewARegistrationOfAOntarioLimitedPartnershipDeclarationExpiry )</h3><table class="result"><tr><th>Messages</th></tr><tr><td><div class="messages">Admin Portal build number is: 2.1.4.4 :: 2.1.4.4 :: 2024/04/03 13:48</div></td></tr></table><p class="totop"><a href="#summary">back to summary</a></p><h3 id="m34">com.onbis.TestCases.TC_ALL_DataCreationRegistrationOfABusinessNameChangeExpiry#PSM018_RenewARegistrationOfAOntarioLimitedPartnershipDeclarationExpiry ( PSM018_RenewARegistrationOfAOntarioLimitedPartnershipDeclarationExpiry )</h3><table class="result"><tr><th>Messages</th></tr><tr><td><div class="messages">Admin Portal build number is: 2.1.4.4 :: 2.1.4.4 :: 2024/04/03 13:48</div></td></tr></table><p class="totop"><a href="#summary">back to summary</a></p><h2>Onbis-Regression-Partner Portal- Renewal</h2><h3 id="m35">com.onbis.TestCases.BNM002_RenewARegistrationOfABusinessNameForASoleProprietorship#BNM002_RenewARegistrationOfABusinessNameForASoleProprietorship ( BNM002_RenewARegistrationOfABusinessNameForASoleProprietorship )</h3><table class="result"><tr><th>Messages</th></tr><tr><td><div class="messages">PartnerPortal build number is: 2.1.4.4 :: 2.1.4.4 :: 2024/04/03 13:48</div></td></tr><tr><th>Exception</th></tr><tr><td><div class="stacktrace">org.openqa.selenium.TimeoutException: Expected condition failed: waiting for visibility of Proxy element for: DefaultElementLocator &apos;By.xpath: //div[contains(@class,&apos;appRepeaterRowContent appRowOdd&apos;)]&apos; (tried for 90 second(s) with 200 milliseconds interval)
	at org.openqa.selenium.support.ui.FluentWait.timeoutException(FluentWait.java:304)
	at org.openqa.selenium.support.ui.FluentWait.until(FluentWait.java:272)
	at com.onbis.Helper.HelperMethods.fluentWaitAndCheckVisible(HelperMethods.java:71)
	at com.onbis.Pages.PartnerSoleProprietorshipRegistrationPage.searchForABusinessName(PartnerSoleProprietorshipRegistrationPage.java:1541)
	at com.onbis.TestCases.BNM002_RenewARegistrationOfABusinessNameForASoleProprietorship.BNM002_RenewARegistrationOfABusinessNameForASoleProprietorship(BNM002_RenewARegistrationOfABusinessNameForASoleProprietorship.java:46)
	at sun.reflect.NativeMethodAccessorImpl.invoke0(Native Method)
	at sun.reflect.NativeMethodAccessorImpl.invoke(NativeMethodAccessorImpl.java:62)
	at sun.reflect.DelegatingMethodAccessorImpl.invoke(DelegatingMethodAccessorImpl.java:43)
	at java.lang.reflect.Method.invoke(Method.java:498)
	at org.testng.internal.MethodInvocationHelper.invokeMethod(MethodInvocationHelper.java:124)
	at org.testng.internal.Invoker.invokeMethod(Invoker.java:583)
	at org.testng.internal.Invoker.invokeTestMethod(Invoker.java:719)
	at org.testng.internal.Invoker.invokeTestMethods(Invoker.java:989)
	at org.testng.internal.TestMethodWorker.invokeTestMethods(TestMethodWorker.java:125)
	at org.testng.internal.TestMethodWorker.run(TestMethodWorker.java:109)
	at org.testng.TestRunner.privateRun(TestRunner.java:648)
	at org.testng.TestRunner.run(TestRunner.java:505)
	at org.testng.SuiteRunner.runTest(SuiteRunner.java:455)
	at org.testng.SuiteRunner.runSequentially(SuiteRunner.java:450)
	at org.testng.SuiteRunner.privateRun(SuiteRunner.java:415)
	at org.testng.SuiteRunner.run(SuiteRunner.java:364)
	at org.testng.SuiteRunnerWorker.runSuite(SuiteRunnerWorker.java:52)
	at org.testng.SuiteRunnerWorker.run(SuiteRunnerWorker.java:84)
	at org.testng.TestNG.runSuitesSequentially(TestNG.java:1208)
	at org.testng.TestNG.runSuitesLocally(TestNG.java:1137)
	at org.testng.TestNG.runSuites(TestNG.java:1049)
	at org.testng.TestNG.run(TestNG.java:1017)
	at com.intellij.rt.testng.IDEARemoteTestNG.run(IDEARemoteTestNG.java:66)
	at com.intellij.rt.testng.RemoteTestNGStarter.main(RemoteTestNGStarter.java:109)
Caused by: org.openqa.selenium.NoSuchElementException: no such element: Unable to locate element: {&quot;method&quot;:&quot;xpath&quot;,&quot;selector&quot;:&quot;//div[contains(@class,&apos;appRepeaterRowContent appRowOdd&apos;)]&quot;}
  (Session info: chrome=113.0.5672.127)
For documentation on this error, please visit: https://www.seleniumhq.org/exceptions/no_such_element.html
Build info: version: &apos;3.141.59&apos;, revision: &apos;e82be7d358&apos;, time: &apos;2018-11-14T08:17:03&apos;
System info: host: &apos;ON44C03384830&apos;, ip: &apos;10.61.33.219&apos;, os.name: &apos;Windows 10&apos;, os.arch: &apos;amd64&apos;, os.version: &apos;10.0&apos;, java.version: &apos;1.8.0_202&apos;
Driver info: org.openqa.selenium.chrome.ChromeDriver
Capabilities {acceptInsecureCerts: true, browserName: chrome, browserVersion: 113.0.5672.127, chrome: {chromedriverVersion: 113.0.5672.63 (0e1a4471d5ae..., userDataDir: C:\Users\MustofG\AppData\Lo...}, goog:chromeOptions: {debuggerAddress: localhost:60698}, javascriptEnabled: true, networkConnectionEnabled: false, pageLoadStrategy: normal, platform: WINDOWS, platformName: WINDOWS, proxy: Proxy(), setWindowRect: true, strictFileInteractability: false, timeouts: {implicit: 0, pageLoad: 300000, script: 30000}, unhandledPromptBehavior: dismiss and notify, webauthn:extension:credBlob: true, webauthn:extension:largeBlob: true, webauthn:extension:minPinLength: true, webauthn:extension:prf: true, webauthn:virtualAuthenticators: true}
Session ID: 5c118c4b06fa0da6208484127c40e9d2
*** Element info: {Using=xpath, value=//div[contains(@class,&apos;appRepeaterRowContent appRowOdd&apos;)]}
	at sun.reflect.GeneratedConstructorAccessor33.newInstance(Unknown Source)
	at sun.reflect.DelegatingConstructorAccessorImpl.newInstance(DelegatingConstructorAccessorImpl.java:45)
	at java.lang.reflect.Constructor.newInstance(Constructor.java:423)
	at org.openqa.selenium.remote.http.W3CHttpResponseCodec.createException(W3CHttpResponseCodec.java:187)
	at org.openqa.selenium.remote.http.W3CHttpResponseCodec.decode(W3CHttpResponseCodec.java:122)
	at org.openqa.selenium.remote.http.W3CHttpResponseCodec.decode(W3CHttpResponseCodec.java:49)
	at org.openqa.selenium.remote.HttpCommandExecutor.execute(HttpCommandExecutor.java:158)
	at org.openqa.selenium.remote.service.DriverCommandExecutor.execute(DriverCommandExecutor.java:83)
	at org.openqa.selenium.remote.RemoteWebDriver.execute(RemoteWebDriver.java:552)
	at org.openqa.selenium.remote.RemoteWebDriver.findElement(RemoteWebDriver.java:323)
	at org.openqa.selenium.remote.RemoteWebDriver.findElementByXPath(RemoteWebDriver.java:428)
	at org.openqa.selenium.By$ByXPath.findElement(By.java:353)
	at org.openqa.selenium.remote.RemoteWebDriver.findElement(RemoteWebDriver.java:315)
	at org.openqa.selenium.support.pagefactory.DefaultElementLocator.findElement(DefaultElementLocator.java:69)
	at org.openqa.selenium.support.pagefactory.internal.LocatingElementHandler.invoke(LocatingElementHandler.java:38)
	at com.sun.proxy.$Proxy25.isDisplayed(Unknown Source)
	at org.openqa.selenium.support.ui.ExpectedConditions.elementIfVisible(ExpectedConditions.java:314)
	at org.openqa.selenium.support.ui.ExpectedConditions.access$000(ExpectedConditions.java:43)
	at org.openqa.selenium.support.ui.ExpectedConditions$10.apply(ExpectedConditions.java:300)
	at org.openqa.selenium.support.ui.ExpectedConditions$10.apply(ExpectedConditions.java:297)
	at org.openqa.selenium.support.ui.FluentWait.until(FluentWait.java:249)
	... 27 more
</div></td></tr></table><p class="totop"><a href="#summary">back to summary</a></p><h3 id="m36">com.onbis.TestCases.BNM011_RenewARegistrationOfABusinessNameForAOntarioLimitedLiabilityPartnership#BNM011_RenewARegistrationOfABusinessNameForAOntarioLimitedLiabilityPartnership ( BNM011_RenewARegistrationOfABusinessNameForAOntarioLimitedLiabilityPartnership )</h3><table class="result"><tr><th>Messages</th></tr><tr><td><div class="messages">PartnerPortal build number is: 2.1.4.4 :: 2.1.4.4 :: 2024/04/03 13:48</div></td></tr><tr><th>Exception</th></tr><tr><td><div class="stacktrace">org.openqa.selenium.TimeoutException: Expected condition failed: waiting for visibility of Proxy element for: DefaultElementLocator &apos;By.xpath: //span[text()=&apos;Filings&apos;]&apos; (tried for 90 second(s) with 200 milliseconds interval)
	at org.openqa.selenium.support.ui.FluentWait.timeoutException(FluentWait.java:304)
	at org.openqa.selenium.support.ui.FluentWait.until(FluentWait.java:272)
	at com.onbis.Helper.HelperMethods.fluentWaitAndCheckVisible(HelperMethods.java:71)
	at com.onbis.Pages.PartnerSoleProprietorshipRegistrationPage.RenewRegistrationOfABusinessNameForOntarioLimitedLiabilityPartnershipIsUpdated(PartnerSoleProprietorshipRegistrationPage.java:3265)
	at com.onbis.TestCases.BNM011_RenewARegistrationOfABusinessNameForAOntarioLimitedLiabilityPartnership.BNM011_RenewARegistrationOfABusinessNameForAOntarioLimitedLiabilityPartnership(BNM011_RenewARegistrationOfABusinessNameForAOntarioLimitedLiabilityPartnership.java:34)
	at sun.reflect.NativeMethodAccessorImpl.invoke0(Native Method)
	at sun.reflect.NativeMethodAccessorImpl.invoke(NativeMethodAccessorImpl.java:62)
	at sun.reflect.DelegatingMethodAccessorImpl.invoke(DelegatingMethodAccessorImpl.java:43)
	at java.lang.reflect.Method.invoke(Method.java:498)
	at org.testng.internal.MethodInvocationHelper.invokeMethod(MethodInvocationHelper.java:124)
	at org.testng.internal.Invoker.invokeMethod(Invoker.java:583)
	at org.testng.internal.Invoker.invokeTestMethod(Invoker.java:719)
	at org.testng.internal.Invoker.invokeTestMethods(Invoker.java:989)
	at org.testng.internal.TestMethodWorker.invokeTestMethods(TestMethodWorker.java:125)
	at org.testng.internal.TestMethodWorker.run(TestMethodWorker.java:109)
	at org.testng.TestRunner.privateRun(TestRunner.java:648)
	at org.testng.TestRunner.run(TestRunner.java:505)
	at org.testng.SuiteRunner.runTest(SuiteRunner.java:455)
	at org.testng.SuiteRunner.runSequentially(SuiteRunner.java:450)
	at org.testng.SuiteRunner.privateRun(SuiteRunner.java:415)
	at org.testng.SuiteRunner.run(SuiteRunner.java:364)
	at org.testng.SuiteRunnerWorker.runSuite(SuiteRunnerWorker.java:52)
	at org.testng.SuiteRunnerWorker.run(SuiteRunnerWorker.java:84)
	at org.testng.TestNG.runSuitesSequentially(TestNG.java:1208)
	at org.testng.TestNG.runSuitesLocally(TestNG.java:1137)
	at org.testng.TestNG.runSuites(TestNG.java:1049)
	at org.testng.TestNG.run(TestNG.java:1017)
	at com.intellij.rt.testng.IDEARemoteTestNG.run(IDEARemoteTestNG.java:66)
	at com.intellij.rt.testng.RemoteTestNGStarter.main(RemoteTestNGStarter.java:109)
Caused by: org.openqa.selenium.NoSuchElementException: no such element: Unable to locate element: {&quot;method&quot;:&quot;xpath&quot;,&quot;selector&quot;:&quot;//span[text()=&apos;Filings&apos;]&quot;}
  (Session info: chrome=113.0.5672.127)
For documentation on this error, please visit: https://www.seleniumhq.org/exceptions/no_such_element.html
Build info: version: &apos;3.141.59&apos;, revision: &apos;e82be7d358&apos;, time: &apos;2018-11-14T08:17:03&apos;
System info: host: &apos;ON44C03384830&apos;, ip: &apos;10.61.33.219&apos;, os.name: &apos;Windows 10&apos;, os.arch: &apos;amd64&apos;, os.version: &apos;10.0&apos;, java.version: &apos;1.8.0_202&apos;
Driver info: org.openqa.selenium.chrome.ChromeDriver
Capabilities {acceptInsecureCerts: true, browserName: chrome, browserVersion: 113.0.5672.127, chrome: {chromedriverVersion: 113.0.5672.63 (0e1a4471d5ae..., userDataDir: C:\Users\MustofG\AppData\Lo...}, goog:chromeOptions: {debuggerAddress: localhost:61056}, javascriptEnabled: true, networkConnectionEnabled: false, pageLoadStrategy: normal, platform: WINDOWS, platformName: WINDOWS, proxy: Proxy(), setWindowRect: true, strictFileInteractability: false, timeouts: {implicit: 0, pageLoad: 300000, script: 30000}, unhandledPromptBehavior: dismiss and notify, webauthn:extension:credBlob: true, webauthn:extension:largeBlob: true, webauthn:extension:minPinLength: true, webauthn:extension:prf: true, webauthn:virtualAuthenticators: true}
Session ID: 64fec8e687f42077315d2969a91b1cb0
*** Element info: {Using=xpath, value=//span[text()=&apos;Filings&apos;]}
	at sun.reflect.GeneratedConstructorAccessor33.newInstance(Unknown Source)
	at sun.reflect.DelegatingConstructorAccessorImpl.newInstance(DelegatingConstructorAccessorImpl.java:45)
	at java.lang.reflect.Constructor.newInstance(Constructor.java:423)
	at org.openqa.selenium.remote.http.W3CHttpResponseCodec.createException(W3CHttpResponseCodec.java:187)
	at org.openqa.selenium.remote.http.W3CHttpResponseCodec.decode(W3CHttpResponseCodec.java:122)
	at org.openqa.selenium.remote.http.W3CHttpResponseCodec.decode(W3CHttpResponseCodec.java:49)
	at org.openqa.selenium.remote.HttpCommandExecutor.execute(HttpCommandExecutor.java:158)
	at org.openqa.selenium.remote.service.DriverCommandExecutor.execute(DriverCommandExecutor.java:83)
	at org.openqa.selenium.remote.RemoteWebDriver.execute(RemoteWebDriver.java:552)
	at org.openqa.selenium.remote.RemoteWebDriver.findElement(RemoteWebDriver.java:323)
	at org.openqa.selenium.remote.RemoteWebDriver.findElementByXPath(RemoteWebDriver.java:428)
	at org.openqa.selenium.By$ByXPath.findElement(By.java:353)
	at org.openqa.selenium.remote.RemoteWebDriver.findElement(RemoteWebDriver.java:315)
	at org.openqa.selenium.support.pagefactory.DefaultElementLocator.findElement(DefaultElementLocator.java:69)
	at org.openqa.selenium.support.pagefactory.internal.LocatingElementHandler.invoke(LocatingElementHandler.java:38)
	at com.sun.proxy.$Proxy25.isDisplayed(Unknown Source)
	at org.openqa.selenium.support.ui.ExpectedConditions.elementIfVisible(ExpectedConditions.java:314)
	at org.openqa.selenium.support.ui.ExpectedConditions.access$000(ExpectedConditions.java:43)
	at org.openqa.selenium.support.ui.ExpectedConditions$10.apply(ExpectedConditions.java:300)
	at org.openqa.selenium.support.ui.ExpectedConditions$10.apply(ExpectedConditions.java:297)
	at org.openqa.selenium.support.ui.FluentWait.until(FluentWait.java:249)
	... 27 more
</div></td></tr></table><p class="totop"><a href="#summary">back to summary</a></p><h3 id="m37">com.onbis.TestCases.BNM017_RenewRegistrationOfABusinessNameForAPartnership#BNM017_RenewRegistrationOfABusinessNameForAPartnership ( BNM017_RenewRegistrationOfABusinessNameForAPartnership )</h3><table class="result"><tr><th>Messages</th></tr><tr><td><div class="messages">PartnerPortal build number is: 2.1.4.4 :: 2.1.4.4 :: 2024/04/03 13:48</div></td></tr><tr><th>Exception</th></tr><tr><td><div class="stacktrace">org.openqa.selenium.TimeoutException: Expected condition failed: waiting for visibility of Proxy element for: DefaultElementLocator &apos;By.xpath: //div[contains(@class,&apos;appRepeaterRowContent appRowOdd&apos;)]&apos; (tried for 90 second(s) with 200 milliseconds interval)
	at org.openqa.selenium.support.ui.FluentWait.timeoutException(FluentWait.java:304)
	at org.openqa.selenium.support.ui.FluentWait.until(FluentWait.java:272)
	at com.onbis.Helper.HelperMethods.fluentWaitAndCheckVisible(HelperMethods.java:71)
	at com.onbis.Pages.PartnerSoleProprietorshipRegistrationPage.searchForABusinessName(PartnerSoleProprietorshipRegistrationPage.java:1541)
	at com.onbis.TestCases.BNM017_RenewRegistrationOfABusinessNameForAPartnership.BNM017_RenewRegistrationOfABusinessNameForAPartnership(BNM017_RenewRegistrationOfABusinessNameForAPartnership.java:42)
	at sun.reflect.NativeMethodAccessorImpl.invoke0(Native Method)
	at sun.reflect.NativeMethodAccessorImpl.invoke(NativeMethodAccessorImpl.java:62)
	at sun.reflect.DelegatingMethodAccessorImpl.invoke(DelegatingMethodAccessorImpl.java:43)
	at java.lang.reflect.Method.invoke(Method.java:498)
	at org.testng.internal.MethodInvocationHelper.invokeMethod(MethodInvocationHelper.java:124)
	at org.testng.internal.Invoker.invokeMethod(Invoker.java:583)
	at org.testng.internal.Invoker.invokeTestMethod(Invoker.java:719)
	at org.testng.internal.Invoker.invokeTestMethods(Invoker.java:989)
	at org.testng.internal.TestMethodWorker.invokeTestMethods(TestMethodWorker.java:125)
	at org.testng.internal.TestMethodWorker.run(TestMethodWorker.java:109)
	at org.testng.TestRunner.privateRun(TestRunner.java:648)
	at org.testng.TestRunner.run(TestRunner.java:505)
	at org.testng.SuiteRunner.runTest(SuiteRunner.java:455)
	at org.testng.SuiteRunner.runSequentially(SuiteRunner.java:450)
	at org.testng.SuiteRunner.privateRun(SuiteRunner.java:415)
	at org.testng.SuiteRunner.run(SuiteRunner.java:364)
	at org.testng.SuiteRunnerWorker.runSuite(SuiteRunnerWorker.java:52)
	at org.testng.SuiteRunnerWorker.run(SuiteRunnerWorker.java:84)
	at org.testng.TestNG.runSuitesSequentially(TestNG.java:1208)
	at org.testng.TestNG.runSuitesLocally(TestNG.java:1137)
	at org.testng.TestNG.runSuites(TestNG.java:1049)
	at org.testng.TestNG.run(TestNG.java:1017)
	at com.intellij.rt.testng.IDEARemoteTestNG.run(IDEARemoteTestNG.java:66)
	at com.intellij.rt.testng.RemoteTestNGStarter.main(RemoteTestNGStarter.java:109)
Caused by: org.openqa.selenium.NoSuchElementException: no such element: Unable to locate element: {&quot;method&quot;:&quot;xpath&quot;,&quot;selector&quot;:&quot;//div[contains(@class,&apos;appRepeaterRowContent appRowOdd&apos;)]&quot;}
  (Session info: chrome=113.0.5672.127)
For documentation on this error, please visit: https://www.seleniumhq.org/exceptions/no_such_element.html
Build info: version: &apos;3.141.59&apos;, revision: &apos;e82be7d358&apos;, time: &apos;2018-11-14T08:17:03&apos;
System info: host: &apos;ON44C03384830&apos;, ip: &apos;10.61.33.219&apos;, os.name: &apos;Windows 10&apos;, os.arch: &apos;amd64&apos;, os.version: &apos;10.0&apos;, java.version: &apos;1.8.0_202&apos;
Driver info: org.openqa.selenium.chrome.ChromeDriver
Capabilities {acceptInsecureCerts: true, browserName: chrome, browserVersion: 113.0.5672.127, chrome: {chromedriverVersion: 113.0.5672.63 (0e1a4471d5ae..., userDataDir: C:\Users\MustofG\AppData\Lo...}, goog:chromeOptions: {debuggerAddress: localhost:61615}, javascriptEnabled: true, networkConnectionEnabled: false, pageLoadStrategy: normal, platform: WINDOWS, platformName: WINDOWS, proxy: Proxy(), setWindowRect: true, strictFileInteractability: false, timeouts: {implicit: 0, pageLoad: 300000, script: 30000}, unhandledPromptBehavior: dismiss and notify, webauthn:extension:credBlob: true, webauthn:extension:largeBlob: true, webauthn:extension:minPinLength: true, webauthn:extension:prf: true, webauthn:virtualAuthenticators: true}
Session ID: fc255f584dd227f719916333996ab2d2
*** Element info: {Using=xpath, value=//div[contains(@class,&apos;appRepeaterRowContent appRowOdd&apos;)]}
	at sun.reflect.GeneratedConstructorAccessor33.newInstance(Unknown Source)
	at sun.reflect.DelegatingConstructorAccessorImpl.newInstance(DelegatingConstructorAccessorImpl.java:45)
	at java.lang.reflect.Constructor.newInstance(Constructor.java:423)
	at org.openqa.selenium.remote.http.W3CHttpResponseCodec.createException(W3CHttpResponseCodec.java:187)
	at org.openqa.selenium.remote.http.W3CHttpResponseCodec.decode(W3CHttpResponseCodec.java:122)
	at org.openqa.selenium.remote.http.W3CHttpResponseCodec.decode(W3CHttpResponseCodec.java:49)
	at org.openqa.selenium.remote.HttpCommandExecutor.execute(HttpCommandExecutor.java:158)
	at org.openqa.selenium.remote.service.DriverCommandExecutor.execute(DriverCommandExecutor.java:83)
	at org.openqa.selenium.remote.RemoteWebDriver.execute(RemoteWebDriver.java:552)
	at org.openqa.selenium.remote.RemoteWebDriver.findElement(RemoteWebDriver.java:323)
	at org.openqa.selenium.remote.RemoteWebDriver.findElementByXPath(RemoteWebDriver.java:428)
	at org.openqa.selenium.By$ByXPath.findElement(By.java:353)
	at org.openqa.selenium.remote.RemoteWebDriver.findElement(RemoteWebDriver.java:315)
	at org.openqa.selenium.support.pagefactory.DefaultElementLocator.findElement(DefaultElementLocator.java:69)
	at org.openqa.selenium.support.pagefactory.internal.LocatingElementHandler.invoke(LocatingElementHandler.java:38)
	at com.sun.proxy.$Proxy25.isDisplayed(Unknown Source)
	at org.openqa.selenium.support.ui.ExpectedConditions.elementIfVisible(ExpectedConditions.java:314)
	at org.openqa.selenium.support.ui.ExpectedConditions.access$000(ExpectedConditions.java:43)
	at org.openqa.selenium.support.ui.ExpectedConditions$10.apply(ExpectedConditions.java:300)
	at org.openqa.selenium.support.ui.ExpectedConditions$10.apply(ExpectedConditions.java:297)
	at org.openqa.selenium.support.ui.FluentWait.until(FluentWait.java:249)
	... 27 more
</div></td></tr></table><p class="totop"><a href="#summary">back to summary</a></p><h3 id="m38">com.onbis.TestCases.LLCM002_RenewARegistrationOfABusinessNameForALimitedLiabilityCompanyName#LLCM002_RenewARegistrationOfABusinessNameForALimitedLiabilityCompanyName ( LLCM002_RenewARegistrationOfABusinessNameForALimitedLiabilityCompanyName )</h3><table class="result"><tr><th>Messages</th></tr><tr><td><div class="messages">PartnerPortal build number is: 2.1.4.4 :: 2.1.4.4 :: 2024/04/03 13:48</div></td></tr><tr><th>Exception</th></tr><tr><td><div class="stacktrace">org.openqa.selenium.TimeoutException: Expected condition failed: waiting for visibility of Proxy element for: DefaultElementLocator &apos;By.xpath: //div[contains(@class,&apos;appRepeaterRowContent appRowOdd&apos;)]&apos; (tried for 90 second(s) with 200 milliseconds interval)
	at org.openqa.selenium.support.ui.FluentWait.timeoutException(FluentWait.java:304)
	at org.openqa.selenium.support.ui.FluentWait.until(FluentWait.java:272)
	at com.onbis.Helper.HelperMethods.fluentWaitAndCheckVisible(HelperMethods.java:71)
	at com.onbis.Pages.PartnerSoleProprietorshipRegistrationPage.searchForABusinessName(PartnerSoleProprietorshipRegistrationPage.java:1541)
	at com.onbis.TestCases.LLCM002_RenewARegistrationOfABusinessNameForALimitedLiabilityCompanyName.LLCM002_RenewARegistrationOfABusinessNameForALimitedLiabilityCompanyName(LLCM002_RenewARegistrationOfABusinessNameForALimitedLiabilityCompanyName.java:43)
	at sun.reflect.NativeMethodAccessorImpl.invoke0(Native Method)
	at sun.reflect.NativeMethodAccessorImpl.invoke(NativeMethodAccessorImpl.java:62)
	at sun.reflect.DelegatingMethodAccessorImpl.invoke(DelegatingMethodAccessorImpl.java:43)
	at java.lang.reflect.Method.invoke(Method.java:498)
	at org.testng.internal.MethodInvocationHelper.invokeMethod(MethodInvocationHelper.java:124)
	at org.testng.internal.Invoker.invokeMethod(Invoker.java:583)
	at org.testng.internal.Invoker.invokeTestMethod(Invoker.java:719)
	at org.testng.internal.Invoker.invokeTestMethods(Invoker.java:989)
	at org.testng.internal.TestMethodWorker.invokeTestMethods(TestMethodWorker.java:125)
	at org.testng.internal.TestMethodWorker.run(TestMethodWorker.java:109)
	at org.testng.TestRunner.privateRun(TestRunner.java:648)
	at org.testng.TestRunner.run(TestRunner.java:505)
	at org.testng.SuiteRunner.runTest(SuiteRunner.java:455)
	at org.testng.SuiteRunner.runSequentially(SuiteRunner.java:450)
	at org.testng.SuiteRunner.privateRun(SuiteRunner.java:415)
	at org.testng.SuiteRunner.run(SuiteRunner.java:364)
	at org.testng.SuiteRunnerWorker.runSuite(SuiteRunnerWorker.java:52)
	at org.testng.SuiteRunnerWorker.run(SuiteRunnerWorker.java:84)
	at org.testng.TestNG.runSuitesSequentially(TestNG.java:1208)
	at org.testng.TestNG.runSuitesLocally(TestNG.java:1137)
	at org.testng.TestNG.runSuites(TestNG.java:1049)
	at org.testng.TestNG.run(TestNG.java:1017)
	at com.intellij.rt.testng.IDEARemoteTestNG.run(IDEARemoteTestNG.java:66)
	at com.intellij.rt.testng.RemoteTestNGStarter.main(RemoteTestNGStarter.java:109)
Caused by: org.openqa.selenium.NoSuchElementException: no such element: Unable to locate element: {&quot;method&quot;:&quot;xpath&quot;,&quot;selector&quot;:&quot;//div[contains(@class,&apos;appRepeaterRowContent appRowOdd&apos;)]&quot;}
  (Session info: chrome=113.0.5672.127)
For documentation on this error, please visit: https://www.seleniumhq.org/exceptions/no_such_element.html
Build info: version: &apos;3.141.59&apos;, revision: &apos;e82be7d358&apos;, time: &apos;2018-11-14T08:17:03&apos;
System info: host: &apos;ON44C03384830&apos;, ip: &apos;10.61.33.219&apos;, os.name: &apos;Windows 10&apos;, os.arch: &apos;amd64&apos;, os.version: &apos;10.0&apos;, java.version: &apos;1.8.0_202&apos;
Driver info: org.openqa.selenium.chrome.ChromeDriver
Capabilities {acceptInsecureCerts: true, browserName: chrome, browserVersion: 113.0.5672.127, chrome: {chromedriverVersion: 113.0.5672.63 (0e1a4471d5ae..., userDataDir: C:\Users\MustofG\AppData\Lo...}, goog:chromeOptions: {debuggerAddress: localhost:61968}, javascriptEnabled: true, networkConnectionEnabled: false, pageLoadStrategy: normal, platform: WINDOWS, platformName: WINDOWS, proxy: Proxy(), setWindowRect: true, strictFileInteractability: false, timeouts: {implicit: 0, pageLoad: 300000, script: 30000}, unhandledPromptBehavior: dismiss and notify, webauthn:extension:credBlob: true, webauthn:extension:largeBlob: true, webauthn:extension:minPinLength: true, webauthn:extension:prf: true, webauthn:virtualAuthenticators: true}
Session ID: 334f62d0e7835b01e42bd864c74678a9
*** Element info: {Using=xpath, value=//div[contains(@class,&apos;appRepeaterRowContent appRowOdd&apos;)]}
	at sun.reflect.GeneratedConstructorAccessor33.newInstance(Unknown Source)
	at sun.reflect.DelegatingConstructorAccessorImpl.newInstance(DelegatingConstructorAccessorImpl.java:45)
	at java.lang.reflect.Constructor.newInstance(Constructor.java:423)
	at org.openqa.selenium.remote.http.W3CHttpResponseCodec.createException(W3CHttpResponseCodec.java:187)
	at org.openqa.selenium.remote.http.W3CHttpResponseCodec.decode(W3CHttpResponseCodec.java:122)
	at org.openqa.selenium.remote.http.W3CHttpResponseCodec.decode(W3CHttpResponseCodec.java:49)
	at org.openqa.selenium.remote.HttpCommandExecutor.execute(HttpCommandExecutor.java:158)
	at org.openqa.selenium.remote.service.DriverCommandExecutor.execute(DriverCommandExecutor.java:83)
	at org.openqa.selenium.remote.RemoteWebDriver.execute(RemoteWebDriver.java:552)
	at org.openqa.selenium.remote.RemoteWebDriver.findElement(RemoteWebDriver.java:323)
	at org.openqa.selenium.remote.RemoteWebDriver.findElementByXPath(RemoteWebDriver.java:428)
	at org.openqa.selenium.By$ByXPath.findElement(By.java:353)
	at org.openqa.selenium.remote.RemoteWebDriver.findElement(RemoteWebDriver.java:315)
	at org.openqa.selenium.support.pagefactory.DefaultElementLocator.findElement(DefaultElementLocator.java:69)
	at org.openqa.selenium.support.pagefactory.internal.LocatingElementHandler.invoke(LocatingElementHandler.java:38)
	at com.sun.proxy.$Proxy25.isDisplayed(Unknown Source)
	at org.openqa.selenium.support.ui.ExpectedConditions.elementIfVisible(ExpectedConditions.java:314)
	at org.openqa.selenium.support.ui.ExpectedConditions.access$000(ExpectedConditions.java:43)
	at org.openqa.selenium.support.ui.ExpectedConditions$10.apply(ExpectedConditions.java:300)
	at org.openqa.selenium.support.ui.ExpectedConditions$10.apply(ExpectedConditions.java:297)
	at org.openqa.selenium.support.ui.FluentWait.until(FluentWait.java:249)
	... 27 more
</div></td></tr></table><p class="totop"><a href="#summary">back to summary</a></p><h3 id="m39">com.onbis.TestCases.PSM017_RenewAAOntarioLimitedPartnershipDeclaration#PSM017_RenewAAOntarioLimitedPartnershipDeclaration ( PSM017_RenewAAOntarioLimitedPartnershipDeclaration )</h3><table class="result"><tr><th>Messages</th></tr><tr><td><div class="messages">PartnerPortal build number is: 2.1.4.4 :: 2.1.4.4 :: 2024/04/03 13:48<br/>Business name and number is: APP-A10265310763</div></td></tr></table><p class="totop"><a href="#summary">back to summary</a></p><h3 id="m40">com.onbis.TestCases.PSM018_RenewARegistration_OfAFirmNameForAGeneralPartnership#PSM018_RenewARegistration_OfAFirmNameForAGeneralPartnership ( PSM018_RenewARegistration_OfAFirmNameForAGeneralPartnership )</h3><table class="result"><tr><th>Messages</th></tr><tr><td><div class="messages">PartnerPortal build number is: 2.1.4.4 :: 2.1.4.4 :: 2024/04/03 13:48<br/>Business name and number is: APP-A10265310860</div></td></tr></table><p class="totop"><a href="#summary">back to summary</a></p><h2>Onbis-CR Regression Test - November 2022 Release</h2><h3 id="m41">com.onbis.TestCases.CR_4260_4279_4277_4574_4592_4628_ExtraProvincialLicenceForAForeignCorporation_TC2_TC3_TC4#CR_4260_4279_4277_4574_4592_4628_ExtraProvincialLicenceForAForeignCorporation_TC2_TC3_TC4 ( CR_4260_4279_4277_4574_4592_4628_ExtraProvincialLicenceForAForeignCorporation_TC2_TC3_TC4 )</h3><table class="result"><tr class="param"><th>Parameter #1</th></tr><tr class="param stripe"><td>chrome</td></tr><tr><th>Messages</th></tr><tr><td><div class="messages">-------: CR_4260_4279_4277_4574_4592_4628_ExtraProvincialLicenceForAForeignCorporation_TC2 -&gt; <br/>Admin Portal build number is: 2.1.4.4 :: 2.1.4.4 :: 2024/04/03 13:48</div></td></tr><tr><th>Exception</th></tr><tr><td><div class="stacktrace">org.openqa.selenium.ElementClickInterceptedException: element click intercepted: Element &lt;span style=&quot;background: lime; border: 3px solid red;&quot;&gt;...&lt;/span&gt; is not clickable at point (137, 642). Other element would receive the click: &lt;div class=&quot;appWizardButtonPad appButtonPad registerExtraProvincialLicenceForForeignCorporationWithShare-asyncContainer-wizardButtonPad appButtonPad appNotReadOnly appIndex1 appChildCount5&quot; id=&quot;nodeW911&quot; aria-labelledby=&quot;nodeW915&quot;&gt;...&lt;/div&gt;
  (Session info: chrome=113.0.5672.127)
Build info: version: &apos;3.141.59&apos;, revision: &apos;e82be7d358&apos;, time: &apos;2018-11-14T08:17:03&apos;
System info: host: &apos;ON44C03384830&apos;, ip: &apos;10.61.33.219&apos;, os.name: &apos;Windows 10&apos;, os.arch: &apos;amd64&apos;, os.version: &apos;10.0&apos;, java.version: &apos;1.8.0_202&apos;
Driver info: org.openqa.selenium.chrome.ChromeDriver
Capabilities {acceptInsecureCerts: true, browserName: chrome, browserVersion: 113.0.5672.127, chrome: {chromedriverVersion: 113.0.5672.63 (0e1a4471d5ae..., userDataDir: C:\Users\MustofG\AppData\Lo...}, goog:chromeOptions: {debuggerAddress: localhost:64660}, javascriptEnabled: true, networkConnectionEnabled: false, pageLoadStrategy: normal, platform: WINDOWS, platformName: WINDOWS, proxy: Proxy(), setWindowRect: true, strictFileInteractability: false, timeouts: {implicit: 0, pageLoad: 300000, script: 30000}, unhandledPromptBehavior: dismiss and notify, webauthn:extension:credBlob: true, webauthn:extension:largeBlob: true, webauthn:extension:minPinLength: true, webauthn:extension:prf: true, webauthn:virtualAuthenticators: true}
Session ID: 88d52dc31aae5e784f980e7d451f5a60
	at sun.reflect.NativeConstructorAccessorImpl.newInstance0(Native Method)
	at sun.reflect.NativeConstructorAccessorImpl.newInstance(NativeConstructorAccessorImpl.java:62)
	at sun.reflect.DelegatingConstructorAccessorImpl.newInstance(DelegatingConstructorAccessorImpl.java:45)
	at java.lang.reflect.Constructor.newInstance(Constructor.java:423)
	at org.openqa.selenium.remote.http.W3CHttpResponseCodec.createException(W3CHttpResponseCodec.java:187)
	at org.openqa.selenium.remote.http.W3CHttpResponseCodec.decode(W3CHttpResponseCodec.java:122)
	at org.openqa.selenium.remote.http.W3CHttpResponseCodec.decode(W3CHttpResponseCodec.java:49)
	at org.openqa.selenium.remote.HttpCommandExecutor.execute(HttpCommandExecutor.java:158)
	at org.openqa.selenium.remote.service.DriverCommandExecutor.execute(DriverCommandExecutor.java:83)
	at org.openqa.selenium.remote.RemoteWebDriver.execute(RemoteWebDriver.java:552)
	at org.openqa.selenium.remote.RemoteWebElement.execute(RemoteWebElement.java:285)
	at org.openqa.selenium.remote.RemoteWebElement.click(RemoteWebElement.java:84)
	at sun.reflect.GeneratedMethodAccessor5.invoke(Unknown Source)
	at sun.reflect.DelegatingMethodAccessorImpl.invoke(DelegatingMethodAccessorImpl.java:43)
	at java.lang.reflect.Method.invoke(Method.java:498)
	at org.openqa.selenium.support.pagefactory.internal.LocatingElementHandler.invoke(LocatingElementHandler.java:51)
	at com.sun.proxy.$Proxy25.click(Unknown Source)
	at com.onbis.Helper.HelperMethods.waitAndClick(HelperMethods.java:310)
	at com.onbis.Pages.SOIncorporateOntarioBusinessCorporationPage.completeReviewAndAuthorizeAndSubmitExtraProvincial(SOIncorporateOntarioBusinessCorporationPage.java:5394)
	at com.onbis.TestCases.CR_4260_4279_4277_4574_4592_4628_ExtraProvincialLicenceForAForeignCorporation_TC2_TC3_TC4.CR_4260_4279_4277_4574_4592_4628_ExtraProvincialLicenceForAForeignCorporation_TC2_TC3_TC4(CR_4260_4279_4277_4574_4592_4628_ExtraProvincialLicenceForAForeignCorporation_TC2_TC3_TC4.java:73)
	at sun.reflect.NativeMethodAccessorImpl.invoke0(Native Method)
	at sun.reflect.NativeMethodAccessorImpl.invoke(NativeMethodAccessorImpl.java:62)
	at sun.reflect.DelegatingMethodAccessorImpl.invoke(DelegatingMethodAccessorImpl.java:43)
	at java.lang.reflect.Method.invoke(Method.java:498)
	at org.testng.internal.MethodInvocationHelper.invokeMethod(MethodInvocationHelper.java:124)
	at org.testng.internal.Invoker.invokeMethod(Invoker.java:583)
	at org.testng.internal.Invoker.invokeTestMethod(Invoker.java:719)
	at org.testng.internal.Invoker.invokeTestMethods(Invoker.java:989)
	at org.testng.internal.TestMethodWorker.invokeTestMethods(TestMethodWorker.java:125)
	at org.testng.internal.TestMethodWorker.run(TestMethodWorker.java:109)
	at org.testng.TestRunner.privateRun(TestRunner.java:648)
	at org.testng.TestRunner.run(TestRunner.java:505)
	at org.testng.SuiteRunner.runTest(SuiteRunner.java:455)
	at org.testng.SuiteRunner.runSequentially(SuiteRunner.java:450)
	at org.testng.SuiteRunner.privateRun(SuiteRunner.java:415)
	at org.testng.SuiteRunner.run(SuiteRunner.java:364)
	at org.testng.SuiteRunnerWorker.runSuite(SuiteRunnerWorker.java:52)
	at org.testng.SuiteRunnerWorker.run(SuiteRunnerWorker.java:84)
	at org.testng.TestNG.runSuitesSequentially(TestNG.java:1208)
	at org.testng.TestNG.runSuitesLocally(TestNG.java:1137)
	at org.testng.TestNG.runSuites(TestNG.java:1049)
	at org.testng.TestNG.run(TestNG.java:1017)
	at com.intellij.rt.testng.IDEARemoteTestNG.run(IDEARemoteTestNG.java:66)
	at com.intellij.rt.testng.RemoteTestNGStarter.main(RemoteTestNGStarter.java:109)
</div></td></tr></table><p class="totop"><a href="#summary">back to summary</a></p><h3 id="m42">com.onbis.TestCases.CR_4260_4279_4277_4574_4592_4628_GeneralPartnershipInternationalAddress_TC3_TC4_TC5#CR_4260_4279_4277_4574_4592_4628_GeneralPartnershipInternationalAddress_TC3_TC4_TC5 ( CR_4260_4279_4277_4574_4592_4628_GeneralPartnershipInternationalAddress_TC3_TC4_TC5 )</h3><table class="result"><tr><th>Messages</th></tr><tr><td><div class="messages">PartnerPortal build number is: 2.1.4.4 :: 2.1.4.4 :: 2024/04/03 13:48<br/>-------: CR_4260_4279_4277_4574_4592_4628_GeneralPartnershipInternationalAddress_TC3-&gt; <br/>Business name is: 2396ALUZMHN9WUNBV
</div></td></tr><tr><th>Exception</th></tr><tr><td><div class="stacktrace">org.openqa.selenium.ElementClickInterceptedException: element click intercepted: Element &lt;button class=&quot;appButton appDisableButton registerGeneralPartnership-wizardButtonPad-apply appButtonPrimary primaryButton appApplyButton appNotReadOnly appIndex3&quot; id=&quot;nodeW682&quot; type=&quot;button&quot; role=&quot;button&quot; aria-disabled=&quot;true&quot; tabindex=&quot;-1&quot; style=&quot;background: lime; border: 3px solid red;&quot;&gt;...&lt;/button&gt; is not clickable at point (134, 542). Other element would receive the click: &lt;div class=&quot;appWizardButtonPad appButtonPad registerGeneralPartnership-wizardButtonPad appButtonPad appNotReadOnly appIndex4 appChildCount4&quot; id=&quot;nodeW670&quot; aria-labelledby=&quot;nodeW673&quot;&gt;...&lt;/div&gt;
  (Session info: chrome=113.0.5672.127)
Build info: version: &apos;3.141.59&apos;, revision: &apos;e82be7d358&apos;, time: &apos;2018-11-14T08:17:03&apos;
System info: host: &apos;ON44C03384830&apos;, ip: &apos;10.61.33.219&apos;, os.name: &apos;Windows 10&apos;, os.arch: &apos;amd64&apos;, os.version: &apos;10.0&apos;, java.version: &apos;1.8.0_202&apos;
Driver info: org.openqa.selenium.chrome.ChromeDriver
Capabilities {acceptInsecureCerts: true, browserName: chrome, browserVersion: 113.0.5672.127, chrome: {chromedriverVersion: 113.0.5672.63 (0e1a4471d5ae..., userDataDir: C:\Users\MustofG\AppData\Lo...}, goog:chromeOptions: {debuggerAddress: localhost:63793}, javascriptEnabled: true, networkConnectionEnabled: false, pageLoadStrategy: normal, platform: WINDOWS, platformName: WINDOWS, proxy: Proxy(), setWindowRect: true, strictFileInteractability: false, timeouts: {implicit: 0, pageLoad: 300000, script: 30000}, unhandledPromptBehavior: dismiss and notify, webauthn:extension:credBlob: true, webauthn:extension:largeBlob: true, webauthn:extension:minPinLength: true, webauthn:extension:prf: true, webauthn:virtualAuthenticators: true}
Session ID: f079247e01e46dcef9e0ec2b95817b91
	at sun.reflect.NativeConstructorAccessorImpl.newInstance0(Native Method)
	at sun.reflect.NativeConstructorAccessorImpl.newInstance(NativeConstructorAccessorImpl.java:62)
	at sun.reflect.DelegatingConstructorAccessorImpl.newInstance(DelegatingConstructorAccessorImpl.java:45)
	at java.lang.reflect.Constructor.newInstance(Constructor.java:423)
	at org.openqa.selenium.remote.http.W3CHttpResponseCodec.createException(W3CHttpResponseCodec.java:187)
	at org.openqa.selenium.remote.http.W3CHttpResponseCodec.decode(W3CHttpResponseCodec.java:122)
	at org.openqa.selenium.remote.http.W3CHttpResponseCodec.decode(W3CHttpResponseCodec.java:49)
	at org.openqa.selenium.remote.HttpCommandExecutor.execute(HttpCommandExecutor.java:158)
	at org.openqa.selenium.remote.service.DriverCommandExecutor.execute(DriverCommandExecutor.java:83)
	at org.openqa.selenium.remote.RemoteWebDriver.execute(RemoteWebDriver.java:552)
	at org.openqa.selenium.remote.RemoteWebElement.execute(RemoteWebElement.java:285)
	at org.openqa.selenium.remote.RemoteWebElement.click(RemoteWebElement.java:84)
	at sun.reflect.GeneratedMethodAccessor5.invoke(Unknown Source)
	at sun.reflect.DelegatingMethodAccessorImpl.invoke(DelegatingMethodAccessorImpl.java:43)
	at java.lang.reflect.Method.invoke(Method.java:498)
	at org.openqa.selenium.support.pagefactory.internal.LocatingElementHandler.invoke(LocatingElementHandler.java:51)
	at com.sun.proxy.$Proxy25.click(Unknown Source)
	at com.onbis.Helper.HelperMethods.staleElementClick(HelperMethods.java:343)
	at com.onbis.Pages.PartnerSoleProprietorshipRegistrationPage.completeReviewAndSubmit(PartnerSoleProprietorshipRegistrationPage.java:1526)
	at com.onbis.TestCases.CR_4260_4279_4277_4574_4592_4628_GeneralPartnershipInternationalAddress_TC3_TC4_TC5.CR_4260_4279_4277_4574_4592_4628_GeneralPartnershipInternationalAddress_TC3_TC4_TC5(CR_4260_4279_4277_4574_4592_4628_GeneralPartnershipInternationalAddress_TC3_TC4_TC5.java:63)
	at sun.reflect.NativeMethodAccessorImpl.invoke0(Native Method)
	at sun.reflect.NativeMethodAccessorImpl.invoke(NativeMethodAccessorImpl.java:62)
	at sun.reflect.DelegatingMethodAccessorImpl.invoke(DelegatingMethodAccessorImpl.java:43)
	at java.lang.reflect.Method.invoke(Method.java:498)
	at org.testng.internal.MethodInvocationHelper.invokeMethod(MethodInvocationHelper.java:124)
	at org.testng.internal.Invoker.invokeMethod(Invoker.java:583)
	at org.testng.internal.Invoker.invokeTestMethod(Invoker.java:719)
	at org.testng.internal.Invoker.invokeTestMethods(Invoker.java:989)
	at org.testng.internal.TestMethodWorker.invokeTestMethods(TestMethodWorker.java:125)
	at org.testng.internal.TestMethodWorker.run(TestMethodWorker.java:109)
	at org.testng.TestRunner.privateRun(TestRunner.java:648)
	at org.testng.TestRunner.run(TestRunner.java:505)
	at org.testng.SuiteRunner.runTest(SuiteRunner.java:455)
	at org.testng.SuiteRunner.runSequentially(SuiteRunner.java:450)
	at org.testng.SuiteRunner.privateRun(SuiteRunner.java:415)
	at org.testng.SuiteRunner.run(SuiteRunner.java:364)
	at org.testng.SuiteRunnerWorker.runSuite(SuiteRunnerWorker.java:52)
	at org.testng.SuiteRunnerWorker.run(SuiteRunnerWorker.java:84)
	at org.testng.TestNG.runSuitesSequentially(TestNG.java:1208)
	at org.testng.TestNG.runSuitesLocally(TestNG.java:1137)
	at org.testng.TestNG.runSuites(TestNG.java:1049)
	at org.testng.TestNG.run(TestNG.java:1017)
	at com.intellij.rt.testng.IDEARemoteTestNG.run(IDEARemoteTestNG.java:66)
	at com.intellij.rt.testng.RemoteTestNGStarter.main(RemoteTestNGStarter.java:109)
</div></td></tr></table><p class="totop"><a href="#summary">back to summary</a></p><h3 id="m43">com.onbis.TestCases.CR_4260_4279_4277_4574_4592_4628_GeneralPartnership_TC1#CR_4260_4279_4277_4574_4592_4628_GeneralPartnership_TC1 ( CR_4260_4279_4277_4574_4592_4628_GeneralPartnership_TC1 )</h3><table class="result"><tr><th>Messages</th></tr><tr><td><div class="messages">PartnerPortal build number is: 2.1.4.4 :: 2.1.4.4 :: 2024/04/03 13:48<br/>-------: CR_4260_4279_4277_4574_4592_4628_GeneralPartnership_TC1-&gt; <br/>-------: This is a Negative testing for &apos;General partnership Registration&apos;
 :-------<br/>-------: &apos;Last Name&apos; field -&gt; message displayed as &apos;Last Name must be entered.&apos; :-------<br/>-------: Last Name was not entered - error message displayed as &apos;Last Name must be entered. :-------<br/>-------: Email Address was not entered - error message displayed as &apos;Email Address must be entered. :-------<br/>-------: Confirm Email Address was not entered - error message displayed as &apos;Confirm Email Address must be entered. :-------</div></td></tr><tr><th>Exception</th></tr><tr><td><div class="stacktrace">org.openqa.selenium.NoSuchElementException: no such element: Unable to locate element: {&quot;method&quot;:&quot;xpath&quot;,&quot;selector&quot;:&quot;//span[text()=&apos;Firm Name must be entered.&apos;]&quot;}
  (Session info: chrome=113.0.5672.127)
For documentation on this error, please visit: https://www.seleniumhq.org/exceptions/no_such_element.html
Build info: version: &apos;3.141.59&apos;, revision: &apos;e82be7d358&apos;, time: &apos;2018-11-14T08:17:03&apos;
System info: host: &apos;ON44C03384830&apos;, ip: &apos;10.61.33.219&apos;, os.name: &apos;Windows 10&apos;, os.arch: &apos;amd64&apos;, os.version: &apos;10.0&apos;, java.version: &apos;1.8.0_202&apos;
Driver info: org.openqa.selenium.chrome.ChromeDriver
Capabilities {acceptInsecureCerts: true, browserName: chrome, browserVersion: 113.0.5672.127, chrome: {chromedriverVersion: 113.0.5672.63 (0e1a4471d5ae..., userDataDir: C:\Users\MustofG\AppData\Lo...}, goog:chromeOptions: {debuggerAddress: localhost:63396}, javascriptEnabled: true, networkConnectionEnabled: false, pageLoadStrategy: normal, platform: WINDOWS, platformName: WINDOWS, proxy: Proxy(), setWindowRect: true, strictFileInteractability: false, timeouts: {implicit: 0, pageLoad: 300000, script: 30000}, unhandledPromptBehavior: dismiss and notify, webauthn:extension:credBlob: true, webauthn:extension:largeBlob: true, webauthn:extension:minPinLength: true, webauthn:extension:prf: true, webauthn:virtualAuthenticators: true}
Session ID: c82f9fe4502f7677e822fc67eb4a8861
*** Element info: {Using=xpath, value=//span[text()=&apos;Firm Name must be entered.&apos;]}
	at sun.reflect.GeneratedConstructorAccessor33.newInstance(Unknown Source)
	at sun.reflect.DelegatingConstructorAccessorImpl.newInstance(DelegatingConstructorAccessorImpl.java:45)
	at java.lang.reflect.Constructor.newInstance(Constructor.java:423)
	at org.openqa.selenium.remote.http.W3CHttpResponseCodec.createException(W3CHttpResponseCodec.java:187)
	at org.openqa.selenium.remote.http.W3CHttpResponseCodec.decode(W3CHttpResponseCodec.java:122)
	at org.openqa.selenium.remote.http.W3CHttpResponseCodec.decode(W3CHttpResponseCodec.java:49)
	at org.openqa.selenium.remote.HttpCommandExecutor.execute(HttpCommandExecutor.java:158)
	at org.openqa.selenium.remote.service.DriverCommandExecutor.execute(DriverCommandExecutor.java:83)
	at org.openqa.selenium.remote.RemoteWebDriver.execute(RemoteWebDriver.java:552)
	at org.openqa.selenium.remote.RemoteWebDriver.findElement(RemoteWebDriver.java:323)
	at org.openqa.selenium.remote.RemoteWebDriver.findElementByXPath(RemoteWebDriver.java:428)
	at org.openqa.selenium.By$ByXPath.findElement(By.java:353)
	at org.openqa.selenium.remote.RemoteWebDriver.findElement(RemoteWebDriver.java:315)
	at com.onbis.Pages.PartnerSoleProprietorshipRegistrationPage.incompleteGeneralPartnershipBusinessNameRegistrationNotSave(PartnerSoleProprietorshipRegistrationPage.java:917)
	at com.onbis.TestCases.CR_4260_4279_4277_4574_4592_4628_GeneralPartnership_TC1.CR_4260_4279_4277_4574_4592_4628_GeneralPartnership_TC1(CR_4260_4279_4277_4574_4592_4628_GeneralPartnership_TC1.java:38)
	at sun.reflect.NativeMethodAccessorImpl.invoke0(Native Method)
	at sun.reflect.NativeMethodAccessorImpl.invoke(NativeMethodAccessorImpl.java:62)
	at sun.reflect.DelegatingMethodAccessorImpl.invoke(DelegatingMethodAccessorImpl.java:43)
	at java.lang.reflect.Method.invoke(Method.java:498)
	at org.testng.internal.MethodInvocationHelper.invokeMethod(MethodInvocationHelper.java:124)
	at org.testng.internal.Invoker.invokeMethod(Invoker.java:583)
	at org.testng.internal.Invoker.invokeTestMethod(Invoker.java:719)
	at org.testng.internal.Invoker.invokeTestMethods(Invoker.java:989)
	at org.testng.internal.TestMethodWorker.invokeTestMethods(TestMethodWorker.java:125)
	at org.testng.internal.TestMethodWorker.run(TestMethodWorker.java:109)
	at org.testng.TestRunner.privateRun(TestRunner.java:648)
	at org.testng.TestRunner.run(TestRunner.java:505)
	at org.testng.SuiteRunner.runTest(SuiteRunner.java:455)
	at org.testng.SuiteRunner.runSequentially(SuiteRunner.java:450)
	at org.testng.SuiteRunner.privateRun(SuiteRunner.java:415)
	at org.testng.SuiteRunner.run(SuiteRunner.java:364)
	at org.testng.SuiteRunnerWorker.runSuite(SuiteRunnerWorker.java:52)
	at org.testng.SuiteRunnerWorker.run(SuiteRunnerWorker.java:84)
	at org.testng.TestNG.runSuitesSequentially(TestNG.java:1208)
	at org.testng.TestNG.runSuitesLocally(TestNG.java:1137)
	at org.testng.TestNG.runSuites(TestNG.java:1049)
	at org.testng.TestNG.run(TestNG.java:1017)
	at com.intellij.rt.testng.IDEARemoteTestNG.run(IDEARemoteTestNG.java:66)
	at com.intellij.rt.testng.RemoteTestNGStarter.main(RemoteTestNGStarter.java:109)
</div></td></tr></table><p class="totop"><a href="#summary">back to summary</a></p><h3 id="m44">com.onbis.TestCases.CR_4260_4279_4277_4574_4592_4628_SoleProp_TC1_3#CR_4260_4279_4277_4574_4592_4628_SoleProp_TC2_TC3 ( CR_4260_4279_4277_4574_4592_4628_SoleProp_TC2_TC3 )</h3><table class="result"><tr><th>Messages</th></tr><tr><td><div class="messages">Admin Portal build number is: 2.1.4.4 :: 2.1.4.4 :: 2024/04/03 13:48<br/>-------: CR_4260_4279_4277_4574_4592_4628_SoleProp_TC2 -&gt; </div></td></tr><tr><th>Exception</th></tr><tr><td><div class="stacktrace">org.openqa.selenium.TimeoutException: Expected condition failed: waiting for visibility of Proxy element for: DefaultElementLocator &apos;By.xpath: //span[contains(text(),&apos;Completed&apos;)]&apos; (tried for 90 second(s) with 200 milliseconds interval)
	at org.openqa.selenium.support.ui.FluentWait.timeoutException(FluentWait.java:304)
	at org.openqa.selenium.support.ui.FluentWait.until(FluentWait.java:272)
	at com.onbis.Helper.HelperMethods.fluentWaitAndCheckVisible(HelperMethods.java:71)
	at com.onbis.Pages.PartnerPortalLandingPage.selectCompletedMenuOptionAndGetCorporationName(PartnerPortalLandingPage.java:696)
	at com.onbis.TestCases.CR_4260_4279_4277_4574_4592_4628_SoleProp_TC1_3.CR_4260_4279_4277_4574_4592_4628_SoleProp_TC2_TC3(CR_4260_4279_4277_4574_4592_4628_SoleProp_TC1_3.java:87)
	at sun.reflect.NativeMethodAccessorImpl.invoke0(Native Method)
	at sun.reflect.NativeMethodAccessorImpl.invoke(NativeMethodAccessorImpl.java:62)
	at sun.reflect.DelegatingMethodAccessorImpl.invoke(DelegatingMethodAccessorImpl.java:43)
	at java.lang.reflect.Method.invoke(Method.java:498)
	at org.testng.internal.MethodInvocationHelper.invokeMethod(MethodInvocationHelper.java:124)
	at org.testng.internal.Invoker.invokeMethod(Invoker.java:583)
	at org.testng.internal.Invoker.invokeTestMethod(Invoker.java:719)
	at org.testng.internal.Invoker.invokeTestMethods(Invoker.java:989)
	at org.testng.internal.TestMethodWorker.invokeTestMethods(TestMethodWorker.java:125)
	at org.testng.internal.TestMethodWorker.run(TestMethodWorker.java:109)
	at org.testng.TestRunner.privateRun(TestRunner.java:648)
	at org.testng.TestRunner.run(TestRunner.java:505)
	at org.testng.SuiteRunner.runTest(SuiteRunner.java:455)
	at org.testng.SuiteRunner.runSequentially(SuiteRunner.java:450)
	at org.testng.SuiteRunner.privateRun(SuiteRunner.java:415)
	at org.testng.SuiteRunner.run(SuiteRunner.java:364)
	at org.testng.SuiteRunnerWorker.runSuite(SuiteRunnerWorker.java:52)
	at org.testng.SuiteRunnerWorker.run(SuiteRunnerWorker.java:84)
	at org.testng.TestNG.runSuitesSequentially(TestNG.java:1208)
	at org.testng.TestNG.runSuitesLocally(TestNG.java:1137)
	at org.testng.TestNG.runSuites(TestNG.java:1049)
	at org.testng.TestNG.run(TestNG.java:1017)
	at com.intellij.rt.testng.IDEARemoteTestNG.run(IDEARemoteTestNG.java:66)
	at com.intellij.rt.testng.RemoteTestNGStarter.main(RemoteTestNGStarter.java:109)
Caused by: org.openqa.selenium.NoSuchElementException: no such element: Unable to locate element: {&quot;method&quot;:&quot;xpath&quot;,&quot;selector&quot;:&quot;//span[contains(text(),&apos;Completed&apos;)]&quot;}
  (Session info: chrome=113.0.5672.127)
For documentation on this error, please visit: https://www.seleniumhq.org/exceptions/no_such_element.html
Build info: version: &apos;3.141.59&apos;, revision: &apos;e82be7d358&apos;, time: &apos;2018-11-14T08:17:03&apos;
System info: host: &apos;ON44C03384830&apos;, ip: &apos;10.61.33.219&apos;, os.name: &apos;Windows 10&apos;, os.arch: &apos;amd64&apos;, os.version: &apos;10.0&apos;, java.version: &apos;1.8.0_202&apos;
Driver info: org.openqa.selenium.chrome.ChromeDriver
Capabilities {acceptInsecureCerts: true, browserName: chrome, browserVersion: 113.0.5672.127, chrome: {chromedriverVersion: 113.0.5672.63 (0e1a4471d5ae..., userDataDir: C:\Users\MustofG\AppData\Lo...}, goog:chromeOptions: {debuggerAddress: localhost:62976}, javascriptEnabled: true, networkConnectionEnabled: false, pageLoadStrategy: normal, platform: WINDOWS, platformName: WINDOWS, proxy: Proxy(), setWindowRect: true, strictFileInteractability: false, timeouts: {implicit: 0, pageLoad: 300000, script: 30000}, unhandledPromptBehavior: dismiss and notify, webauthn:extension:credBlob: true, webauthn:extension:largeBlob: true, webauthn:extension:minPinLength: true, webauthn:extension:prf: true, webauthn:virtualAuthenticators: true}
Session ID: 861ef64905b22de3fedd3d9bf361a739
*** Element info: {Using=xpath, value=//span[contains(text(),&apos;Completed&apos;)]}
	at sun.reflect.GeneratedConstructorAccessor33.newInstance(Unknown Source)
	at sun.reflect.DelegatingConstructorAccessorImpl.newInstance(DelegatingConstructorAccessorImpl.java:45)
	at java.lang.reflect.Constructor.newInstance(Constructor.java:423)
	at org.openqa.selenium.remote.http.W3CHttpResponseCodec.createException(W3CHttpResponseCodec.java:187)
	at org.openqa.selenium.remote.http.W3CHttpResponseCodec.decode(W3CHttpResponseCodec.java:122)
	at org.openqa.selenium.remote.http.W3CHttpResponseCodec.decode(W3CHttpResponseCodec.java:49)
	at org.openqa.selenium.remote.HttpCommandExecutor.execute(HttpCommandExecutor.java:158)
	at org.openqa.selenium.remote.service.DriverCommandExecutor.execute(DriverCommandExecutor.java:83)
	at org.openqa.selenium.remote.RemoteWebDriver.execute(RemoteWebDriver.java:552)
	at org.openqa.selenium.remote.RemoteWebDriver.findElement(RemoteWebDriver.java:323)
	at org.openqa.selenium.remote.RemoteWebDriver.findElementByXPath(RemoteWebDriver.java:428)
	at org.openqa.selenium.By$ByXPath.findElement(By.java:353)
	at org.openqa.selenium.remote.RemoteWebDriver.findElement(RemoteWebDriver.java:315)
	at org.openqa.selenium.support.pagefactory.DefaultElementLocator.findElement(DefaultElementLocator.java:69)
	at org.openqa.selenium.support.pagefactory.internal.LocatingElementHandler.invoke(LocatingElementHandler.java:38)
	at com.sun.proxy.$Proxy25.isDisplayed(Unknown Source)
	at org.openqa.selenium.support.ui.ExpectedConditions.elementIfVisible(ExpectedConditions.java:314)
	at org.openqa.selenium.support.ui.ExpectedConditions.access$000(ExpectedConditions.java:43)
	at org.openqa.selenium.support.ui.ExpectedConditions$10.apply(ExpectedConditions.java:300)
	at org.openqa.selenium.support.ui.ExpectedConditions$10.apply(ExpectedConditions.java:297)
	at org.openqa.selenium.support.ui.FluentWait.until(FluentWait.java:249)
	... 27 more
</div></td></tr></table><p class="totop"><a href="#summary">back to summary</a></p><h3 id="m45">com.onbis.TestCases.CR_4254_AnnualReturnOption_ExtraProvincialLicenceForAForeignCorporation_TC3#CR_4254_AnnualReturnOption_ExtraProvincialLicenceForAForeignCorporation_TC3 ( CR_4254_AnnualReturnOption_ExtraProvincialLicenceForAForeignCorporation_TC3 )</h3><table class="result"><tr class="param"><th>Parameter #1</th></tr><tr class="param stripe"><td>chrome</td></tr><tr><th>Messages</th></tr><tr><td><div class="messages">-------: CR_4254_AnnualReturnOption_ExtraProvincialLicenceForAForeignCorporation_TC3 -&gt; <br/>Admin Portal build number is: 2.1.4.4 :: 2.1.4.4 :: 2024/04/03 13:48<br/>Search Result for: &quot;PM WELLNESS HUNGARY&quot; KFT (1771397)<br/>The &apos;File Annual Return&apos; option is displayed in drop-down menu under the &apos;Make Changes&apos; Menu</div></td></tr></table><p class="totop"><a href="#summary">back to summary</a></p><h3 id="m46">com.onbis.TestCases.CR_4258_EPForeignWithShare_EntityNameJurisdictionNonEditable_TC2#CR_4258_EPForeignWithShare_EntityNameJurisdictionNonEditable_TC2 ( CR_4258_EPForeignWithShare_EntityNameJurisdictionNonEditable_TC2 )</h3><table class="result"><tr class="param"><th>Parameter #1</th></tr><tr class="param stripe"><td>chrome</td></tr><tr><th>Messages</th></tr><tr><td><div class="messages">-------: CR_4258_EPForeignWithShare_EntityNameJurisdictionNonEditable_TC2 -&gt; <br/>Admin Portal build number is: 2.1.4.4 :: 2.1.4.4 :: 2024/04/03 13:48<br/>Search Result for: 1000633237SDB3WEO13XLFO54771581 TEST INC. (1000633237)<br/>The &apos;File Articles of Continuance under the Business Corporations Act&apos; option is displayed in drop-down menu under the &apos;Make Changes&apos; Menu<br/>Authorization Date was inserted as: April 10, 2024<br/>The OCN and the name of the corporation As Agent is displayed on the output as :SDB3WEO13XLFO54771581 TEST INC. (1000633237)<br/>Transaction Number is :APP-A10265312412<br/>The Receipt Date is displayed on the Filing Document as :April 10, 2024 03:59<br/>The Incorporation/Amalgamation Date is displayed on the Filing Document as :April 10, 2024</div></td></tr></table><p class="totop"><a href="#summary">back to summary</a></p><h3 id="m47">com.onbis.TestCases.CR_4260_4279_4277_4574_4592_4628_CondoCorporationsAssignAnOCN_TC1#CR_4260_4279_4277_4574_4592_4628_CondoCorporationsAssignAnOCN_TC1 ( CR_4260_4279_4277_4574_4592_4628_CondoCorporationsAssignAnOCN_TC1 )</h3><table class="result"><tr><th>Messages</th></tr><tr><td><div class="messages">Admin Portal build number is: 2.1.4.4 :: 2.1.4.4 :: 2024/04/03 13:48<br/>-------: CR_4260_4279_4277_4574_4592_4628_CondoCorporationsAssignAnOCN_TC1 -&gt; <br/>-------: This is a Negative testing for &apos;Condo Corp In-corporation&apos;
 :-------<br/>-------: &apos;Last Name&apos; field -&gt; message displayed as &apos;Last Name must be entered.&apos; :-------<br/>-------: Last Name was not entered - error message displayed as &apos;Last Name must be entered. :-------<br/>-------: Email Address was not entered - error message displayed as &apos;Email Address must be entered. :-------<br/>-------: Confirm Email Address was not entered - error message displayed as &apos;Confirm Email Address must be entered. :-------<br/>-------: &apos;Upload the filing document&apos; field -&gt; message displayed as &apos;You must upload the filing document&apos; :-------<br/>-------: &apos;The corporation will have: must be selected.
Province must be selected.
Incorporation/Amalgamation Date must be entered.
and 8 more... (hide)
Entity Type must be selected.
Is the corporation exempt from filing under the Corporations Information Act? must be selected.
Please upload the Constating Document.
Primary Activity must be entered.
Official Email must be entered.
Confirm Official Email must be entered.
Registered or Head Office Address must be entered.
You must accept this declaration to continue.&apos; :------<br/>-------: &apos;Province must be selected.
Entity Type must be selected.
Is the corporation exempt from filing under the Corporations Information Act? must be selected.
and 6 more... (hide)
Please upload the Constating Document.
Primary Activity must be entered.
Official Email must be entered.
Confirm Official Email must be entered.
Registered or Head Office Address must be entered.
You must accept this declaration to continue.&apos; :------<br/>-------: &apos;Province must be selected.
Please upload the Constating Document.
Primary Activity must be entered.
and 3 more... (hide)
Official Email must be entered.
Confirm Official Email must be entered.
You must accept this declaration to continue.&apos; :------<br/>-------: &apos;Province must be selected.
Please upload the Constating Document.
Official Email must be entered.
and 2 more... (hide)
Confirm Official Email must be entered.
You must accept this declaration to continue.&apos; :------<br/>-------: &apos;Province must be selected.
Please upload the Constating Document.
Official Email must be entered.
and 2 more... (show)&apos; :------<br/>-------: &apos;Province must be selected.
Please upload the Constating Document.
Official Email must be entered.
and 2 more... (show)&apos; :------</div></td></tr></table><p class="totop"><a href="#summary">back to summary</a></p><h3 id="m48">com.onbis.TestCases.CR_4260_4279_4277_4574_4592_4628_CondoCorporationsAssignAnOCN_TC2_TC3_TC4_TC5#CR_4260_4279_4277_4574_4592_4628_CondoCorporationsAssignAnOCN_TC2_TC3_TC4_TC5 ( CR_4260_4279_4277_4574_4592_4628_CondoCorporationsAssignAnOCN_TC2_TC3_TC4_TC5 )</h3><table class="result"><tr><th>Messages</th></tr><tr><td><div class="messages">Admin Portal build number is: 2.1.4.4 :: 2.1.4.4 :: 2024/04/03 13:48<br/>-------: CR_4260_4279_4277_4574_4592_4628_CondoCorporationsAssignAnOCN_TC2_TC3_TC4_TC5-&gt; <br/>OCN name and number is: Assign an Ontario Corporation Number 6MF1T1IJCTE32FHNQ TEST INC. (1000633230)<br/>-------: CR_4260_4279_4277_4574_4592_4628_CorporationsAssignAnOCN_TC3 -&gt; <br/>-------: searchCorporationByName: &apos;&apos;6MF1T1IJCTE32FHNQ&apos;<br/>-------: CR_4260_4279_4277_4574_4592_4628_CorporationsAssignAnOCN_TC4 -&gt; <br/>Business name and number is: JYRIPTIR3KZYZ15J0 (1000633231)<br/>Business name details: JYRIPTIR3KZYZ15J0
<br/>-------: CR_4260_4279_4277_4574_4592_4628_CorporationsAssignAnOCN_TC5 -&gt; <br/>Request Profile Report Email confirmation Message: We sent the document(s) you requested to onbistestautomation@outlook.com
</div></td></tr></table><p class="totop"><a href="#summary">back to summary</a></p><h3 id="m49">com.onbis.TestCases.CR_4260_4279_4277_4574_4592_4628_GeneralPartnership_TC2#CR_4260_4279_4277_4574_4592_4628_GeneralPartnership_TC2 ( CR_4260_4279_4277_4574_4592_4628_GeneralPartnership_TC2 )</h3><table class="result"><tr><th>Messages</th></tr><tr><td><div class="messages">PartnerPortal build number is: 2.1.4.4 :: 2.1.4.4 :: 2024/04/03 13:48<br/>-------: CR_4260_4279_4277_4574_4592_4628_GeneralPartnership_TC2-&gt; <br/>Business name is: GJ4XA9TJKFU3E62R1
<br/>Business name and number is: GJ4XA9TJKFU3E62R1 (1000633228)<br/>Business name details: General Details
Address
Partner(s)
Business Names
Filings
Firm Name
GJ4XA9TJKFU3E62R1
Business Identification Number (BIN)
1000633228
Business Number (BN)
[Unavailable]
Registration Date
April 10, 2024
April 10 2024
Registration Expiry Date
April 09, 2029
April 09 2029
Type
General Partnership
Status
Active - Registered
Governing Jurisdiction
Canada - Ontario
Primary Activity
484 - Truck transportation
Official Email
onbistestautomation@outlook.com
</div></td></tr></table><p class="totop"><a href="#summary">back to summary</a></p><h3 id="m50">com.onbis.TestCases.CR_4260_4279_4277_4574_4592_4628_SoleProp_TC1_3#CR_4260_4279_4277_4574_4592_4628_SoleProp_TC1 ( CR_4260_4279_4277_4574_4592_4628_SoleProp_TC1 )</h3><table class="result"><tr><th>Messages</th></tr><tr><td><div class="messages">-------: CR_4260_4279_4277_4574_4592_4628_SoleProp_TC1 -&gt; <br/>-------: This is a Negative testing for &apos;Sole Prop.  Registration&apos;
 :-------<br/>Admin Portal build number is: 2.1.4.4 :: 2.1.4.4 :: 2024/04/03 13:48<br/>-------: &apos;Last Name&apos; field -&gt; message displayed as &apos;Last Name must be entered.&apos; :-------<br/>-------: &apos;Upload the filing document&apos; field -&gt; message displayed as &apos;You must upload the filing document&apos; :-------<br/>-------: &apos;Business Name Error&apos; field -&gt; message displayed as &apos;Proposed Business Name must be entered.&apos; :-------<br/>-------: &apos;Proposed Business Name&apos; field -&gt; message displayed as &apos;Proposed Business Name must be entered.&apos; :-------<br/>-------: &apos;Primary Activity&apos; field -&gt; message displayed as &apos;Primary Activity must be entered.&apos; :-------<br/>-------: &apos;Official Email&apos; field -&gt; message displayed as &apos;Official Email must be entered.&apos; :-------<br/>-------: &apos;Confirm Official Email&apos; field -&gt; message displayed as &apos;Confirm Official Email must be entered.&apos; :-------<br/>-------: &apos;Principal Place of Business Error&apos; field -&gt; message displayed as &apos;Do you have a place of business in Ontario? must be selected.&apos; :-------<br/>-------: &apos;Principal Place of Business - Yes/No -Not answered&apos; field -&gt; message displayed as &apos;Do you have a place of business in Ontario?&apos; :-------<br/>-------: &apos;First Name&apos; field -&gt; message displayed as &apos;First Name must be entered.&apos; :-------<br/>-------: &apos;Last Name&apos; field -&gt; message displayed as &apos;Last Name must be entered.&apos; :-------<br/>-------: &apos;Submit&apos; is disabled and greyed out - color is &apos;rgba(94, 94, 94, 1)&apos; :-------</div></td></tr></table><p class="totop"><a href="#summary">back to summary</a></p><h3 id="m51">com.onbis.TestCases.CR_4280_OntarioBusinessIncorporation_RequestCertificate_CourtOrderedWindingUp_TC1#CR_4280_OntarioBusinessIncorporation_RequestCertificate_CourtOrderedWindingUp_TC1 ( CR_4280_OntarioBusinessIncorporation_RequestCertificate_CourtOrderedWindingUp_TC1 )</h3><table class="result"><tr class="param"><th>Parameter #1</th></tr><tr class="param stripe"><td>chrome</td></tr><tr><th>Messages</th></tr><tr><td><div class="messages">-------: CR_4280_OntarioBusinessIncorporation_RequestCertificate_CourtOrderedWindingUp_TC1 -&gt; <br/>Admin Portal build number is: 2.1.4.4 :: 2.1.4.4 :: 2024/04/03 13:48<br/>Ontario Corporation Name is: Incorporate an Ontario Business Corporation 1000633240 ONTARIO CORP. (1000633240)<br/>Search Result for: 10006332401000633240 ONTARIO CORP. (1000633240)<br/>Request Certificate Of Status Email confirmation Message: We sent the document(s) you requested to onbistestautomation@outlook.com
</div></td></tr></table><p class="totop"><a href="#summary">back to summary</a></p><h3 id="m52">com.onbis.TestCases.CR_4295_GeneralPartnership_BusinessNames_BusinessLink_TC6#CR_4295_GeneralPartnership_BusinessNames_BusinessLink_TC6 ( CR_4295_GeneralPartnership_BusinessNames_BusinessLink_TC6 )</h3><table class="result"><tr><th>Messages</th></tr><tr><td><div class="messages">Admin Portal build number is: 2.1.4.4 :: 2.1.4.4 :: 2024/04/03 13:48<br/>-------: CR_4295_GeneralPartnership_BusinessNames_BusinessLink_TC6-&gt; <br/>General Partnership Business Names is: K1FXJFN9V5210M2FO<br/>Ontario Corporation Number (OCN) number is: 1000633233<br/>Ontario Corporation Number (OCN) number is: 1000633233<br/>Business name and number is: OW3B63I7GKCAR3KOI (1000633234)<br/>Business name details: OW3B63I7GKCAR3KOI
</div></td></tr></table><p class="totop"><a href="#summary">back to summary</a></p><h3 id="m53">com.onbis.TestCases.CR_4302_OntarioBusinessCorporation_HeaderDisplayedFrameNumber_TC2#CR_4302_OntarioBusinessCorporation_HeaderDisplayedFrameNumber_TC2 ( CR_4302_OntarioBusinessCorporation_HeaderDisplayedFrameNumber_TC2 )</h3><table class="result"><tr><th>Messages</th></tr><tr><td><div class="messages">-------: CR_4302_OntarioBusinessCorporation_HeaderDisplayedFrameNumber_TC2-&gt; <br/>PartnerPortal build number is: 2.1.4.4 :: 2.1.4.4 :: 2024/04/03 13:48<br/>Search Result for: 10006332381000633238 ONTARIO CORP. (1000633238)<br/>Header is displayed as: 1000633238 ONTARIO CORP. (1000633238) [Ontario Business Corporation]<br/>Frame number &apos;1000633238&apos; is in the heading<br/>Header is correctly displayed with no Microfiche Roll Number and Microfiche Frame number in the heading</div></td></tr></table><p class="totop"><a href="#summary">back to summary</a></p><h3 id="m54">com.onbis.TestCases.CR_4348_RegisterExtraProvincialLimitedLiabilityCompany_AddressOfAttorneyOntario_TC2#CR_4348_RegisterExtraProvincialLimitedLiabilityCompany_AddressOfAttorneyOntario_TC2 ( CR_4348_RegisterExtraProvincialLimitedLiabilityCompany_AddressOfAttorneyOntario_TC2 )</h3><table class="result"><tr class="param"><th>Parameter #1</th></tr><tr class="param stripe"><td>chrome</td></tr><tr><th>Messages</th></tr><tr><td><div class="messages">-------: CR_4348_RegisterExtraProvincialLimitedLiabilityCompany_AddressOfAttorneyOntario_TC2 -&gt; <br/>Admin Portal build number is: 2.1.4.4 :: 2.1.4.4 :: 2024/04/03 13:48<br/>Transaction Number: APP-A10265312703<br/>Company Name: DY5FD62VZRBLNBMCK<br/>Principal place of Business in Ontario: 911 Ivy Court, Oshawa, Ontario, L1H1S4, Canada<br/>Person authorizing registration: Person Acting under Power of Attorney<br/>Full Name: OPRAH WINFREY<br/>Address for Service: 911 Ivy Court, Oshawa, Ontario, L1H1S4, Canada</div></td></tr></table><p class="totop"><a href="#summary">back to summary</a></p><h3 id="m55">com.onbis.TestCases.CR_4348_RegisterExtraProvincialLimitedLiabilityCompany_AddressOfGeneralManager_TC1#CR_4348_RegisterExtraProvincialLimitedLiabilityCompany_AddressOfGeneralManager_TC1 ( CR_4348_RegisterExtraProvincialLimitedLiabilityCompany_AddressOfGeneralManager_TC1 )</h3><table class="result"><tr class="param"><th>Parameter #1</th></tr><tr class="param stripe"><td>chrome</td></tr><tr><th>Messages</th></tr><tr><td><div class="messages">-------: CR_4348_RegisterExtraProvincialLimitedLiabilityCompany_AddressOfGeneralManager_TC1 -&gt; <br/>Admin Portal build number is: 2.1.4.4 :: 2.1.4.4 :: 2024/04/03 13:48<br/>Transaction Number: APP-A10265312218<br/>Company Name: 7AW07RGJ0IJQ7FHEW<br/>Principal place of Business in Ontario: 911 Ivy Court, Oshawa, Ontario, L1H1S4, Canada<br/>Person authorizing registration: General Manager/Representative<br/>Full Name: LOLA GOMES<br/>Address for Service: 002 Jubilee Road, Devonshire Parish, Bermuda, DV06</div></td></tr></table><p class="totop"><a href="#summary">back to summary</a></p><h3 id="m56">com.onbis.TestCases.CR_4349_ExtraProvincialLicence_CorporationdAsAgentFor_TC1_TC2#CR_4349_ExtraProvincialLicence_CorporationdAsAgentFor_TC1_TC2 ( CR_4349_ExtraProvincialLicence_CorporationdAsAgentFor_TC1_TC2 )</h3><table class="result"><tr class="param"><th>Parameter #1</th></tr><tr class="param stripe"><td>chrome</td></tr><tr><th>Messages</th></tr><tr><td><div class="messages">-------: CR_4349_ExtraProvincialLicence_CorporationdAsAgentFor_TC1_TC2 -&gt; <br/>Admin Portal build number is: 2.1.4.4 :: 2.1.4.4 :: 2024/04/03 13:48<br/>This is a negative test  -&gt; 

   The negative  OCN &apos;1000633238222&apos; is NOT accepted in OBR<br/>Ontario Business Incorporation number &apos;1000633238 ONTARIO CORP.&apos; was selected<br/>Search Result for: OPKNFR3L21DZYRKDR9506 test inc.OPKNFR3L21DZYRKDR9506 TEST INC. (1000633241)<br/>The OCN and the name of the corporation As Agent is displayed on the output as :OPKNFR3L21DZYRKDR9506 TEST INC. (1000633241)<br/>Transaction Number is :APP-A10265313188<br/>Business Name Registration &apos;OPKNFR3L21DZYRKDR9506 TEST INC. (1000633241)&apos; for a EPCA - Extra-Provincial Foreign Licence is verified.</div></td></tr></table><p class="totop"><a href="#summary">back to summary</a></p><h3 id="m57">com.onbis.TestCases.CR_4437_EPFCWithShare_FileArticlesOfContinuanceUnderBCA_RequestedPastDateForContinuance_TC1#CR_4437_EPFCWithShare_FileArticlesOfContinuanceUnderBCA_RequestedPastDateForContinuance_TC1 ( CR_4437_EPFCWithShare_FileArticlesOfContinuanceUnderBCA_RequestedPastDateForContinuance_TC1 )</h3><table class="result"><tr class="param"><th>Parameter #1</th></tr><tr class="param stripe"><td>chrome</td></tr><tr><th>Messages</th></tr><tr><td><div class="messages">-------: CR_4437_EPFCWithShare_FileArticlesOfContinuanceUnderBCA_RequestedPastDateForContinuance_TC1 -&gt; <br/>Admin Portal build number is: 2.1.4.4 :: 2.1.4.4 :: 2024/04/03 13:48<br/>Search Result for: 10006332422G64V2TC0N368JHPD1749 TEST INC. (1000633242)<br/>The &apos;File Articles of Continuance under the Business Corporations Act&apos; option is displayed in drop-down menu under the &apos;Make Changes&apos; Menu<br/>Receipt Date was inserted as: April 10, 2024; backdating  Time was: &apos;04:26&apos; , but Current system Time was: &apos;04:27:51.154&quot;<br/>Authorization Date was inserted as: April 10, 2024<br/>The OCN and the name of the corporation As Agent is displayed on the output as :2G64V2TC0N368JHPD1749 TEST INC. (1000633242)<br/>Transaction Number is :APP-A10265313285<br/>The Receipt Date is displayed on the Filing Document as :April 10, 2024 04:24<br/>The Incorporation/Amalgamation Date is displayed on the Filing Document as :April 10, 2024</div></td></tr></table><p class="totop"><a href="#summary">back to summary</a></p><h2>Onbis-CR Regression Test - February 2023 Release</h2><h3 id="m58">com.onbis.TestCases.CR_4751_ActiveNFPCA_WithActiveBusinessName_FileArticlesOfDissolution#CR_4751_ActiveNFPCA_WithActiveBusinessName_FileArticlesOfDissolution ( CR_4751_ActiveNFPCA_WithActiveBusinessName_FileArticlesOfDissolution )</h3><table class="result"><tr><th>Messages</th></tr><tr><td><div class="messages">Admin Portal build number is: 2.1.4.4 :: 2.1.4.4 :: 2024/04/03 13:48<br/>-------: CR_4751_ActiveNFPCA_WithActiveBusinessName_FileArticlesOfDissolution-&gt; <br/>Ontario Corporation Number (OCN) number is: 1000633243<br/>Incorporate an Ontario Not-for-Profit Corporation Corporation Number (OCN) number is: 1000633243<br/>Search Result for: 10006332431000633243 ONTARIO NOT-FOR-PROFIT (1000633243)<br/>Search Result for: 10006332431000633243 ONTARIO NOT-FOR-PROFIT (1000633243)<br/>View Corporation name and number is: 1000633243 ONTARIO NOT-FOR-PROFIT<br/>File Articles Of Dissolution status is: Inactive - Voluntary Dissolution<br/>File Articles Of Dissolution Business Name is: ET11TAZ4683US7EN2<br/>Status for File Articles Of Dissolution is: Inactive - Cancellation of BNLP</div></td></tr></table><p class="totop"><a href="#summary">back to summary</a></p><h3 id="m59">com.onbis.TestCases.CR_4796_ActiveOntarioCorporationWithBusinessNam_FileArticlesOfContinuance#CR_4796_ActiveOntarioCorporationWithBusinessNam_FileArticlesOfContinuance ( CR_4796_ActiveOntarioCorporationWithBusinessNam_FileArticlesOfContinuance )</h3><table class="result"><tr><th>Messages</th></tr><tr><td><div class="messages">Admin Portal build number is: 2.1.4.4 :: 2.1.4.4 :: 2024/04/03 13:48<br/>-------: CR_4796_ActiveOntarioCorporationWithBusinessNam_FileArticlesOfContinuance-&gt; <br/>Ontario Corporation Number (OCN) number is: 1000633245<br/>Incorporate an Ontario Not-for-Profit Corporation Corporation Number (OCN) number is: 1000633245<br/>Search Result for: 10006332451000633245 ONTARIO CORP. (1000633245)<br/>Search Result for: 10006332451000633245 ONTARIO CORP. (1000633245)<br/>File Articles Of Continuance Corporation name and number is: 1000633245 ONTARIO CORP. (1000633245) [Extra-Provincial Domestic Corporation with Share]<br/>File Articles Of Continuance status is: Inactive - Ceased in Ontario<br/>File Articles Of Continuance Business Name is: ASZIBEZLNHU1HYLTL<br/>Status for File Articles Of Continuance for Business Name is: Inactive - Cancellation of BNLP</div></td></tr></table><p class="totop"><a href="#summary">back to summary</a></p></body></html>