<!DOCTYPE html PUBLIC "-//W3C//DTD XHTML 1.1//EN" "http://www.w3.org/TR/xhtml11/DTD/xhtml11.dtd">
<html xmlns="http://www.w3.org/1999/xhtml"><head><title>ONBIS E2E Test Results</title><style type="text/css">@import url(https://fonts.googleapis.com/css?family=Open+Sans);

body {
    font-family: "Open Sans", sans-serif;
    margin: 0;
}

table {
    margin-left: 10%;
    margin-top: 64px;
    margin-bottom: 64px;
    border-collapse: collapse;
    empty-cells: show;
}

th, td {
    border: 1px solid #009;
    padding: .25em .5em;
    font-weight: normal;
}

/* Style the first rows of the table */
table:first-of-type tr:first-of-type,
table#summary thead tr:first-of-type,
table.result tbody tr:first-of-type {
    background-color: #b2817b; / * #666; */
    color: white;
    font-weight: lighter;
    height: 4em;
    padding-left: 1em;
    padding-right: 1em;
}

/* Hide "MoL Tests" row */
table:first-of-type tr:nth-child(2),
table#summary tbody:first-of-type tr{
    display: none;
}

table#summary tbody th {
    padding-top:32px;
    text-align: left;
    font-weight: bold;
}

table:first-of-type tr:last-of-type {
    border-top: 2px solid #979797;
    background-color: #E6E6E6;
}

td {
    vertical-align: top;
}

.stripe td {
    background-color: #EFEFEF;
}

.num {
    text-align: right;
}

.passedodd td {
    background-color: #3F3;
}

.passedeven td {
    background-color: #0A0;
}

.skippedodd td {
    background-color: #DDD;
}

.skippedeven td {
    background-color: #CCC;
}

.failedodd td {
    background-color: #F33;
}

.failedeven td, .stripe {
    background-color: #D00;
}

h2, h3 {
    margin-left: 10%;
    font-weight: normal;
}

table.result th {
    text-align: left;
}

table.result {
    margin-left: 10%;
    margin-bottom: 32px;
}

.stacktrace {
    overflow: auto;
    width: 1024px;
    white-space: pre;
    font-family: "Courier New";
}

/* back to summary */
.totop {
    font-size: 85%;
    text-align: center;
    border-bottom: 0.625rem solid #7bb29c;       /* 979797; */
    width: 80%;
    margin-left: auto;
    margin-right: auto;
    padding-bottom: 1rem;
}

#header {
    background-color: #333;
    padding: 8px 8px 8px 64px;
    color: white;
}
#header span#logo {
    padding-left:32px;
    font-size: 1.45em;
    color: #eee;
}</style></head><body><div id='header'><img src='images/logo.png' width='128px'><span id='logo'><b>ONBIS E2E Test Results</b></span></div><div id='header'> Reporting Date & Time           : 22-May-2024 12:37:PM</span></div><div id='header'> Test Execution Host Name &  IP  : ON34C03174383/10.61.87.104</span></div><div id='header'> Test Execution OS Name: Windows 10</span></div><div id='header'> Test Execution Java Version     : 1.8.0_281</span></div><div id='header'> Test Execution User Name        : MustofG</span></div><div id='header'> Test Execution Environment      : UAT2</span></div><table><tr><th><b><ins>Test Suite<b></ins></th><th><font color="green"><b><ins>Passed</font color><b></ins></th><th><font color="yellow"><b><ins>Skipped</font color><b></ins></th><th><font color="red"><b><ins>Failed</font color><b></ins></th><th><font color="blue"><b><ins>D:HH:MM:SS</font color><b></ins></th><th><b><ins>Included Groups<b></ins></th><th><b><ins>Excluded Groups<b></ins></th></tr><tr><th colspan="7">Onbis E2E Tests</th></tr><tr><td><a href="#t0">Onbis-Sanity-PartnerPortal-Chrome</a></td><td class="num">0</td><td class="num">0</td><td class="num">0</td><td class="num">0:00:00:00</td><td></td><td></td></tr><tr class="stripe"><td><a href="#t1">Onbis-Sanity-SOAB Portal-Chrome - SOAB Account Incorporate Tests </a></td><td class="num">0</td><td class="num">0</td><td class="num">0</td><td class="num">0:00:00:00</td><td></td><td></td></tr><tr><td><a href="#t2">Onbis-Sanity-SOAdmin-Chrome</a></td><td class="num">0</td><td class="num">0</td><td class="num">0</td><td class="num">0:00:00:00</td><td></td><td></td></tr><tr class="stripe"><td><a href="#t3">Onbis-Regression-Partner Portal</a></td><td class="num">6</td><td class="num">0</td><td class="num">0</td><td class="num">0:00:33:40</td><td></td><td></td></tr><tr><td><a href="#t4">Onbis-Regression-Admin Portal</a></td><td class="num">17</td><td class="num">0</td><td class="num">0</td><td class="num">0:01:25:26</td><td></td><td></td></tr><tr class="stripe"><td><a href="#t5">Onbis-Regression-SOAB Portal</a></td><td class="num">0</td><td class="num">0</td><td class="num attn">6</td><td class="num">0:00:11:28</td><td></td><td></td></tr><tr><td><a href="#t6">Onbis-Regression-Partner Portal-Data Creation for Renewal</a></td><td class="num">0</td><td class="num">0</td><td class="num">0</td><td class="num">0:00:00:00</td><td></td><td></td></tr><tr class="stripe"><td><a href="#t7">Onbis-Regression-Partner Portal- Renewal</a></td><td class="num">0</td><td class="num">0</td><td class="num">0</td><td class="num">0:00:00:00</td><td></td><td></td></tr><tr><td><a href="#t8">Onbis-CR Regression Test - November 2022 Release</a></td><td class="num">0</td><td class="num">0</td><td class="num">0</td><td class="num">0:00:00:00</td><td></td><td></td></tr><tr class="stripe"><td><a href="#t9">Onbis-CR Regression Test - February 2023 Release</a></td><td class="num">0</td><td class="num">0</td><td class="num">0</td><td class="num">0:00:00:00</td><td></td><td></td></tr><tr><th><b>Total :-------><b></th><th class="num">23</th><th class="num">0</th><th class="num attn">6</th><th class="num">0:02:10:35</th><th colspan="2"></th></tr></table><table><thead><tr><th><b><ins>Class Name<b></ins></th><th><b><ins>Method Name<b></ins></th><th><b><ins>Test Name<b></ins></th><th><b><ins>Test Starts<b></ins></th><th><font color="blue"><b><ins>D:HH:MM:SS</font color><b></ins></th></tr></thead><tbody><tr><th colspan="5">Onbis E2E Tests</th></tr></tbody><tbody id="t0"></tbody><tbody id="t1"></tbody><tbody id="t2"></tbody><tbody id="t3"><tr><th colspan="5">Onbis-Regression-Partner Portal &#8212; passed</th></tr><tr class="passedeven"><td rowspan="1">com.onbis.TestCases.BNM003_CancelARegistrationOfABusinessNameForASoleProprietorship</td><td><a href="#m0">BNM003_CancelARegistrationOfABusinessNameForASoleProprietorship</a></td><td rowspan="1">BNM003_CancelARegistrationOfABusinessNameForASoleProprietorship</td><td rowspan="1">10:37:47 AM</td><td rowspan="1">0:00:03:30</td></tr><tr class="passedodd"><td rowspan="1">com.onbis.TestCases.BNM010_AmendABusinessNameRegistrationForACorporation</td><td><a href="#m1">BNM010_AmendABusinessNameRegistrationForACorporation</a></td><td rowspan="1">BNM010_AmendABusinessNameRegistrationForACorporation</td><td rowspan="1">10:41:21 AM</td><td rowspan="1">0:00:05:26</td></tr><tr class="passedeven"><td rowspan="1">com.onbis.TestCases.BNM013_AmendRegistrationOfABusinessNameForALimitedPartnership</td><td><a href="#m2">BNM013_AmendRegistrationOfABusinessNameForALimitedPartnership</a></td><td rowspan="1">BNM013_AmendRegistrationOfABusinessNameForALimitedPartnership</td><td rowspan="1">10:26:51 AM</td><td rowspan="1">0:00:04:05</td></tr><tr class="passedodd"><td rowspan="1">com.onbis.TestCases.BNM016_Cancel_ARegistrationOfABusinessNameForAPartnership</td><td><a href="#m3">BNM016_Cancel_ARegistrationOfABusinessNameForAPartnership</a></td><td rowspan="1">BNM016_Cancel_ARegistrationOfABusinessNameForAPartnership</td><td rowspan="1">10:30:59 AM</td><td rowspan="1">0:00:06:46</td></tr><tr class="passedeven"><td rowspan="1">com.onbis.TestCases.PSM005_CancelAnOntarioLimitedPartnershipDeclaration</td><td><a href="#m4">PSM005_CancelAnOntarioLimitedPartnershipDeclaration</a></td><td rowspan="1">PSM005_CancelAnOntarioLimitedPartnershipDeclaration</td><td rowspan="1">10:53:37 AM</td><td rowspan="1">0:00:06:49</td></tr><tr class="passedodd"><td rowspan="1">com.onbis.TestCases.PSM007_AmendARegistrationOfAFirmNameForAGeneralPartnership</td><td><a href="#m5">PSM007_AmendARegistrationOfAFirmNameForAGeneralPartnership</a></td><td rowspan="1">PSM007_AmendARegistrationOfAFirmNameForAGeneralPartnership</td><td rowspan="1">10:46:49 AM</td><td rowspan="1">0:00:06:45</td></tr></tbody><tbody id="t4"><tr><th colspan="5">Onbis-Regression-Admin Portal &#8212; passed</th></tr><tr class="passedeven"><td rowspan="1">com.onbis.TestCases.REG_BCAM008_FileFinalPlanForArrangement</td><td><a href="#m6">REG_BCAM008_FileFinalPlanForArrangement</a></td><td rowspan="1">REG_BCAM008_FileFinalPlanForArrangement</td><td rowspan="1">11:00:44 AM</td><td rowspan="1">0:00:04:48</td></tr><tr class="passedodd"><td rowspan="1">com.onbis.TestCases.REG_BCAM011_InstrumentOfContinuanceAnOntarioBusinessCorporation</td><td><a href="#m7">REG_BCAM011_InstrumentOfContinuanceAnOntarioBusinessCorporation</a></td><td rowspan="1">REG_BCAM011_InstrumentOfContinuanceAnOntarioBusinessCorporation</td><td rowspan="1">11:22:03 AM</td><td rowspan="1">0:00:06:42</td></tr><tr class="passedeven"><td rowspan="1">com.onbis.TestCases.REG_BCAM012_ReviveAnOntarioBusinessCorporation</td><td><a href="#m8">REG_BCAM012_ReviveAnOntarioBusinessCorporation</a></td><td rowspan="1">REG_BCAM012_ReviveAnOntarioBusinessCorporation</td><td rowspan="1">11:17:32 AM</td><td rowspan="1">0:00:04:23</td></tr><tr class="passedodd"><td rowspan="1">com.onbis.TestCases.REG_CIA002_AnnualReturnForAOntarioBusinessCorporation</td><td><a href="#m9">REG_CIA002_AnnualReturnForAOntarioBusinessCorporation</a></td><td rowspan="1">REG_CIA002_AnnualReturnForAOntarioBusinessCorporation</td><td rowspan="1">11:05:41 AM</td><td rowspan="1">0:00:03:15</td></tr><tr class="passedeven"><td rowspan="1">com.onbis.TestCases.REG_CIA006_NoticeOfChangeForEPForeignCorpWithShare</td><td><a href="#m10">REG_CIA006_NoticeOfChangeForEPForeignCorpWithShare</a></td><td rowspan="1">REG_CIA006_NoticeOfChangeForEPForeignCorpWithShare</td><td rowspan="1">11:29:54 AM</td><td rowspan="1">0:00:04:30</td></tr><tr class="passedodd"><td rowspan="1">com.onbis.TestCases.REG_CIA015_InitialReturnForAnExtraProvincialCorp</td><td><a href="#m11">REG_CIA015_InitialReturnForAnExtraProvincialCorp</a></td><td rowspan="1">REG_CIA015_InitialReturnForAnExtraProvincialCorp</td><td rowspan="1">11:09:05 AM</td><td rowspan="1">0:00:03:42</td></tr><tr class="passedeven"><td rowspan="1">com.onbis.TestCases.REG_CIA016_NoticeOfChangeForAnExtraProvincialCorp</td><td><a href="#m12">REG_CIA016_NoticeOfChangeForAnExtraProvincialCorp</a></td><td rowspan="1">REG_CIA016_NoticeOfChangeForAnExtraProvincialCorp</td><td rowspan="1">11:12:55 AM</td><td rowspan="1">0:00:04:29</td></tr><tr class="passedodd"><td rowspan="1">com.onbis.TestCases.REG_EPCM007_ApplicationForAmendmentToLicenceForAForeignCorporation</td><td><a href="#m13">REG_EPCM007_ApplicationForAmendmentToLicenceForAForeignCorporation</a></td><td rowspan="1">REG_EPCM007_ApplicationForAmendmentToLicenceForAForeignCorporation</td><td rowspan="1">11:39:49 AM</td><td rowspan="1">0:00:04:32</td></tr><tr class="passedeven"><td rowspan="1">com.onbis.TestCases.REG_EPCM008_ApplicationToTerminateALicenceForExtraProvincialForeignCorporation</td><td><a href="#m14">REG_EPCM008_ApplicationToTerminateALicenceForExtraProvincialForeignCorporation</a></td><td rowspan="1">REG_EPCM008_ApplicationToTerminateALicenceForExtraProvincialForeignCorporation</td><td rowspan="1">11:35:32 AM</td><td rowspan="1">0:00:04:09</td></tr><tr class="passedodd"><td rowspan="1">com.onbis.TestCases.REG_LLCM003_CancelARegistrationExtraProvincialLimitedLiabilityCompanyName</td><td><a href="#m15">REG_LLCM003_CancelARegistrationExtraProvincialLimitedLiabilityCompanyName</a></td><td rowspan="1">REG_LLCM003_CancelARegistrationExtraProvincialLimitedLiabilityCompanyName</td><td rowspan="1">11:45:31 AM</td><td rowspan="1">0:00:02:00</td></tr><tr class="passedeven"><td rowspan="1">com.onbis.TestCases.REG_NFPCM002_NFPCA_FileArticleOfAmendment</td><td><a href="#m16">REG_NFPCM002_NFPCA_FileArticleOfAmendment</a></td><td rowspan="1">REG_NFPCM002_NFPCA_FileArticleOfAmendment</td><td rowspan="1">11:47:39 AM</td><td rowspan="1">0:00:03:35</td></tr><tr class="passedodd"><td rowspan="1">com.onbis.TestCases.REG_NFPCM006_NFPCA_AuthorizationToContinueOut</td><td><a href="#m17">REG_NFPCM006_NFPCA_AuthorizationToContinueOut</a></td><td rowspan="1">REG_NFPCM006_NFPCA_AuthorizationToContinueOut</td><td rowspan="1">11:51:22 AM</td><td rowspan="1">0:00:03:32</td></tr><tr class="passedeven"><td rowspan="1">com.onbis.TestCases.REG_NFPCM007_NFPCA_FileDraftPlanOfArrangement</td><td><a href="#m18">REG_NFPCM007_NFPCA_FileDraftPlanOfArrangement</a></td><td rowspan="1">REG_NFPCM007_NFPCA_FileDraftPlanOfArrangement</td><td rowspan="1">12:14:19 PM</td><td rowspan="1">0:00:05:36</td></tr><tr class="passedodd"><td rowspan="1">com.onbis.TestCases.REG_NFPCM008_NFPCA_FileFinalPlanOfArrangement</td><td><a href="#m19">REG_NFPCM008_NFPCA_FileFinalPlanOfArrangement</a></td><td rowspan="1">REG_NFPCM008_NFPCA_FileFinalPlanOfArrangement</td><td rowspan="1">12:20:04 PM</td><td rowspan="1">0:00:05:49</td></tr><tr class="passedeven"><td rowspan="1">com.onbis.TestCases.REG_NFPCM010_NFPCA_FileArticlesOfDissolution</td><td><a href="#m20">REG_NFPCM010_NFPCA_FileArticlesOfDissolution</a></td><td rowspan="1">REG_NFPCM010_NFPCA_FileArticlesOfDissolution</td><td rowspan="1">11:56:04 AM</td><td rowspan="1">0:00:05:36</td></tr><tr class="passedodd"><td rowspan="1">com.onbis.TestCases.REG_NFPCM011_NFPCA_ReviveNotForProfitCorporation</td><td><a href="#m21">REG_NFPCM011_NFPCA_ReviveNotForProfitCorporation</a></td><td rowspan="1">REG_NFPCM011_NFPCA_ReviveNotForProfitCorporation</td><td rowspan="1">12:07:09 PM</td><td rowspan="1">0:00:06:01</td></tr><tr class="passedeven"><td rowspan="1">com.onbis.TestCases.REG_NFPCM012_NFPCA_WindingUpNotForProfitCorporation</td><td><a href="#m22">REG_NFPCM012_NFPCA_WindingUpNotForProfitCorporation</a></td><td rowspan="1">REG_NFPCM012_NFPCA_WindingUpNotForProfitCorporation</td><td rowspan="1">12:01:48 PM</td><td rowspan="1">0:00:05:13</td></tr></tbody><tbody id="t5"><tr><th colspan="5">Onbis-Regression-SOAB Portal &#8212; failed</th></tr><tr class="failedeven"><td rowspan="1">com.onbis.TestCases.BCAM002_TestCasesFileArticlesOfAmendmenOntarioBusinessCorporation</td><td><a href="#m23">BCAM002_TestCasesFileArticlesOfAmendmenOntarioBusinessCorporation</a></td><td rowspan="1">BCAM002_TestCasesFileArticlesOfAmendmenOntarioBusinessCorporation</td><td rowspan="1">12:28:52 PM</td><td rowspan="1">0:00:01:37</td></tr><tr class="failedodd"><td rowspan="1">com.onbis.TestCases.BCAM006_TestCasesFileArticlesOfAuthorizationContinueOutOfBusinessCorporation</td><td><a href="#m24">BCAM006_TestCasesFileArticlesOfAuthorizationContinueOutOfBusinessCorporation</a></td><td rowspan="1">BCAM006_TestCasesFileArticlesOfAuthorizationContinueOutOfBusinessCorporation</td><td rowspan="1">12:32:17 PM</td><td rowspan="1">0:00:01:40</td></tr><tr class="failedeven"><td rowspan="1">com.onbis.TestCases.BCAM007_TestCasesFileArticlesOfFileDraftPlanForArrangement</td><td><a href="#m25">BCAM007_TestCasesFileArticlesOfFileDraftPlanForArrangement</a></td><td rowspan="1">BCAM007_TestCasesFileArticlesOfFileDraftPlanForArrangement</td><td rowspan="1">12:34:01 PM</td><td rowspan="1">0:00:01:38</td></tr><tr class="failedodd"><td rowspan="1">com.onbis.TestCases.BCAM010_TestCasesFileArticlesDissolveOntarioBusinessCorporation</td><td><a href="#m26">BCAM010_TestCasesFileArticlesDissolveOntarioBusinessCorporation</a></td><td rowspan="1">BCAM010_TestCasesFileArticlesDissolveOntarioBusinessCorporation</td><td rowspan="1">12:30:32 PM</td><td rowspan="1">0:00:01:41</td></tr><tr class="failedeven"><td rowspan="1">com.onbis.TestCases.BCAM013_TestCasesCourtOrderedWindingUpDissolutionOrder</td><td><a href="#m27">BCAM013_TestCasesCourtOrderedWindingUpDissolutionOrder</a></td><td rowspan="1">BCAM013_TestCasesCourtOrderedWindingUpDissolutionOrder</td><td rowspan="1">12:35:42 PM</td><td rowspan="1">0:00:01:37</td></tr><tr class="failedodd"><td rowspan="1">com.onbis.TestCases.TC01_BCAR001_TestCasesAddProfileForIncorportatNumber</td><td><a href="#m28">TC01_BCAR001_TestCasesAddProfileForIncorportatNumber</a></td><td rowspan="1">TC01_BCAR001_TestCasesAddProfileForIncorportatNumber</td><td rowspan="1">12:25:55 PM</td><td rowspan="1">0:00:02:53</td></tr></tbody><tbody id="t6"></tbody><tbody id="t7"></tbody><tbody id="t8"></tbody><tbody id="t9"></tbody></table><h2>Onbis-Sanity-PartnerPortal-Chrome</h2><h2>Onbis-Sanity-SOAB Portal-Chrome - SOAB Account Incorporate Tests </h2><h2>Onbis-Sanity-SOAdmin-Chrome</h2><h2>Onbis-Regression-Partner Portal</h2><h3 id="m0">com.onbis.TestCases.BNM003_CancelARegistrationOfABusinessNameForASoleProprietorship#BNM003_CancelARegistrationOfABusinessNameForASoleProprietorship ( BNM003_CancelARegistrationOfABusinessNameForASoleProprietorship )</h3><table class="result"><tr><th>Messages</th></tr><tr><td><div class="messages">PartnerPortal build number is: 2.1.5.2 :: 2.1.5.2 :: 2024/05/15 10:15<br/>Business name and number is: 5SA8SAPG7PC3BAV4P (1000608750)<br/>Business name and number is: APP-A10241767893</div></td></tr></table><p class="totop"><a href="#summary">back to summary</a></p><h3 id="m1">com.onbis.TestCases.BNM010_AmendABusinessNameRegistrationForACorporation#BNM010_AmendABusinessNameRegistrationForACorporation ( BNM010_AmendABusinessNameRegistrationForACorporation )</h3><table class="result"><tr class="param"><th>Parameter #1</th></tr><tr class="param stripe"><td>chrome</td></tr><tr><th>Messages</th></tr><tr><td><div class="messages">PartnerPortal build number is: 2.1.5.2 :: 2.1.5.2 :: 2024/05/15 10:15<br/>Business name and number is: TDNPBT9K4N2461ET69845 TEST INC. (1000608753)<br/>Updated Business corporation name is: ZUU32UTUI6YGETKL2<br/>Business name and number is: ZUU32UTUI6YGETKL2 (1000608754)</div></td></tr></table><p class="totop"><a href="#summary">back to summary</a></p><h3 id="m2">com.onbis.TestCases.BNM013_AmendRegistrationOfABusinessNameForALimitedPartnership#BNM013_AmendRegistrationOfABusinessNameForALimitedPartnership ( BNM013_AmendRegistrationOfABusinessNameForALimitedPartnership )</h3><table class="result"><tr><th>Messages</th></tr><tr><td><div class="messages">PartnerPortal build number is: 2.1.5.2 :: 2.1.5.2 :: 2024/05/15 10:15<br/>Business name and number is: X0TXZ5VEFKZM4J5ML LLP (1000608746)</div></td></tr></table><p class="totop"><a href="#summary">back to summary</a></p><h3 id="m3">com.onbis.TestCases.BNM016_Cancel_ARegistrationOfABusinessNameForAPartnership#BNM016_Cancel_ARegistrationOfABusinessNameForAPartnership ( BNM016_Cancel_ARegistrationOfABusinessNameForAPartnership )</h3><table class="result"><tr class="param"><th>Parameter #1</th></tr><tr class="param stripe"><td>chrome</td></tr><tr><th>Messages</th></tr><tr><td><div class="messages">PartnerPortal build number is: 2.1.5.2 :: 2.1.5.2 :: 2024/05/15 10:15<br/>Business name and number is: 65FX7YJMS66JYZLVT (1000608748)<br/>Updated Business corporation name is: 3GFADLDEIM40JTYW4<br/>Business name and number is: 3GFADLDEIM40JTYW4 (1000608749)</div></td></tr></table><p class="totop"><a href="#summary">back to summary</a></p><h3 id="m4">com.onbis.TestCases.PSM005_CancelAnOntarioLimitedPartnershipDeclaration#PSM005_CancelAnOntarioLimitedPartnershipDeclaration ( PSM005_CancelAnOntarioLimitedPartnershipDeclaration )</h3><table class="result"><tr class="param"><th>Parameter #1</th></tr><tr class="param stripe"><td>chrome</td></tr><tr><th>Messages</th></tr><tr><td><div class="messages">PartnerPortal build number is: 2.1.5.2 :: 2.1.5.2 :: 2024/05/15 10:15<br/>Business name and number is: YNW53K9YFEHGIFB6N (1000608757)<br/>Updated Business corporation name is: F8QNM2GK3LO56LO8Y<br/>Business name and number is: F8QNM2GK3LO56LO8Y (1000608758)</div></td></tr></table><p class="totop"><a href="#summary">back to summary</a></p><h3 id="m5">com.onbis.TestCases.PSM007_AmendARegistrationOfAFirmNameForAGeneralPartnership#PSM007_AmendARegistrationOfAFirmNameForAGeneralPartnership ( PSM007_AmendARegistrationOfAFirmNameForAGeneralPartnership )</h3><table class="result"><tr class="param"><th>Parameter #1</th></tr><tr class="param stripe"><td>chrome</td></tr><tr><th>Messages</th></tr><tr><td><div class="messages">PartnerPortal build number is: 2.1.5.2 :: 2.1.5.2 :: 2024/05/15 10:15<br/>Business name and number is: 23XZ4K44H8KTZQ3RD (1000608755)<br/>Updated Business corporation name is: Y60SXEG12883HRDF3<br/>Business name and number is: Y60SXEG12883HRDF3 (1000608756)</div></td></tr></table><p class="totop"><a href="#summary">back to summary</a></p><h2>Onbis-Regression-Admin Portal</h2><h3 id="m6">com.onbis.TestCases.REG_BCAM008_FileFinalPlanForArrangement#REG_BCAM008_FileFinalPlanForArrangement ( REG_BCAM008_FileFinalPlanForArrangement )</h3><table class="result"><tr class="param"><th>Parameter #1</th></tr><tr class="param stripe"><td>chrome</td></tr><tr><th>Messages</th></tr><tr><td><div class="messages">-------: REG_BCAM008_FileFinalPlanForArrangement -&gt; <br/>Admin Portal build number is: 2.1.5.2 :: 2.1.5.2 :: 2024/05/15 10:15<br/>Ontario Corporation Name is: Incorporate an Ontario Business Corporation 1000608759 ONTARIO CORP. (1000608759)<br/>Search Result for: 10006087591000608759 ONTARIO CORP. (1000608759)<br/>Particulars of BCA - Articles of Incorporation is :1000608759 ONTARIO CORP. (1000608759)<br/>Transaction Number is :APP-A10241769736</div></td></tr></table><p class="totop"><a href="#summary">back to summary</a></p><h3 id="m7">com.onbis.TestCases.REG_BCAM011_InstrumentOfContinuanceAnOntarioBusinessCorporation#REG_BCAM011_InstrumentOfContinuanceAnOntarioBusinessCorporation ( REG_BCAM011_InstrumentOfContinuanceAnOntarioBusinessCorporation )</h3><table class="result"><tr><th>Messages</th></tr><tr><td><div class="messages">Admin Portal build number is: 2.1.5.2 :: 2.1.5.2 :: 2024/05/15 10:15<br/>-------: REG_BCAM011_InstrumentOfContinuanceAnOntarioBusinessCorporation-&gt; <br/>Ontario Corporation Number (OCN) number is: 1000608766<br/>Ontario Corporation Number (OCN) number is: 1000608766<br/>Search Result for: 10006087661000608766 ONTARIO CORP. (1000608766)<br/>File Articles Of Continuance Corporation name and number is: 1000608766 ONTARIO CORP. (1000608766) [Extra-Provincial Domestic Corporation with Share]<br/>File Articles Of Continuance status is: Inactive - Ceased in Ontario</div></td></tr></table><p class="totop"><a href="#summary">back to summary</a></p><h3 id="m8">com.onbis.TestCases.REG_BCAM012_ReviveAnOntarioBusinessCorporation#REG_BCAM012_ReviveAnOntarioBusinessCorporation ( REG_BCAM012_ReviveAnOntarioBusinessCorporation )</h3><table class="result"><tr class="param"><th>Parameter #1</th></tr><tr class="param stripe"><td>chrome</td></tr><tr><th>Messages</th></tr><tr><td><div class="messages">-------: REG_BCAM012_ReviveAnOntarioBusinessCorporation -&gt; <br/>Admin Portal build number is: 2.1.5.2 :: 2.1.5.2 :: 2024/05/15 10:15<br/>Ontario Corporation Name is: Incorporate an Ontario Business Corporation 1000608765 ONTARIO CORP. (1000608765)<br/>Search Result for: 10006087651000608765 ONTARIO CORP. (1000608765)<br/>Particulars of Registrar Notice of Change of Status :1000608765 ONTARIO CORP. (1000608765)<br/>Transaction Number is :APP-A10241771288</div></td></tr></table><p class="totop"><a href="#summary">back to summary</a></p><h3 id="m9">com.onbis.TestCases.REG_CIA002_AnnualReturnForAOntarioBusinessCorporation#REG_CIA002_AnnualReturnForAOntarioBusinessCorporation ( REG_CIA002_AnnualReturnForAOntarioBusinessCorporation )</h3><table class="result"><tr class="param"><th>Parameter #1</th></tr><tr class="param stripe"><td>chrome</td></tr><tr><th>Messages</th></tr><tr><td><div class="messages">-------: REG_CIA002_AnnualReturnForAOntarioBusinessCorporation -&gt; <br/>Admin Portal build number is: 2.1.5.2 :: 2.1.5.2 :: 2024/05/15 10:15<br/>Ontario Corporation Name is: Incorporate an Ontario Business Corporation 1000608762 ONTARIO CORP. (1000608762)<br/>Search Result for: 10006087621000608762 ONTARIO CORP. (1000608762)<br/>Corporation Name and Number is: 1000608762 ONTARIO CORP. (1000608762) [Ontario Business Corporation]<br/>Transaction Number is: APP-A10241770318<br/>Particulars of Annual Return is: 1000608762 ONTARIO CORP. (1000608762)<br/>Filing Date: May 22, 2024 11:08</div></td></tr></table><p class="totop"><a href="#summary">back to summary</a></p><h3 id="m10">com.onbis.TestCases.REG_CIA006_NoticeOfChangeForEPForeignCorpWithShare#REG_CIA006_NoticeOfChangeForEPForeignCorpWithShare ( REG_CIA006_NoticeOfChangeForEPForeignCorpWithShare )</h3><table class="result"><tr class="param"><th>Parameter #1</th></tr><tr class="param stripe"><td>chrome</td></tr><tr><th>Messages</th></tr><tr><td><div class="messages">-------: REG_CIA006_NoticeOfChangeForEPForeignCorpWithShare -&gt; <br/>Admin Portal build number is: 2.1.5.2 :: 2.1.5.2 :: 2024/05/15 10:15<br/>-------: &apos;Generate PDF&apos; -  is enabled to click. &apos; :-------<br/>Particulars of CIA â€“ Notice of Change â€“ Administrative Changes is :KE6YKA8I4WQTBB8KV8544 TEST INC. (1000608767)<br/>Transaction Number is :APP-A10241771967</div></td></tr></table><p class="totop"><a href="#summary">back to summary</a></p><h3 id="m11">com.onbis.TestCases.REG_CIA015_InitialReturnForAnExtraProvincialCorp#REG_CIA015_InitialReturnForAnExtraProvincialCorp ( REG_CIA015_InitialReturnForAnExtraProvincialCorp )</h3><table class="result"><tr class="param"><th>Parameter #1</th></tr><tr class="param stripe"><td>chrome</td></tr><tr><th>Messages</th></tr><tr><td><div class="messages">-------: REG_CIA015_InitialReturnForAnExtraProvincialCorp -&gt; <br/>Admin Portal build number is: 2.1.5.2 :: 2.1.5.2 :: 2024/05/15 10:15<br/>-------: &apos;Generate PDF&apos; -  is enabled to click. &apos; :-------<br/>Particulars of CIA - Initial Return is :0S37Q1CZ8EE8WH1AQ7964 TEST INC. (1000608763)<br/>Transaction Number is :APP-A10241770512</div></td></tr></table><p class="totop"><a href="#summary">back to summary</a></p><h3 id="m12">com.onbis.TestCases.REG_CIA016_NoticeOfChangeForAnExtraProvincialCorp#REG_CIA016_NoticeOfChangeForAnExtraProvincialCorp ( REG_CIA016_NoticeOfChangeForAnExtraProvincialCorp )</h3><table class="result"><tr class="param"><th>Parameter #1</th></tr><tr class="param stripe"><td>chrome</td></tr><tr><th>Messages</th></tr><tr><td><div class="messages">-------: REG_CIA016_NoticeOfChangeForAnExtraProvincialCorp -&gt; <br/>Admin Portal build number is: 2.1.5.2 :: 2.1.5.2 :: 2024/05/15 10:15<br/>-------: &apos;Generate PDF&apos; -  is enabled to click. &apos; :-------<br/>Particulars of CIA â€“ Notice of Change â€“ Administrative Changes is :O2B4RGZNVWEPMMS2V4476 TEST INC. (1000608764)<br/>Transaction Number is :APP-A10241770997</div></td></tr></table><p class="totop"><a href="#summary">back to summary</a></p><h3 id="m13">com.onbis.TestCases.REG_EPCM007_ApplicationForAmendmentToLicenceForAForeignCorporation#REG_EPCM007_ApplicationForAmendmentToLicenceForAForeignCorporation ( REG_EPCM007_ApplicationForAmendmentToLicenceForAForeignCorporation )</h3><table class="result"><tr class="param"><th>Parameter #1</th></tr><tr class="param stripe"><td>chrome</td></tr><tr><th>Messages</th></tr><tr><td><div class="messages">-------: REG_EPCM007_ApplicationForAmendmentToLicenceForAForeignCorporation -&gt; <br/>Admin Portal build number is: 2.1.5.2 :: 2.1.5.2 :: 2024/05/15 10:15<br/>-------: &apos;Generate PDF&apos; -  is enabled to click. &apos; :-------<br/>-------: &apos;Generate PDF&apos; -  is enabled to click. &apos; :-------<br/>Amended Particulars of BCA - Articles of Incorporation is :S1VCJNS7RDRU8WMWA4479 TEST INC. (1000608769)<br/>Transaction Number is :APP-A10241772452</div></td></tr></table><p class="totop"><a href="#summary">back to summary</a></p><h3 id="m14">com.onbis.TestCases.REG_EPCM008_ApplicationToTerminateALicenceForExtraProvincialForeignCorporation#REG_EPCM008_ApplicationToTerminateALicenceForExtraProvincialForeignCorporation ( REG_EPCM008_ApplicationToTerminateALicenceForExtraProvincialForeignCorporation )</h3><table class="result"><tr class="param"><th>Parameter #1</th></tr><tr class="param stripe"><td>chrome</td></tr><tr><th>Messages</th></tr><tr><td><div class="messages">-------: REG_EPCM008_ApplicationToTerminateALicenceForExtraProvincialForeignCorporation -&gt; <br/>Admin Portal build number is: 2.1.5.2 :: 2.1.5.2 :: 2024/05/15 10:15<br/>-------: &apos;Generate PDF&apos; -  is enabled to click. &apos; :-------<br/>-------: &apos;Generate PDF&apos; -  is enabled to click. &apos; :-------<br/>Particulars of EPCA - Termination of Extra-Provincial Foreign Licence is :8JNVVTUSPKMD7D1OQ9310 TEST INC. (1000608768)</div></td></tr></table><p class="totop"><a href="#summary">back to summary</a></p><h3 id="m15">com.onbis.TestCases.REG_LLCM003_CancelARegistrationExtraProvincialLimitedLiabilityCompanyName#REG_LLCM003_CancelARegistrationExtraProvincialLimitedLiabilityCompanyName ( REG_LLCM003_CancelARegistrationExtraProvincialLimitedLiabilityCompanyName )</h3><table class="result"><tr class="param"><th>Parameter #1</th></tr><tr class="param stripe"><td>chrome</td></tr><tr><th>Messages</th></tr><tr><td><div class="messages">-------: REG_LLCM003_CancelARegistrationExtraProvincialLimitedLiabilityCompanyName -&gt; <br/>Admin Portal build number is: 2.1.5.2 :: 2.1.5.2 :: 2024/05/15 10:15<br/>Transaction Number: APP-A10241772743<br/>Particulars of Cancellation of an Extra-Provincial Limited Liability Company Name: 88DIO0THNZRDPE18R (1000608770)<br/>Transaction Number: APP-A10241772743<br/>Filing Date: May 22, 2024 11:47</div></td></tr></table><p class="totop"><a href="#summary">back to summary</a></p><h3 id="m16">com.onbis.TestCases.REG_NFPCM002_NFPCA_FileArticleOfAmendment#REG_NFPCM002_NFPCA_FileArticleOfAmendment ( REG_NFPCM002_NFPCA_FileArticleOfAmendment )</h3><table class="result"><tr><th>Messages</th></tr><tr><td><div class="messages">Admin Portal build number is: 2.1.5.2 :: 2.1.5.2 :: 2024/05/15 10:15<br/>-------: REG_NFPCM002_NFPCA_FileArticleOfAmendment-&gt; <br/>Ontario Corporation Number (OCN) number is: 1000608772<br/>Incorporate an Ontario Not-for-Profit Corporation Corporation Number (OCN) number is: 1000608772<br/>Transaction Number is :APP-A10241772937</div></td></tr></table><p class="totop"><a href="#summary">back to summary</a></p><h3 id="m17">com.onbis.TestCases.REG_NFPCM006_NFPCA_AuthorizationToContinueOut#REG_NFPCM006_NFPCA_AuthorizationToContinueOut ( REG_NFPCM006_NFPCA_AuthorizationToContinueOut )</h3><table class="result"><tr><th>Messages</th></tr><tr><td><div class="messages">Admin Portal build number is: 2.1.5.2 :: 2.1.5.2 :: 2024/05/15 10:15<br/>-------: REG_NFPCM006_NFPCA_AuthorizationToContinueOut-&gt; <br/>Ontario Corporation Number (OCN) number is: 1000608773<br/>Incorporate an Ontario Not-for-Profit Corporation Corporation Number (OCN) number is: 1000608773<br/>Transaction Number is :APP-A10241773131</div></td></tr></table><p class="totop"><a href="#summary">back to summary</a></p><h3 id="m18">com.onbis.TestCases.REG_NFPCM007_NFPCA_FileDraftPlanOfArrangement#REG_NFPCM007_NFPCA_FileDraftPlanOfArrangement ( REG_NFPCM007_NFPCA_FileDraftPlanOfArrangement )</h3><table class="result"><tr><th>Messages</th></tr><tr><td><div class="messages">Admin Portal build number is: 2.1.5.2 :: 2.1.5.2 :: 2024/05/15 10:15<br/>-------: REG_NFPCM007_NFPCA_FileDraftPlanOfArrangement-&gt; <br/>Ontario Corporation Number (OCN) number is: 1000608778<br/>Incorporate an Ontario Not-for-Profit Corporation Corporation Number (OCN) number is: 1000608778<br/>Ontario Corporation Name is: Incorporate an Ontario Not-for-Profit Corporation 1000608778 ONTARIO NOT-FOR-PROFIT (1000608778)<br/>Search Result for: 10006087781000608778 ONTARIO NOT-FOR-PROFIT (1000608778)<br/>Search Result for: 10006087781000608778 ONTARIO NOT-FOR-PROFIT (1000608778)<br/>PParticulars of NFPCA - Articles of Arrangement - Draft Filing :1000608778 ONTARIO NOT-FOR-PROFIT (1000608778)<br/>Transaction Number is :APP-A10241774586</div></td></tr></table><p class="totop"><a href="#summary">back to summary</a></p><h3 id="m19">com.onbis.TestCases.REG_NFPCM008_NFPCA_FileFinalPlanOfArrangement#REG_NFPCM008_NFPCA_FileFinalPlanOfArrangement ( REG_NFPCM008_NFPCA_FileFinalPlanOfArrangement )</h3><table class="result"><tr><th>Messages</th></tr><tr><td><div class="messages">Admin Portal build number is: 2.1.5.2 :: 2.1.5.2 :: 2024/05/15 10:15<br/>-------: REG_NFPCM008_NFPCA_FileFinalPlanOfArrangement-&gt; <br/>Ontario Corporation Number (OCN) number is: 1000608779<br/>Incorporate an Ontario Not-for-Profit Corporation Corporation Number (OCN) number is: 1000608779<br/>Ontario Corporation Name is: Incorporate an Ontario Not-for-Profit Corporation 1000608779 ONTARIO NOT-FOR-PROFIT (1000608779)<br/>Search Result for: 10006087791000608779 ONTARIO NOT-FOR-PROFIT (1000608779)<br/>-------: &apos;Ok&apos; -  is enabled to click. &apos; :-------<br/>Search Result for: 10006087791000608779 ONTARIO NOT-FOR-PROFIT (1000608779)<br/>Particulars of NFPCA â€“ Articles of Arrangement :1000608779 ONTARIO NOT-FOR-PROFIT (1000608779)<br/>Transaction Number is :APP-A10241774780</div></td></tr></table><p class="totop"><a href="#summary">back to summary</a></p><h3 id="m20">com.onbis.TestCases.REG_NFPCM010_NFPCA_FileArticlesOfDissolution#REG_NFPCM010_NFPCA_FileArticlesOfDissolution ( REG_NFPCM010_NFPCA_FileArticlesOfDissolution )</h3><table class="result"><tr><th>Messages</th></tr><tr><td><div class="messages">Admin Portal build number is: 2.1.5.2 :: 2.1.5.2 :: 2024/05/15 10:15<br/>-------: REG_NFPCM010_NFPCA_FileArticlesOfDissolution-&gt; <br/>Ontario Corporation Number (OCN) number is: 1000608775<br/>Incorporate an Ontario Not-for-Profit Corporation Corporation Number (OCN) number is: 1000608775<br/>Search Result for: 10006087751000608775 ONTARIO NOT-FOR-PROFIT (1000608775)<br/>View Corporation name and number is: 1000608775 ONTARIO NOT-FOR-PROFIT<br/>File Articles Of Dissolution status is: Inactive - Voluntary Dissolution</div></td></tr></table><p class="totop"><a href="#summary">back to summary</a></p><h3 id="m21">com.onbis.TestCases.REG_NFPCM011_NFPCA_ReviveNotForProfitCorporation#REG_NFPCM011_NFPCA_ReviveNotForProfitCorporation ( REG_NFPCM011_NFPCA_ReviveNotForProfitCorporation )</h3><table class="result"><tr><th>Messages</th></tr><tr><td><div class="messages">Admin Portal build number is: 2.1.5.2 :: 2.1.5.2 :: 2024/05/15 10:15<br/>-------: REG_NFPCM011_NFPCA_ReviveNotForProfitCorporation-&gt; <br/>Ontario Corporation Number (OCN) number is: 1000608777<br/>Incorporate an Ontario Not-for-Profit Corporation Corporation Number (OCN) number is: 1000608777<br/>Search Result for: 10006087771000608777 ONTARIO NOT-FOR-PROFIT (1000608777)<br/>Particulars of Registrar Notice of Change of Status :1000608777 ONTARIO NOT-FOR-PROFIT (1000608777)<br/>Transaction Number is :APP-A10241774198</div></td></tr></table><p class="totop"><a href="#summary">back to summary</a></p><h3 id="m22">com.onbis.TestCases.REG_NFPCM012_NFPCA_WindingUpNotForProfitCorporation#REG_NFPCM012_NFPCA_WindingUpNotForProfitCorporation ( REG_NFPCM012_NFPCA_WindingUpNotForProfitCorporation )</h3><table class="result"><tr><th>Messages</th></tr><tr><td><div class="messages">Admin Portal build number is: 2.1.5.2 :: 2.1.5.2 :: 2024/05/15 10:15<br/>-------: REG_NFPCM012_NFPCA_WindingUpNotForProfitCorporation-&gt; <br/>Ontario Corporation Number (OCN) number is: 1000608776<br/>Incorporate an Ontario Not-for-Profit Corporation Corporation Number (OCN) number is: 1000608776<br/>Search Result for: 10006087761000608776 ONTARIO NOT-FOR-PROFIT (1000608776)<br/>Winding Up of a Not For Profit Corporation Name and Number is :1000608776 ONTARIO NOT-FOR-PROFIT (1000608776)<br/>Transaction Number is :APP-A10241773907</div></td></tr></table><p class="totop"><a href="#summary">back to summary</a></p><h2>Onbis-Regression-SOAB Portal</h2><h3 id="m23">com.onbis.TestCases.BCAM002_TestCasesFileArticlesOfAmendmenOntarioBusinessCorporation#BCAM002_TestCasesFileArticlesOfAmendmenOntarioBusinessCorporation ( BCAM002_TestCasesFileArticlesOfAmendmenOntarioBusinessCorporation )</h3><table class="result"><tr><th>Exception</th></tr><tr><td><div class="stacktrace">org.openqa.selenium.TimeoutException: Expected condition failed: waiting for element to be clickable: Proxy element for: DefaultElementLocator &apos;By.xpath: //button[contains(@class, &apos;acceptTerms&apos;) and normalize-space()=&apos;Accept&apos;]&apos; (tried for 1 second(s) with 500 milliseconds interval)
	at org.openqa.selenium.support.ui.WebDriverWait.timeoutException(WebDriverWait.java:95)
	at org.openqa.selenium.support.ui.FluentWait.until(FluentWait.java:272)
	at com.onbis.Helper.HelperMethods.highLighterMethod(HelperMethods.java:915)
	at com.onbis.Pages.SOIncorporateOntarioBusinessCorporationPage.acceptTermsAndConditions(SOIncorporateOntarioBusinessCorporationPage.java:931)
	at com.onbis.TestCases.BCAM002_TestCasesFileArticlesOfAmendmenOntarioBusinessCorporation.BCAM002_TestCasesFileArticlesOfAmendmenOntarioBusinessCorporation(BCAM002_TestCasesFileArticlesOfAmendmenOntarioBusinessCorporation.java:48)
	at sun.reflect.NativeMethodAccessorImpl.invoke0(Native Method)
	at sun.reflect.NativeMethodAccessorImpl.invoke(NativeMethodAccessorImpl.java:62)
	at sun.reflect.DelegatingMethodAccessorImpl.invoke(DelegatingMethodAccessorImpl.java:43)
	at java.lang.reflect.Method.invoke(Method.java:498)
	at org.testng.internal.MethodInvocationHelper.invokeMethod(MethodInvocationHelper.java:124)
	at org.testng.internal.Invoker.invokeMethod(Invoker.java:583)
	at org.testng.internal.Invoker.invokeTestMethod(Invoker.java:719)
	at org.testng.internal.Invoker.invokeTestMethods(Invoker.java:989)
	at org.testng.internal.TestMethodWorker.invokeTestMethods(TestMethodWorker.java:125)
	at org.testng.internal.TestMethodWorker.run(TestMethodWorker.java:109)
	at org.testng.TestRunner.privateRun(TestRunner.java:648)
	at org.testng.TestRunner.run(TestRunner.java:505)
	at org.testng.SuiteRunner.runTest(SuiteRunner.java:455)
	at org.testng.SuiteRunner.runSequentially(SuiteRunner.java:450)
	at org.testng.SuiteRunner.privateRun(SuiteRunner.java:415)
	at org.testng.SuiteRunner.run(SuiteRunner.java:364)
	at org.testng.SuiteRunnerWorker.runSuite(SuiteRunnerWorker.java:52)
	at org.testng.SuiteRunnerWorker.run(SuiteRunnerWorker.java:84)
	at org.testng.TestNG.runSuitesSequentially(TestNG.java:1208)
	at org.testng.TestNG.runSuitesLocally(TestNG.java:1137)
	at org.testng.TestNG.runSuites(TestNG.java:1049)
	at org.testng.TestNG.run(TestNG.java:1017)
	at com.intellij.rt.testng.IDEARemoteTestNG.run(IDEARemoteTestNG.java:65)
	at com.intellij.rt.testng.RemoteTestNGStarter.main(RemoteTestNGStarter.java:105)
Caused by: org.openqa.selenium.NoSuchElementException: no such element: Unable to locate element: {&quot;method&quot;:&quot;xpath&quot;,&quot;selector&quot;:&quot;//button[contains(@class, &apos;acceptTerms&apos;) and normalize-space()=&apos;Accept&apos;]&quot;}
  (Session info: chrome=124.0.6367.92)
For documentation on this error, please visit: https://www.seleniumhq.org/exceptions/no_such_element.html
Build info: version: &apos;3.141.59&apos;, revision: &apos;e82be7d358&apos;, time: &apos;2018-11-14T08:17:03&apos;
System info: host: &apos;ON34C03174383&apos;, ip: &apos;10.61.87.104&apos;, os.name: &apos;Windows 10&apos;, os.arch: &apos;amd64&apos;, os.version: &apos;10.0&apos;, java.version: &apos;1.8.0_281&apos;
Driver info: org.openqa.selenium.chrome.ChromeDriver
Capabilities {acceptInsecureCerts: true, browserName: chrome, browserVersion: 124.0.6367.92, chrome: {chromedriverVersion: 124.0.6367.207 (a9001a6e39f..., userDataDir: C:\Users\MustofG\AppData\Lo...}, fedcm:accounts: true, goog:chromeOptions: {debuggerAddress: localhost:61082}, javascriptEnabled: true, networkConnectionEnabled: false, pageLoadStrategy: normal, platform: WINDOWS, platformName: WINDOWS, proxy: Proxy(), setWindowRect: true, strictFileInteractability: false, timeouts: {implicit: 0, pageLoad: 300000, script: 30000}, unhandledPromptBehavior: dismiss and notify, webauthn:extension:credBlob: true, webauthn:extension:largeBlob: true, webauthn:extension:minPinLength: true, webauthn:extension:prf: true, webauthn:virtualAuthenticators: true}
Session ID: d4a0f1f5f22f06a499d581929807b7fd
*** Element info: {Using=xpath, value=//button[contains(@class, &apos;acceptTerms&apos;) and normalize-space()=&apos;Accept&apos;]}
	at sun.reflect.NativeConstructorAccessorImpl.newInstance0(Native Method)
	at sun.reflect.NativeConstructorAccessorImpl.newInstance(NativeConstructorAccessorImpl.java:62)
	at sun.reflect.DelegatingConstructorAccessorImpl.newInstance(DelegatingConstructorAccessorImpl.java:45)
	at java.lang.reflect.Constructor.newInstance(Constructor.java:423)
	at org.openqa.selenium.remote.http.W3CHttpResponseCodec.createException(W3CHttpResponseCodec.java:187)
	at org.openqa.selenium.remote.http.W3CHttpResponseCodec.decode(W3CHttpResponseCodec.java:122)
	at org.openqa.selenium.remote.http.W3CHttpResponseCodec.decode(W3CHttpResponseCodec.java:49)
	at org.openqa.selenium.remote.HttpCommandExecutor.execute(HttpCommandExecutor.java:158)
	at org.openqa.selenium.remote.service.DriverCommandExecutor.execute(DriverCommandExecutor.java:83)
	at org.openqa.selenium.remote.RemoteWebDriver.execute(RemoteWebDriver.java:552)
	at org.openqa.selenium.remote.RemoteWebDriver.findElement(RemoteWebDriver.java:323)
	at org.openqa.selenium.remote.RemoteWebDriver.findElementByXPath(RemoteWebDriver.java:428)
	at org.openqa.selenium.By$ByXPath.findElement(By.java:353)
	at org.openqa.selenium.remote.RemoteWebDriver.findElement(RemoteWebDriver.java:315)
	at org.openqa.selenium.support.pagefactory.DefaultElementLocator.findElement(DefaultElementLocator.java:69)
	at org.openqa.selenium.support.pagefactory.internal.LocatingElementHandler.invoke(LocatingElementHandler.java:38)
	at com.sun.proxy.$Proxy18.isDisplayed(Unknown Source)
	at org.openqa.selenium.support.ui.ExpectedConditions.elementIfVisible(ExpectedConditions.java:314)
	at org.openqa.selenium.support.ui.ExpectedConditions.access$000(ExpectedConditions.java:43)
	at org.openqa.selenium.support.ui.ExpectedConditions$10.apply(ExpectedConditions.java:300)
	at org.openqa.selenium.support.ui.ExpectedConditions$10.apply(ExpectedConditions.java:297)
	at org.openqa.selenium.support.ui.ExpectedConditions$23.apply(ExpectedConditions.java:670)
	at org.openqa.selenium.support.ui.ExpectedConditions$23.apply(ExpectedConditions.java:666)
	at org.openqa.selenium.support.ui.FluentWait.until(FluentWait.java:249)
	... 27 more
</div></td></tr></table><p class="totop"><a href="#summary">back to summary</a></p><h3 id="m24">com.onbis.TestCases.BCAM006_TestCasesFileArticlesOfAuthorizationContinueOutOfBusinessCorporation#BCAM006_TestCasesFileArticlesOfAuthorizationContinueOutOfBusinessCorporation ( BCAM006_TestCasesFileArticlesOfAuthorizationContinueOutOfBusinessCorporation )</h3><table class="result"><tr><th>Exception</th></tr><tr><td><div class="stacktrace">org.openqa.selenium.TimeoutException: Expected condition failed: waiting for element to be clickable: Proxy element for: DefaultElementLocator &apos;By.xpath: //button[contains(@class, &apos;acceptTerms&apos;) and normalize-space()=&apos;Accept&apos;]&apos; (tried for 1 second(s) with 500 milliseconds interval)
	at org.openqa.selenium.support.ui.WebDriverWait.timeoutException(WebDriverWait.java:95)
	at org.openqa.selenium.support.ui.FluentWait.until(FluentWait.java:272)
	at com.onbis.Helper.HelperMethods.highLighterMethod(HelperMethods.java:915)
	at com.onbis.Pages.SOIncorporateOntarioBusinessCorporationPage.acceptTermsAndConditions(SOIncorporateOntarioBusinessCorporationPage.java:931)
	at com.onbis.TestCases.BCAM006_TestCasesFileArticlesOfAuthorizationContinueOutOfBusinessCorporation.BCAM006_TestCasesFileArticlesOfAuthorizationContinueOutOfBusinessCorporation(BCAM006_TestCasesFileArticlesOfAuthorizationContinueOutOfBusinessCorporation.java:38)
	at sun.reflect.NativeMethodAccessorImpl.invoke0(Native Method)
	at sun.reflect.NativeMethodAccessorImpl.invoke(NativeMethodAccessorImpl.java:62)
	at sun.reflect.DelegatingMethodAccessorImpl.invoke(DelegatingMethodAccessorImpl.java:43)
	at java.lang.reflect.Method.invoke(Method.java:498)
	at org.testng.internal.MethodInvocationHelper.invokeMethod(MethodInvocationHelper.java:124)
	at org.testng.internal.Invoker.invokeMethod(Invoker.java:583)
	at org.testng.internal.Invoker.invokeTestMethod(Invoker.java:719)
	at org.testng.internal.Invoker.invokeTestMethods(Invoker.java:989)
	at org.testng.internal.TestMethodWorker.invokeTestMethods(TestMethodWorker.java:125)
	at org.testng.internal.TestMethodWorker.run(TestMethodWorker.java:109)
	at org.testng.TestRunner.privateRun(TestRunner.java:648)
	at org.testng.TestRunner.run(TestRunner.java:505)
	at org.testng.SuiteRunner.runTest(SuiteRunner.java:455)
	at org.testng.SuiteRunner.runSequentially(SuiteRunner.java:450)
	at org.testng.SuiteRunner.privateRun(SuiteRunner.java:415)
	at org.testng.SuiteRunner.run(SuiteRunner.java:364)
	at org.testng.SuiteRunnerWorker.runSuite(SuiteRunnerWorker.java:52)
	at org.testng.SuiteRunnerWorker.run(SuiteRunnerWorker.java:84)
	at org.testng.TestNG.runSuitesSequentially(TestNG.java:1208)
	at org.testng.TestNG.runSuitesLocally(TestNG.java:1137)
	at org.testng.TestNG.runSuites(TestNG.java:1049)
	at org.testng.TestNG.run(TestNG.java:1017)
	at com.intellij.rt.testng.IDEARemoteTestNG.run(IDEARemoteTestNG.java:65)
	at com.intellij.rt.testng.RemoteTestNGStarter.main(RemoteTestNGStarter.java:105)
Caused by: org.openqa.selenium.NoSuchElementException: no such element: Unable to locate element: {&quot;method&quot;:&quot;xpath&quot;,&quot;selector&quot;:&quot;//button[contains(@class, &apos;acceptTerms&apos;) and normalize-space()=&apos;Accept&apos;]&quot;}
  (Session info: chrome=124.0.6367.92)
For documentation on this error, please visit: https://www.seleniumhq.org/exceptions/no_such_element.html
Build info: version: &apos;3.141.59&apos;, revision: &apos;e82be7d358&apos;, time: &apos;2018-11-14T08:17:03&apos;
System info: host: &apos;ON34C03174383&apos;, ip: &apos;10.61.87.104&apos;, os.name: &apos;Windows 10&apos;, os.arch: &apos;amd64&apos;, os.version: &apos;10.0&apos;, java.version: &apos;1.8.0_281&apos;
Driver info: org.openqa.selenium.chrome.ChromeDriver
Capabilities {acceptInsecureCerts: true, browserName: chrome, browserVersion: 124.0.6367.92, chrome: {chromedriverVersion: 124.0.6367.207 (a9001a6e39f..., userDataDir: C:\Users\MustofG\AppData\Lo...}, fedcm:accounts: true, goog:chromeOptions: {debuggerAddress: localhost:61540}, javascriptEnabled: true, networkConnectionEnabled: false, pageLoadStrategy: normal, platform: WINDOWS, platformName: WINDOWS, proxy: Proxy(), setWindowRect: true, strictFileInteractability: false, timeouts: {implicit: 0, pageLoad: 300000, script: 30000}, unhandledPromptBehavior: dismiss and notify, webauthn:extension:credBlob: true, webauthn:extension:largeBlob: true, webauthn:extension:minPinLength: true, webauthn:extension:prf: true, webauthn:virtualAuthenticators: true}
Session ID: 7a0ff6a1e5295a03a3fc1e79feb8819c
*** Element info: {Using=xpath, value=//button[contains(@class, &apos;acceptTerms&apos;) and normalize-space()=&apos;Accept&apos;]}
	at sun.reflect.GeneratedConstructorAccessor28.newInstance(Unknown Source)
	at sun.reflect.DelegatingConstructorAccessorImpl.newInstance(DelegatingConstructorAccessorImpl.java:45)
	at java.lang.reflect.Constructor.newInstance(Constructor.java:423)
	at org.openqa.selenium.remote.http.W3CHttpResponseCodec.createException(W3CHttpResponseCodec.java:187)
	at org.openqa.selenium.remote.http.W3CHttpResponseCodec.decode(W3CHttpResponseCodec.java:122)
	at org.openqa.selenium.remote.http.W3CHttpResponseCodec.decode(W3CHttpResponseCodec.java:49)
	at org.openqa.selenium.remote.HttpCommandExecutor.execute(HttpCommandExecutor.java:158)
	at org.openqa.selenium.remote.service.DriverCommandExecutor.execute(DriverCommandExecutor.java:83)
	at org.openqa.selenium.remote.RemoteWebDriver.execute(RemoteWebDriver.java:552)
	at org.openqa.selenium.remote.RemoteWebDriver.findElement(RemoteWebDriver.java:323)
	at org.openqa.selenium.remote.RemoteWebDriver.findElementByXPath(RemoteWebDriver.java:428)
	at org.openqa.selenium.By$ByXPath.findElement(By.java:353)
	at org.openqa.selenium.remote.RemoteWebDriver.findElement(RemoteWebDriver.java:315)
	at org.openqa.selenium.support.pagefactory.DefaultElementLocator.findElement(DefaultElementLocator.java:69)
	at org.openqa.selenium.support.pagefactory.internal.LocatingElementHandler.invoke(LocatingElementHandler.java:38)
	at com.sun.proxy.$Proxy18.isDisplayed(Unknown Source)
	at org.openqa.selenium.support.ui.ExpectedConditions.elementIfVisible(ExpectedConditions.java:314)
	at org.openqa.selenium.support.ui.ExpectedConditions.access$000(ExpectedConditions.java:43)
	at org.openqa.selenium.support.ui.ExpectedConditions$10.apply(ExpectedConditions.java:300)
	at org.openqa.selenium.support.ui.ExpectedConditions$10.apply(ExpectedConditions.java:297)
	at org.openqa.selenium.support.ui.ExpectedConditions$23.apply(ExpectedConditions.java:670)
	at org.openqa.selenium.support.ui.ExpectedConditions$23.apply(ExpectedConditions.java:666)
	at org.openqa.selenium.support.ui.FluentWait.until(FluentWait.java:249)
	... 27 more
</div></td></tr></table><p class="totop"><a href="#summary">back to summary</a></p><h3 id="m25">com.onbis.TestCases.BCAM007_TestCasesFileArticlesOfFileDraftPlanForArrangement#BCAM007_TestCasesFileArticlesOfFileDraftPlanForArrangement ( BCAM007_TestCasesFileArticlesOfFileDraftPlanForArrangement )</h3><table class="result"><tr><th>Exception</th></tr><tr><td><div class="stacktrace">org.openqa.selenium.TimeoutException: Expected condition failed: waiting for element to be clickable: Proxy element for: DefaultElementLocator &apos;By.xpath: //button[contains(@class, &apos;acceptTerms&apos;) and normalize-space()=&apos;Accept&apos;]&apos; (tried for 1 second(s) with 500 milliseconds interval)
	at org.openqa.selenium.support.ui.WebDriverWait.timeoutException(WebDriverWait.java:95)
	at org.openqa.selenium.support.ui.FluentWait.until(FluentWait.java:272)
	at com.onbis.Helper.HelperMethods.highLighterMethod(HelperMethods.java:915)
	at com.onbis.Pages.SOIncorporateOntarioBusinessCorporationPage.acceptTermsAndConditions(SOIncorporateOntarioBusinessCorporationPage.java:931)
	at com.onbis.TestCases.BCAM007_TestCasesFileArticlesOfFileDraftPlanForArrangement.BCAM007_TestCasesFileArticlesOfFileDraftPlanForArrangement(BCAM007_TestCasesFileArticlesOfFileDraftPlanForArrangement.java:48)
	at sun.reflect.NativeMethodAccessorImpl.invoke0(Native Method)
	at sun.reflect.NativeMethodAccessorImpl.invoke(NativeMethodAccessorImpl.java:62)
	at sun.reflect.DelegatingMethodAccessorImpl.invoke(DelegatingMethodAccessorImpl.java:43)
	at java.lang.reflect.Method.invoke(Method.java:498)
	at org.testng.internal.MethodInvocationHelper.invokeMethod(MethodInvocationHelper.java:124)
	at org.testng.internal.Invoker.invokeMethod(Invoker.java:583)
	at org.testng.internal.Invoker.invokeTestMethod(Invoker.java:719)
	at org.testng.internal.Invoker.invokeTestMethods(Invoker.java:989)
	at org.testng.internal.TestMethodWorker.invokeTestMethods(TestMethodWorker.java:125)
	at org.testng.internal.TestMethodWorker.run(TestMethodWorker.java:109)
	at org.testng.TestRunner.privateRun(TestRunner.java:648)
	at org.testng.TestRunner.run(TestRunner.java:505)
	at org.testng.SuiteRunner.runTest(SuiteRunner.java:455)
	at org.testng.SuiteRunner.runSequentially(SuiteRunner.java:450)
	at org.testng.SuiteRunner.privateRun(SuiteRunner.java:415)
	at org.testng.SuiteRunner.run(SuiteRunner.java:364)
	at org.testng.SuiteRunnerWorker.runSuite(SuiteRunnerWorker.java:52)
	at org.testng.SuiteRunnerWorker.run(SuiteRunnerWorker.java:84)
	at org.testng.TestNG.runSuitesSequentially(TestNG.java:1208)
	at org.testng.TestNG.runSuitesLocally(TestNG.java:1137)
	at org.testng.TestNG.runSuites(TestNG.java:1049)
	at org.testng.TestNG.run(TestNG.java:1017)
	at com.intellij.rt.testng.IDEARemoteTestNG.run(IDEARemoteTestNG.java:65)
	at com.intellij.rt.testng.RemoteTestNGStarter.main(RemoteTestNGStarter.java:105)
Caused by: org.openqa.selenium.NoSuchElementException: no such element: Unable to locate element: {&quot;method&quot;:&quot;xpath&quot;,&quot;selector&quot;:&quot;//button[contains(@class, &apos;acceptTerms&apos;) and normalize-space()=&apos;Accept&apos;]&quot;}
  (Session info: chrome=124.0.6367.92)
For documentation on this error, please visit: https://www.seleniumhq.org/exceptions/no_such_element.html
Build info: version: &apos;3.141.59&apos;, revision: &apos;e82be7d358&apos;, time: &apos;2018-11-14T08:17:03&apos;
System info: host: &apos;ON34C03174383&apos;, ip: &apos;10.61.87.104&apos;, os.name: &apos;Windows 10&apos;, os.arch: &apos;amd64&apos;, os.version: &apos;10.0&apos;, java.version: &apos;1.8.0_281&apos;
Driver info: org.openqa.selenium.chrome.ChromeDriver
Capabilities {acceptInsecureCerts: true, browserName: chrome, browserVersion: 124.0.6367.92, chrome: {chromedriverVersion: 124.0.6367.207 (a9001a6e39f..., userDataDir: C:\Users\MustofG\AppData\Lo...}, fedcm:accounts: true, goog:chromeOptions: {debuggerAddress: localhost:61786}, javascriptEnabled: true, networkConnectionEnabled: false, pageLoadStrategy: normal, platform: WINDOWS, platformName: WINDOWS, proxy: Proxy(), setWindowRect: true, strictFileInteractability: false, timeouts: {implicit: 0, pageLoad: 300000, script: 30000}, unhandledPromptBehavior: dismiss and notify, webauthn:extension:credBlob: true, webauthn:extension:largeBlob: true, webauthn:extension:minPinLength: true, webauthn:extension:prf: true, webauthn:virtualAuthenticators: true}
Session ID: 9136a605f3f5fd339ca14ec42d6ff7a0
*** Element info: {Using=xpath, value=//button[contains(@class, &apos;acceptTerms&apos;) and normalize-space()=&apos;Accept&apos;]}
	at sun.reflect.GeneratedConstructorAccessor28.newInstance(Unknown Source)
	at sun.reflect.DelegatingConstructorAccessorImpl.newInstance(DelegatingConstructorAccessorImpl.java:45)
	at java.lang.reflect.Constructor.newInstance(Constructor.java:423)
	at org.openqa.selenium.remote.http.W3CHttpResponseCodec.createException(W3CHttpResponseCodec.java:187)
	at org.openqa.selenium.remote.http.W3CHttpResponseCodec.decode(W3CHttpResponseCodec.java:122)
	at org.openqa.selenium.remote.http.W3CHttpResponseCodec.decode(W3CHttpResponseCodec.java:49)
	at org.openqa.selenium.remote.HttpCommandExecutor.execute(HttpCommandExecutor.java:158)
	at org.openqa.selenium.remote.service.DriverCommandExecutor.execute(DriverCommandExecutor.java:83)
	at org.openqa.selenium.remote.RemoteWebDriver.execute(RemoteWebDriver.java:552)
	at org.openqa.selenium.remote.RemoteWebDriver.findElement(RemoteWebDriver.java:323)
	at org.openqa.selenium.remote.RemoteWebDriver.findElementByXPath(RemoteWebDriver.java:428)
	at org.openqa.selenium.By$ByXPath.findElement(By.java:353)
	at org.openqa.selenium.remote.RemoteWebDriver.findElement(RemoteWebDriver.java:315)
	at org.openqa.selenium.support.pagefactory.DefaultElementLocator.findElement(DefaultElementLocator.java:69)
	at org.openqa.selenium.support.pagefactory.internal.LocatingElementHandler.invoke(LocatingElementHandler.java:38)
	at com.sun.proxy.$Proxy18.isDisplayed(Unknown Source)
	at org.openqa.selenium.support.ui.ExpectedConditions.elementIfVisible(ExpectedConditions.java:314)
	at org.openqa.selenium.support.ui.ExpectedConditions.access$000(ExpectedConditions.java:43)
	at org.openqa.selenium.support.ui.ExpectedConditions$10.apply(ExpectedConditions.java:300)
	at org.openqa.selenium.support.ui.ExpectedConditions$10.apply(ExpectedConditions.java:297)
	at org.openqa.selenium.support.ui.ExpectedConditions$23.apply(ExpectedConditions.java:670)
	at org.openqa.selenium.support.ui.ExpectedConditions$23.apply(ExpectedConditions.java:666)
	at org.openqa.selenium.support.ui.FluentWait.until(FluentWait.java:249)
	... 27 more
</div></td></tr></table><p class="totop"><a href="#summary">back to summary</a></p><h3 id="m26">com.onbis.TestCases.BCAM010_TestCasesFileArticlesDissolveOntarioBusinessCorporation#BCAM010_TestCasesFileArticlesDissolveOntarioBusinessCorporation ( BCAM010_TestCasesFileArticlesDissolveOntarioBusinessCorporation )</h3><table class="result"><tr><th>Exception</th></tr><tr><td><div class="stacktrace">org.openqa.selenium.TimeoutException: Expected condition failed: waiting for element to be clickable: Proxy element for: DefaultElementLocator &apos;By.xpath: //button[contains(@class, &apos;acceptTerms&apos;) and normalize-space()=&apos;Accept&apos;]&apos; (tried for 1 second(s) with 500 milliseconds interval)
	at org.openqa.selenium.support.ui.WebDriverWait.timeoutException(WebDriverWait.java:95)
	at org.openqa.selenium.support.ui.FluentWait.until(FluentWait.java:272)
	at com.onbis.Helper.HelperMethods.highLighterMethod(HelperMethods.java:915)
	at com.onbis.Pages.SOIncorporateOntarioBusinessCorporationPage.acceptTermsAndConditions(SOIncorporateOntarioBusinessCorporationPage.java:931)
	at com.onbis.TestCases.BCAM010_TestCasesFileArticlesDissolveOntarioBusinessCorporation.BCAM010_TestCasesFileArticlesDissolveOntarioBusinessCorporation(BCAM010_TestCasesFileArticlesDissolveOntarioBusinessCorporation.java:56)
	at sun.reflect.NativeMethodAccessorImpl.invoke0(Native Method)
	at sun.reflect.NativeMethodAccessorImpl.invoke(NativeMethodAccessorImpl.java:62)
	at sun.reflect.DelegatingMethodAccessorImpl.invoke(DelegatingMethodAccessorImpl.java:43)
	at java.lang.reflect.Method.invoke(Method.java:498)
	at org.testng.internal.MethodInvocationHelper.invokeMethod(MethodInvocationHelper.java:124)
	at org.testng.internal.Invoker.invokeMethod(Invoker.java:583)
	at org.testng.internal.Invoker.invokeTestMethod(Invoker.java:719)
	at org.testng.internal.Invoker.invokeTestMethods(Invoker.java:989)
	at org.testng.internal.TestMethodWorker.invokeTestMethods(TestMethodWorker.java:125)
	at org.testng.internal.TestMethodWorker.run(TestMethodWorker.java:109)
	at org.testng.TestRunner.privateRun(TestRunner.java:648)
	at org.testng.TestRunner.run(TestRunner.java:505)
	at org.testng.SuiteRunner.runTest(SuiteRunner.java:455)
	at org.testng.SuiteRunner.runSequentially(SuiteRunner.java:450)
	at org.testng.SuiteRunner.privateRun(SuiteRunner.java:415)
	at org.testng.SuiteRunner.run(SuiteRunner.java:364)
	at org.testng.SuiteRunnerWorker.runSuite(SuiteRunnerWorker.java:52)
	at org.testng.SuiteRunnerWorker.run(SuiteRunnerWorker.java:84)
	at org.testng.TestNG.runSuitesSequentially(TestNG.java:1208)
	at org.testng.TestNG.runSuitesLocally(TestNG.java:1137)
	at org.testng.TestNG.runSuites(TestNG.java:1049)
	at org.testng.TestNG.run(TestNG.java:1017)
	at com.intellij.rt.testng.IDEARemoteTestNG.run(IDEARemoteTestNG.java:65)
	at com.intellij.rt.testng.RemoteTestNGStarter.main(RemoteTestNGStarter.java:105)
Caused by: org.openqa.selenium.NoSuchElementException: no such element: Unable to locate element: {&quot;method&quot;:&quot;xpath&quot;,&quot;selector&quot;:&quot;//button[contains(@class, &apos;acceptTerms&apos;) and normalize-space()=&apos;Accept&apos;]&quot;}
  (Session info: chrome=124.0.6367.92)
For documentation on this error, please visit: https://www.seleniumhq.org/exceptions/no_such_element.html
Build info: version: &apos;3.141.59&apos;, revision: &apos;e82be7d358&apos;, time: &apos;2018-11-14T08:17:03&apos;
System info: host: &apos;ON34C03174383&apos;, ip: &apos;10.61.87.104&apos;, os.name: &apos;Windows 10&apos;, os.arch: &apos;amd64&apos;, os.version: &apos;10.0&apos;, java.version: &apos;1.8.0_281&apos;
Driver info: org.openqa.selenium.chrome.ChromeDriver
Capabilities {acceptInsecureCerts: true, browserName: chrome, browserVersion: 124.0.6367.92, chrome: {chromedriverVersion: 124.0.6367.207 (a9001a6e39f..., userDataDir: C:\Users\MustofG\AppData\Lo...}, fedcm:accounts: true, goog:chromeOptions: {debuggerAddress: localhost:61313}, javascriptEnabled: true, networkConnectionEnabled: false, pageLoadStrategy: normal, platform: WINDOWS, platformName: WINDOWS, proxy: Proxy(), setWindowRect: true, strictFileInteractability: false, timeouts: {implicit: 0, pageLoad: 300000, script: 30000}, unhandledPromptBehavior: dismiss and notify, webauthn:extension:credBlob: true, webauthn:extension:largeBlob: true, webauthn:extension:minPinLength: true, webauthn:extension:prf: true, webauthn:virtualAuthenticators: true}
Session ID: f6ec6b3308890356674bc64e0084c264
*** Element info: {Using=xpath, value=//button[contains(@class, &apos;acceptTerms&apos;) and normalize-space()=&apos;Accept&apos;]}
	at sun.reflect.GeneratedConstructorAccessor28.newInstance(Unknown Source)
	at sun.reflect.DelegatingConstructorAccessorImpl.newInstance(DelegatingConstructorAccessorImpl.java:45)
	at java.lang.reflect.Constructor.newInstance(Constructor.java:423)
	at org.openqa.selenium.remote.http.W3CHttpResponseCodec.createException(W3CHttpResponseCodec.java:187)
	at org.openqa.selenium.remote.http.W3CHttpResponseCodec.decode(W3CHttpResponseCodec.java:122)
	at org.openqa.selenium.remote.http.W3CHttpResponseCodec.decode(W3CHttpResponseCodec.java:49)
	at org.openqa.selenium.remote.HttpCommandExecutor.execute(HttpCommandExecutor.java:158)
	at org.openqa.selenium.remote.service.DriverCommandExecutor.execute(DriverCommandExecutor.java:83)
	at org.openqa.selenium.remote.RemoteWebDriver.execute(RemoteWebDriver.java:552)
	at org.openqa.selenium.remote.RemoteWebDriver.findElement(RemoteWebDriver.java:323)
	at org.openqa.selenium.remote.RemoteWebDriver.findElementByXPath(RemoteWebDriver.java:428)
	at org.openqa.selenium.By$ByXPath.findElement(By.java:353)
	at org.openqa.selenium.remote.RemoteWebDriver.findElement(RemoteWebDriver.java:315)
	at org.openqa.selenium.support.pagefactory.DefaultElementLocator.findElement(DefaultElementLocator.java:69)
	at org.openqa.selenium.support.pagefactory.internal.LocatingElementHandler.invoke(LocatingElementHandler.java:38)
	at com.sun.proxy.$Proxy18.isDisplayed(Unknown Source)
	at org.openqa.selenium.support.ui.ExpectedConditions.elementIfVisible(ExpectedConditions.java:314)
	at org.openqa.selenium.support.ui.ExpectedConditions.access$000(ExpectedConditions.java:43)
	at org.openqa.selenium.support.ui.ExpectedConditions$10.apply(ExpectedConditions.java:300)
	at org.openqa.selenium.support.ui.ExpectedConditions$10.apply(ExpectedConditions.java:297)
	at org.openqa.selenium.support.ui.ExpectedConditions$23.apply(ExpectedConditions.java:670)
	at org.openqa.selenium.support.ui.ExpectedConditions$23.apply(ExpectedConditions.java:666)
	at org.openqa.selenium.support.ui.FluentWait.until(FluentWait.java:249)
	... 27 more
</div></td></tr></table><p class="totop"><a href="#summary">back to summary</a></p><h3 id="m27">com.onbis.TestCases.BCAM013_TestCasesCourtOrderedWindingUpDissolutionOrder#BCAM013_TestCasesCourtOrderedWindingUpDissolutionOrder ( BCAM013_TestCasesCourtOrderedWindingUpDissolutionOrder )</h3><table class="result"><tr><th>Exception</th></tr><tr><td><div class="stacktrace">org.openqa.selenium.TimeoutException: Expected condition failed: waiting for element to be clickable: Proxy element for: DefaultElementLocator &apos;By.xpath: //button[contains(@class, &apos;acceptTerms&apos;) and normalize-space()=&apos;Accept&apos;]&apos; (tried for 1 second(s) with 500 milliseconds interval)
	at org.openqa.selenium.support.ui.WebDriverWait.timeoutException(WebDriverWait.java:95)
	at org.openqa.selenium.support.ui.FluentWait.until(FluentWait.java:272)
	at com.onbis.Helper.HelperMethods.highLighterMethod(HelperMethods.java:915)
	at com.onbis.Pages.SOIncorporateOntarioBusinessCorporationPage.acceptTermsAndConditions(SOIncorporateOntarioBusinessCorporationPage.java:931)
	at com.onbis.TestCases.BCAM013_TestCasesCourtOrderedWindingUpDissolutionOrder.BCAM013_TestCasesCourtOrderedWindingUpDissolutionOrder(BCAM013_TestCasesCourtOrderedWindingUpDissolutionOrder.java:54)
	at sun.reflect.NativeMethodAccessorImpl.invoke0(Native Method)
	at sun.reflect.NativeMethodAccessorImpl.invoke(NativeMethodAccessorImpl.java:62)
	at sun.reflect.DelegatingMethodAccessorImpl.invoke(DelegatingMethodAccessorImpl.java:43)
	at java.lang.reflect.Method.invoke(Method.java:498)
	at org.testng.internal.MethodInvocationHelper.invokeMethod(MethodInvocationHelper.java:124)
	at org.testng.internal.Invoker.invokeMethod(Invoker.java:583)
	at org.testng.internal.Invoker.invokeTestMethod(Invoker.java:719)
	at org.testng.internal.Invoker.invokeTestMethods(Invoker.java:989)
	at org.testng.internal.TestMethodWorker.invokeTestMethods(TestMethodWorker.java:125)
	at org.testng.internal.TestMethodWorker.run(TestMethodWorker.java:109)
	at org.testng.TestRunner.privateRun(TestRunner.java:648)
	at org.testng.TestRunner.run(TestRunner.java:505)
	at org.testng.SuiteRunner.runTest(SuiteRunner.java:455)
	at org.testng.SuiteRunner.runSequentially(SuiteRunner.java:450)
	at org.testng.SuiteRunner.privateRun(SuiteRunner.java:415)
	at org.testng.SuiteRunner.run(SuiteRunner.java:364)
	at org.testng.SuiteRunnerWorker.runSuite(SuiteRunnerWorker.java:52)
	at org.testng.SuiteRunnerWorker.run(SuiteRunnerWorker.java:84)
	at org.testng.TestNG.runSuitesSequentially(TestNG.java:1208)
	at org.testng.TestNG.runSuitesLocally(TestNG.java:1137)
	at org.testng.TestNG.runSuites(TestNG.java:1049)
	at org.testng.TestNG.run(TestNG.java:1017)
	at com.intellij.rt.testng.IDEARemoteTestNG.run(IDEARemoteTestNG.java:65)
	at com.intellij.rt.testng.RemoteTestNGStarter.main(RemoteTestNGStarter.java:105)
Caused by: org.openqa.selenium.NoSuchElementException: no such element: Unable to locate element: {&quot;method&quot;:&quot;xpath&quot;,&quot;selector&quot;:&quot;//button[contains(@class, &apos;acceptTerms&apos;) and normalize-space()=&apos;Accept&apos;]&quot;}
  (Session info: chrome=124.0.6367.92)
For documentation on this error, please visit: https://www.seleniumhq.org/exceptions/no_such_element.html
Build info: version: &apos;3.141.59&apos;, revision: &apos;e82be7d358&apos;, time: &apos;2018-11-14T08:17:03&apos;
System info: host: &apos;ON34C03174383&apos;, ip: &apos;10.61.87.104&apos;, os.name: &apos;Windows 10&apos;, os.arch: &apos;amd64&apos;, os.version: &apos;10.0&apos;, java.version: &apos;1.8.0_281&apos;
Driver info: org.openqa.selenium.chrome.ChromeDriver
Capabilities {acceptInsecureCerts: true, browserName: chrome, browserVersion: 124.0.6367.92, chrome: {chromedriverVersion: 124.0.6367.207 (a9001a6e39f..., userDataDir: C:\Users\MustofG\AppData\Lo...}, fedcm:accounts: true, goog:chromeOptions: {debuggerAddress: localhost:62026}, javascriptEnabled: true, networkConnectionEnabled: false, pageLoadStrategy: normal, platform: WINDOWS, platformName: WINDOWS, proxy: Proxy(), setWindowRect: true, strictFileInteractability: false, timeouts: {implicit: 0, pageLoad: 300000, script: 30000}, unhandledPromptBehavior: dismiss and notify, webauthn:extension:credBlob: true, webauthn:extension:largeBlob: true, webauthn:extension:minPinLength: true, webauthn:extension:prf: true, webauthn:virtualAuthenticators: true}
Session ID: a547b8c1520c11cad369a6b5dfccb903
*** Element info: {Using=xpath, value=//button[contains(@class, &apos;acceptTerms&apos;) and normalize-space()=&apos;Accept&apos;]}
	at sun.reflect.GeneratedConstructorAccessor28.newInstance(Unknown Source)
	at sun.reflect.DelegatingConstructorAccessorImpl.newInstance(DelegatingConstructorAccessorImpl.java:45)
	at java.lang.reflect.Constructor.newInstance(Constructor.java:423)
	at org.openqa.selenium.remote.http.W3CHttpResponseCodec.createException(W3CHttpResponseCodec.java:187)
	at org.openqa.selenium.remote.http.W3CHttpResponseCodec.decode(W3CHttpResponseCodec.java:122)
	at org.openqa.selenium.remote.http.W3CHttpResponseCodec.decode(W3CHttpResponseCodec.java:49)
	at org.openqa.selenium.remote.HttpCommandExecutor.execute(HttpCommandExecutor.java:158)
	at org.openqa.selenium.remote.service.DriverCommandExecutor.execute(DriverCommandExecutor.java:83)
	at org.openqa.selenium.remote.RemoteWebDriver.execute(RemoteWebDriver.java:552)
	at org.openqa.selenium.remote.RemoteWebDriver.findElement(RemoteWebDriver.java:323)
	at org.openqa.selenium.remote.RemoteWebDriver.findElementByXPath(RemoteWebDriver.java:428)
	at org.openqa.selenium.By$ByXPath.findElement(By.java:353)
	at org.openqa.selenium.remote.RemoteWebDriver.findElement(RemoteWebDriver.java:315)
	at org.openqa.selenium.support.pagefactory.DefaultElementLocator.findElement(DefaultElementLocator.java:69)
	at org.openqa.selenium.support.pagefactory.internal.LocatingElementHandler.invoke(LocatingElementHandler.java:38)
	at com.sun.proxy.$Proxy18.isDisplayed(Unknown Source)
	at org.openqa.selenium.support.ui.ExpectedConditions.elementIfVisible(ExpectedConditions.java:314)
	at org.openqa.selenium.support.ui.ExpectedConditions.access$000(ExpectedConditions.java:43)
	at org.openqa.selenium.support.ui.ExpectedConditions$10.apply(ExpectedConditions.java:300)
	at org.openqa.selenium.support.ui.ExpectedConditions$10.apply(ExpectedConditions.java:297)
	at org.openqa.selenium.support.ui.ExpectedConditions$23.apply(ExpectedConditions.java:670)
	at org.openqa.selenium.support.ui.ExpectedConditions$23.apply(ExpectedConditions.java:666)
	at org.openqa.selenium.support.ui.FluentWait.until(FluentWait.java:249)
	... 27 more
</div></td></tr></table><p class="totop"><a href="#summary">back to summary</a></p><h3 id="m28">com.onbis.TestCases.TC01_BCAR001_TestCasesAddProfileForIncorportatNumber#TC01_BCAR001_TestCasesAddProfileForIncorportatNumber ( TC01_BCAR001_TestCasesAddProfileForIncorportatNumber )</h3><table class="result"><tr><th>Exception</th></tr><tr><td><div class="stacktrace">org.openqa.selenium.TimeoutException: Expected condition failed: waiting for element to be clickable: Proxy element for: DefaultElementLocator &apos;By.xpath: //button[contains(@class, &apos;acceptTerms&apos;) and normalize-space()=&apos;Accept&apos;]&apos; (tried for 1 second(s) with 500 milliseconds interval)
	at org.openqa.selenium.support.ui.WebDriverWait.timeoutException(WebDriverWait.java:95)
	at org.openqa.selenium.support.ui.FluentWait.until(FluentWait.java:272)
	at com.onbis.Helper.HelperMethods.highLighterMethod(HelperMethods.java:915)
	at com.onbis.Pages.SOIncorporateOntarioBusinessCorporationPage.acceptTermsAndConditions(SOIncorporateOntarioBusinessCorporationPage.java:931)
	at com.onbis.TestCases.TC01_BCAR001_TestCasesAddProfileForIncorportatNumber.TC01_BCAR001_TestCasesAddProfileForIncorportatNumber(TC01_BCAR001_TestCasesAddProfileForIncorportatNumber.java:30)
	at sun.reflect.NativeMethodAccessorImpl.invoke0(Native Method)
	at sun.reflect.NativeMethodAccessorImpl.invoke(NativeMethodAccessorImpl.java:62)
	at sun.reflect.DelegatingMethodAccessorImpl.invoke(DelegatingMethodAccessorImpl.java:43)
	at java.lang.reflect.Method.invoke(Method.java:498)
	at org.testng.internal.MethodInvocationHelper.invokeMethod(MethodInvocationHelper.java:124)
	at org.testng.internal.Invoker.invokeMethod(Invoker.java:583)
	at org.testng.internal.Invoker.invokeTestMethod(Invoker.java:719)
	at org.testng.internal.Invoker.invokeTestMethods(Invoker.java:989)
	at org.testng.internal.TestMethodWorker.invokeTestMethods(TestMethodWorker.java:125)
	at org.testng.internal.TestMethodWorker.run(TestMethodWorker.java:109)
	at org.testng.TestRunner.privateRun(TestRunner.java:648)
	at org.testng.TestRunner.run(TestRunner.java:505)
	at org.testng.SuiteRunner.runTest(SuiteRunner.java:455)
	at org.testng.SuiteRunner.runSequentially(SuiteRunner.java:450)
	at org.testng.SuiteRunner.privateRun(SuiteRunner.java:415)
	at org.testng.SuiteRunner.run(SuiteRunner.java:364)
	at org.testng.SuiteRunnerWorker.runSuite(SuiteRunnerWorker.java:52)
	at org.testng.SuiteRunnerWorker.run(SuiteRunnerWorker.java:84)
	at org.testng.TestNG.runSuitesSequentially(TestNG.java:1208)
	at org.testng.TestNG.runSuitesLocally(TestNG.java:1137)
	at org.testng.TestNG.runSuites(TestNG.java:1049)
	at org.testng.TestNG.run(TestNG.java:1017)
	at com.intellij.rt.testng.IDEARemoteTestNG.run(IDEARemoteTestNG.java:65)
	at com.intellij.rt.testng.RemoteTestNGStarter.main(RemoteTestNGStarter.java:105)
Caused by: org.openqa.selenium.NoSuchElementException: no such element: Unable to locate element: {&quot;method&quot;:&quot;xpath&quot;,&quot;selector&quot;:&quot;//button[contains(@class, &apos;acceptTerms&apos;) and normalize-space()=&apos;Accept&apos;]&quot;}
  (Session info: chrome=124.0.6367.92)
For documentation on this error, please visit: https://www.seleniumhq.org/exceptions/no_such_element.html
Build info: version: &apos;3.141.59&apos;, revision: &apos;e82be7d358&apos;, time: &apos;2018-11-14T08:17:03&apos;
System info: host: &apos;ON34C03174383&apos;, ip: &apos;10.61.87.104&apos;, os.name: &apos;Windows 10&apos;, os.arch: &apos;amd64&apos;, os.version: &apos;10.0&apos;, java.version: &apos;1.8.0_281&apos;
Driver info: org.openqa.selenium.chrome.ChromeDriver
Capabilities {acceptInsecureCerts: true, browserName: chrome, browserVersion: 124.0.6367.92, chrome: {chromedriverVersion: 124.0.6367.207 (a9001a6e39f..., userDataDir: C:\Users\MustofG\AppData\Lo...}, fedcm:accounts: true, goog:chromeOptions: {debuggerAddress: localhost:60756}, javascriptEnabled: true, networkConnectionEnabled: false, pageLoadStrategy: normal, platform: WINDOWS, platformName: WINDOWS, proxy: Proxy(), setWindowRect: true, strictFileInteractability: false, timeouts: {implicit: 0, pageLoad: 300000, script: 30000}, unhandledPromptBehavior: dismiss and notify, webauthn:extension:credBlob: true, webauthn:extension:largeBlob: true, webauthn:extension:minPinLength: true, webauthn:extension:prf: true, webauthn:virtualAuthenticators: true}
Session ID: 1768aa4dc183d00b7bfb07818fe21c7d
*** Element info: {Using=xpath, value=//button[contains(@class, &apos;acceptTerms&apos;) and normalize-space()=&apos;Accept&apos;]}
	at sun.reflect.NativeConstructorAccessorImpl.newInstance0(Native Method)
	at sun.reflect.NativeConstructorAccessorImpl.newInstance(NativeConstructorAccessorImpl.java:62)
	at sun.reflect.DelegatingConstructorAccessorImpl.newInstance(DelegatingConstructorAccessorImpl.java:45)
	at java.lang.reflect.Constructor.newInstance(Constructor.java:423)
	at org.openqa.selenium.remote.http.W3CHttpResponseCodec.createException(W3CHttpResponseCodec.java:187)
	at org.openqa.selenium.remote.http.W3CHttpResponseCodec.decode(W3CHttpResponseCodec.java:122)
	at org.openqa.selenium.remote.http.W3CHttpResponseCodec.decode(W3CHttpResponseCodec.java:49)
	at org.openqa.selenium.remote.HttpCommandExecutor.execute(HttpCommandExecutor.java:158)
	at org.openqa.selenium.remote.service.DriverCommandExecutor.execute(DriverCommandExecutor.java:83)
	at org.openqa.selenium.remote.RemoteWebDriver.execute(RemoteWebDriver.java:552)
	at org.openqa.selenium.remote.RemoteWebDriver.findElement(RemoteWebDriver.java:323)
	at org.openqa.selenium.remote.RemoteWebDriver.findElementByXPath(RemoteWebDriver.java:428)
	at org.openqa.selenium.By$ByXPath.findElement(By.java:353)
	at org.openqa.selenium.remote.RemoteWebDriver.findElement(RemoteWebDriver.java:315)
	at org.openqa.selenium.support.pagefactory.DefaultElementLocator.findElement(DefaultElementLocator.java:69)
	at org.openqa.selenium.support.pagefactory.internal.LocatingElementHandler.invoke(LocatingElementHandler.java:38)
	at com.sun.proxy.$Proxy18.isDisplayed(Unknown Source)
	at org.openqa.selenium.support.ui.ExpectedConditions.elementIfVisible(ExpectedConditions.java:314)
	at org.openqa.selenium.support.ui.ExpectedConditions.access$000(ExpectedConditions.java:43)
	at org.openqa.selenium.support.ui.ExpectedConditions$10.apply(ExpectedConditions.java:300)
	at org.openqa.selenium.support.ui.ExpectedConditions$10.apply(ExpectedConditions.java:297)
	at org.openqa.selenium.support.ui.ExpectedConditions$23.apply(ExpectedConditions.java:670)
	at org.openqa.selenium.support.ui.ExpectedConditions$23.apply(ExpectedConditions.java:666)
	at org.openqa.selenium.support.ui.FluentWait.until(FluentWait.java:249)
	... 27 more
</div></td></tr></table><p class="totop"><a href="#summary">back to summary</a></p><h2>Onbis-Regression-Partner Portal-Data Creation for Renewal</h2><h2>Onbis-Regression-Partner Portal- Renewal</h2><h2>Onbis-CR Regression Test - November 2022 Release</h2><h2>Onbis-CR Regression Test - February 2023 Release</h2></body></html>